ERROR - 30/07/2025 06:15:32 : ELASTIC : [5] Something unexpected happened while reading : BadRequestError(400, 'search_phase_execution_exception', 'No mapping found for [m_update_date] in order to sort on') - elastic_controller (/app/orion/services/elastic_manager/elastic_controller.py:106)
ERROR - 30/07/2025 06:15:35 : ELASTIC : [5] Something unexpected happened while reading : BadRequestError(400, 'search_phase_execution_exception', 'No mapping found for [m_update_date] in order to sort on') - elastic_controller (/app/orion/services/elastic_manager/elastic_controller.py:106)
ERROR - 30/07/2025 06:47:59 : ELASTIC : [5] Something unexpected happened while reading : BadRequestError(400, 'search_phase_execution_exception', 'No mapping found for [m_update_date] in order to sort on') - elastic_controller (/app/orion/services/elastic_manager/elastic_controller.py:106)
ERROR - 30/07/2025 06:48:16 : ELASTIC : [5] Something unexpected happened while reading : BadRequestError(400, 'search_phase_execution_exception', 'No mapping found for [m_update_date] in order to sort on') - elastic_controller (/app/orion/services/elastic_manager/elastic_controller.py:106)
ERROR - 30/07/2025 06:48:53 : ELASTIC : [5] Something unexpected happened while reading : BadRequestError(400, 'search_phase_execution_exception', 'No mapping found for [m_update_date] in order to sort on') - elastic_controller (/app/orion/services/elastic_manager/elastic_controller.py:106)
ERROR - 30/07/2025 06:50:14 : ELASTIC : [5] Something unexpected happened while reading : BadRequestError(400, 'search_phase_execution_exception', 'No mapping found for [m_update_date] in order to sort on') - elastic_controller (/app/orion/services/elastic_manager/elastic_controller.py:106)
ERROR - 30/07/2025 06:51:15 : ELASTIC : [5] Something unexpected happened while reading : BadRequestError(400, 'search_phase_execution_exception', 'No mapping found for [m_update_date] in order to sort on') - elastic_controller (/app/orion/services/elastic_manager/elastic_controller.py:106)
ERROR - 30/07/2025 06:51:59 : ELASTIC : [5] Something unexpected happened while reading : BadRequestError(400, 'search_phase_execution_exception', 'No mapping found for [m_update_date] in order to sort on') - elastic_controller (/app/orion/services/elastic_manager/elastic_controller.py:106)
ERROR - 30/07/2025 06:57:51 : ELASTIC : [5] Something unexpected happened while reading : BadRequestError(400, 'search_phase_execution_exception', 'No mapping found for [m_update_date] in order to sort on') - elastic_controller (/app/orion/services/elastic_manager/elastic_controller.py:106)
ERROR - 30/07/2025 07:00:32 : ELASTIC : [5] Something unexpected happened while reading : BadRequestError(400, 'search_phase_execution_exception', 'No mapping found for [m_update_date] in order to sort on') - elastic_controller (/app/orion/services/elastic_manager/elastic_controller.py:106)
ERROR - 30/07/2025 07:07:31 : ELASTIC : [5] Something unexpected happened while reading : BadRequestError(400, 'search_phase_execution_exception', 'No mapping found for [m_update_date] in order to sort on') - elastic_controller (/app/orion/services/elastic_manager/elastic_controller.py:106)
ERROR - 30/07/2025 07:10:55 : ELASTIC : [5] Something unexpected happened while reading : BadRequestError(400, 'search_phase_execution_exception', 'No mapping found for [m_update_date] in order to sort on') - elastic_controller (/app/orion/services/elastic_manager/elastic_controller.py:106)
ERROR - 30/07/2025 07:11:17 : ELASTIC : [5] Something unexpected happened while reading : BadRequestError(400, 'search_phase_execution_exception', 'No mapping found for [m_update_date] in order to sort on') - elastic_controller (/app/orion/services/elastic_manager/elastic_controller.py:106)
ERROR - 30/07/2025 07:12:11 : ELASTIC : [5] Something unexpected happened while reading : BadRequestError(400, 'search_phase_execution_exception', 'No mapping found for [m_update_date] in order to sort on') - elastic_controller (/app/orion/services/elastic_manager/elastic_controller.py:106)
ERROR - 30/07/2025 07:12:35 : ELASTIC : [5] Something unexpected happened while reading : BadRequestError(400, 'search_phase_execution_exception', 'No mapping found for [m_update_date] in order to sort on') - elastic_controller (/app/orion/services/elastic_manager/elastic_controller.py:106)
ERROR - 30/07/2025 07:13:11 : ELASTIC : [5] Something unexpected happened while reading : BadRequestError(400, 'search_phase_execution_exception', 'No mapping found for [m_update_date] in order to sort on') - elastic_controller (/app/orion/services/elastic_manager/elastic_controller.py:106)
ERROR - 30/07/2025 07:13:38 : ELASTIC : [5] Something unexpected happened while reading : BadRequestError(400, 'search_phase_execution_exception', 'No mapping found for [m_update_date] in order to sort on') - elastic_controller (/app/orion/services/elastic_manager/elastic_controller.py:106)
ERROR - 30/07/2025 07:14:20 : ELASTIC : [5] Something unexpected happened while reading : BadRequestError(400, 'search_phase_execution_exception', 'No mapping found for [m_update_date] in order to sort on') - elastic_controller (/app/orion/services/elastic_manager/elastic_controller.py:106)
ERROR - 30/07/2025 07:14:34 : ELASTIC : [5] Something unexpected happened while reading : BadRequestError(400, 'search_phase_execution_exception', 'No mapping found for [m_update_date] in order to sort on') - elastic_controller (/app/orion/services/elastic_manager/elastic_controller.py:106)
ERROR - 30/07/2025 07:15:03 : ELASTIC : [5] Something unexpected happened while reading : BadRequestError(400, 'search_phase_execution_exception', 'No mapping found for [m_update_date] in order to sort on') - elastic_controller (/app/orion/services/elastic_manager/elastic_controller.py:106)
ERROR - 30/07/2025 07:15:19 : ELASTIC : [5] Something unexpected happened while reading : BadRequestError(400, 'search_phase_execution_exception', 'No mapping found for [m_update_date] in order to sort on') - elastic_controller (/app/orion/services/elastic_manager/elastic_controller.py:106)
ERROR - 30/07/2025 07:15:35 : ELASTIC : [5] Something unexpected happened while reading : BadRequestError(400, 'search_phase_execution_exception', 'No mapping found for [m_update_date] in order to sort on') - elastic_controller (/app/orion/services/elastic_manager/elastic_controller.py:106)
ERROR - 30/07/2025 07:15:46 : ELASTIC : [5] Something unexpected happened while reading : BadRequestError(400, 'search_phase_execution_exception', 'No mapping found for [m_update_date] in order to sort on') - elastic_controller (/app/orion/services/elastic_manager/elastic_controller.py:106)
ERROR - 30/07/2025 07:16:05 : ELASTIC : [5] Something unexpected happened while reading : BadRequestError(400, 'search_phase_execution_exception', 'No mapping found for [m_update_date] in order to sort on') - elastic_controller (/app/orion/services/elastic_manager/elastic_controller.py:106)
ERROR - 30/07/2025 07:16:31 : ELASTIC : [5] Something unexpected happened while reading : BadRequestError(400, 'search_phase_execution_exception', 'No mapping found for [m_update_date] in order to sort on') - elastic_controller (/app/orion/services/elastic_manager/elastic_controller.py:106)
ERROR - 30/07/2025 07:17:18 : ELASTIC : [5] Something unexpected happened while reading : BadRequestError(400, 'search_phase_execution_exception', 'No mapping found for [m_update_date] in order to sort on') - elastic_controller (/app/orion/services/elastic_manager/elastic_controller.py:106)
ERROR - 30/07/2025 07:17:43 : ELASTIC : [5] Something unexpected happened while reading : BadRequestError(400, 'search_phase_execution_exception', 'No mapping found for [m_update_date] in order to sort on') - elastic_controller (/app/orion/services/elastic_manager/elastic_controller.py:106)
ERROR - 30/07/2025 07:18:06 : ELASTIC : [5] Something unexpected happened while reading : BadRequestError(400, 'search_phase_execution_exception', 'No mapping found for [m_update_date] in order to sort on') - elastic_controller (/app/orion/services/elastic_manager/elastic_controller.py:106)
ERROR - 30/07/2025 07:18:06 : ELASTIC : [5] Something unexpected happened while reading : BadRequestError(400, 'search_phase_execution_exception', 'No mapping found for [m_update_date] in order to sort on') - elastic_controller (/app/orion/services/elastic_manager/elastic_controller.py:106)
ERROR - 30/07/2025 07:19:28 : ELASTIC : [5] Something unexpected happened while reading : BadRequestError(400, 'search_phase_execution_exception', 'No mapping found for [m_update_date] in order to sort on') - elastic_controller (/app/orion/services/elastic_manager/elastic_controller.py:106)
ERROR - 30/07/2025 07:19:56 : ELASTIC : [5] Something unexpected happened while reading : BadRequestError(400, 'search_phase_execution_exception', 'No mapping found for [m_update_date] in order to sort on') - elastic_controller (/app/orion/services/elastic_manager/elastic_controller.py:106)
ERROR - 30/07/2025 07:20:19 : ELASTIC : [5] Something unexpected happened while reading : BadRequestError(400, 'search_phase_execution_exception', 'No mapping found for [m_update_date] in order to sort on') - elastic_controller (/app/orion/services/elastic_manager/elastic_controller.py:106)
ERROR - 30/07/2025 07:20:33 : ELASTIC : [5] Something unexpected happened while reading : BadRequestError(400, 'search_phase_execution_exception', 'No mapping found for [m_update_date] in order to sort on') - elastic_controller (/app/orion/services/elastic_manager/elastic_controller.py:106)
ERROR - 30/07/2025 07:20:45 : ELASTIC : [5] Something unexpected happened while reading : BadRequestError(400, 'search_phase_execution_exception', 'No mapping found for [m_update_date] in order to sort on') - elastic_controller (/app/orion/services/elastic_manager/elastic_controller.py:106)
ERROR - 30/07/2025 07:22:09 : ELASTIC : [5] Something unexpected happened while reading : BadRequestError(400, 'search_phase_execution_exception', 'No mapping found for [m_update_date] in order to sort on') - elastic_controller (/app/orion/services/elastic_manager/elastic_controller.py:106)
ERROR - 30/07/2025 07:24:12 : ELASTIC : [5] Something unexpected happened while reading : BadRequestError(400, 'search_phase_execution_exception', 'No mapping found for [m_update_date] in order to sort on') - elastic_controller (/app/orion/services/elastic_manager/elastic_controller.py:106)
ERROR - 30/07/2025 07:25:09 : ELASTIC : [5] Something unexpected happened while reading : BadRequestError(400, 'search_phase_execution_exception', 'No mapping found for [m_update_date] in order to sort on') - elastic_controller (/app/orion/services/elastic_manager/elastic_controller.py:106)
ERROR - 30/07/2025 07:25:34 : ELASTIC : [5] Something unexpected happened while reading : BadRequestError(400, 'search_phase_execution_exception', 'No mapping found for [m_update_date] in order to sort on') - elastic_controller (/app/orion/services/elastic_manager/elastic_controller.py:106)
ERROR - 30/07/2025 07:25:40 : ELASTIC : [5] Something unexpected happened while reading : BadRequestError(400, 'search_phase_execution_exception', 'No mapping found for [m_update_date] in order to sort on') - elastic_controller (/app/orion/services/elastic_manager/elastic_controller.py:106)
ERROR - 30/07/2025 07:25:52 : ELASTIC : [5] Something unexpected happened while reading : BadRequestError(400, 'search_phase_execution_exception', 'No mapping found for [m_update_date] in order to sort on') - elastic_controller (/app/orion/services/elastic_manager/elastic_controller.py:106)
ERROR - 30/07/2025 07:26:17 : ELASTIC : [5] Something unexpected happened while reading : BadRequestError(400, 'search_phase_execution_exception', 'No mapping found for [m_update_date] in order to sort on') - elastic_controller (/app/orion/services/elastic_manager/elastic_controller.py:106)
ERROR - 30/07/2025 07:29:15 : ELASTIC : [5] Something unexpected happened while reading : BadRequestError(400, 'search_phase_execution_exception', 'No mapping found for [m_update_date] in order to sort on') - elastic_controller (/app/orion/services/elastic_manager/elastic_controller.py:106)
ERROR - 30/07/2025 07:29:21 : ELASTIC : [5] Something unexpected happened while reading : BadRequestError(400, 'search_phase_execution_exception', 'No mapping found for [m_update_date] in order to sort on') - elastic_controller (/app/orion/services/elastic_manager/elastic_controller.py:106)
ERROR - 30/07/2025 07:30:52 : ELASTIC : [5] Something unexpected happened while reading : BadRequestError(400, 'search_phase_execution_exception', 'No mapping found for [m_update_date] in order to sort on') - elastic_controller (/app/orion/services/elastic_manager/elastic_controller.py:106)
ERROR - 30/07/2025 07:30:57 : ELASTIC : [5] Something unexpected happened while reading : BadRequestError(400, 'search_phase_execution_exception', 'No mapping found for [m_update_date] in order to sort on') - elastic_controller (/app/orion/services/elastic_manager/elastic_controller.py:106)
ERROR - 30/07/2025 07:31:04 : ELASTIC : [5] Something unexpected happened while reading : BadRequestError(400, 'search_phase_execution_exception', 'unknown field [m_update_date]') - elastic_controller (/app/orion/services/elastic_manager/elastic_controller.py:106)
ERROR - 30/07/2025 07:32:15 : ELASTIC : [5] Something unexpected happened while reading : BadRequestError(400, 'search_phase_execution_exception', 'unknown field [m_update_date]') - elastic_controller (/app/orion/services/elastic_manager/elastic_controller.py:106)
ERROR - 30/07/2025 07:32:15 : ELASTIC : [5] Something unexpected happened while reading : BadRequestError(400, 'search_phase_execution_exception', 'unknown field [m_leak_date]') - elastic_controller (/app/orion/services/elastic_manager/elastic_controller.py:106)
ERROR - 30/07/2025 07:33:18 : ELASTIC : [5] Something unexpected happened while reading : BadRequestError(400, 'search_phase_execution_exception', 'unknown field [m_update_date]') - elastic_controller (/app/orion/services/elastic_manager/elastic_controller.py:106)
ERROR - 30/07/2025 07:33:18 : ELASTIC : [5] Something unexpected happened while reading : BadRequestError(400, 'search_phase_execution_exception', 'unknown field [m_leak_date]') - elastic_controller (/app/orion/services/elastic_manager/elastic_controller.py:106)
ERROR - 30/07/2025 07:33:53 : ELASTIC : [5] Something unexpected happened while reading : BadRequestError(400, 'search_phase_execution_exception', 'unknown field [m_update_date]') - elastic_controller (/app/orion/services/elastic_manager/elastic_controller.py:106)
ERROR - 30/07/2025 07:33:53 : ELASTIC : [5] Something unexpected happened while reading : BadRequestError(400, 'search_phase_execution_exception', 'unknown field [m_leak_date]') - elastic_controller (/app/orion/services/elastic_manager/elastic_controller.py:106)
ERROR - 30/07/2025 07:34:16 : ELASTIC : [5] Something unexpected happened while reading : BadRequestError(400, 'search_phase_execution_exception', 'unknown field [m_update_date]') - elastic_controller (/app/orion/services/elastic_manager/elastic_controller.py:106)
ERROR - 30/07/2025 07:34:16 : ELASTIC : [5] Something unexpected happened while reading : BadRequestError(400, 'search_phase_execution_exception', 'unknown field [m_leak_date]') - elastic_controller (/app/orion/services/elastic_manager/elastic_controller.py:106)
ERROR - 30/07/2025 07:34:47 : ELASTIC : [5] Something unexpected happened while reading : BadRequestError(400, 'search_phase_execution_exception', 'No mapping found for [m_update_date] in order to sort on') - elastic_controller (/app/orion/services/elastic_manager/elastic_controller.py:106)
ERROR - 30/07/2025 07:34:47 : ELASTIC : [5] Something unexpected happened while reading : BadRequestError(400, 'search_phase_execution_exception', 'No mapping found for [m_leak_date] in order to sort on') - elastic_controller (/app/orion/services/elastic_manager/elastic_controller.py:106)
ERROR - 30/07/2025 12:14:52 : ELASTIC : [5] Something unexpected happened while reading : BadRequestError(400, 'search_phase_execution_exception', 'No mapping found for [m_update_date] in order to sort on') - elastic_controller (/app/orion/services/elastic_manager/elastic_controller.py:106)
ERROR - 30/07/2025 12:14:52 : ELASTIC : [5] Something unexpected happened while reading : BadRequestError(400, 'search_phase_execution_exception', 'No mapping found for [m_leak_date] in order to sort on') - elastic_controller (/app/orion/services/elastic_manager/elastic_controller.py:106)
ERROR - 30/07/2025 12:23:16 : ELASTIC : [5] Something unexpected happened while reading : BadRequestError(400, 'search_phase_execution_exception', 'No mapping found for [m_update_date] in order to sort on') - elastic_controller (/app/orion/services/elastic_manager/elastic_controller.py:106)
ERROR - 30/07/2025 12:23:16 : ELASTIC : [5] Something unexpected happened while reading : BadRequestError(400, 'search_phase_execution_exception', 'No mapping found for [m_leak_date] in order to sort on') - elastic_controller (/app/orion/services/elastic_manager/elastic_controller.py:106)
ERROR - 30/07/2025 14:19:11 : [5] Something unexpected happened while reading : Connection error caused by: ConnectionError(Connection error caused by: ClientConnectorDNSError(Cannot connect to host elasticsearch:9400 ssl:default [Name or service not known])) - elastic_controller (/app/orion/services/elastic_manager/elastic_controller.py:139)
ERROR - 30/07/2025 14:19:11 : ELASTIC : [5] Something unexpected happened while reading : Connection error caused by: ConnectionError(Connection error caused by: ClientConnectorDNSError(Cannot connect to host elasticsearch:9400 ssl:default [Name or service not known])) - elastic_controller (/app/orion/services/elastic_manager/elastic_controller.py:106)
ERROR - 30/07/2025 14:19:11 : ELASTIC : [5] Something unexpected happened while reading : Connection error caused by: ConnectionError(Connection error caused by: ClientConnectorDNSError(Cannot connect to host elasticsearch:9400 ssl:default [Name or service not known])) - elastic_controller (/app/orion/services/elastic_manager/elastic_controller.py:106)
ERROR - 30/07/2025 14:19:11 : ELASTIC : [5] Something unexpected happened while reading : Connection error caused by: ConnectionError(Connection error caused by: ClientConnectorDNSError(Cannot connect to host elasticsearch:9400 ssl:default [Name or service not known])) - elastic_controller (/app/orion/services/elastic_manager/elastic_controller.py:106)
ERROR - 30/07/2025 14:19:11 : ELASTIC : [5] Something unexpected happened while reading : Connection error caused by: ConnectionError(Connection error caused by: ClientConnectorDNSError(Cannot connect to host elasticsearch:9400 ssl:default [Name or service not known])) - elastic_controller (/app/orion/services/elastic_manager/elastic_controller.py:106)
ERROR - 30/07/2025 14:19:11 : ELASTIC : [5] Something unexpected happened while reading : Connection error caused by: ConnectionError(Connection error caused by: ClientConnectorDNSError(Cannot connect to host elasticsearch:9400 ssl:default [Name or service not known])) - elastic_controller (/app/orion/services/elastic_manager/elastic_controller.py:106)
ERROR - 30/07/2025 14:26:01 : ELASTIC : [5] Something unexpected happened while reading : BadRequestError(400, 'search_phase_execution_exception', 'No mapping found for [m_update_date] in order to sort on') - elastic_controller (/app/orion/services/elastic_manager/elastic_controller.py:106)
ERROR - 30/07/2025 14:26:01 : ELASTIC : [5] Something unexpected happened while reading : BadRequestError(400, 'search_phase_execution_exception', 'No mapping found for [m_update_date] in order to sort on') - elastic_controller (/app/orion/services/elastic_manager/elastic_controller.py:106)
ERROR - 30/07/2025 14:26:01 : ELASTIC : [5] Something unexpected happened while reading : BadRequestError(400, 'search_phase_execution_exception', 'No mapping found for [m_update_date] in order to sort on') - elastic_controller (/app/orion/services/elastic_manager/elastic_controller.py:106)
ERROR - 30/07/2025 14:26:01 : ELASTIC : [5] Something unexpected happened while reading : BadRequestError(400, 'search_phase_execution_exception', 'No mapping found for [m_update_date] in order to sort on') - elastic_controller (/app/orion/services/elastic_manager/elastic_controller.py:106)
ERROR - 30/07/2025 14:26:01 : ELASTIC : [5] Something unexpected happened while reading : BadRequestError(400, 'search_phase_execution_exception', 'No mapping found for [m_leak_date] in order to sort on') - elastic_controller (/app/orion/services/elastic_manager/elastic_controller.py:106)
ERROR - 30/07/2025 14:26:01 : ELASTIC : [5] Something unexpected happened while reading : BadRequestError(400, 'search_phase_execution_exception', 'No mapping found for [m_leak_date] in order to sort on') - elastic_controller (/app/orion/services/elastic_manager/elastic_controller.py:106)
ERROR - 30/07/2025 14:26:01 : ELASTIC : [5] Something unexpected happened while reading : BadRequestError(400, 'search_phase_execution_exception', 'No mapping found for [m_leak_date] in order to sort on') - elastic_controller (/app/orion/services/elastic_manager/elastic_controller.py:106)
ERROR - 30/07/2025 14:26:01 : ELASTIC : [5] Something unexpected happened while reading : BadRequestError(400, 'search_phase_execution_exception', 'No mapping found for [m_leak_date] in order to sort on') - elastic_controller (/app/orion/services/elastic_manager/elastic_controller.py:106)
ERROR - 30/07/2025 14:26:38 : ELASTIC : [5] Something unexpected happened while reading : BadRequestError(400, 'search_phase_execution_exception', 'No mapping found for [m_update_date] in order to sort on') - elastic_controller (/app/orion/services/elastic_manager/elastic_controller.py:106)
ERROR - 30/07/2025 14:26:38 : ELASTIC : [5] Something unexpected happened while reading : BadRequestError(400, 'search_phase_execution_exception', 'No mapping found for [m_leak_date] in order to sort on') - elastic_controller (/app/orion/services/elastic_manager/elastic_controller.py:106)
ERROR - 30/07/2025 14:27:12 : ELASTIC : [5] Something unexpected happened while reading : BadRequestError(400, 'search_phase_execution_exception', 'No mapping found for [m_update_date] in order to sort on') - elastic_controller (/app/orion/services/elastic_manager/elastic_controller.py:106)
ERROR - 30/07/2025 14:27:12 : ELASTIC : [5] Something unexpected happened while reading : BadRequestError(400, 'search_phase_execution_exception', 'No mapping found for [m_leak_date] in order to sort on') - elastic_controller (/app/orion/services/elastic_manager/elastic_controller.py:106)
ERROR - 30/07/2025 14:28:01 : ELASTIC : [5] Something unexpected happened while reading : BadRequestError(400, 'search_phase_execution_exception', 'No mapping found for [m_update_date] in order to sort on') - elastic_controller (/app/orion/services/elastic_manager/elastic_controller.py:106)
ERROR - 30/07/2025 14:28:01 : ELASTIC : [5] Something unexpected happened while reading : BadRequestError(400, 'search_phase_execution_exception', 'No mapping found for [m_leak_date] in order to sort on') - elastic_controller (/app/orion/services/elastic_manager/elastic_controller.py:106)
ERROR - 30/07/2025 14:28:03 : ELASTIC : [5] Something unexpected happened while reading : BadRequestError(400, 'search_phase_execution_exception', 'No mapping found for [m_update_date] in order to sort on') - elastic_controller (/app/orion/services/elastic_manager/elastic_controller.py:106)
ERROR - 30/07/2025 14:28:03 : ELASTIC : [5] Something unexpected happened while reading : BadRequestError(400, 'search_phase_execution_exception', 'No mapping found for [m_leak_date] in order to sort on') - elastic_controller (/app/orion/services/elastic_manager/elastic_controller.py:106)
ERROR - 30/07/2025 14:28:29 : ELASTIC : [5] Something unexpected happened while reading : BadRequestError(400, 'search_phase_execution_exception', 'No mapping found for [m_update_date] in order to sort on') - elastic_controller (/app/orion/services/elastic_manager/elastic_controller.py:106)
ERROR - 30/07/2025 14:28:29 : ELASTIC : [5] Something unexpected happened while reading : BadRequestError(400, 'search_phase_execution_exception', 'No mapping found for [m_leak_date] in order to sort on') - elastic_controller (/app/orion/services/elastic_manager/elastic_controller.py:106)
ERROR - 30/07/2025 14:29:02 : ELASTIC : [5] Something unexpected happened while reading : BadRequestError(400, 'search_phase_execution_exception', 'No mapping found for [m_update_date] in order to sort on') - elastic_controller (/app/orion/services/elastic_manager/elastic_controller.py:106)
ERROR - 30/07/2025 14:29:02 : ELASTIC : [5] Something unexpected happened while reading : BadRequestError(400, 'search_phase_execution_exception', 'No mapping found for [m_leak_date] in order to sort on') - elastic_controller (/app/orion/services/elastic_manager/elastic_controller.py:106)
ERROR - 30/07/2025 14:30:35 : ELASTIC : [5] Something unexpected happened while reading : BadRequestError(400, 'search_phase_execution_exception', 'No mapping found for [m_update_date] in order to sort on') - elastic_controller (/app/orion/services/elastic_manager/elastic_controller.py:106)
ERROR - 30/07/2025 14:30:35 : ELASTIC : [5] Something unexpected happened while reading : BadRequestError(400, 'search_phase_execution_exception', 'No mapping found for [m_leak_date] in order to sort on') - elastic_controller (/app/orion/services/elastic_manager/elastic_controller.py:106)
ERROR - 30/07/2025 14:30:45 : ELASTIC : [5] Something unexpected happened while reading : BadRequestError(400, 'search_phase_execution_exception', 'No mapping found for [m_update_date] in order to sort on') - elastic_controller (/app/orion/services/elastic_manager/elastic_controller.py:106)
ERROR - 30/07/2025 14:30:45 : ELASTIC : [5] Something unexpected happened while reading : BadRequestError(400, 'search_phase_execution_exception', 'No mapping found for [m_leak_date] in order to sort on') - elastic_controller (/app/orion/services/elastic_manager/elastic_controller.py:106)
ERROR - 30/07/2025 14:32:26 : ELASTIC : [5] Something unexpected happened while reading : BadRequestError(400, 'search_phase_execution_exception', 'No mapping found for [m_update_date] in order to sort on') - elastic_controller (/app/orion/services/elastic_manager/elastic_controller.py:106)
ERROR - 30/07/2025 14:32:26 : ELASTIC : [5] Something unexpected happened while reading : BadRequestError(400, 'search_phase_execution_exception', 'No mapping found for [m_leak_date] in order to sort on') - elastic_controller (/app/orion/services/elastic_manager/elastic_controller.py:106)
ERROR - 30/07/2025 14:32:48 : ELASTIC : [5] Something unexpected happened while reading : BadRequestError(400, 'search_phase_execution_exception', 'No mapping found for [m_update_date] in order to sort on') - elastic_controller (/app/orion/services/elastic_manager/elastic_controller.py:106)
ERROR - 30/07/2025 14:32:48 : ELASTIC : [5] Something unexpected happened while reading : BadRequestError(400, 'search_phase_execution_exception', 'No mapping found for [m_leak_date] in order to sort on') - elastic_controller (/app/orion/services/elastic_manager/elastic_controller.py:106)
ERROR - 30/07/2025 14:34:49 : ELASTIC : [5] Something unexpected happened while reading : BadRequestError(400, 'search_phase_execution_exception', 'No mapping found for [m_update_date] in order to sort on') - elastic_controller (/app/orion/services/elastic_manager/elastic_controller.py:106)
ERROR - 30/07/2025 14:34:49 : ELASTIC : [5] Something unexpected happened while reading : BadRequestError(400, 'search_phase_execution_exception', 'No mapping found for [m_leak_date] in order to sort on') - elastic_controller (/app/orion/services/elastic_manager/elastic_controller.py:106)
ERROR - 30/07/2025 14:34:50 : ELASTIC : [5] Something unexpected happened while reading : BadRequestError(400, 'search_phase_execution_exception', 'No mapping found for [m_update_date] in order to sort on') - elastic_controller (/app/orion/services/elastic_manager/elastic_controller.py:106)
ERROR - 30/07/2025 14:34:50 : ELASTIC : [5] Something unexpected happened while reading : BadRequestError(400, 'search_phase_execution_exception', 'No mapping found for [m_leak_date] in order to sort on') - elastic_controller (/app/orion/services/elastic_manager/elastic_controller.py:106)
ERROR - 30/07/2025 14:38:27 : ELASTIC : [5] Something unexpected happened while reading : BadRequestError(400, 'search_phase_execution_exception', 'No mapping found for [m_update_date] in order to sort on') - elastic_controller (/app/orion/services/elastic_manager/elastic_controller.py:106)
ERROR - 30/07/2025 14:38:27 : ELASTIC : [5] Something unexpected happened while reading : BadRequestError(400, 'search_phase_execution_exception', 'No mapping found for [m_leak_date] in order to sort on') - elastic_controller (/app/orion/services/elastic_manager/elastic_controller.py:106)
ERROR - 30/07/2025 14:38:48 : ELASTIC : [5] Something unexpected happened while reading : BadRequestError(400, 'search_phase_execution_exception', 'No mapping found for [m_update_date] in order to sort on') - elastic_controller (/app/orion/services/elastic_manager/elastic_controller.py:106)
ERROR - 30/07/2025 14:38:48 : ELASTIC : [5] Something unexpected happened while reading : BadRequestError(400, 'search_phase_execution_exception', 'No mapping found for [m_leak_date] in order to sort on') - elastic_controller (/app/orion/services/elastic_manager/elastic_controller.py:106)
ERROR - 30/07/2025 14:52:23 : ELASTIC : [5] Something unexpected happened while reading : BadRequestError(400, 'search_phase_execution_exception', 'No mapping found for [m_update_date] in order to sort on') - elastic_controller (/app/orion/services/elastic_manager/elastic_controller.py:106)
ERROR - 30/07/2025 14:52:23 : ELASTIC : [5] Something unexpected happened while reading : BadRequestError(400, 'search_phase_execution_exception', 'No mapping found for [m_leak_date] in order to sort on') - elastic_controller (/app/orion/services/elastic_manager/elastic_controller.py:106)
ERROR - 30/07/2025 14:53:13 : ELASTIC : [5] Something unexpected happened while reading : BadRequestError(400, 'search_phase_execution_exception', 'no mapping found for field [m_content]') - elastic_controller (/app/orion/services/elastic_manager/elastic_controller.py:86)
ERROR - 30/07/2025 14:53:41 : ELASTIC : [5] Something unexpected happened while reading : BadRequestError(400, 'search_phase_execution_exception', 'No mapping found for [m_update_date] in order to sort on') - elastic_controller (/app/orion/services/elastic_manager/elastic_controller.py:106)
ERROR - 30/07/2025 14:53:41 : ELASTIC : [5] Something unexpected happened while reading : BadRequestError(400, 'search_phase_execution_exception', 'No mapping found for [m_leak_date] in order to sort on') - elastic_controller (/app/orion/services/elastic_manager/elastic_controller.py:106)
ERROR - 30/07/2025 14:56:42 : ELASTIC : [5] Something unexpected happened while reading : BadRequestError(400, 'search_phase_execution_exception', 'No mapping found for [m_update_date] in order to sort on') - elastic_controller (/app/orion/services/elastic_manager/elastic_controller.py:106)
ERROR - 30/07/2025 14:56:42 : ELASTIC : [5] Something unexpected happened while reading : BadRequestError(400, 'search_phase_execution_exception', 'No mapping found for [m_leak_date] in order to sort on') - elastic_controller (/app/orion/services/elastic_manager/elastic_controller.py:106)
