ERROR - 18/09/2025 04:54:49 : Failed to delete old records: BadRequestError(400, 'parsing_exception', '[range] query does not support [m_leak_date]') - elastic_controller (/app/orion/services/elastic_manager/elastic_controller.py:116)
ERROR - 18/09/2025 05:07:20 : ELASTIC : [5] Something unexpected happened while reading : BadRequestError(400, 'x_content_parse_exception', '[_na] query malformed, must start with start_object') - elastic_controller (/app/orion/services/elastic_manager/elastic_controller.py:150)
ERROR - 18/09/2025 05:07:20 : ELASTIC : [5] Something unexpected happened while reading : BadRequestError(400, 'x_content_parse_exception', '[_na] query malformed, must start with start_object') - elastic_controller (/app/orion/services/elastic_manager/elastic_controller.py:150)
ERROR - 18/09/2025 05:07:20 : ELASTIC : [5] Something unexpected happened while reading : BadRequestError(400, 'x_content_parse_exception', '[_na] query malformed, must start with start_object') - elastic_controller (/app/orion/services/elastic_manager/elastic_controller.py:150)
ERROR - 18/09/2025 05:07:20 : ELASTIC : [5] Something unexpected happened while reading : BadRequestError(400, 'search_phase_execution_exception', 'No mapping found for [m_leak_date] in order to sort on') - elastic_controller (/app/orion/services/elastic_manager/elastic_controller.py:150)
ERROR - 18/09/2025 05:07:20 : ELASTIC : [5] Something unexpected happened while reading : BadRequestError(400, 'x_content_parse_exception', '[_na] query malformed, must start with start_object') - elastic_controller (/app/orion/services/elastic_manager/elastic_controller.py:150)
ERROR - 18/09/2025 05:07:20 : ELASTIC : [5] Something unexpected happened while reading : BadRequestError(400, 'x_content_parse_exception', '[_na] query malformed, must start with start_object') - elastic_controller (/app/orion/services/elastic_manager/elastic_controller.py:150)
ERROR - 18/09/2025 05:07:23 : ELASTIC : [5] Something unexpected happened while reading : BadRequestError(400, 'search_phase_execution_exception', 'No mapping found for [m_leak_date] in order to sort on') - elastic_controller (/app/orion/services/elastic_manager/elastic_controller.py:150)
ERROR - 18/09/2025 05:07:55 : ELASTIC : [5] Something unexpected happened while reading : BadRequestError(400, 'search_phase_execution_exception', 'No mapping found for [m_leak_date] in order to sort on') - elastic_controller (/app/orion/services/elastic_manager/elastic_controller.py:150)
ERROR - 18/09/2025 05:08:38 : ELASTIC : [5] Something unexpected happened while reading : BadRequestError(400, 'x_content_parse_exception', '[_na] query malformed, must start with start_object') - elastic_controller (/app/orion/services/elastic_manager/elastic_controller.py:130)
ERROR - 18/09/2025 05:09:24 : ELASTIC : [5] Something unexpected happened while reading : BadRequestError(400, 'search_phase_execution_exception', 'unknown field [m_leak_date]') - elastic_controller (/app/orion/services/elastic_manager/elastic_controller.py:130)
ERROR - 18/09/2025 05:26:20 : ELASTIC : [5] Something unexpected happened while reading : BadRequestError(400, 'search_phase_execution_exception', 'no mapping found for field [m_important_content]') - elastic_controller (/app/orion/services/elastic_manager/elastic_controller.py:130)
ERROR - 18/09/2025 05:26:21 : ELASTIC : [5] Something unexpected happened while reading : BadRequestError(400, 'search_phase_execution_exception', 'no mapping found for field [m_important_content]') - elastic_controller (/app/orion/services/elastic_manager/elastic_controller.py:130)
ERROR - 18/09/2025 05:26:24 : ELASTIC : [5] Something unexpected happened while reading : BadRequestError(400, 'search_phase_execution_exception', 'no mapping found for field [m_important_content]') - elastic_controller (/app/orion/services/elastic_manager/elastic_controller.py:130)
ERROR - 18/09/2025 05:26:25 : ELASTIC : [5] Something unexpected happened while reading : BadRequestError(400, 'search_phase_execution_exception', 'no mapping found for field [m_important_content]') - elastic_controller (/app/orion/services/elastic_manager/elastic_controller.py:130)
ERROR - 18/09/2025 05:26:27 : ELASTIC : [5] Something unexpected happened while reading : BadRequestError(400, 'search_phase_execution_exception', 'no mapping found for field [m_important_content]') - elastic_controller (/app/orion/services/elastic_manager/elastic_controller.py:130)
ERROR - 18/09/2025 05:26:29 : ELASTIC : [5] Something unexpected happened while reading : BadRequestError(400, 'search_phase_execution_exception', 'no mapping found for field [m_important_content]') - elastic_controller (/app/orion/services/elastic_manager/elastic_controller.py:130)
ERROR - 18/09/2025 05:26:31 : ELASTIC : [5] Something unexpected happened while reading : BadRequestError(400, 'search_phase_execution_exception', 'no mapping found for field [m_important_content]') - elastic_controller (/app/orion/services/elastic_manager/elastic_controller.py:130)
ERROR - 18/09/2025 05:41:13 : ELASTIC : [5] Something unexpected happened while reading : BadRequestError(400, 'search_phase_execution_exception', 'unknown field [m_leak_date]') - elastic_controller (/app/orion/services/elastic_manager/elastic_controller.py:130)
ERROR - 18/09/2025 09:59:47 : ELASTIC : [5] Something unexpected happened while reading : BadRequestError(400, 'search_phase_execution_exception', 'No mapping found for [m_leak_date] in order to sort on') - elastic_controller (/app/orion/services/elastic_manager/elastic_controller.py:150)
ERROR - 18/09/2025 11:12:14 : ELASTIC : [5] Something unexpected happened while reading : BadRequestError(400, 'search_phase_execution_exception', 'No mapping found for [m_leak_date] in order to sort on') - elastic_controller (/app/orion/services/elastic_manager/elastic_controller.py:150)
ERROR - 18/09/2025 11:12:28 : ELASTIC : [5] Something unexpected happened while reading : BadRequestError(400, 'search_phase_execution_exception', 'No mapping found for [m_leak_date] in order to sort on') - elastic_controller (/app/orion/services/elastic_manager/elastic_controller.py:150)
ERROR - 18/09/2025 11:14:04 : ELASTIC : [5] Something unexpected happened while reading : BadRequestError(400, 'search_phase_execution_exception', 'No mapping found for [m_leak_date] in order to sort on') - elastic_controller (/app/orion/services/elastic_manager/elastic_controller.py:150)
ERROR - 18/09/2025 11:15:02 : ELASTIC : [5] Something unexpected happened while reading : BadRequestError(400, 'search_phase_execution_exception', 'unknown field [m_leak_date]') - elastic_controller (/app/orion/services/elastic_manager/elastic_controller.py:150)
ERROR - 18/09/2025 11:17:56 : Failed to delete old records: BadRequestError(400, 'parsing_exception', '[range] query does not support [m_leak_date]') - elastic_controller (/app/orion/services/elastic_manager/elastic_controller.py:116)
ERROR - 18/09/2025 11:23:49 : Failed to delete old records: BadRequestError(400, 'parsing_exception', '[range] query does not support [m_leak_date]') - elastic_controller (/app/orion/services/elastic_manager/elastic_controller.py:116)
ERROR - 18/09/2025 11:45:28 : ELASTIC : [5] Something unexpected happened while reading : BadRequestError(400, 'search_phase_execution_exception', 'unknown field [m_leak_date]') - elastic_controller (/app/orion/services/elastic_manager/elastic_controller.py:150)
ERROR - 18/09/2025 11:56:50 : Failed to delete old records: BadRequestError(400, 'parsing_exception', '[range] query does not support [m_leak_date]') - elastic_controller (/app/orion/services/elastic_manager/elastic_controller.py:116)
ERROR - 18/09/2025 12:05:28 : Failed to delete old records: BadRequestError(400, 'parsing_exception', '[range] query does not support [m_leak_date]') - elastic_controller (/app/orion/services/elastic_manager/elastic_controller.py:116)
ERROR - 18/09/2025 12:06:59 : Failed to delete old records: BadRequestError(400, 'parsing_exception', '[range] query does not support [m_leak_date]') - elastic_controller (/app/orion/services/elastic_manager/elastic_controller.py:116)
ERROR - 18/09/2025 12:28:15 : Failed to delete old records: BadRequestError(400, 'parsing_exception', '[range] query does not support [m_leak_date]') - elastic_controller (/app/orion/services/elastic_manager/elastic_controller.py:116)
ERROR - 18/09/2025 12:36:47 : Failed to delete old records: BadRequestError(400, 'parsing_exception', '[range] query does not support [m_leak_date]') - elastic_controller (/app/orion/services/elastic_manager/elastic_controller.py:116)
ERROR - 18/09/2025 12:38:52 : Failed to delete old records: BadRequestError(400, 'parsing_exception', '[range] query does not support [m_leak_date]') - elastic_controller (/app/orion/services/elastic_manager/elastic_controller.py:116)
ERROR - 18/09/2025 12:52:17 : Failed to delete old records: BadRequestError(400, 'parsing_exception', '[range] query does not support [m_leak_date]') - elastic_controller (/app/orion/services/elastic_manager/elastic_controller.py:116)
ERROR - 18/09/2025 12:56:25 : Failed to delete old records: BadRequestError(400, 'parsing_exception', '[range] query does not support [m_leak_date]') - elastic_controller (/app/orion/services/elastic_manager/elastic_controller.py:116)
ERROR - 18/09/2025 13:22:55 : ELASTIC : [5] Something unexpected happened while reading : BadRequestError(400, 'search_phase_execution_exception', 'No mapping found for [m_leak_date] in order to sort on') - elastic_controller (/app/orion/services/elastic_manager/elastic_controller.py:150)
ERROR - 18/09/2025 13:26:53 : ELASTIC : [5] Something unexpected happened while reading : BadRequestError(400, 'search_phase_execution_exception', 'No mapping found for [m_leak_date] in order to sort on') - elastic_controller (/app/orion/services/elastic_manager/elastic_controller.py:150)
ERROR - 18/09/2025 13:28:14 : ELASTIC : [5] Something unexpected happened while reading : BadRequestError(400, 'search_phase_execution_exception', 'No mapping found for [m_leak_date] in order to sort on') - elastic_controller (/app/orion/services/elastic_manager/elastic_controller.py:150)
ERROR - 18/09/2025 13:28:45 : ELASTIC : [5] Something unexpected happened while reading : BadRequestError(400, 'search_phase_execution_exception', 'No mapping found for [m_leak_date] in order to sort on') - elastic_controller (/app/orion/services/elastic_manager/elastic_controller.py:150)
ERROR - 18/09/2025 13:34:12 : ELASTIC : [5] Something unexpected happened while reading : BadRequestError(400, 'search_phase_execution_exception', 'unknown field [m_leak_date]') - elastic_controller (/app/orion/services/elastic_manager/elastic_controller.py:150)
ERROR - 18/09/2025 14:09:42 : ELASTIC : [5] Something unexpected happened while reading : BadRequestError(400, 'search_phase_execution_exception', 'no mapping found for field [m_important_content]') - elastic_controller (/app/orion/services/elastic_manager/elastic_controller.py:130)
