ERROR - 01/08/2025 04:36:14 : ELASTIC : [5] Something unexpected happened while reading : BadRequestError(400, 'search_phase_execution_exception', 'No mapping found for [m_update_date] in order to sort on') - elastic_controller (/app/orion/services/elastic_manager/elastic_controller.py:106)
ERROR - 01/08/2025 04:36:14 : ELASTIC : [5] Something unexpected happened while reading : BadRequestError(400, 'search_phase_execution_exception', 'No mapping found for [m_leak_date] in order to sort on') - elastic_controller (/app/orion/services/elastic_manager/elastic_controller.py:106)
ERROR - 01/08/2025 04:38:29 : ELASTIC : [5] Something unexpected happened while reading : BadRequestError(400, 'search_phase_execution_exception', 'no mapping found for field [m_content]') - elastic_controller (/app/orion/services/elastic_manager/elastic_controller.py:86)
ERROR - 01/08/2025 04:38:30 : ELASTIC : [5] Something unexpected happened while reading : BadRequestError(400, 'search_phase_execution_exception', 'no mapping found for field [m_content]') - elastic_controller (/app/orion/services/elastic_manager/elastic_controller.py:86)
ERROR - 01/08/2025 04:38:30 : ELASTIC : [5] Something unexpected happened while reading : BadRequestError(400, 'search_phase_execution_exception', 'no mapping found for field [m_content]') - elastic_controller (/app/orion/services/elastic_manager/elastic_controller.py:86)
ERROR - 01/08/2025 04:38:30 : ELASTIC : [5] Something unexpected happened while reading : BadRequestError(400, 'search_phase_execution_exception', 'No mapping found for [m_update_date] in order to sort on') - elastic_controller (/app/orion/services/elastic_manager/elastic_controller.py:106)
ERROR - 01/08/2025 04:38:30 : ELASTIC : [5] Something unexpected happened while reading : BadRequestError(400, 'search_phase_execution_exception', 'No mapping found for [m_leak_date] in order to sort on') - elastic_controller (/app/orion/services/elastic_manager/elastic_controller.py:106)
ERROR - 01/08/2025 04:38:33 : ELASTIC : [5] Something unexpected happened while reading : BadRequestError(400, 'search_phase_execution_exception', 'No mapping found for [m_update_date] in order to sort on') - elastic_controller (/app/orion/services/elastic_manager/elastic_controller.py:106)
ERROR - 01/08/2025 04:38:33 : ELASTIC : [5] Something unexpected happened while reading : BadRequestError(400, 'search_phase_execution_exception', 'No mapping found for [m_leak_date] in order to sort on') - elastic_controller (/app/orion/services/elastic_manager/elastic_controller.py:106)
ERROR - 01/08/2025 04:38:41 : ELASTIC : [5] Something unexpected happened while reading : BadRequestError(400, 'search_phase_execution_exception', 'No mapping found for [m_leak_date] in order to sort on') - elastic_controller (/app/orion/services/elastic_manager/elastic_controller.py:86)
ERROR - 01/08/2025 04:38:42 : ELASTIC : [5] Something unexpected happened while reading : BadRequestError(400, 'search_phase_execution_exception', 'No mapping found for [m_leak_date] in order to sort on') - elastic_controller (/app/orion/services/elastic_manager/elastic_controller.py:86)
ERROR - 01/08/2025 04:38:42 : ELASTIC : [5] Something unexpected happened while reading : BadRequestError(400, 'search_phase_execution_exception', 'No mapping found for [m_update_date] in order to sort on') - elastic_controller (/app/orion/services/elastic_manager/elastic_controller.py:106)
ERROR - 01/08/2025 04:38:42 : ELASTIC : [5] Something unexpected happened while reading : BadRequestError(400, 'search_phase_execution_exception', 'No mapping found for [m_update_date] in order to sort on') - elastic_controller (/app/orion/services/elastic_manager/elastic_controller.py:106)
ERROR - 01/08/2025 04:38:42 : ELASTIC : [5] Something unexpected happened while reading : BadRequestError(400, 'search_phase_execution_exception', 'No mapping found for [m_leak_date] in order to sort on') - elastic_controller (/app/orion/services/elastic_manager/elastic_controller.py:106)
ERROR - 01/08/2025 04:38:42 : ELASTIC : [5] Something unexpected happened while reading : BadRequestError(400, 'search_phase_execution_exception', 'No mapping found for [m_leak_date] in order to sort on') - elastic_controller (/app/orion/services/elastic_manager/elastic_controller.py:106)
ERROR - 01/08/2025 04:38:44 : ELASTIC : [5] Something unexpected happened while reading : BadRequestError(400, 'search_phase_execution_exception', 'No mapping found for [m_update_date] in order to sort on') - elastic_controller (/app/orion/services/elastic_manager/elastic_controller.py:106)
ERROR - 01/08/2025 04:38:44 : ELASTIC : [5] Something unexpected happened while reading : BadRequestError(400, 'search_phase_execution_exception', 'No mapping found for [m_leak_date] in order to sort on') - elastic_controller (/app/orion/services/elastic_manager/elastic_controller.py:106)
ERROR - 01/08/2025 04:38:49 : ELASTIC : [5] Something unexpected happened while reading : BadRequestError(400, 'search_phase_execution_exception', 'unknown field [m_update_date]') - elastic_controller (/app/orion/services/elastic_manager/elastic_controller.py:106)
ERROR - 01/08/2025 04:38:49 : ELASTIC : [5] Something unexpected happened while reading : BadRequestError(400, 'illegal_argument_exception', 'query malformed, empty clause found at [1:52]') - elastic_controller (/app/orion/services/elastic_manager/elastic_controller.py:106)
ERROR - 01/08/2025 04:41:10 : ELASTIC : [5] Something unexpected happened while reading : BadRequestError(400, 'search_phase_execution_exception', 'No mapping found for [m_update_date] in order to sort on') - elastic_controller (/app/orion/services/elastic_manager/elastic_controller.py:106)
ERROR - 01/08/2025 04:41:10 : ELASTIC : [5] Something unexpected happened while reading : BadRequestError(400, 'search_phase_execution_exception', 'No mapping found for [m_leak_date] in order to sort on') - elastic_controller (/app/orion/services/elastic_manager/elastic_controller.py:106)
ERROR - 01/08/2025 04:41:16 : ELASTIC : [5] Something unexpected happened while reading : BadRequestError(400, 'search_phase_execution_exception', 'No mapping found for [m_update_date] in order to sort on') - elastic_controller (/app/orion/services/elastic_manager/elastic_controller.py:106)
ERROR - 01/08/2025 04:41:16 : ELASTIC : [5] Something unexpected happened while reading : BadRequestError(400, 'search_phase_execution_exception', 'No mapping found for [m_leak_date] in order to sort on') - elastic_controller (/app/orion/services/elastic_manager/elastic_controller.py:106)
ERROR - 01/08/2025 04:41:17 : ELASTIC : [5] Something unexpected happened while reading : BadRequestError(400, 'search_phase_execution_exception', 'No mapping found for [m_leak_date] in order to sort on') - elastic_controller (/app/orion/services/elastic_manager/elastic_controller.py:86)
ERROR - 01/08/2025 04:41:26 : ELASTIC : [5] Something unexpected happened while reading : BadRequestError(400, 'search_phase_execution_exception', 'No mapping found for [m_leak_date] in order to sort on') - elastic_controller (/app/orion/services/elastic_manager/elastic_controller.py:86)
ERROR - 01/08/2025 04:41:26 : ELASTIC : [5] Something unexpected happened while reading : BadRequestError(400, 'search_phase_execution_exception', 'No mapping found for [m_leak_date] in order to sort on') - elastic_controller (/app/orion/services/elastic_manager/elastic_controller.py:86)
ERROR - 01/08/2025 04:41:26 : ELASTIC : [5] Something unexpected happened while reading : BadRequestError(400, 'search_phase_execution_exception', 'No mapping found for [m_update_date] in order to sort on') - elastic_controller (/app/orion/services/elastic_manager/elastic_controller.py:106)
ERROR - 01/08/2025 04:41:26 : ELASTIC : [5] Something unexpected happened while reading : BadRequestError(400, 'search_phase_execution_exception', 'No mapping found for [m_leak_date] in order to sort on') - elastic_controller (/app/orion/services/elastic_manager/elastic_controller.py:106)
ERROR - 01/08/2025 04:41:37 : ELASTIC : [5] Something unexpected happened while reading : BadRequestError(400, 'search_phase_execution_exception', 'No mapping found for [m_update_date] in order to sort on') - elastic_controller (/app/orion/services/elastic_manager/elastic_controller.py:106)
ERROR - 01/08/2025 04:41:37 : ELASTIC : [5] Something unexpected happened while reading : BadRequestError(400, 'search_phase_execution_exception', 'No mapping found for [m_leak_date] in order to sort on') - elastic_controller (/app/orion/services/elastic_manager/elastic_controller.py:106)
ERROR - 01/08/2025 04:41:38 : ELASTIC : [5] Something unexpected happened while reading : BadRequestError(400, 'search_phase_execution_exception', 'no mapping found for field [m_content]') - elastic_controller (/app/orion/services/elastic_manager/elastic_controller.py:86)
ERROR - 01/08/2025 04:41:50 : ELASTIC : [5] Something unexpected happened while reading : BadRequestError(400, 'search_phase_execution_exception', 'no mapping found for field [m_content]') - elastic_controller (/app/orion/services/elastic_manager/elastic_controller.py:86)
ERROR - 01/08/2025 04:41:50 : ELASTIC : [5] Something unexpected happened while reading : BadRequestError(400, 'search_phase_execution_exception', 'no mapping found for field [m_content]') - elastic_controller (/app/orion/services/elastic_manager/elastic_controller.py:86)
ERROR - 01/08/2025 04:41:50 : ELASTIC : [5] Something unexpected happened while reading : BadRequestError(400, 'search_phase_execution_exception', 'No mapping found for [m_update_date] in order to sort on') - elastic_controller (/app/orion/services/elastic_manager/elastic_controller.py:106)
ERROR - 01/08/2025 04:41:50 : ELASTIC : [5] Something unexpected happened while reading : BadRequestError(400, 'search_phase_execution_exception', 'No mapping found for [m_leak_date] in order to sort on') - elastic_controller (/app/orion/services/elastic_manager/elastic_controller.py:106)
ERROR - 01/08/2025 04:42:10 : ELASTIC : [5] Something unexpected happened while reading : BadRequestError(400, 'search_phase_execution_exception', 'No mapping found for [m_update_date] in order to sort on') - elastic_controller (/app/orion/services/elastic_manager/elastic_controller.py:106)
ERROR - 01/08/2025 04:42:10 : ELASTIC : [5] Something unexpected happened while reading : BadRequestError(400, 'search_phase_execution_exception', 'No mapping found for [m_leak_date] in order to sort on') - elastic_controller (/app/orion/services/elastic_manager/elastic_controller.py:106)
ERROR - 01/08/2025 04:42:36 : ELASTIC : [5] Something unexpected happened while reading : BadRequestError(400, 'search_phase_execution_exception', 'No mapping found for [m_update_date] in order to sort on') - elastic_controller (/app/orion/services/elastic_manager/elastic_controller.py:106)
ERROR - 01/08/2025 04:42:36 : ELASTIC : [5] Something unexpected happened while reading : BadRequestError(400, 'search_phase_execution_exception', 'No mapping found for [m_leak_date] in order to sort on') - elastic_controller (/app/orion/services/elastic_manager/elastic_controller.py:106)
ERROR - 01/08/2025 04:46:39 : ELASTIC : [5] Something unexpected happened while reading : BadRequestError(400, 'search_phase_execution_exception', 'No mapping found for [m_update_date] in order to sort on') - elastic_controller (/app/orion/services/elastic_manager/elastic_controller.py:106)
ERROR - 01/08/2025 04:46:39 : ELASTIC : [5] Something unexpected happened while reading : BadRequestError(400, 'search_phase_execution_exception', 'No mapping found for [m_leak_date] in order to sort on') - elastic_controller (/app/orion/services/elastic_manager/elastic_controller.py:106)
ERROR - 01/08/2025 04:49:14 : ELASTIC : [5] Something unexpected happened while reading : BadRequestError(400, 'search_phase_execution_exception', 'No mapping found for [m_update_date] in order to sort on') - elastic_controller (/app/orion/services/elastic_manager/elastic_controller.py:106)
ERROR - 01/08/2025 04:49:14 : ELASTIC : [5] Something unexpected happened while reading : BadRequestError(400, 'search_phase_execution_exception', 'No mapping found for [m_leak_date] in order to sort on') - elastic_controller (/app/orion/services/elastic_manager/elastic_controller.py:106)
ERROR - 01/08/2025 04:51:56 : ELASTIC : [5] Something unexpected happened while reading : BadRequestError(400, 'search_phase_execution_exception', 'No mapping found for [m_update_date] in order to sort on') - elastic_controller (/app/orion/services/elastic_manager/elastic_controller.py:106)
ERROR - 01/08/2025 04:51:56 : ELASTIC : [5] Something unexpected happened while reading : BadRequestError(400, 'search_phase_execution_exception', 'No mapping found for [m_leak_date] in order to sort on') - elastic_controller (/app/orion/services/elastic_manager/elastic_controller.py:106)
ERROR - 01/08/2025 06:06:13 : ELASTIC : [5] Something unexpected happened while reading : BadRequestError(400, 'search_phase_execution_exception', 'No mapping found for [m_update_date] in order to sort on') - elastic_controller (/app/orion/services/elastic_manager/elastic_controller.py:106)
ERROR - 01/08/2025 06:06:13 : ELASTIC : [5] Something unexpected happened while reading : BadRequestError(400, 'search_phase_execution_exception', 'No mapping found for [m_leak_date] in order to sort on') - elastic_controller (/app/orion/services/elastic_manager/elastic_controller.py:106)
ERROR - 01/08/2025 06:15:24 : ELASTIC : [5] Something unexpected happened while reading : BadRequestError(400, 'search_phase_execution_exception', 'No mapping found for [m_update_date] in order to sort on') - elastic_controller (/app/orion/services/elastic_manager/elastic_controller.py:106)
ERROR - 01/08/2025 06:15:24 : ELASTIC : [5] Something unexpected happened while reading : BadRequestError(400, 'search_phase_execution_exception', 'No mapping found for [m_leak_date] in order to sort on') - elastic_controller (/app/orion/services/elastic_manager/elastic_controller.py:106)
ERROR - 01/08/2025 06:17:41 : ELASTIC : [5] Something unexpected happened while reading : BadRequestError(400, 'search_phase_execution_exception', 'No mapping found for [m_update_date] in order to sort on') - elastic_controller (/app/orion/services/elastic_manager/elastic_controller.py:106)
ERROR - 01/08/2025 06:17:41 : ELASTIC : [5] Something unexpected happened while reading : BadRequestError(400, 'search_phase_execution_exception', 'No mapping found for [m_leak_date] in order to sort on') - elastic_controller (/app/orion/services/elastic_manager/elastic_controller.py:106)
ERROR - 01/08/2025 06:18:51 : ELASTIC : [5] Something unexpected happened while reading : BadRequestError(400, 'search_phase_execution_exception', 'No mapping found for [m_update_date] in order to sort on') - elastic_controller (/app/orion/services/elastic_manager/elastic_controller.py:106)
ERROR - 01/08/2025 06:18:51 : ELASTIC : [5] Something unexpected happened while reading : BadRequestError(400, 'search_phase_execution_exception', 'No mapping found for [m_leak_date] in order to sort on') - elastic_controller (/app/orion/services/elastic_manager/elastic_controller.py:106)
ERROR - 01/08/2025 06:20:42 : ELASTIC : [5] Something unexpected happened while reading : BadRequestError(400, 'search_phase_execution_exception', 'No mapping found for [m_update_date] in order to sort on') - elastic_controller (/app/orion/services/elastic_manager/elastic_controller.py:106)
ERROR - 01/08/2025 06:20:42 : ELASTIC : [5] Something unexpected happened while reading : BadRequestError(400, 'search_phase_execution_exception', 'No mapping found for [m_leak_date] in order to sort on') - elastic_controller (/app/orion/services/elastic_manager/elastic_controller.py:106)
ERROR - 01/08/2025 06:20:47 : ELASTIC : [5] Something unexpected happened while reading : BadRequestError(400, 'search_phase_execution_exception', 'No mapping found for [m_update_date] in order to sort on') - elastic_controller (/app/orion/services/elastic_manager/elastic_controller.py:106)
ERROR - 01/08/2025 06:20:47 : ELASTIC : [5] Something unexpected happened while reading : BadRequestError(400, 'search_phase_execution_exception', 'No mapping found for [m_leak_date] in order to sort on') - elastic_controller (/app/orion/services/elastic_manager/elastic_controller.py:106)
ERROR - 01/08/2025 06:24:03 : ELASTIC : [5] Something unexpected happened while reading : BadRequestError(400, 'search_phase_execution_exception', 'No mapping found for [m_update_date] in order to sort on') - elastic_controller (/app/orion/services/elastic_manager/elastic_controller.py:106)
ERROR - 01/08/2025 06:24:03 : ELASTIC : [5] Something unexpected happened while reading : BadRequestError(400, 'search_phase_execution_exception', 'No mapping found for [m_leak_date] in order to sort on') - elastic_controller (/app/orion/services/elastic_manager/elastic_controller.py:106)
ERROR - 01/08/2025 06:24:54 : ELASTIC : [5] Something unexpected happened while reading : BadRequestError(400, 'search_phase_execution_exception', 'No mapping found for [m_update_date] in order to sort on') - elastic_controller (/app/orion/services/elastic_manager/elastic_controller.py:106)
ERROR - 01/08/2025 06:24:54 : ELASTIC : [5] Something unexpected happened while reading : BadRequestError(400, 'search_phase_execution_exception', 'No mapping found for [m_leak_date] in order to sort on') - elastic_controller (/app/orion/services/elastic_manager/elastic_controller.py:106)
ERROR - 01/08/2025 06:39:52 : ELASTIC : [5] Something unexpected happened while reading : BadRequestError(400, 'search_phase_execution_exception', 'No mapping found for [m_update_date] in order to sort on') - elastic_controller (/app/orion/services/elastic_manager/elastic_controller.py:106)
ERROR - 01/08/2025 06:39:52 : ELASTIC : [5] Something unexpected happened while reading : BadRequestError(400, 'search_phase_execution_exception', 'No mapping found for [m_leak_date] in order to sort on') - elastic_controller (/app/orion/services/elastic_manager/elastic_controller.py:106)
ERROR - 01/08/2025 06:40:01 : ELASTIC : [5] Something unexpected happened while reading : BadRequestError(400, 'search_phase_execution_exception', 'No mapping found for [m_update_date] in order to sort on') - elastic_controller (/app/orion/services/elastic_manager/elastic_controller.py:106)
ERROR - 01/08/2025 06:40:01 : ELASTIC : [5] Something unexpected happened while reading : BadRequestError(400, 'search_phase_execution_exception', 'No mapping found for [m_leak_date] in order to sort on') - elastic_controller (/app/orion/services/elastic_manager/elastic_controller.py:106)
ERROR - 01/08/2025 06:52:41 : ELASTIC : [5] Something unexpected happened while reading : BadRequestError(400, 'search_phase_execution_exception', 'No mapping found for [m_update_date] in order to sort on') - elastic_controller (/app/orion/services/elastic_manager/elastic_controller.py:106)
ERROR - 01/08/2025 06:52:41 : ELASTIC : [5] Something unexpected happened while reading : BadRequestError(400, 'search_phase_execution_exception', 'No mapping found for [m_leak_date] in order to sort on') - elastic_controller (/app/orion/services/elastic_manager/elastic_controller.py:106)
ERROR - 01/08/2025 06:55:31 : ELASTIC : [5] Something unexpected happened while reading : BadRequestError(400, 'search_phase_execution_exception', 'No mapping found for [m_update_date] in order to sort on') - elastic_controller (/app/orion/services/elastic_manager/elastic_controller.py:106)
ERROR - 01/08/2025 06:55:31 : ELASTIC : [5] Something unexpected happened while reading : BadRequestError(400, 'search_phase_execution_exception', 'No mapping found for [m_leak_date] in order to sort on') - elastic_controller (/app/orion/services/elastic_manager/elastic_controller.py:106)
ERROR - 01/08/2025 06:56:42 : ELASTIC : [5] Something unexpected happened while reading : BadRequestError(400, 'search_phase_execution_exception', 'No mapping found for [m_update_date] in order to sort on') - elastic_controller (/app/orion/services/elastic_manager/elastic_controller.py:106)
ERROR - 01/08/2025 06:56:42 : ELASTIC : [5] Something unexpected happened while reading : BadRequestError(400, 'search_phase_execution_exception', 'No mapping found for [m_leak_date] in order to sort on') - elastic_controller (/app/orion/services/elastic_manager/elastic_controller.py:106)
ERROR - 01/08/2025 06:59:25 : ELASTIC : [5] Something unexpected happened while reading : BadRequestError(400, 'search_phase_execution_exception', 'No mapping found for [m_update_date] in order to sort on') - elastic_controller (/app/orion/services/elastic_manager/elastic_controller.py:106)
ERROR - 01/08/2025 06:59:25 : ELASTIC : [5] Something unexpected happened while reading : BadRequestError(400, 'search_phase_execution_exception', 'No mapping found for [m_leak_date] in order to sort on') - elastic_controller (/app/orion/services/elastic_manager/elastic_controller.py:106)
ERROR - 01/08/2025 07:00:56 : ELASTIC : [5] Something unexpected happened while reading : BadRequestError(400, 'search_phase_execution_exception', 'No mapping found for [m_update_date] in order to sort on') - elastic_controller (/app/orion/services/elastic_manager/elastic_controller.py:106)
ERROR - 01/08/2025 07:00:56 : ELASTIC : [5] Something unexpected happened while reading : BadRequestError(400, 'search_phase_execution_exception', 'No mapping found for [m_leak_date] in order to sort on') - elastic_controller (/app/orion/services/elastic_manager/elastic_controller.py:106)
ERROR - 01/08/2025 07:01:43 : ELASTIC : [5] Something unexpected happened while reading : BadRequestError(400, 'search_phase_execution_exception', 'No mapping found for [m_update_date] in order to sort on') - elastic_controller (/app/orion/services/elastic_manager/elastic_controller.py:106)
ERROR - 01/08/2025 07:01:43 : ELASTIC : [5] Something unexpected happened while reading : BadRequestError(400, 'search_phase_execution_exception', 'No mapping found for [m_leak_date] in order to sort on') - elastic_controller (/app/orion/services/elastic_manager/elastic_controller.py:106)
ERROR - 01/08/2025 07:02:36 : ELASTIC : [5] Something unexpected happened while reading : BadRequestError(400, 'search_phase_execution_exception', 'No mapping found for [m_update_date] in order to sort on') - elastic_controller (/app/orion/services/elastic_manager/elastic_controller.py:106)
ERROR - 01/08/2025 07:02:36 : ELASTIC : [5] Something unexpected happened while reading : BadRequestError(400, 'search_phase_execution_exception', 'No mapping found for [m_leak_date] in order to sort on') - elastic_controller (/app/orion/services/elastic_manager/elastic_controller.py:106)
ERROR - 01/08/2025 07:13:18 : ELASTIC : [5] Something unexpected happened while reading : BadRequestError(400, 'search_phase_execution_exception', 'No mapping found for [m_update_date] in order to sort on') - elastic_controller (/app/orion/services/elastic_manager/elastic_controller.py:106)
ERROR - 01/08/2025 07:13:18 : ELASTIC : [5] Something unexpected happened while reading : BadRequestError(400, 'search_phase_execution_exception', 'No mapping found for [m_update_date] in order to sort on') - elastic_controller (/app/orion/services/elastic_manager/elastic_controller.py:106)
ERROR - 01/08/2025 07:13:18 : ELASTIC : [5] Something unexpected happened while reading : BadRequestError(400, 'search_phase_execution_exception', 'No mapping found for [m_leak_date] in order to sort on') - elastic_controller (/app/orion/services/elastic_manager/elastic_controller.py:106)
ERROR - 01/08/2025 07:13:18 : ELASTIC : [5] Something unexpected happened while reading : BadRequestError(400, 'search_phase_execution_exception', 'No mapping found for [m_leak_date] in order to sort on') - elastic_controller (/app/orion/services/elastic_manager/elastic_controller.py:106)
ERROR - 01/08/2025 07:13:54 : ELASTIC : [5] Something unexpected happened while reading : BadRequestError(400, 'search_phase_execution_exception', 'unknown field [m_update_date]') - elastic_controller (/app/orion/services/elastic_manager/elastic_controller.py:106)
ERROR - 01/08/2025 07:13:54 : ELASTIC : [5] Something unexpected happened while reading : BadRequestError(400, 'illegal_argument_exception', 'query malformed, empty clause found at [1:52]') - elastic_controller (/app/orion/services/elastic_manager/elastic_controller.py:106)
ERROR - 01/08/2025 07:14:32 : ELASTIC : [5] Something unexpected happened while reading : BadRequestError(400, 'search_phase_execution_exception', 'unknown field [m_update_date]') - elastic_controller (/app/orion/services/elastic_manager/elastic_controller.py:106)
ERROR - 01/08/2025 07:14:32 : ELASTIC : [5] Something unexpected happened while reading : BadRequestError(400, 'illegal_argument_exception', 'query malformed, empty clause found at [1:52]') - elastic_controller (/app/orion/services/elastic_manager/elastic_controller.py:106)
ERROR - 01/08/2025 07:14:40 : ELASTIC : [5] Something unexpected happened while reading : BadRequestError(400, 'search_phase_execution_exception', 'unknown field [m_update_date]') - elastic_controller (/app/orion/services/elastic_manager/elastic_controller.py:106)
ERROR - 01/08/2025 07:14:40 : ELASTIC : [5] Something unexpected happened while reading : BadRequestError(400, 'illegal_argument_exception', 'query malformed, empty clause found at [1:52]') - elastic_controller (/app/orion/services/elastic_manager/elastic_controller.py:106)
ERROR - 01/08/2025 07:15:32 : ELASTIC : [5] Something unexpected happened while reading : BadRequestError(400, 'search_phase_execution_exception', 'unknown field [m_update_date]') - elastic_controller (/app/orion/services/elastic_manager/elastic_controller.py:106)
ERROR - 01/08/2025 07:15:32 : ELASTIC : [5] Something unexpected happened while reading : BadRequestError(400, 'illegal_argument_exception', 'query malformed, empty clause found at [1:52]') - elastic_controller (/app/orion/services/elastic_manager/elastic_controller.py:106)
ERROR - 01/08/2025 07:15:34 : ELASTIC : [5] Something unexpected happened while reading : BadRequestError(400, 'search_phase_execution_exception', 'unknown field [m_update_date]') - elastic_controller (/app/orion/services/elastic_manager/elastic_controller.py:106)
ERROR - 01/08/2025 07:15:34 : ELASTIC : [5] Something unexpected happened while reading : BadRequestError(400, 'illegal_argument_exception', 'query malformed, empty clause found at [1:52]') - elastic_controller (/app/orion/services/elastic_manager/elastic_controller.py:106)
ERROR - 01/08/2025 07:17:47 : ELASTIC : [5] Something unexpected happened while reading : BadRequestError(400, 'search_phase_execution_exception', 'unknown field [m_update_date]') - elastic_controller (/app/orion/services/elastic_manager/elastic_controller.py:106)
ERROR - 01/08/2025 07:17:47 : ELASTIC : [5] Something unexpected happened while reading : BadRequestError(400, 'illegal_argument_exception', 'query malformed, empty clause found at [1:52]') - elastic_controller (/app/orion/services/elastic_manager/elastic_controller.py:106)
ERROR - 01/08/2025 07:17:51 : ELASTIC : [5] Something unexpected happened while reading : BadRequestError(400, 'search_phase_execution_exception', 'unknown field [m_update_date]') - elastic_controller (/app/orion/services/elastic_manager/elastic_controller.py:106)
ERROR - 01/08/2025 07:17:51 : ELASTIC : [5] Something unexpected happened while reading : BadRequestError(400, 'illegal_argument_exception', 'query malformed, empty clause found at [1:52]') - elastic_controller (/app/orion/services/elastic_manager/elastic_controller.py:106)
ERROR - 01/08/2025 07:17:52 : ELASTIC : [5] Something unexpected happened while reading : BadRequestError(400, 'search_phase_execution_exception', 'unknown field [m_update_date]') - elastic_controller (/app/orion/services/elastic_manager/elastic_controller.py:106)
ERROR - 01/08/2025 07:17:52 : ELASTIC : [5] Something unexpected happened while reading : BadRequestError(400, 'illegal_argument_exception', 'query malformed, empty clause found at [1:52]') - elastic_controller (/app/orion/services/elastic_manager/elastic_controller.py:106)
ERROR - 01/08/2025 07:17:54 : ELASTIC : [5] Something unexpected happened while reading : BadRequestError(400, 'search_phase_execution_exception', 'unknown field [m_update_date]') - elastic_controller (/app/orion/services/elastic_manager/elastic_controller.py:106)
ERROR - 01/08/2025 07:17:54 : ELASTIC : [5] Something unexpected happened while reading : BadRequestError(400, 'illegal_argument_exception', 'query malformed, empty clause found at [1:52]') - elastic_controller (/app/orion/services/elastic_manager/elastic_controller.py:106)
ERROR - 01/08/2025 07:22:54 : ELASTIC : [5] Something unexpected happened while reading : BadRequestError(400, 'search_phase_execution_exception', 'unknown field [m_update_date]') - elastic_controller (/app/orion/services/elastic_manager/elastic_controller.py:106)
ERROR - 01/08/2025 07:22:54 : ELASTIC : [5] Something unexpected happened while reading : BadRequestError(400, 'illegal_argument_exception', 'query malformed, empty clause found at [1:52]') - elastic_controller (/app/orion/services/elastic_manager/elastic_controller.py:106)
ERROR - 01/08/2025 07:23:02 : ELASTIC : [5] Something unexpected happened while reading : BadRequestError(400, 'search_phase_execution_exception', 'unknown field [m_update_date]') - elastic_controller (/app/orion/services/elastic_manager/elastic_controller.py:106)
ERROR - 01/08/2025 07:23:02 : ELASTIC : [5] Something unexpected happened while reading : BadRequestError(400, 'illegal_argument_exception', 'query malformed, empty clause found at [1:52]') - elastic_controller (/app/orion/services/elastic_manager/elastic_controller.py:106)
ERROR - 01/08/2025 07:23:19 : ELASTIC : [5] Something unexpected happened while reading : BadRequestError(400, 'search_phase_execution_exception', 'unknown field [m_update_date]') - elastic_controller (/app/orion/services/elastic_manager/elastic_controller.py:106)
ERROR - 01/08/2025 07:23:19 : ELASTIC : [5] Something unexpected happened while reading : BadRequestError(400, 'illegal_argument_exception', 'query malformed, empty clause found at [1:52]') - elastic_controller (/app/orion/services/elastic_manager/elastic_controller.py:106)
ERROR - 01/08/2025 07:23:24 : ELASTIC : [5] Something unexpected happened while reading : BadRequestError(400, 'search_phase_execution_exception', 'unknown field [m_update_date]') - elastic_controller (/app/orion/services/elastic_manager/elastic_controller.py:106)
ERROR - 01/08/2025 07:23:24 : ELASTIC : [5] Something unexpected happened while reading : BadRequestError(400, 'illegal_argument_exception', 'query malformed, empty clause found at [1:52]') - elastic_controller (/app/orion/services/elastic_manager/elastic_controller.py:106)
ERROR - 01/08/2025 07:24:16 : ELASTIC : [5] Something unexpected happened while reading : BadRequestError(400, 'search_phase_execution_exception', 'unknown field [m_update_date]') - elastic_controller (/app/orion/services/elastic_manager/elastic_controller.py:106)
ERROR - 01/08/2025 07:24:16 : ELASTIC : [5] Something unexpected happened while reading : BadRequestError(400, 'illegal_argument_exception', 'query malformed, empty clause found at [1:52]') - elastic_controller (/app/orion/services/elastic_manager/elastic_controller.py:106)
ERROR - 01/08/2025 07:24:19 : ELASTIC : [5] Something unexpected happened while reading : BadRequestError(400, 'search_phase_execution_exception', 'unknown field [m_update_date]') - elastic_controller (/app/orion/services/elastic_manager/elastic_controller.py:106)
ERROR - 01/08/2025 07:24:19 : ELASTIC : [5] Something unexpected happened while reading : BadRequestError(400, 'illegal_argument_exception', 'query malformed, empty clause found at [1:52]') - elastic_controller (/app/orion/services/elastic_manager/elastic_controller.py:106)
ERROR - 01/08/2025 07:25:28 : ELASTIC : [5] Something unexpected happened while reading : BadRequestError(400, 'search_phase_execution_exception', 'unknown field [m_update_date]') - elastic_controller (/app/orion/services/elastic_manager/elastic_controller.py:106)
ERROR - 01/08/2025 07:25:28 : ELASTIC : [5] Something unexpected happened while reading : BadRequestError(400, 'illegal_argument_exception', 'query malformed, empty clause found at [1:52]') - elastic_controller (/app/orion/services/elastic_manager/elastic_controller.py:106)
ERROR - 01/08/2025 07:26:14 : ELASTIC : [5] Something unexpected happened while reading : BadRequestError(400, 'search_phase_execution_exception', 'unknown field [m_update_date]') - elastic_controller (/app/orion/services/elastic_manager/elastic_controller.py:106)
ERROR - 01/08/2025 07:26:14 : ELASTIC : [5] Something unexpected happened while reading : BadRequestError(400, 'illegal_argument_exception', 'query malformed, empty clause found at [1:52]') - elastic_controller (/app/orion/services/elastic_manager/elastic_controller.py:106)
ERROR - 01/08/2025 07:27:03 : ELASTIC : [5] Something unexpected happened while reading : BadRequestError(400, 'search_phase_execution_exception', 'unknown field [m_update_date]') - elastic_controller (/app/orion/services/elastic_manager/elastic_controller.py:106)
ERROR - 01/08/2025 07:27:03 : ELASTIC : [5] Something unexpected happened while reading : BadRequestError(400, 'illegal_argument_exception', 'query malformed, empty clause found at [1:52]') - elastic_controller (/app/orion/services/elastic_manager/elastic_controller.py:106)
ERROR - 01/08/2025 07:27:07 : ELASTIC : [5] Something unexpected happened while reading : BadRequestError(400, 'search_phase_execution_exception', 'unknown field [m_update_date]') - elastic_controller (/app/orion/services/elastic_manager/elastic_controller.py:106)
ERROR - 01/08/2025 07:27:07 : ELASTIC : [5] Something unexpected happened while reading : BadRequestError(400, 'illegal_argument_exception', 'query malformed, empty clause found at [1:52]') - elastic_controller (/app/orion/services/elastic_manager/elastic_controller.py:106)
ERROR - 01/08/2025 07:27:12 : ELASTIC : [5] Something unexpected happened while reading : BadRequestError(400, 'search_phase_execution_exception', 'unknown field [m_update_date]') - elastic_controller (/app/orion/services/elastic_manager/elastic_controller.py:106)
ERROR - 01/08/2025 07:27:12 : ELASTIC : [5] Something unexpected happened while reading : BadRequestError(400, 'illegal_argument_exception', 'query malformed, empty clause found at [1:52]') - elastic_controller (/app/orion/services/elastic_manager/elastic_controller.py:106)
ERROR - 01/08/2025 07:28:13 : ELASTIC : [5] Something unexpected happened while reading : BadRequestError(400, 'search_phase_execution_exception', 'unknown field [m_update_date]') - elastic_controller (/app/orion/services/elastic_manager/elastic_controller.py:106)
ERROR - 01/08/2025 07:28:13 : ELASTIC : [5] Something unexpected happened while reading : BadRequestError(400, 'illegal_argument_exception', 'query malformed, empty clause found at [1:52]') - elastic_controller (/app/orion/services/elastic_manager/elastic_controller.py:106)
ERROR - 01/08/2025 07:28:36 : ELASTIC : [5] Something unexpected happened while reading : BadRequestError(400, 'search_phase_execution_exception', 'unknown field [m_update_date]') - elastic_controller (/app/orion/services/elastic_manager/elastic_controller.py:106)
ERROR - 01/08/2025 07:28:36 : ELASTIC : [5] Something unexpected happened while reading : BadRequestError(400, 'illegal_argument_exception', 'query malformed, empty clause found at [1:52]') - elastic_controller (/app/orion/services/elastic_manager/elastic_controller.py:106)
ERROR - 01/08/2025 07:28:56 : ELASTIC : [5] Something unexpected happened while reading : BadRequestError(400, 'search_phase_execution_exception', 'unknown field [m_update_date]') - elastic_controller (/app/orion/services/elastic_manager/elastic_controller.py:106)
ERROR - 01/08/2025 07:28:56 : ELASTIC : [5] Something unexpected happened while reading : BadRequestError(400, 'illegal_argument_exception', 'query malformed, empty clause found at [1:52]') - elastic_controller (/app/orion/services/elastic_manager/elastic_controller.py:106)
ERROR - 01/08/2025 09:19:07 : ELASTIC : [5] Something unexpected happened while reading : BadRequestError(400, 'search_phase_execution_exception', 'unknown field [m_update_date]') - elastic_controller (/app/orion/services/elastic_manager/elastic_controller.py:106)
ERROR - 01/08/2025 09:19:07 : ELASTIC : [5] Something unexpected happened while reading : BadRequestError(400, 'illegal_argument_exception', 'query malformed, empty clause found at [1:52]') - elastic_controller (/app/orion/services/elastic_manager/elastic_controller.py:106)
ERROR - 01/08/2025 09:19:23 : ELASTIC : [5] Something unexpected happened while reading : BadRequestError(400, 'search_phase_execution_exception', 'unknown field [m_update_date]') - elastic_controller (/app/orion/services/elastic_manager/elastic_controller.py:106)
ERROR - 01/08/2025 09:19:23 : ELASTIC : [5] Something unexpected happened while reading : BadRequestError(400, 'illegal_argument_exception', 'query malformed, empty clause found at [1:52]') - elastic_controller (/app/orion/services/elastic_manager/elastic_controller.py:106)
ERROR - 01/08/2025 09:21:38 : ELASTIC : [5] Something unexpected happened while reading : BadRequestError(400, 'search_phase_execution_exception', 'unknown field [m_update_date]') - elastic_controller (/app/orion/services/elastic_manager/elastic_controller.py:106)
ERROR - 01/08/2025 09:21:38 : ELASTIC : [5] Something unexpected happened while reading : BadRequestError(400, 'search_phase_execution_exception', 'unknown field [m_update_date]') - elastic_controller (/app/orion/services/elastic_manager/elastic_controller.py:106)
ERROR - 01/08/2025 09:21:38 : ELASTIC : [5] Something unexpected happened while reading : BadRequestError(400, 'illegal_argument_exception', 'query malformed, empty clause found at [1:52]') - elastic_controller (/app/orion/services/elastic_manager/elastic_controller.py:106)
ERROR - 01/08/2025 09:21:38 : ELASTIC : [5] Something unexpected happened while reading : BadRequestError(400, 'illegal_argument_exception', 'query malformed, empty clause found at [1:52]') - elastic_controller (/app/orion/services/elastic_manager/elastic_controller.py:106)
ERROR - 01/08/2025 09:32:25 : ELASTIC : [5] Something unexpected happened while reading : BadRequestError(400, 'search_phase_execution_exception', 'unknown field [m_update_date]') - elastic_controller (/app/orion/services/elastic_manager/elastic_controller.py:106)
ERROR - 01/08/2025 09:32:25 : ELASTIC : [5] Something unexpected happened while reading : BadRequestError(400, 'illegal_argument_exception', 'query malformed, empty clause found at [1:52]') - elastic_controller (/app/orion/services/elastic_manager/elastic_controller.py:106)
ERROR - 01/08/2025 09:33:07 : ELASTIC : [5] Something unexpected happened while reading : BadRequestError(400, 'search_phase_execution_exception', 'unknown field [m_update_date]') - elastic_controller (/app/orion/services/elastic_manager/elastic_controller.py:106)
ERROR - 01/08/2025 09:33:07 : ELASTIC : [5] Something unexpected happened while reading : BadRequestError(400, 'illegal_argument_exception', 'query malformed, empty clause found at [1:52]') - elastic_controller (/app/orion/services/elastic_manager/elastic_controller.py:106)
ERROR - 01/08/2025 09:59:49 : ELASTIC : [5] Something unexpected happened while reading : BadRequestError(400, 'search_phase_execution_exception', 'unknown field [m_update_date]') - elastic_controller (/app/orion/services/elastic_manager/elastic_controller.py:106)
ERROR - 01/08/2025 09:59:49 : ELASTIC : [5] Something unexpected happened while reading : BadRequestError(400, 'illegal_argument_exception', 'query malformed, empty clause found at [1:52]') - elastic_controller (/app/orion/services/elastic_manager/elastic_controller.py:106)
ERROR - 01/08/2025 10:14:49 : ELASTIC : [5] Something unexpected happened while reading : BadRequestError(400, 'search_phase_execution_exception', 'unknown field [m_update_date]') - elastic_controller (/app/orion/services/elastic_manager/elastic_controller.py:106)
ERROR - 01/08/2025 10:14:49 : ELASTIC : [5] Something unexpected happened while reading : BadRequestError(400, 'illegal_argument_exception', 'query malformed, empty clause found at [1:52]') - elastic_controller (/app/orion/services/elastic_manager/elastic_controller.py:106)
ERROR - 01/08/2025 10:14:53 : ELASTIC : [5] Something unexpected happened while reading : BadRequestError(400, 'search_phase_execution_exception', 'unknown field [m_update_date]') - elastic_controller (/app/orion/services/elastic_manager/elastic_controller.py:106)
ERROR - 01/08/2025 10:14:53 : ELASTIC : [5] Something unexpected happened while reading : BadRequestError(400, 'illegal_argument_exception', 'query malformed, empty clause found at [1:52]') - elastic_controller (/app/orion/services/elastic_manager/elastic_controller.py:106)
ERROR - 01/08/2025 10:15:23 : ELASTIC : [5] Something unexpected happened while reading : BadRequestError(400, 'search_phase_execution_exception', 'unknown field [m_update_date]') - elastic_controller (/app/orion/services/elastic_manager/elastic_controller.py:106)
ERROR - 01/08/2025 10:15:23 : ELASTIC : [5] Something unexpected happened while reading : BadRequestError(400, 'illegal_argument_exception', 'query malformed, empty clause found at [1:52]') - elastic_controller (/app/orion/services/elastic_manager/elastic_controller.py:106)
ERROR - 01/08/2025 10:15:58 : ELASTIC : [5] Something unexpected happened while reading : BadRequestError(400, 'search_phase_execution_exception', 'unknown field [m_update_date]') - elastic_controller (/app/orion/services/elastic_manager/elastic_controller.py:106)
ERROR - 01/08/2025 10:15:58 : ELASTIC : [5] Something unexpected happened while reading : BadRequestError(400, 'illegal_argument_exception', 'query malformed, empty clause found at [1:52]') - elastic_controller (/app/orion/services/elastic_manager/elastic_controller.py:106)
ERROR - 01/08/2025 10:16:31 : ELASTIC : [5] Something unexpected happened while reading : BadRequestError(400, 'search_phase_execution_exception', 'unknown field [m_update_date]') - elastic_controller (/app/orion/services/elastic_manager/elastic_controller.py:106)
ERROR - 01/08/2025 10:16:31 : ELASTIC : [5] Something unexpected happened while reading : BadRequestError(400, 'illegal_argument_exception', 'query malformed, empty clause found at [1:52]') - elastic_controller (/app/orion/services/elastic_manager/elastic_controller.py:106)
ERROR - 01/08/2025 10:17:42 : ELASTIC : [5] Something unexpected happened while reading : BadRequestError(400, 'search_phase_execution_exception', 'unknown field [m_update_date]') - elastic_controller (/app/orion/services/elastic_manager/elastic_controller.py:106)
ERROR - 01/08/2025 10:17:42 : ELASTIC : [5] Something unexpected happened while reading : BadRequestError(400, 'illegal_argument_exception', 'query malformed, empty clause found at [1:52]') - elastic_controller (/app/orion/services/elastic_manager/elastic_controller.py:106)
ERROR - 01/08/2025 10:18:01 : ELASTIC : [5] Something unexpected happened while reading : BadRequestError(400, 'search_phase_execution_exception', 'unknown field [m_update_date]') - elastic_controller (/app/orion/services/elastic_manager/elastic_controller.py:106)
ERROR - 01/08/2025 10:18:01 : ELASTIC : [5] Something unexpected happened while reading : BadRequestError(400, 'illegal_argument_exception', 'query malformed, empty clause found at [1:52]') - elastic_controller (/app/orion/services/elastic_manager/elastic_controller.py:106)
ERROR - 01/08/2025 10:18:37 : ELASTIC : [5] Something unexpected happened while reading : BadRequestError(400, 'search_phase_execution_exception', 'unknown field [m_update_date]') - elastic_controller (/app/orion/services/elastic_manager/elastic_controller.py:106)
ERROR - 01/08/2025 10:18:37 : ELASTIC : [5] Something unexpected happened while reading : BadRequestError(400, 'illegal_argument_exception', 'query malformed, empty clause found at [1:52]') - elastic_controller (/app/orion/services/elastic_manager/elastic_controller.py:106)
ERROR - 01/08/2025 10:19:04 : ELASTIC : [5] Something unexpected happened while reading : BadRequestError(400, 'search_phase_execution_exception', 'unknown field [m_update_date]') - elastic_controller (/app/orion/services/elastic_manager/elastic_controller.py:106)
ERROR - 01/08/2025 10:19:04 : ELASTIC : [5] Something unexpected happened while reading : BadRequestError(400, 'illegal_argument_exception', 'query malformed, empty clause found at [1:52]') - elastic_controller (/app/orion/services/elastic_manager/elastic_controller.py:106)
ERROR - 01/08/2025 10:19:45 : ELASTIC : [5] Something unexpected happened while reading : BadRequestError(400, 'search_phase_execution_exception', 'unknown field [m_update_date]') - elastic_controller (/app/orion/services/elastic_manager/elastic_controller.py:106)
ERROR - 01/08/2025 10:19:45 : ELASTIC : [5] Something unexpected happened while reading : BadRequestError(400, 'illegal_argument_exception', 'query malformed, empty clause found at [1:52]') - elastic_controller (/app/orion/services/elastic_manager/elastic_controller.py:106)
ERROR - 01/08/2025 10:20:41 : ELASTIC : [5] Something unexpected happened while reading : BadRequestError(400, 'search_phase_execution_exception', 'unknown field [m_update_date]') - elastic_controller (/app/orion/services/elastic_manager/elastic_controller.py:106)
ERROR - 01/08/2025 10:20:41 : ELASTIC : [5] Something unexpected happened while reading : BadRequestError(400, 'illegal_argument_exception', 'query malformed, empty clause found at [1:52]') - elastic_controller (/app/orion/services/elastic_manager/elastic_controller.py:106)
ERROR - 01/08/2025 10:21:10 : ELASTIC : [5] Something unexpected happened while reading : BadRequestError(400, 'search_phase_execution_exception', 'unknown field [m_update_date]') - elastic_controller (/app/orion/services/elastic_manager/elastic_controller.py:106)
ERROR - 01/08/2025 10:21:10 : ELASTIC : [5] Something unexpected happened while reading : BadRequestError(400, 'illegal_argument_exception', 'query malformed, empty clause found at [1:52]') - elastic_controller (/app/orion/services/elastic_manager/elastic_controller.py:106)
ERROR - 01/08/2025 10:21:23 : ELASTIC : [5] Something unexpected happened while reading : BadRequestError(400, 'search_phase_execution_exception', 'unknown field [m_update_date]') - elastic_controller (/app/orion/services/elastic_manager/elastic_controller.py:106)
ERROR - 01/08/2025 10:21:23 : ELASTIC : [5] Something unexpected happened while reading : BadRequestError(400, 'illegal_argument_exception', 'query malformed, empty clause found at [1:52]') - elastic_controller (/app/orion/services/elastic_manager/elastic_controller.py:106)
ERROR - 01/08/2025 10:21:59 : ELASTIC : [5] Something unexpected happened while reading : BadRequestError(400, 'search_phase_execution_exception', 'unknown field [m_update_date]') - elastic_controller (/app/orion/services/elastic_manager/elastic_controller.py:106)
ERROR - 01/08/2025 10:21:59 : ELASTIC : [5] Something unexpected happened while reading : BadRequestError(400, 'illegal_argument_exception', 'query malformed, empty clause found at [1:52]') - elastic_controller (/app/orion/services/elastic_manager/elastic_controller.py:106)
ERROR - 01/08/2025 10:22:15 : ELASTIC : [5] Something unexpected happened while reading : BadRequestError(400, 'search_phase_execution_exception', 'unknown field [m_update_date]') - elastic_controller (/app/orion/services/elastic_manager/elastic_controller.py:106)
ERROR - 01/08/2025 10:22:15 : ELASTIC : [5] Something unexpected happened while reading : BadRequestError(400, 'illegal_argument_exception', 'query malformed, empty clause found at [1:52]') - elastic_controller (/app/orion/services/elastic_manager/elastic_controller.py:106)
ERROR - 01/08/2025 10:22:33 : ELASTIC : [5] Something unexpected happened while reading : BadRequestError(400, 'search_phase_execution_exception', 'unknown field [m_update_date]') - elastic_controller (/app/orion/services/elastic_manager/elastic_controller.py:106)
ERROR - 01/08/2025 10:22:33 : ELASTIC : [5] Something unexpected happened while reading : BadRequestError(400, 'illegal_argument_exception', 'query malformed, empty clause found at [1:52]') - elastic_controller (/app/orion/services/elastic_manager/elastic_controller.py:106)
ERROR - 01/08/2025 10:22:51 : ELASTIC : [5] Something unexpected happened while reading : BadRequestError(400, 'search_phase_execution_exception', 'unknown field [m_update_date]') - elastic_controller (/app/orion/services/elastic_manager/elastic_controller.py:106)
ERROR - 01/08/2025 10:22:51 : ELASTIC : [5] Something unexpected happened while reading : BadRequestError(400, 'illegal_argument_exception', 'query malformed, empty clause found at [1:52]') - elastic_controller (/app/orion/services/elastic_manager/elastic_controller.py:106)
ERROR - 01/08/2025 10:24:20 : ELASTIC : [5] Something unexpected happened while reading : BadRequestError(400, 'search_phase_execution_exception', 'unknown field [m_update_date]') - elastic_controller (/app/orion/services/elastic_manager/elastic_controller.py:106)
ERROR - 01/08/2025 10:24:20 : ELASTIC : [5] Something unexpected happened while reading : BadRequestError(400, 'illegal_argument_exception', 'query malformed, empty clause found at [1:52]') - elastic_controller (/app/orion/services/elastic_manager/elastic_controller.py:106)
ERROR - 01/08/2025 10:26:29 : ELASTIC : [5] Something unexpected happened while reading : BadRequestError(400, 'search_phase_execution_exception', 'unknown field [m_update_date]') - elastic_controller (/app/orion/services/elastic_manager/elastic_controller.py:106)
ERROR - 01/08/2025 10:26:29 : ELASTIC : [5] Something unexpected happened while reading : BadRequestError(400, 'illegal_argument_exception', 'query malformed, empty clause found at [1:52]') - elastic_controller (/app/orion/services/elastic_manager/elastic_controller.py:106)
ERROR - 01/08/2025 10:27:10 : ELASTIC : [5] Something unexpected happened while reading : BadRequestError(400, 'search_phase_execution_exception', 'unknown field [m_update_date]') - elastic_controller (/app/orion/services/elastic_manager/elastic_controller.py:106)
ERROR - 01/08/2025 10:27:10 : ELASTIC : [5] Something unexpected happened while reading : BadRequestError(400, 'illegal_argument_exception', 'query malformed, empty clause found at [1:52]') - elastic_controller (/app/orion/services/elastic_manager/elastic_controller.py:106)
ERROR - 01/08/2025 10:27:21 : ELASTIC : [5] Something unexpected happened while reading : BadRequestError(400, 'search_phase_execution_exception', 'unknown field [m_update_date]') - elastic_controller (/app/orion/services/elastic_manager/elastic_controller.py:106)
ERROR - 01/08/2025 10:27:21 : ELASTIC : [5] Something unexpected happened while reading : BadRequestError(400, 'illegal_argument_exception', 'query malformed, empty clause found at [1:52]') - elastic_controller (/app/orion/services/elastic_manager/elastic_controller.py:106)
ERROR - 01/08/2025 10:40:20 : ELASTIC : [5] Something unexpected happened while reading : BadRequestError(400, 'search_phase_execution_exception', 'unknown field [m_update_date]') - elastic_controller (/app/orion/services/elastic_manager/elastic_controller.py:106)
ERROR - 01/08/2025 10:40:20 : ELASTIC : [5] Something unexpected happened while reading : BadRequestError(400, 'illegal_argument_exception', 'query malformed, empty clause found at [1:52]') - elastic_controller (/app/orion/services/elastic_manager/elastic_controller.py:106)
ERROR - 01/08/2025 10:40:38 : ELASTIC : [5] Something unexpected happened while reading : BadRequestError(400, 'search_phase_execution_exception', 'unknown field [m_update_date]') - elastic_controller (/app/orion/services/elastic_manager/elastic_controller.py:106)
ERROR - 01/08/2025 10:40:38 : ELASTIC : [5] Something unexpected happened while reading : BadRequestError(400, 'illegal_argument_exception', 'query malformed, empty clause found at [1:52]') - elastic_controller (/app/orion/services/elastic_manager/elastic_controller.py:106)
ERROR - 01/08/2025 10:40:46 : ELASTIC : [5] Something unexpected happened while reading : BadRequestError(400, 'search_phase_execution_exception', 'unknown field [m_update_date]') - elastic_controller (/app/orion/services/elastic_manager/elastic_controller.py:106)
ERROR - 01/08/2025 10:40:46 : ELASTIC : [5] Something unexpected happened while reading : BadRequestError(400, 'illegal_argument_exception', 'query malformed, empty clause found at [1:52]') - elastic_controller (/app/orion/services/elastic_manager/elastic_controller.py:106)
ERROR - 01/08/2025 10:41:30 : ELASTIC : [5] Something unexpected happened while reading : BadRequestError(400, 'search_phase_execution_exception', 'unknown field [m_update_date]') - elastic_controller (/app/orion/services/elastic_manager/elastic_controller.py:106)
ERROR - 01/08/2025 10:41:30 : ELASTIC : [5] Something unexpected happened while reading : BadRequestError(400, 'illegal_argument_exception', 'query malformed, empty clause found at [1:52]') - elastic_controller (/app/orion/services/elastic_manager/elastic_controller.py:106)
ERROR - 01/08/2025 10:42:00 : ELASTIC : [5] Something unexpected happened while reading : BadRequestError(400, 'search_phase_execution_exception', 'unknown field [m_update_date]') - elastic_controller (/app/orion/services/elastic_manager/elastic_controller.py:106)
ERROR - 01/08/2025 10:42:00 : ELASTIC : [5] Something unexpected happened while reading : BadRequestError(400, 'illegal_argument_exception', 'query malformed, empty clause found at [1:52]') - elastic_controller (/app/orion/services/elastic_manager/elastic_controller.py:106)
ERROR - 01/08/2025 10:53:10 : ELASTIC : [5] Something unexpected happened while reading : BadRequestError(400, 'search_phase_execution_exception', 'unknown field [m_update_date]') - elastic_controller (/app/orion/services/elastic_manager/elastic_controller.py:106)
ERROR - 01/08/2025 10:53:10 : ELASTIC : [5] Something unexpected happened while reading : BadRequestError(400, 'illegal_argument_exception', 'query malformed, empty clause found at [1:52]') - elastic_controller (/app/orion/services/elastic_manager/elastic_controller.py:106)
ERROR - 01/08/2025 10:54:11 : ELASTIC : [5] Something unexpected happened while reading : BadRequestError(400, 'search_phase_execution_exception', 'unknown field [m_update_date]') - elastic_controller (/app/orion/services/elastic_manager/elastic_controller.py:106)
ERROR - 01/08/2025 10:54:11 : ELASTIC : [5] Something unexpected happened while reading : BadRequestError(400, 'illegal_argument_exception', 'query malformed, empty clause found at [1:52]') - elastic_controller (/app/orion/services/elastic_manager/elastic_controller.py:106)
ERROR - 01/08/2025 10:55:15 : ELASTIC : [5] Something unexpected happened while reading : BadRequestError(400, 'search_phase_execution_exception', 'unknown field [m_update_date]') - elastic_controller (/app/orion/services/elastic_manager/elastic_controller.py:106)
ERROR - 01/08/2025 10:55:15 : ELASTIC : [5] Something unexpected happened while reading : BadRequestError(400, 'illegal_argument_exception', 'query malformed, empty clause found at [1:52]') - elastic_controller (/app/orion/services/elastic_manager/elastic_controller.py:106)
ERROR - 01/08/2025 10:56:49 : ELASTIC : [5] Something unexpected happened while reading : BadRequestError(400, 'search_phase_execution_exception', 'unknown field [m_update_date]') - elastic_controller (/app/orion/services/elastic_manager/elastic_controller.py:106)
ERROR - 01/08/2025 10:56:49 : ELASTIC : [5] Something unexpected happened while reading : BadRequestError(400, 'illegal_argument_exception', 'query malformed, empty clause found at [1:52]') - elastic_controller (/app/orion/services/elastic_manager/elastic_controller.py:106)
ERROR - 01/08/2025 10:57:23 : ELASTIC : [5] Something unexpected happened while reading : BadRequestError(400, 'search_phase_execution_exception', 'unknown field [m_update_date]') - elastic_controller (/app/orion/services/elastic_manager/elastic_controller.py:106)
ERROR - 01/08/2025 10:57:24 : ELASTIC : [5] Something unexpected happened while reading : BadRequestError(400, 'illegal_argument_exception', 'query malformed, empty clause found at [1:52]') - elastic_controller (/app/orion/services/elastic_manager/elastic_controller.py:106)
ERROR - 01/08/2025 10:57:40 : ELASTIC : [5] Something unexpected happened while reading : BadRequestError(400, 'search_phase_execution_exception', 'unknown field [m_update_date]') - elastic_controller (/app/orion/services/elastic_manager/elastic_controller.py:106)
ERROR - 01/08/2025 10:57:40 : ELASTIC : [5] Something unexpected happened while reading : BadRequestError(400, 'illegal_argument_exception', 'query malformed, empty clause found at [1:52]') - elastic_controller (/app/orion/services/elastic_manager/elastic_controller.py:106)
ERROR - 01/08/2025 10:57:54 : ELASTIC : [5] Something unexpected happened while reading : BadRequestError(400, 'search_phase_execution_exception', 'unknown field [m_update_date]') - elastic_controller (/app/orion/services/elastic_manager/elastic_controller.py:106)
ERROR - 01/08/2025 10:57:54 : ELASTIC : [5] Something unexpected happened while reading : BadRequestError(400, 'illegal_argument_exception', 'query malformed, empty clause found at [1:52]') - elastic_controller (/app/orion/services/elastic_manager/elastic_controller.py:106)
ERROR - 01/08/2025 10:58:05 : ELASTIC : [5] Something unexpected happened while reading : BadRequestError(400, 'search_phase_execution_exception', 'unknown field [m_update_date]') - elastic_controller (/app/orion/services/elastic_manager/elastic_controller.py:106)
ERROR - 01/08/2025 10:58:05 : ELASTIC : [5] Something unexpected happened while reading : BadRequestError(400, 'illegal_argument_exception', 'query malformed, empty clause found at [1:52]') - elastic_controller (/app/orion/services/elastic_manager/elastic_controller.py:106)
ERROR - 01/08/2025 10:58:30 : ELASTIC : [5] Something unexpected happened while reading : BadRequestError(400, 'search_phase_execution_exception', 'unknown field [m_update_date]') - elastic_controller (/app/orion/services/elastic_manager/elastic_controller.py:106)
ERROR - 01/08/2025 10:58:30 : ELASTIC : [5] Something unexpected happened while reading : BadRequestError(400, 'illegal_argument_exception', 'query malformed, empty clause found at [1:52]') - elastic_controller (/app/orion/services/elastic_manager/elastic_controller.py:106)
ERROR - 01/08/2025 10:59:20 : ELASTIC : [5] Something unexpected happened while reading : BadRequestError(400, 'search_phase_execution_exception', 'unknown field [m_update_date]') - elastic_controller (/app/orion/services/elastic_manager/elastic_controller.py:106)
ERROR - 01/08/2025 10:59:20 : ELASTIC : [5] Something unexpected happened while reading : BadRequestError(400, 'illegal_argument_exception', 'query malformed, empty clause found at [1:52]') - elastic_controller (/app/orion/services/elastic_manager/elastic_controller.py:106)
ERROR - 01/08/2025 11:00:25 : ELASTIC : [5] Something unexpected happened while reading : BadRequestError(400, 'search_phase_execution_exception', 'unknown field [m_update_date]') - elastic_controller (/app/orion/services/elastic_manager/elastic_controller.py:106)
ERROR - 01/08/2025 11:00:25 : ELASTIC : [5] Something unexpected happened while reading : BadRequestError(400, 'illegal_argument_exception', 'query malformed, empty clause found at [1:52]') - elastic_controller (/app/orion/services/elastic_manager/elastic_controller.py:106)
ERROR - 01/08/2025 11:00:30 : ELASTIC : [5] Something unexpected happened while reading : BadRequestError(400, 'search_phase_execution_exception', 'unknown field [m_update_date]') - elastic_controller (/app/orion/services/elastic_manager/elastic_controller.py:106)
ERROR - 01/08/2025 11:00:30 : ELASTIC : [5] Something unexpected happened while reading : BadRequestError(400, 'illegal_argument_exception', 'query malformed, empty clause found at [1:52]') - elastic_controller (/app/orion/services/elastic_manager/elastic_controller.py:106)
ERROR - 01/08/2025 11:03:05 : ELASTIC : [5] Something unexpected happened while reading : BadRequestError(400, 'search_phase_execution_exception', 'unknown field [m_update_date]') - elastic_controller (/app/orion/services/elastic_manager/elastic_controller.py:106)
ERROR - 01/08/2025 11:03:05 : ELASTIC : [5] Something unexpected happened while reading : BadRequestError(400, 'illegal_argument_exception', 'query malformed, empty clause found at [1:52]') - elastic_controller (/app/orion/services/elastic_manager/elastic_controller.py:106)
ERROR - 01/08/2025 11:03:06 : ELASTIC : [5] Something unexpected happened while reading : BadRequestError(400, 'search_phase_execution_exception', 'unknown field [m_update_date]') - elastic_controller (/app/orion/services/elastic_manager/elastic_controller.py:106)
ERROR - 01/08/2025 11:03:06 : ELASTIC : [5] Something unexpected happened while reading : BadRequestError(400, 'illegal_argument_exception', 'query malformed, empty clause found at [1:52]') - elastic_controller (/app/orion/services/elastic_manager/elastic_controller.py:106)
ERROR - 01/08/2025 11:03:12 : ELASTIC : [5] Something unexpected happened while reading : BadRequestError(400, 'search_phase_execution_exception', 'unknown field [m_update_date]') - elastic_controller (/app/orion/services/elastic_manager/elastic_controller.py:106)
ERROR - 01/08/2025 11:03:12 : ELASTIC : [5] Something unexpected happened while reading : BadRequestError(400, 'illegal_argument_exception', 'query malformed, empty clause found at [1:52]') - elastic_controller (/app/orion/services/elastic_manager/elastic_controller.py:106)
ERROR - 01/08/2025 11:05:46 : ELASTIC : [5] Something unexpected happened while reading : BadRequestError(400, 'search_phase_execution_exception', 'unknown field [m_update_date]') - elastic_controller (/app/orion/services/elastic_manager/elastic_controller.py:106)
ERROR - 01/08/2025 11:05:46 : ELASTIC : [5] Something unexpected happened while reading : BadRequestError(400, 'illegal_argument_exception', 'query malformed, empty clause found at [1:52]') - elastic_controller (/app/orion/services/elastic_manager/elastic_controller.py:106)
ERROR - 01/08/2025 11:06:04 : ELASTIC : [5] Something unexpected happened while reading : BadRequestError(400, 'search_phase_execution_exception', 'unknown field [m_update_date]') - elastic_controller (/app/orion/services/elastic_manager/elastic_controller.py:106)
ERROR - 01/08/2025 11:06:05 : ELASTIC : [5] Something unexpected happened while reading : BadRequestError(400, 'illegal_argument_exception', 'query malformed, empty clause found at [1:52]') - elastic_controller (/app/orion/services/elastic_manager/elastic_controller.py:106)
ERROR - 01/08/2025 11:06:41 : ELASTIC : [5] Something unexpected happened while reading : BadRequestError(400, 'search_phase_execution_exception', 'unknown field [m_update_date]') - elastic_controller (/app/orion/services/elastic_manager/elastic_controller.py:106)
ERROR - 01/08/2025 11:06:41 : ELASTIC : [5] Something unexpected happened while reading : BadRequestError(400, 'illegal_argument_exception', 'query malformed, empty clause found at [1:52]') - elastic_controller (/app/orion/services/elastic_manager/elastic_controller.py:106)
ERROR - 01/08/2025 11:07:39 : ELASTIC : [5] Something unexpected happened while reading : BadRequestError(400, 'search_phase_execution_exception', 'unknown field [m_update_date]') - elastic_controller (/app/orion/services/elastic_manager/elastic_controller.py:106)
ERROR - 01/08/2025 11:07:39 : ELASTIC : [5] Something unexpected happened while reading : BadRequestError(400, 'illegal_argument_exception', 'query malformed, empty clause found at [1:52]') - elastic_controller (/app/orion/services/elastic_manager/elastic_controller.py:106)
ERROR - 01/08/2025 11:07:56 : ELASTIC : [5] Something unexpected happened while reading : BadRequestError(400, 'search_phase_execution_exception', 'unknown field [m_update_date]') - elastic_controller (/app/orion/services/elastic_manager/elastic_controller.py:106)
ERROR - 01/08/2025 11:07:56 : ELASTIC : [5] Something unexpected happened while reading : BadRequestError(400, 'illegal_argument_exception', 'query malformed, empty clause found at [1:52]') - elastic_controller (/app/orion/services/elastic_manager/elastic_controller.py:106)
ERROR - 01/08/2025 11:10:04 : ELASTIC : [5] Something unexpected happened while reading : BadRequestError(400, 'search_phase_execution_exception', 'unknown field [m_update_date]') - elastic_controller (/app/orion/services/elastic_manager/elastic_controller.py:106)
ERROR - 01/08/2025 11:10:04 : ELASTIC : [5] Something unexpected happened while reading : BadRequestError(400, 'illegal_argument_exception', 'query malformed, empty clause found at [1:52]') - elastic_controller (/app/orion/services/elastic_manager/elastic_controller.py:106)
ERROR - 01/08/2025 11:10:21 : ELASTIC : [5] Something unexpected happened while reading : BadRequestError(400, 'search_phase_execution_exception', 'unknown field [m_update_date]') - elastic_controller (/app/orion/services/elastic_manager/elastic_controller.py:106)
ERROR - 01/08/2025 11:10:21 : ELASTIC : [5] Something unexpected happened while reading : BadRequestError(400, 'illegal_argument_exception', 'query malformed, empty clause found at [1:52]') - elastic_controller (/app/orion/services/elastic_manager/elastic_controller.py:106)
ERROR - 01/08/2025 11:11:13 : ELASTIC : [5] Something unexpected happened while reading : BadRequestError(400, 'search_phase_execution_exception', 'No mapping found for [m_update_date] in order to sort on') - elastic_controller (/app/orion/services/elastic_manager/elastic_controller.py:106)
ERROR - 01/08/2025 11:11:13 : ELASTIC : [5] Something unexpected happened while reading : BadRequestError(400, 'search_phase_execution_exception', 'No mapping found for [m_leak_date] in order to sort on') - elastic_controller (/app/orion/services/elastic_manager/elastic_controller.py:106)
ERROR - 01/08/2025 11:13:17 : ELASTIC : [5] Something unexpected happened while reading : BadRequestError(400, 'search_phase_execution_exception', 'No mapping found for [m_update_date] in order to sort on') - elastic_controller (/app/orion/services/elastic_manager/elastic_controller.py:106)
ERROR - 01/08/2025 11:13:17 : ELASTIC : [5] Something unexpected happened while reading : BadRequestError(400, 'search_phase_execution_exception', 'No mapping found for [m_leak_date] in order to sort on') - elastic_controller (/app/orion/services/elastic_manager/elastic_controller.py:106)
ERROR - 01/08/2025 11:13:22 : ELASTIC : [5] Something unexpected happened while reading : BadRequestError(400, 'search_phase_execution_exception', 'unknown field [m_update_date]') - elastic_controller (/app/orion/services/elastic_manager/elastic_controller.py:106)
ERROR - 01/08/2025 11:13:22 : ELASTIC : [5] Something unexpected happened while reading : BadRequestError(400, 'illegal_argument_exception', 'query malformed, empty clause found at [1:52]') - elastic_controller (/app/orion/services/elastic_manager/elastic_controller.py:106)
ERROR - 01/08/2025 11:14:13 : ELASTIC : [5] Something unexpected happened while reading : BadRequestError(400, 'search_phase_execution_exception', 'unknown field [m_update_date]') - elastic_controller (/app/orion/services/elastic_manager/elastic_controller.py:106)
ERROR - 01/08/2025 11:14:13 : ELASTIC : [5] Something unexpected happened while reading : BadRequestError(400, 'illegal_argument_exception', 'query malformed, empty clause found at [1:52]') - elastic_controller (/app/orion/services/elastic_manager/elastic_controller.py:106)
ERROR - 01/08/2025 11:14:18 : ELASTIC : [5] Something unexpected happened while reading : BadRequestError(400, 'search_phase_execution_exception', 'No mapping found for [m_update_date] in order to sort on') - elastic_controller (/app/orion/services/elastic_manager/elastic_controller.py:106)
ERROR - 01/08/2025 11:14:18 : ELASTIC : [5] Something unexpected happened while reading : BadRequestError(400, 'search_phase_execution_exception', 'No mapping found for [m_leak_date] in order to sort on') - elastic_controller (/app/orion/services/elastic_manager/elastic_controller.py:106)
ERROR - 01/08/2025 11:14:27 : ELASTIC : [5] Something unexpected happened while reading : BadRequestError(400, 'search_phase_execution_exception', 'unknown field [m_update_date]') - elastic_controller (/app/orion/services/elastic_manager/elastic_controller.py:106)
ERROR - 01/08/2025 11:14:27 : ELASTIC : [5] Something unexpected happened while reading : BadRequestError(400, 'illegal_argument_exception', 'query malformed, empty clause found at [1:52]') - elastic_controller (/app/orion/services/elastic_manager/elastic_controller.py:106)
ERROR - 01/08/2025 11:14:30 : ELASTIC : [5] Something unexpected happened while reading : BadRequestError(400, 'search_phase_execution_exception', 'No mapping found for [m_update_date] in order to sort on') - elastic_controller (/app/orion/services/elastic_manager/elastic_controller.py:106)
ERROR - 01/08/2025 11:14:30 : ELASTIC : [5] Something unexpected happened while reading : BadRequestError(400, 'search_phase_execution_exception', 'No mapping found for [m_leak_date] in order to sort on') - elastic_controller (/app/orion/services/elastic_manager/elastic_controller.py:106)
ERROR - 01/08/2025 11:14:33 : ELASTIC : [5] Something unexpected happened while reading : BadRequestError(400, 'search_phase_execution_exception', 'unknown field [m_update_date]') - elastic_controller (/app/orion/services/elastic_manager/elastic_controller.py:106)
ERROR - 01/08/2025 11:14:33 : ELASTIC : [5] Something unexpected happened while reading : BadRequestError(400, 'illegal_argument_exception', 'query malformed, empty clause found at [1:52]') - elastic_controller (/app/orion/services/elastic_manager/elastic_controller.py:106)
ERROR - 01/08/2025 11:20:23 : ELASTIC : [5] Something unexpected happened while reading : BadRequestError(400, 'search_phase_execution_exception', 'No mapping found for [m_update_date] in order to sort on') - elastic_controller (/app/orion/services/elastic_manager/elastic_controller.py:106)
ERROR - 01/08/2025 11:20:23 : ELASTIC : [5] Something unexpected happened while reading : BadRequestError(400, 'search_phase_execution_exception', 'No mapping found for [m_leak_date] in order to sort on') - elastic_controller (/app/orion/services/elastic_manager/elastic_controller.py:106)
