ERROR - 15/10/2025 06:53:45 : ELASTIC : Initialization failed: Connection error caused by: ConnectionError(Connection error caused by: ClientConnectorDNSError(Cannot connect to host none:9400 ssl:default [Name or service not known])) - elastic_controller (/app/orion/services/elastic_manager/elastic_controller.py:97)
ERROR - 15/10/2025 06:53:46 : ELASTIC : Initialization failed: Connection error caused by: ConnectionError(Connection error caused by: ClientConnectorDNSError(Cannot connect to host none:9400 ssl:default [Name or service not known])) - elastic_controller (/app/orion/services/elastic_manager/elastic_controller.py:97)
ERROR - 15/10/2025 06:53:56 : Failed to delete old records: Connection error caused by: ConnectionError(Connection error caused by: ClientConnectorDNSError(Cannot connect to host none:9400 ssl:default [Name or service not known])) - elastic_controller (/app/orion/services/elastic_manager/elastic_controller.py:135)
ERROR - 15/10/2025 06:59:59 : ELASTIC : [5] Something unexpected happened while reading : BadRequestError(400, 'search_phase_execution_exception', 'No mapping found for [m_leak_date] in order to sort on') - elastic_controller (/app/orion/services/elastic_manager/elastic_controller.py:189)
ERROR - 15/10/2025 07:00:06 : ELASTIC : [5] Something unexpected happened while reading : BadRequestError(400, 'search_phase_execution_exception', '[m_ip] field which is of type [ip], does not support case insensitive term queries') - elastic_controller (/app/orion/services/elastic_manager/elastic_controller.py:189)
ERROR - 15/10/2025 07:00:16 : ELASTIC : [5] Something unexpected happened while reading : BadRequestError(400, 'search_phase_execution_exception', '[m_ip] field which is of type [ip], does not support case insensitive term queries') - elastic_controller (/app/orion/services/elastic_manager/elastic_controller.py:189)
ERROR - 15/10/2025 07:15:18 : ELASTIC : [5] Something unexpected happened while reading : BadRequestError(400, 'search_phase_execution_exception', 'No mapping found for [m_leak_date] in order to sort on') - elastic_controller (/app/orion/services/elastic_manager/elastic_controller.py:189)
ERROR - 15/10/2025 07:16:23 : ELASTIC : [5] Something unexpected happened while reading : BadRequestError(400, 'search_phase_execution_exception', 'No mapping found for [m_leak_date] in order to sort on') - elastic_controller (/app/orion/services/elastic_manager/elastic_controller.py:189)
ERROR - 15/10/2025 07:16:55 : ELASTIC : [5] Something unexpected happened while reading : BadRequestError(400, 'search_phase_execution_exception', 'No mapping found for [m_leak_date] in order to sort on') - elastic_controller (/app/orion/services/elastic_manager/elastic_controller.py:189)
ERROR - 15/10/2025 07:25:23 : ELASTIC : [5] Something unexpected happened while reading : BadRequestError(400, 'search_phase_execution_exception', 'No mapping found for [m_leak_date] in order to sort on') - elastic_controller (/app/orion/services/elastic_manager/elastic_controller.py:189)
ERROR - 15/10/2025 07:25:25 : ELASTIC : [5] Something unexpected happened while reading : BadRequestError(400, 'search_phase_execution_exception', 'No mapping found for [m_leak_date] in order to sort on') - elastic_controller (/app/orion/services/elastic_manager/elastic_controller.py:189)
ERROR - 15/10/2025 07:27:46 : ELASTIC : [5] Something unexpected happened while reading : BadRequestError(400, 'search_phase_execution_exception', 'No mapping found for [m_leak_date] in order to sort on') - elastic_controller (/app/orion/services/elastic_manager/elastic_controller.py:189)
ERROR - 15/10/2025 09:39:23 : ELASTIC : [5] Something unexpected happened while reading : BadRequestError(400, 'search_phase_execution_exception', 'No mapping found for [m_leak_date] in order to sort on') - elastic_controller (/app/orion/services/elastic_manager/elastic_controller.py:189)
ERROR - 15/10/2025 09:39:50 : ELASTIC : [5] Something unexpected happened while reading : BadRequestError(400, 'search_phase_execution_exception', 'No mapping found for [m_leak_date] in order to sort on') - elastic_controller (/app/orion/services/elastic_manager/elastic_controller.py:189)
ERROR - 15/10/2025 09:46:38 : ELASTIC : [5] Something unexpected happened while reading : BadRequestError(400, 'search_phase_execution_exception', 'No mapping found for [m_leak_date] in order to sort on') - elastic_controller (/app/orion/services/elastic_manager/elastic_controller.py:189)
ERROR - 15/10/2025 09:58:59 : ELASTIC : [5] Something unexpected happened while reading : BadRequestError(400, 'search_phase_execution_exception', 'No mapping found for [m_leak_date] in order to sort on') - elastic_controller (/app/orion/services/elastic_manager/elastic_controller.py:189)
ERROR - 15/10/2025 09:59:18 : ELASTIC : [5] Something unexpected happened while reading : BadRequestError(400, 'search_phase_execution_exception', 'No mapping found for [m_leak_date] in order to sort on') - elastic_controller (/app/orion/services/elastic_manager/elastic_controller.py:189)
ERROR - 15/10/2025 09:59:39 : ELASTIC : [5] Something unexpected happened while reading : BadRequestError(400, 'search_phase_execution_exception', 'No mapping found for [m_leak_date] in order to sort on') - elastic_controller (/app/orion/services/elastic_manager/elastic_controller.py:189)
ERROR - 15/10/2025 10:00:57 : ELASTIC : [5] Something unexpected happened while reading : BadRequestError(400, 'search_phase_execution_exception', 'No mapping found for [m_leak_date] in order to sort on') - elastic_controller (/app/orion/services/elastic_manager/elastic_controller.py:189)
ERROR - 15/10/2025 10:45:47 : ELASTIC : [5] Something unexpected happened while reading : BadRequestError(400, 'search_phase_execution_exception', 'No mapping found for [m_leak_date] in order to sort on') - elastic_controller (/app/orion/services/elastic_manager/elastic_controller.py:189)
ERROR - 15/10/2025 13:00:32 : ELASTIC : [5] Something unexpected happened while reading : BadRequestError(400, 'search_phase_execution_exception', 'No mapping found for [m_leak_date] in order to sort on') - elastic_controller (/app/orion/services/elastic_manager/elastic_controller.py:189)
ERROR - 15/10/2025 13:01:11 : ELASTIC : [5] Something unexpected happened while reading : BadRequestError(400, 'search_phase_execution_exception', 'unknown field [m_creation_date]') - elastic_controller (/app/orion/services/elastic_manager/elastic_controller.py:189)
ERROR - 15/10/2025 13:01:11 : ELASTIC : [5] Something unexpected happened while reading : BadRequestError(400, 'search_phase_execution_exception', 'No mapping found for [m_leak_date] in order to sort on') - elastic_controller (/app/orion/services/elastic_manager/elastic_controller.py:189)
ERROR - 15/10/2025 13:01:13 : ELASTIC : [5] Something unexpected happened while reading : BadRequestError(400, 'search_phase_execution_exception', 'unknown field [m_creation_date]') - elastic_controller (/app/orion/services/elastic_manager/elastic_controller.py:189)
ERROR - 15/10/2025 13:01:13 : ELASTIC : [5] Something unexpected happened while reading : BadRequestError(400, 'search_phase_execution_exception', 'No mapping found for [m_leak_date] in order to sort on') - elastic_controller (/app/orion/services/elastic_manager/elastic_controller.py:189)
ERROR - 15/10/2025 13:01:34 : ELASTIC : [5] Something unexpected happened while reading : BadRequestError(400, 'search_phase_execution_exception', 'unknown field [m_creation_date]') - elastic_controller (/app/orion/services/elastic_manager/elastic_controller.py:189)
ERROR - 15/10/2025 13:01:34 : ELASTIC : [5] Something unexpected happened while reading : BadRequestError(400, 'search_phase_execution_exception', 'No mapping found for [m_leak_date] in order to sort on') - elastic_controller (/app/orion/services/elastic_manager/elastic_controller.py:189)
ERROR - 15/10/2025 13:02:46 : ELASTIC : [5] Something unexpected happened while reading : BadRequestError(400, 'search_phase_execution_exception', 'unknown field [m_creation_date]') - elastic_controller (/app/orion/services/elastic_manager/elastic_controller.py:189)
ERROR - 15/10/2025 13:02:46 : ELASTIC : [5] Something unexpected happened while reading : BadRequestError(400, 'search_phase_execution_exception', 'No mapping found for [m_leak_date] in order to sort on') - elastic_controller (/app/orion/services/elastic_manager/elastic_controller.py:189)
ERROR - 15/10/2025 13:05:12 : ELASTIC : Initialization failed: Connection error caused by: ConnectionError(Connection error caused by: ClientConnectorDNSError(Cannot connect to host none:9400 ssl:default [Name or service not known])) - elastic_controller (/app/orion/services/elastic_manager/elastic_controller.py:97)
ERROR - 15/10/2025 13:05:13 : ELASTIC : Initialization failed: Connection error caused by: ConnectionError(Connection error caused by: ClientConnectorDNSError(Cannot connect to host none:9400 ssl:default [Name or service not known])) - elastic_controller (/app/orion/services/elastic_manager/elastic_controller.py:97)
ERROR - 15/10/2025 13:05:23 : Failed to delete old records: Connection error caused by: ConnectionError(Connection error caused by: ClientConnectorDNSError(Cannot connect to host none:9400 ssl:default [Name or service not known])) - elastic_controller (/app/orion/services/elastic_manager/elastic_controller.py:135)
ERROR - 15/10/2025 13:33:21 : ELASTIC : [5] Something unexpected happened while reading : BadRequestError(400, 'search_phase_execution_exception', 'unknown field [m_creation_date]') - elastic_controller (/app/orion/services/elastic_manager/elastic_controller.py:189)
ERROR - 15/10/2025 13:33:21 : ELASTIC : [5] Something unexpected happened while reading : BadRequestError(400, 'search_phase_execution_exception', 'No mapping found for [m_leak_date] in order to sort on') - elastic_controller (/app/orion/services/elastic_manager/elastic_controller.py:189)
ERROR - 15/10/2025 14:48:52 : ELASTIC : [5] Something unexpected happened while reading : BadRequestError(400, 'search_phase_execution_exception', 'unknown field [m_creation_date]') - elastic_controller (/app/orion/services/elastic_manager/elastic_controller.py:189)
ERROR - 15/10/2025 14:48:52 : ELASTIC : [5] Something unexpected happened while reading : BadRequestError(400, 'search_phase_execution_exception', 'No mapping found for [m_leak_date] in order to sort on') - elastic_controller (/app/orion/services/elastic_manager/elastic_controller.py:189)
ERROR - 15/10/2025 14:52:15 : ELASTIC : [5] Something unexpected happened while reading : BadRequestError(400, 'search_phase_execution_exception', 'unknown field [m_creation_date]') - elastic_controller (/app/orion/services/elastic_manager/elastic_controller.py:189)
ERROR - 15/10/2025 14:52:15 : ELASTIC : [5] Something unexpected happened while reading : BadRequestError(400, 'search_phase_execution_exception', 'No mapping found for [m_leak_date] in order to sort on') - elastic_controller (/app/orion/services/elastic_manager/elastic_controller.py:189)
ERROR - 15/10/2025 14:55:01 : ELASTIC : [5] Something unexpected happened while reading : BadRequestError(400, 'search_phase_execution_exception', 'unknown field [m_creation_date]') - elastic_controller (/app/orion/services/elastic_manager/elastic_controller.py:189)
ERROR - 15/10/2025 14:55:01 : ELASTIC : [5] Something unexpected happened while reading : BadRequestError(400, 'search_phase_execution_exception', 'No mapping found for [m_leak_date] in order to sort on') - elastic_controller (/app/orion/services/elastic_manager/elastic_controller.py:189)
ERROR - 15/10/2025 14:56:10 : ELASTIC : [5] Something unexpected happened while reading : BadRequestError(400, 'search_phase_execution_exception', 'unknown field [m_creation_date]') - elastic_controller (/app/orion/services/elastic_manager/elastic_controller.py:189)
ERROR - 15/10/2025 14:56:10 : ELASTIC : [5] Something unexpected happened while reading : BadRequestError(400, 'search_phase_execution_exception', 'No mapping found for [m_leak_date] in order to sort on') - elastic_controller (/app/orion/services/elastic_manager/elastic_controller.py:189)
ERROR - 15/10/2025 14:57:05 : ELASTIC : [5] Something unexpected happened while reading : BadRequestError(400, 'search_phase_execution_exception', 'unknown field [m_creation_date]') - elastic_controller (/app/orion/services/elastic_manager/elastic_controller.py:189)
ERROR - 15/10/2025 14:57:05 : ELASTIC : [5] Something unexpected happened while reading : BadRequestError(400, 'search_phase_execution_exception', 'No mapping found for [m_leak_date] in order to sort on') - elastic_controller (/app/orion/services/elastic_manager/elastic_controller.py:189)
