ERROR - 01/12/2025 06:30:40 : ELASTIC : Initialization failed: Connection error caused by: ConnectionError(Connection error caused by: ClientConnectorDNSError(Cannot connect to host none:9400 ssl:default [Name or service not known])) - elastic_controller (/app/orion/services/elastic_manager/elastic_controller.py:96)
ERROR - 01/12/2025 06:30:40 : ELASTIC : Initialization failed: Connection error caused by: ConnectionError(Connection error caused by: ClientConnectorDNSError(Cannot connect to host none:9400 ssl:default [Name or service not known])) - elastic_controller (/app/orion/services/elastic_manager/elastic_controller.py:96)
ERROR - 01/12/2025 06:30:50 : ELASTIC : [5] Something unexpected happened while reading : BadRequestError(400, 'search_phase_execution_exception', 'unknown field [m_leak_date]') - elastic_controller (/app/orion/services/elastic_manager/elastic_controller.py:150)
ERROR - 01/12/2025 06:30:50 : ELASTIC : [5] Something unexpected happened while reading : BadRequestError(400, 'search_phase_execution_exception', 'unknown field [m_leak_date]') - elastic_controller (/app/orion/services/elastic_manager/elastic_controller.py:150)
ERROR - 01/12/2025 06:30:50 : ELASTIC : [5] Something unexpected happened while reading : BadRequestError(400, 'search_phase_execution_exception', 'unknown field [m_leak_date]') - elastic_controller (/app/orion/services/elastic_manager/elastic_controller.py:150)
ERROR - 01/12/2025 06:54:10 : ELASTIC : Initialization failed: Connection error caused by: ConnectionError(Connection error caused by: ClientConnectorDNSError(Cannot connect to host none:9400 ssl:default [Name or service not known])) - elastic_controller (/app/orion/services/elastic_manager/elastic_controller.py:96)
ERROR - 01/12/2025 06:54:11 : ELASTIC : Initialization failed: Connection error caused by: ConnectionError(Connection error caused by: ClientConnectorDNSError(Cannot connect to host none:9400 ssl:default [Name or service not known])) - elastic_controller (/app/orion/services/elastic_manager/elastic_controller.py:96)
ERROR - 01/12/2025 07:15:52 : ELASTIC : [5] Something unexpected happened while reading : BadRequestError(400, 'search_phase_execution_exception', 'No mapping found for [m_leak_date] in order to sort on') - elastic_controller (/app/orion/services/elastic_manager/elastic_controller.py:224)
ERROR - 01/12/2025 07:17:54 : ELASTIC : [5] Something unexpected happened while reading : BadRequestError(400, 'search_phase_execution_exception', 'No mapping found for [m_leak_date] in order to sort on') - elastic_controller (/app/orion/services/elastic_manager/elastic_controller.py:224)
ERROR - 01/12/2025 07:30:08 : ELASTIC : [5] Something unexpected happened while reading : BadRequestError(400, 'search_phase_execution_exception', 'No mapping found for [m_leak_date] in order to sort on') - elastic_controller (/app/orion/services/elastic_manager/elastic_controller.py:224)
ERROR - 01/12/2025 07:33:36 : ELASTIC : [5] Something unexpected happened while reading : BadRequestError(400, 'search_phase_execution_exception', 'No mapping found for [m_leak_date] in order to sort on') - elastic_controller (/app/orion/services/elastic_manager/elastic_controller.py:224)
ERROR - 01/12/2025 07:34:03 : ELASTIC : [5] Something unexpected happened while reading : BadRequestError(400, 'search_phase_execution_exception', 'No mapping found for [m_leak_date] in order to sort on') - elastic_controller (/app/orion/services/elastic_manager/elastic_controller.py:224)
ERROR - 01/12/2025 07:36:34 : ELASTIC : Initialization failed: Connection error caused by: ConnectionError(Connection error caused by: ClientConnectorDNSError(Cannot connect to host none:9400 ssl:default [Name or service not known])) - elastic_controller (/app/orion/services/elastic_manager/elastic_controller.py:96)
ERROR - 01/12/2025 07:36:35 : ELASTIC : Initialization failed: Connection error caused by: ConnectionError(Connection error caused by: ClientConnectorDNSError(Cannot connect to host none:9400 ssl:default [Name or service not known])) - elastic_controller (/app/orion/services/elastic_manager/elastic_controller.py:96)
ERROR - 01/12/2025 07:37:06 : ELASTIC : [5] Something unexpected happened while reading : BadRequestError(400, 'search_phase_execution_exception', 'No mapping found for [m_leak_date] in order to sort on') - elastic_controller (/app/orion/services/elastic_manager/elastic_controller.py:224)
ERROR - 01/12/2025 07:48:15 : ELASTIC : Initialization failed: Connection error caused by: ConnectionError(Connection error caused by: ClientConnectorDNSError(Cannot connect to host none:9400 ssl:default [Name or service not known])) - elastic_controller (/app/orion/services/elastic_manager/elastic_controller.py:96)
ERROR - 01/12/2025 07:48:15 : ELASTIC : Initialization failed: Connection error caused by: ConnectionError(Connection error caused by: ClientConnectorDNSError(Cannot connect to host none:9400 ssl:default [Name or service not known])) - elastic_controller (/app/orion/services/elastic_manager/elastic_controller.py:96)
ERROR - 01/12/2025 07:48:21 : ELASTIC : [5] Something unexpected happened while reading : BadRequestError(400, 'search_phase_execution_exception', 'No mapping found for [m_leak_date] in order to sort on') - elastic_controller (/app/orion/services/elastic_manager/elastic_controller.py:224)
ERROR - 01/12/2025 07:48:23 : ELASTIC : [5] Something unexpected happened while reading : BadRequestError(400, 'search_phase_execution_exception', 'No mapping found for [m_leak_date] in order to sort on') - elastic_controller (/app/orion/services/elastic_manager/elastic_controller.py:224)
ERROR - 01/12/2025 07:48:24 : ELASTIC : [5] Something unexpected happened while reading : BadRequestError(400, 'search_phase_execution_exception', 'No mapping found for [m_leak_date] in order to sort on') - elastic_controller (/app/orion/services/elastic_manager/elastic_controller.py:224)
ERROR - 01/12/2025 07:54:35 : ELASTIC : [5] Something unexpected happened while reading : BadRequestError(400, 'search_phase_execution_exception', 'No mapping found for [m_leak_date] in order to sort on') - elastic_controller (/app/orion/services/elastic_manager/elastic_controller.py:224)
ERROR - 01/12/2025 07:58:50 : ELASTIC : Initialization failed: Connection error caused by: ConnectionError(Connection error caused by: ClientConnectorDNSError(Cannot connect to host none:9400 ssl:default [Name or service not known])) - elastic_controller (/app/orion/services/elastic_manager/elastic_controller.py:96)
ERROR - 01/12/2025 07:58:50 : ELASTIC : Initialization failed: Connection error caused by: ConnectionError(Connection error caused by: ClientConnectorDNSError(Cannot connect to host none:9400 ssl:default [Name or service not known])) - elastic_controller (/app/orion/services/elastic_manager/elastic_controller.py:96)
ERROR - 01/12/2025 07:58:55 : ARANGO GRAPH INIT ERROR: [HTTP 409][ERR 1210] unique constraint violated - in index primary of type primary over '_key'; conflicting key: telegram - arango_controller (/app/orion/services/arango_manager/arango_controller.py:83)
ERROR - 01/12/2025 07:59:53 : ELASTIC : [5] Something unexpected happened while reading : BadRequestError(400, 'search_phase_execution_exception', 'No mapping found for [m_leak_date] in order to sort on') - elastic_controller (/app/orion/services/elastic_manager/elastic_controller.py:224)
ERROR - 01/12/2025 08:00:55 : ELASTIC : [5] Something unexpected happened while reading : BadRequestError(400, 'search_phase_execution_exception', 'No mapping found for [m_leak_date] in order to sort on') - elastic_controller (/app/orion/services/elastic_manager/elastic_controller.py:224)
ERROR - 01/12/2025 08:38:20 : ELASTIC : [5] Something unexpected happened while reading : BadRequestError(400, 'search_phase_execution_exception', 'No mapping found for [m_leak_date] in order to sort on') - elastic_controller (/app/orion/services/elastic_manager/elastic_controller.py:224)
ERROR - 01/12/2025 11:44:20 : ELASTIC : Initialization failed: Connection error caused by: ConnectionError(Connection error caused by: ClientConnectorDNSError(Cannot connect to host none:9400 ssl:default [No address associated with hostname])) - elastic_controller (/app/orion/services/elastic_manager/elastic_controller.py:96)
ERROR - 01/12/2025 11:44:21 : ELASTIC : Initialization failed: Connection error caused by: ConnectionError(Connection error caused by: ClientConnectorDNSError(Cannot connect to host none:9400 ssl:default [No address associated with hostname])) - elastic_controller (/app/orion/services/elastic_manager/elastic_controller.py:96)
ERROR - 01/12/2025 11:44:56 : ELASTIC : [5] Something unexpected happened while reading : BadRequestError(400, 'search_phase_execution_exception', 'No mapping found for [m_leak_date] in order to sort on') - elastic_controller (/app/orion/services/elastic_manager/elastic_controller.py:224)
ERROR - 01/12/2025 11:46:59 : ELASTIC : [5] Something unexpected happened while reading : BadRequestError(400, 'search_phase_execution_exception', 'No mapping found for [m_leak_date] in order to sort on') - elastic_controller (/app/orion/services/elastic_manager/elastic_controller.py:224)
ERROR - 01/12/2025 13:34:29 : ELASTIC : Initialization failed: Connection error caused by: ConnectionError(Connection error caused by: ClientConnectorDNSError(Cannot connect to host none:9400 ssl:default [No address associated with hostname])) - elastic_controller (/app/orion/services/elastic_manager/elastic_controller.py:96)
ERROR - 01/12/2025 14:19:15 : ELASTIC : [5] Something unexpected happened while reading : BadRequestError(400, 'search_phase_execution_exception', 'No mapping found for [m_leak_date] in order to sort on') - elastic_controller (/app/orion/services/elastic_manager/elastic_controller.py:224)
ERROR - 01/12/2025 14:33:22 : ELASTIC : [5] Something unexpected happened while reading : BadRequestError(400, 'search_phase_execution_exception', 'No mapping found for [m_leak_date] in order to sort on') - elastic_controller (/app/orion/services/elastic_manager/elastic_controller.py:224)
ERROR - 01/12/2025 14:35:33 : ELASTIC : [5] Something unexpected happened while reading : BadRequestError(400, 'search_phase_execution_exception', 'No mapping found for [m_leak_date] in order to sort on') - elastic_controller (/app/orion/services/elastic_manager/elastic_controller.py:224)
ERROR - 01/12/2025 18:05:35 : ELASTIC : Initialization failed: Connection error caused by: ConnectionError(Connection error caused by: ClientConnectorDNSError(Cannot connect to host none:9400 ssl:default [Name or service not known])) - elastic_controller (/app/orion/services/elastic_manager/elastic_controller.py:96)
ERROR - 01/12/2025 18:05:39 : ELASTIC : Initialization failed: Connection error caused by: ConnectionError(Connection error caused by: ClientConnectorDNSError(Cannot connect to host none:9400 ssl:default [Name or service not known])) - elastic_controller (/app/orion/services/elastic_manager/elastic_controller.py:96)
ERROR - 01/12/2025 18:16:16 : ELASTIC : [5] Something unexpected happened while reading : BadRequestError(400, 'search_phase_execution_exception', 'No mapping found for [m_leak_date] in order to sort on') - elastic_controller (/app/orion/services/elastic_manager/elastic_controller.py:224)
ERROR - 01/12/2025 18:18:18 : ELASTIC : [5] Something unexpected happened while reading : BadRequestError(400, 'search_phase_execution_exception', 'No mapping found for [m_leak_date] in order to sort on') - elastic_controller (/app/orion/services/elastic_manager/elastic_controller.py:224)
ERROR - 01/12/2025 18:19:43 : ELASTIC : Initialization failed: Connection error caused by: ConnectionError(Connection error caused by: ClientConnectorDNSError(Cannot connect to host none:9400 ssl:default [Name or service not known])) - elastic_controller (/app/orion/services/elastic_manager/elastic_controller.py:96)
ERROR - 01/12/2025 18:19:43 : ELASTIC : Initialization failed: Connection error caused by: ConnectionError(Connection error caused by: ClientConnectorDNSError(Cannot connect to host none:9400 ssl:default [Name or service not known])) - elastic_controller (/app/orion/services/elastic_manager/elastic_controller.py:96)
