ERROR - 03/11/2025 06:44:24 : ELASTIC : Initialization failed: Connection error caused by: ConnectionError(Connection error caused by: ClientConnectorDNSError(Cannot connect to host none:9400 ssl:default [Name or service not known])) - elastic_controller (/app/orion/services/elastic_manager/elastic_controller.py:96)
ERROR - 03/11/2025 06:44:27 : ELASTIC : Initialization failed: Connection error caused by: ConnectionError(Connection error caused by: ClientConnectorDNSError(Cannot connect to host none:9400 ssl:default [Name or service not known])) - elastic_controller (/app/orion/services/elastic_manager/elastic_controller.py:96)
ERROR - 03/11/2025 06:53:58 : ELASTIC : [5] Something unexpected happened while reading : BadRequestError(400, 'search_phase_execution_exception', 'No mapping found for [m_leak_date] in order to sort on') - elastic_controller (/app/orion/services/elastic_manager/elastic_controller.py:225)
ERROR - 03/11/2025 08:23:49 : ELASTIC : [5] Something unexpected happened while reading : BadRequestError(400, 'search_phase_execution_exception', 'No mapping found for [m_leak_date] in order to sort on') - elastic_controller (/app/orion/services/elastic_manager/elastic_controller.py:225)
ERROR - 03/11/2025 09:14:29 : ELASTIC : [5] Something unexpected happened while reading : BadRequestError(400, 'search_phase_execution_exception', 'No mapping found for [m_leak_date] in order to sort on') - elastic_controller (/app/orion/services/elastic_manager/elastic_controller.py:225)
ERROR - 03/11/2025 09:14:51 : ELASTIC : [5] Something unexpected happened while reading : BadRequestError(400, 'search_phase_execution_exception', '[m_ip] field which is of type [ip], does not support case insensitive term queries') - elastic_controller (/app/orion/services/elastic_manager/elastic_controller.py:225)
ERROR - 03/11/2025 09:14:51 : ELASTIC : [5] Something unexpected happened while reading : BadRequestError(400, 'search_phase_execution_exception', 'No mapping found for [m_leak_date] in order to sort on') - elastic_controller (/app/orion/services/elastic_manager/elastic_controller.py:225)
ERROR - 03/11/2025 09:18:36 : ELASTIC : [5] Something unexpected happened while reading : BadRequestError(400, 'search_phase_execution_exception', '[m_ip] field which is of type [ip], does not support case insensitive term queries') - elastic_controller (/app/orion/services/elastic_manager/elastic_controller.py:225)
ERROR - 03/11/2025 09:18:36 : ELASTIC : [5] Something unexpected happened while reading : BadRequestError(400, 'search_phase_execution_exception', 'No mapping found for [m_leak_date] in order to sort on') - elastic_controller (/app/orion/services/elastic_manager/elastic_controller.py:225)
ERROR - 03/11/2025 09:19:20 : ELASTIC : [5] Something unexpected happened while reading : BadRequestError(400, 'search_phase_execution_exception', '[m_ip] field which is of type [ip], does not support case insensitive term queries') - elastic_controller (/app/orion/services/elastic_manager/elastic_controller.py:225)
ERROR - 03/11/2025 09:19:20 : ELASTIC : [5] Something unexpected happened while reading : BadRequestError(400, 'search_phase_execution_exception', 'No mapping found for [m_leak_date] in order to sort on') - elastic_controller (/app/orion/services/elastic_manager/elastic_controller.py:225)
ERROR - 03/11/2025 09:20:26 : ELASTIC : [5] Something unexpected happened while reading : BadRequestError(400, 'search_phase_execution_exception', '[m_ip] field which is of type [ip], does not support case insensitive term queries') - elastic_controller (/app/orion/services/elastic_manager/elastic_controller.py:225)
ERROR - 03/11/2025 09:20:26 : ELASTIC : [5] Something unexpected happened while reading : BadRequestError(400, 'search_phase_execution_exception', 'No mapping found for [m_leak_date] in order to sort on') - elastic_controller (/app/orion/services/elastic_manager/elastic_controller.py:225)
ERROR - 03/11/2025 09:23:10 : ELASTIC : [5] Something unexpected happened while reading : BadRequestError(400, 'search_phase_execution_exception', '[m_ip] field which is of type [ip], does not support case insensitive term queries') - elastic_controller (/app/orion/services/elastic_manager/elastic_controller.py:225)
ERROR - 03/11/2025 09:23:10 : ELASTIC : [5] Something unexpected happened while reading : BadRequestError(400, 'search_phase_execution_exception', 'No mapping found for [m_leak_date] in order to sort on') - elastic_controller (/app/orion/services/elastic_manager/elastic_controller.py:225)
ERROR - 03/11/2025 09:25:19 : ELASTIC : [5] Something unexpected happened while reading : BadRequestError(400, 'search_phase_execution_exception', '[m_ip] field which is of type [ip], does not support case insensitive term queries') - elastic_controller (/app/orion/services/elastic_manager/elastic_controller.py:225)
ERROR - 03/11/2025 09:25:19 : ELASTIC : [5] Something unexpected happened while reading : BadRequestError(400, 'search_phase_execution_exception', 'No mapping found for [m_leak_date] in order to sort on') - elastic_controller (/app/orion/services/elastic_manager/elastic_controller.py:225)
ERROR - 03/11/2025 09:28:03 : ELASTIC : [5] Something unexpected happened while reading : BadRequestError(400, 'search_phase_execution_exception', '[m_ip] field which is of type [ip], does not support case insensitive term queries') - elastic_controller (/app/orion/services/elastic_manager/elastic_controller.py:225)
ERROR - 03/11/2025 09:28:03 : ELASTIC : [5] Something unexpected happened while reading : BadRequestError(400, 'search_phase_execution_exception', 'No mapping found for [m_leak_date] in order to sort on') - elastic_controller (/app/orion/services/elastic_manager/elastic_controller.py:225)
ERROR - 03/11/2025 09:28:50 : ELASTIC : [5] Something unexpected happened while reading : BadRequestError(400, 'search_phase_execution_exception', '[m_ip] field which is of type [ip], does not support case insensitive term queries') - elastic_controller (/app/orion/services/elastic_manager/elastic_controller.py:225)
ERROR - 03/11/2025 09:28:50 : ELASTIC : [5] Something unexpected happened while reading : BadRequestError(400, 'x_content_parse_exception', '[term] query does not support array of values') - elastic_controller (/app/orion/services/elastic_manager/elastic_controller.py:225)
ERROR - 03/11/2025 09:28:50 : ELASTIC : [5] Something unexpected happened while reading : BadRequestError(400, 'search_phase_execution_exception', 'No mapping found for [m_leak_date] in order to sort on') - elastic_controller (/app/orion/services/elastic_manager/elastic_controller.py:225)
ERROR - 03/11/2025 09:31:26 : ELASTIC : [5] Something unexpected happened while reading : BadRequestError(400, 'search_phase_execution_exception', '[m_ip] field which is of type [ip], does not support case insensitive term queries') - elastic_controller (/app/orion/services/elastic_manager/elastic_controller.py:225)
ERROR - 03/11/2025 09:31:26 : ELASTIC : [5] Something unexpected happened while reading : BadRequestError(400, 'search_phase_execution_exception', 'No mapping found for [m_leak_date] in order to sort on') - elastic_controller (/app/orion/services/elastic_manager/elastic_controller.py:225)
ERROR - 03/11/2025 09:32:50 : ELASTIC : [5] Something unexpected happened while reading : BadRequestError(400, 'search_phase_execution_exception', '[m_ip] field which is of type [ip], does not support case insensitive term queries') - elastic_controller (/app/orion/services/elastic_manager/elastic_controller.py:225)
ERROR - 03/11/2025 09:32:50 : ELASTIC : [5] Something unexpected happened while reading : BadRequestError(400, 'search_phase_execution_exception', 'No mapping found for [m_leak_date] in order to sort on') - elastic_controller (/app/orion/services/elastic_manager/elastic_controller.py:225)
ERROR - 03/11/2025 09:33:05 : ELASTIC : [5] Something unexpected happened while reading : BadRequestError(400, 'search_phase_execution_exception', '[m_ip] field which is of type [ip], does not support case insensitive term queries') - elastic_controller (/app/orion/services/elastic_manager/elastic_controller.py:225)
ERROR - 03/11/2025 09:33:05 : ELASTIC : [5] Something unexpected happened while reading : BadRequestError(400, 'x_content_parse_exception', '[term] query does not support array of values') - elastic_controller (/app/orion/services/elastic_manager/elastic_controller.py:225)
ERROR - 03/11/2025 09:33:05 : ELASTIC : [5] Something unexpected happened while reading : BadRequestError(400, 'search_phase_execution_exception', 'No mapping found for [m_leak_date] in order to sort on') - elastic_controller (/app/orion/services/elastic_manager/elastic_controller.py:225)
ERROR - 03/11/2025 09:34:24 : ELASTIC : [5] Something unexpected happened while reading : BadRequestError(400, 'x_content_parse_exception', '[term] query does not support array of values') - elastic_controller (/app/orion/services/elastic_manager/elastic_controller.py:225)
ERROR - 03/11/2025 09:34:28 : ELASTIC : [5] Something unexpected happened while reading : BadRequestError(400, 'search_phase_execution_exception', 'unknown field [m_creation_date]') - elastic_controller (/app/orion/services/elastic_manager/elastic_controller.py:225)
ERROR - 03/11/2025 09:37:12 : ELASTIC : [5] Something unexpected happened while reading : BadRequestError(400, 'search_phase_execution_exception', 'No mapping found for [m_leak_date] in order to sort on') - elastic_controller (/app/orion/services/elastic_manager/elastic_controller.py:225)
ERROR - 03/11/2025 09:43:36 : ELASTIC : Initialization failed: Connection error caused by: ConnectionError(Connection error caused by: ClientConnectorDNSError(Cannot connect to host none:9400 ssl:default [Name or service not known])) - elastic_controller (/app/orion/services/elastic_manager/elastic_controller.py:96)
ERROR - 03/11/2025 09:43:36 : ELASTIC : Initialization failed: Connection error caused by: ConnectionError(Connection error caused by: ClientConnectorDNSError(Cannot connect to host none:9400 ssl:default [Name or service not known])) - elastic_controller (/app/orion/services/elastic_manager/elastic_controller.py:96)
ERROR - 03/11/2025 09:43:46 : ELASTIC : [5] Something unexpected happened while reading : BadRequestError(400, 'search_phase_execution_exception', 'unknown field [m_leak_date]') - elastic_controller (/app/orion/services/elastic_manager/elastic_controller.py:150)
ERROR - 03/11/2025 09:44:46 : ELASTIC : [5] Something unexpected happened while reading : BadRequestError(400, 'search_phase_execution_exception', 'unknown field [m_leak_date]') - elastic_controller (/app/orion/services/elastic_manager/elastic_controller.py:150)
ERROR - 03/11/2025 09:45:46 : ELASTIC : [5] Something unexpected happened while reading : BadRequestError(400, 'search_phase_execution_exception', 'unknown field [m_leak_date]') - elastic_controller (/app/orion/services/elastic_manager/elastic_controller.py:150)
ERROR - 03/11/2025 09:46:47 : ELASTIC : [5] Something unexpected happened while reading : BadRequestError(400, 'search_phase_execution_exception', 'unknown field [m_leak_date]') - elastic_controller (/app/orion/services/elastic_manager/elastic_controller.py:150)
ERROR - 03/11/2025 09:47:47 : ELASTIC : [5] Something unexpected happened while reading : BadRequestError(400, 'search_phase_execution_exception', 'unknown field [m_leak_date]') - elastic_controller (/app/orion/services/elastic_manager/elastic_controller.py:150)
ERROR - 03/11/2025 09:48:47 : ELASTIC : [5] Something unexpected happened while reading : BadRequestError(400, 'search_phase_execution_exception', 'unknown field [m_leak_date]') - elastic_controller (/app/orion/services/elastic_manager/elastic_controller.py:150)
ERROR - 03/11/2025 09:49:47 : ELASTIC : [5] Something unexpected happened while reading : BadRequestError(400, 'search_phase_execution_exception', 'unknown field [m_leak_date]') - elastic_controller (/app/orion/services/elastic_manager/elastic_controller.py:150)
ERROR - 03/11/2025 09:50:48 : ELASTIC : [5] Something unexpected happened while reading : BadRequestError(400, 'search_phase_execution_exception', 'unknown field [m_leak_date]') - elastic_controller (/app/orion/services/elastic_manager/elastic_controller.py:150)
ERROR - 03/11/2025 09:51:48 : ELASTIC : [5] Something unexpected happened while reading : BadRequestError(400, 'search_phase_execution_exception', 'unknown field [m_leak_date]') - elastic_controller (/app/orion/services/elastic_manager/elastic_controller.py:150)
ERROR - 03/11/2025 09:52:48 : ELASTIC : [5] Something unexpected happened while reading : BadRequestError(400, 'search_phase_execution_exception', 'unknown field [m_leak_date]') - elastic_controller (/app/orion/services/elastic_manager/elastic_controller.py:150)
ERROR - 03/11/2025 09:53:49 : ELASTIC : [5] Something unexpected happened while reading : BadRequestError(400, 'search_phase_execution_exception', 'unknown field [m_leak_date]') - elastic_controller (/app/orion/services/elastic_manager/elastic_controller.py:150)
ERROR - 03/11/2025 09:54:49 : ELASTIC : [5] Something unexpected happened while reading : BadRequestError(400, 'search_phase_execution_exception', 'unknown field [m_leak_date]') - elastic_controller (/app/orion/services/elastic_manager/elastic_controller.py:150)
ERROR - 03/11/2025 09:55:49 : ELASTIC : [5] Something unexpected happened while reading : BadRequestError(400, 'search_phase_execution_exception', 'unknown field [m_leak_date]') - elastic_controller (/app/orion/services/elastic_manager/elastic_controller.py:150)
ERROR - 03/11/2025 09:56:49 : ELASTIC : [5] Something unexpected happened while reading : BadRequestError(400, 'search_phase_execution_exception', 'unknown field [m_leak_date]') - elastic_controller (/app/orion/services/elastic_manager/elastic_controller.py:150)
ERROR - 03/11/2025 09:57:50 : ELASTIC : [5] Something unexpected happened while reading : BadRequestError(400, 'search_phase_execution_exception', 'unknown field [m_leak_date]') - elastic_controller (/app/orion/services/elastic_manager/elastic_controller.py:150)
ERROR - 03/11/2025 09:58:50 : ELASTIC : [5] Something unexpected happened while reading : BadRequestError(400, 'search_phase_execution_exception', 'unknown field [m_leak_date]') - elastic_controller (/app/orion/services/elastic_manager/elastic_controller.py:150)
ERROR - 03/11/2025 09:59:50 : ELASTIC : [5] Something unexpected happened while reading : BadRequestError(400, 'search_phase_execution_exception', 'unknown field [m_leak_date]') - elastic_controller (/app/orion/services/elastic_manager/elastic_controller.py:150)
ERROR - 03/11/2025 10:00:50 : ELASTIC : [5] Something unexpected happened while reading : BadRequestError(400, 'search_phase_execution_exception', 'unknown field [m_leak_date]') - elastic_controller (/app/orion/services/elastic_manager/elastic_controller.py:150)
ERROR - 03/11/2025 10:01:51 : ELASTIC : [5] Something unexpected happened while reading : BadRequestError(400, 'search_phase_execution_exception', 'unknown field [m_leak_date]') - elastic_controller (/app/orion/services/elastic_manager/elastic_controller.py:150)
ERROR - 03/11/2025 10:02:51 : ELASTIC : [5] Something unexpected happened while reading : BadRequestError(400, 'search_phase_execution_exception', 'unknown field [m_leak_date]') - elastic_controller (/app/orion/services/elastic_manager/elastic_controller.py:150)
ERROR - 03/11/2025 10:03:51 : ELASTIC : [5] Something unexpected happened while reading : BadRequestError(400, 'search_phase_execution_exception', 'unknown field [m_leak_date]') - elastic_controller (/app/orion/services/elastic_manager/elastic_controller.py:150)
ERROR - 03/11/2025 10:04:51 : ELASTIC : [5] Something unexpected happened while reading : BadRequestError(400, 'search_phase_execution_exception', 'unknown field [m_leak_date]') - elastic_controller (/app/orion/services/elastic_manager/elastic_controller.py:150)
ERROR - 03/11/2025 10:05:10 : ELASTIC : [5] Something unexpected happened while reading : BadRequestError(400, 'search_phase_execution_exception', 'No mapping found for [m_leak_date] in order to sort on') - elastic_controller (/app/orion/services/elastic_manager/elastic_controller.py:224)
ERROR - 03/11/2025 10:05:52 : ELASTIC : [5] Something unexpected happened while reading : BadRequestError(400, 'search_phase_execution_exception', 'unknown field [m_leak_date]') - elastic_controller (/app/orion/services/elastic_manager/elastic_controller.py:150)
ERROR - 03/11/2025 10:05:53 : ELASTIC : [5] Something unexpected happened while reading : BadRequestError(400, 'search_phase_execution_exception', 'No mapping found for [m_leak_date] in order to sort on') - elastic_controller (/app/orion/services/elastic_manager/elastic_controller.py:224)
ERROR - 03/11/2025 10:05:58 : ELASTIC : [5] Something unexpected happened while reading : BadRequestError(400, 'search_phase_execution_exception', 'No mapping found for [m_leak_date] in order to sort on') - elastic_controller (/app/orion/services/elastic_manager/elastic_controller.py:224)
ERROR - 03/11/2025 10:06:00 : ELASTIC : [5] Something unexpected happened while reading : BadRequestError(400, 'search_phase_execution_exception', 'No mapping found for [m_leak_date] in order to sort on') - elastic_controller (/app/orion/services/elastic_manager/elastic_controller.py:224)
ERROR - 03/11/2025 10:06:05 : ELASTIC : [5] Something unexpected happened while reading : BadRequestError(400, 'search_phase_execution_exception', 'No mapping found for [m_leak_date] in order to sort on') - elastic_controller (/app/orion/services/elastic_manager/elastic_controller.py:224)
ERROR - 03/11/2025 10:06:06 : ELASTIC : [5] Something unexpected happened while reading : BadRequestError(400, 'search_phase_execution_exception', 'No mapping found for [m_leak_date] in order to sort on') - elastic_controller (/app/orion/services/elastic_manager/elastic_controller.py:224)
ERROR - 03/11/2025 10:06:09 : ELASTIC : [5] Something unexpected happened while reading : BadRequestError(400, 'search_phase_execution_exception', 'No mapping found for [m_leak_date] in order to sort on') - elastic_controller (/app/orion/services/elastic_manager/elastic_controller.py:224)
ERROR - 03/11/2025 10:06:16 : ELASTIC : [5] Something unexpected happened while reading : BadRequestError(400, 'search_phase_execution_exception', 'No mapping found for [m_leak_date] in order to sort on') - elastic_controller (/app/orion/services/elastic_manager/elastic_controller.py:224)
ERROR - 03/11/2025 10:06:52 : ELASTIC : [5] Something unexpected happened while reading : BadRequestError(400, 'search_phase_execution_exception', 'unknown field [m_leak_date]') - elastic_controller (/app/orion/services/elastic_manager/elastic_controller.py:150)
ERROR - 03/11/2025 10:07:52 : ELASTIC : [5] Something unexpected happened while reading : BadRequestError(400, 'search_phase_execution_exception', 'unknown field [m_leak_date]') - elastic_controller (/app/orion/services/elastic_manager/elastic_controller.py:150)
ERROR - 03/11/2025 10:08:53 : ELASTIC : [5] Something unexpected happened while reading : BadRequestError(400, 'search_phase_execution_exception', 'unknown field [m_leak_date]') - elastic_controller (/app/orion/services/elastic_manager/elastic_controller.py:150)
ERROR - 03/11/2025 10:09:53 : ELASTIC : [5] Something unexpected happened while reading : BadRequestError(400, 'search_phase_execution_exception', 'unknown field [m_leak_date]') - elastic_controller (/app/orion/services/elastic_manager/elastic_controller.py:150)
ERROR - 03/11/2025 10:10:53 : ELASTIC : [5] Something unexpected happened while reading : BadRequestError(400, 'search_phase_execution_exception', 'unknown field [m_leak_date]') - elastic_controller (/app/orion/services/elastic_manager/elastic_controller.py:150)
ERROR - 03/11/2025 10:24:05 : ELASTIC : Initialization failed: Connection error caused by: ConnectionError(Connection error caused by: ClientConnectorDNSError(Cannot connect to host none:9400 ssl:default [Name or service not known])) - elastic_controller (/app/orion/services/elastic_manager/elastic_controller.py:96)
ERROR - 03/11/2025 10:24:06 : ELASTIC : Initialization failed: Connection error caused by: ConnectionError(Connection error caused by: ClientConnectorDNSError(Cannot connect to host none:9400 ssl:default [Name or service not known])) - elastic_controller (/app/orion/services/elastic_manager/elastic_controller.py:96)
ERROR - 03/11/2025 10:27:22 : ELASTIC : Initialization failed: Connection error caused by: ConnectionError(Connection error caused by: ClientConnectorDNSError(Cannot connect to host none:9400 ssl:default [Name or service not known])) - elastic_controller (/app/orion/services/elastic_manager/elastic_controller.py:96)
ERROR - 03/11/2025 10:27:23 : ELASTIC : Initialization failed: Connection error caused by: ConnectionError(Connection error caused by: ClientConnectorDNSError(Cannot connect to host none:9400 ssl:default [Name or service not known])) - elastic_controller (/app/orion/services/elastic_manager/elastic_controller.py:96)
ERROR - 03/11/2025 10:32:55 : ELASTIC : [5] Something unexpected happened while reading : BadRequestError(400, 'search_phase_execution_exception', 'No mapping found for [m_leak_date] in order to sort on') - elastic_controller (/app/orion/services/elastic_manager/elastic_controller.py:224)
ERROR - 03/11/2025 10:35:22 : ELASTIC : Initialization failed: Connection error caused by: ConnectionError(Connection error caused by: ClientConnectorDNSError(Cannot connect to host none:9400 ssl:default [Name or service not known])) - elastic_controller (/app/orion/services/elastic_manager/elastic_controller.py:96)
ERROR - 03/11/2025 10:35:22 : ELASTIC : Initialization failed: Connection error caused by: ConnectionError(Connection error caused by: ClientConnectorDNSError(Cannot connect to host none:9400 ssl:default [Name or service not known])) - elastic_controller (/app/orion/services/elastic_manager/elastic_controller.py:96)
ERROR - 03/11/2025 10:39:07 : ELASTIC : Initialization failed: Connection error caused by: ConnectionError(Connection error caused by: ClientConnectorDNSError(Cannot connect to host none:9400 ssl:default [Name or service not known])) - elastic_controller (/app/orion/services/elastic_manager/elastic_controller.py:96)
ERROR - 03/11/2025 10:39:08 : ELASTIC : Initialization failed: Connection error caused by: ConnectionError(Connection error caused by: ClientConnectorDNSError(Cannot connect to host none:9400 ssl:default [Name or service not known])) - elastic_controller (/app/orion/services/elastic_manager/elastic_controller.py:96)
ERROR - 03/11/2025 10:39:14 : ELASTIC : [5] Something unexpected happened while reading : BadRequestError(400, 'search_phase_execution_exception', 'No mapping found for [m_leak_date] in order to sort on') - elastic_controller (/app/orion/services/elastic_manager/elastic_controller.py:224)
ERROR - 03/11/2025 11:28:51 : ELASTIC : [5] Something unexpected happened while reading : BadRequestError(400, 'search_phase_execution_exception', 'No mapping found for [m_leak_date] in order to sort on') - elastic_controller (/app/orion/services/elastic_manager/elastic_controller.py:224)
ERROR - 03/11/2025 11:30:34 : ELASTIC : [5] Something unexpected happened while reading : BadRequestError(400, 'search_phase_execution_exception', 'No mapping found for [m_leak_date] in order to sort on') - elastic_controller (/app/orion/services/elastic_manager/elastic_controller.py:224)
ERROR - 03/11/2025 11:32:51 : ELASTIC : [5] Something unexpected happened while reading : BadRequestError(400, 'search_phase_execution_exception', 'unknown field [m_creation_date]') - elastic_controller (/app/orion/services/elastic_manager/elastic_controller.py:224)
ERROR - 03/11/2025 13:23:20 : ELASTIC : [5] Something unexpected happened while reading : BadRequestError(400, 'search_phase_execution_exception', 'No mapping found for [m_leak_date] in order to sort on') - elastic_controller (/app/orion/services/elastic_manager/elastic_controller.py:224)
ERROR - 03/11/2025 13:29:50 : ELASTIC : [5] Something unexpected happened while reading : BadRequestError(400, 'search_phase_execution_exception', 'No mapping found for [m_leak_date] in order to sort on') - elastic_controller (/app/orion/services/elastic_manager/elastic_controller.py:224)
ERROR - 03/11/2025 15:01:38 : ELASTIC : Initialization failed: Connection error caused by: ConnectionError(Connection error caused by: ClientConnectorDNSError(Cannot connect to host none:9400 ssl:default [Name or service not known])) - elastic_controller (/app/orion/services/elastic_manager/elastic_controller.py:96)
ERROR - 03/11/2025 15:01:42 : ELASTIC : Initialization failed: Connection error caused by: ConnectionError(Connection error caused by: ClientConnectorDNSError(Cannot connect to host none:9400 ssl:default [Name or service not known])) - elastic_controller (/app/orion/services/elastic_manager/elastic_controller.py:96)
ERROR - 03/11/2025 15:05:00 : ELASTIC : [5] Something unexpected happened while reading : BadRequestError(400, 'search_phase_execution_exception', 'No mapping found for [m_leak_date] in order to sort on') - elastic_controller (/app/orion/services/elastic_manager/elastic_controller.py:224)
ERROR - 03/11/2025 15:15:42 : ELASTIC : [5] Something unexpected happened while reading : BadRequestError(400, 'search_phase_execution_exception', 'No mapping found for [m_leak_date] in order to sort on') - elastic_controller (/app/orion/services/elastic_manager/elastic_controller.py:224)
