ERROR - 21/10/2025 05:50:26 : ELASTIC : Initialization failed: Connection error caused by: ConnectionError(Connection error caused by: ClientConnectorDNSError(Cannot connect to host none:9400 ssl:default [Name or service not known])) - elastic_controller (/app/orion/services/elastic_manager/elastic_controller.py:97)
ERROR - 21/10/2025 05:50:27 : ELASTIC : Initialization failed: Connection error caused by: ConnectionError(Connection error caused by: ClientConnectorDNSError(Cannot connect to host none:9400 ssl:default [Name or service not known])) - elastic_controller (/app/orion/services/elastic_manager/elastic_controller.py:97)
ERROR - 21/10/2025 05:50:36 : Failed to delete old records: Connection error caused by: ConnectionError(Connection error caused by: ClientConnectorDNSError(Cannot connect to host none:9400 ssl:default [Name or service not known])) - elastic_controller (/app/orion/services/elastic_manager/elastic_controller.py:135)
ERROR - 21/10/2025 05:54:19 : ELASTIC : [5] Something unexpected happened while reading : BadRequestError(400, 'search_phase_execution_exception', 'No mapping found for [m_leak_date] in order to sort on') - elastic_controller (/app/orion/services/elastic_manager/elastic_controller.py:189)
ERROR - 21/10/2025 08:16:01 : ELASTIC : [5] Something unexpected happened while reading : BadRequestError(400, 'search_phase_execution_exception', 'No mapping found for [m_leak_date] in order to sort on') - elastic_controller (/app/orion/services/elastic_manager/elastic_controller.py:189)
ERROR - 21/10/2025 08:58:41 : ELASTIC : [5] Something unexpected happened while reading : BadRequestError(400, 'search_phase_execution_exception', 'No mapping found for [m_leak_date] in order to sort on') - elastic_controller (/app/orion/services/elastic_manager/elastic_controller.py:189)
ERROR - 21/10/2025 10:32:50 : ELASTIC : [5] Something unexpected happened while reading : BadRequestError(400, 'search_phase_execution_exception', 'No mapping found for [m_leak_date] in order to sort on') - elastic_controller (/app/orion/services/elastic_manager/elastic_controller.py:189)
ERROR - 21/10/2025 10:43:19 : ELASTIC : [5] Something unexpected happened while reading : BadRequestError(400, 'search_phase_execution_exception', 'No mapping found for [m_leak_date] in order to sort on') - elastic_controller (/app/orion/services/elastic_manager/elastic_controller.py:189)
ERROR - 21/10/2025 10:44:16 : ELASTIC : [5] Something unexpected happened while reading : BadRequestError(400, 'search_phase_execution_exception', 'No mapping found for [m_leak_date] in order to sort on') - elastic_controller (/app/orion/services/elastic_manager/elastic_controller.py:189)
ERROR - 21/10/2025 10:44:20 : ELASTIC : [5] Something unexpected happened while reading : BadRequestError(400, 'search_phase_execution_exception', 'No mapping found for [m_leak_date] in order to sort on') - elastic_controller (/app/orion/services/elastic_manager/elastic_controller.py:189)
ERROR - 21/10/2025 10:44:24 : ELASTIC : [5] Something unexpected happened while reading : BadRequestError(400, 'search_phase_execution_exception', 'No mapping found for [m_leak_date] in order to sort on') - elastic_controller (/app/orion/services/elastic_manager/elastic_controller.py:189)
ERROR - 21/10/2025 10:44:54 : ELASTIC : [5] Something unexpected happened while reading : BadRequestError(400, 'search_phase_execution_exception', 'No mapping found for [m_leak_date] in order to sort on') - elastic_controller (/app/orion/services/elastic_manager/elastic_controller.py:189)
ERROR - 21/10/2025 10:45:05 : ELASTIC : [5] Something unexpected happened while reading : BadRequestError(400, 'search_phase_execution_exception', 'No mapping found for [m_leak_date] in order to sort on') - elastic_controller (/app/orion/services/elastic_manager/elastic_controller.py:189)
ERROR - 21/10/2025 10:45:10 : ELASTIC : [5] Something unexpected happened while reading : BadRequestError(400, 'search_phase_execution_exception', 'No mapping found for [m_leak_date] in order to sort on') - elastic_controller (/app/orion/services/elastic_manager/elastic_controller.py:189)
ERROR - 21/10/2025 10:45:17 : ELASTIC : [5] Something unexpected happened while reading : BadRequestError(400, 'search_phase_execution_exception', 'No mapping found for [m_leak_date] in order to sort on') - elastic_controller (/app/orion/services/elastic_manager/elastic_controller.py:189)
ERROR - 21/10/2025 10:45:34 : ELASTIC : [5] Something unexpected happened while reading : BadRequestError(400, 'search_phase_execution_exception', 'No mapping found for [m_leak_date] in order to sort on') - elastic_controller (/app/orion/services/elastic_manager/elastic_controller.py:189)
ERROR - 21/10/2025 11:17:32 : ELASTIC : [5] Something unexpected happened while reading : BadRequestError(400, 'search_phase_execution_exception', 'No mapping found for [m_leak_date] in order to sort on') - elastic_controller (/app/orion/services/elastic_manager/elastic_controller.py:189)
ERROR - 21/10/2025 11:17:36 : ELASTIC : [5] Something unexpected happened while reading : BadRequestError(400, 'search_phase_execution_exception', 'No mapping found for [m_leak_date] in order to sort on') - elastic_controller (/app/orion/services/elastic_manager/elastic_controller.py:189)
ERROR - 21/10/2025 11:18:03 : ELASTIC : [5] Something unexpected happened while reading : BadRequestError(400, 'search_phase_execution_exception', 'No mapping found for [m_leak_date] in order to sort on') - elastic_controller (/app/orion/services/elastic_manager/elastic_controller.py:189)
ERROR - 21/10/2025 11:23:38 : ELASTIC : [5] Something unexpected happened while reading : BadRequestError(400, 'search_phase_execution_exception', 'No mapping found for [m_leak_date] in order to sort on') - elastic_controller (/app/orion/services/elastic_manager/elastic_controller.py:189)
ERROR - 21/10/2025 11:23:54 : ELASTIC : [5] Something unexpected happened while reading : BadRequestError(400, 'search_phase_execution_exception', 'No mapping found for [m_leak_date] in order to sort on') - elastic_controller (/app/orion/services/elastic_manager/elastic_controller.py:189)
ERROR - 21/10/2025 11:24:04 : ELASTIC : [5] Something unexpected happened while reading : BadRequestError(400, 'search_phase_execution_exception', 'No mapping found for [m_leak_date] in order to sort on') - elastic_controller (/app/orion/services/elastic_manager/elastic_controller.py:189)
ERROR - 21/10/2025 11:27:38 : ELASTIC : [5] Something unexpected happened while reading : BadRequestError(400, 'search_phase_execution_exception', 'No mapping found for [m_leak_date] in order to sort on') - elastic_controller (/app/orion/services/elastic_manager/elastic_controller.py:189)
ERROR - 21/10/2025 12:05:12 : ELASTIC : [5] Something unexpected happened while reading : BadRequestError(400, 'search_phase_execution_exception', 'unknown field [m_leak_date]') - elastic_controller (/app/orion/services/elastic_manager/elastic_controller.py:151)
ERROR - 21/10/2025 12:15:51 : ELASTIC : [5] Something unexpected happened while reading : BadRequestError(400, 'search_phase_execution_exception', 'No mapping found for [m_leak_date] in order to sort on') - elastic_controller (/app/orion/services/elastic_manager/elastic_controller.py:189)
ERROR - 21/10/2025 15:21:48 : ELASTIC : Initialization failed: Connection error caused by: ConnectionError(Connection error caused by: ClientConnectorDNSError(Cannot connect to host none:9400 ssl:default [Name or service not known])) - elastic_controller (/app/orion/services/elastic_manager/elastic_controller.py:97)
ERROR - 21/10/2025 15:21:48 : ELASTIC : Initialization failed: Connection error caused by: ConnectionError(Connection error caused by: ClientConnectorDNSError(Cannot connect to host none:9400 ssl:default [Name or service not known])) - elastic_controller (/app/orion/services/elastic_manager/elastic_controller.py:97)
ERROR - 21/10/2025 15:21:58 : Failed to delete old records: Connection error caused by: ConnectionError(Connection error caused by: ClientConnectorDNSError(Cannot connect to host none:9400 ssl:default [Name or service not known])) - elastic_controller (/app/orion/services/elastic_manager/elastic_controller.py:135)
ERROR - 21/10/2025 15:26:03 : ELASTIC : [5] Something unexpected happened while reading : BadRequestError(400, 'search_phase_execution_exception', 'No mapping found for [m_leak_date] in order to sort on') - elastic_controller (/app/orion/services/elastic_manager/elastic_controller.py:189)
ERROR - 21/10/2025 15:26:08 : ELASTIC : [5] Something unexpected happened while reading : BadRequestError(400, 'search_phase_execution_exception', 'No mapping found for [m_leak_date] in order to sort on') - elastic_controller (/app/orion/services/elastic_manager/elastic_controller.py:189)
ERROR - 21/10/2025 15:29:15 : ELASTIC : [5] Something unexpected happened while reading : BadRequestError(400, 'search_phase_execution_exception', 'No mapping found for [m_leak_date] in order to sort on') - elastic_controller (/app/orion/services/elastic_manager/elastic_controller.py:189)
ERROR - 21/10/2025 15:29:36 : ELASTIC : [5] Something unexpected happened while reading : BadRequestError(400, 'search_phase_execution_exception', 'No mapping found for [m_leak_date] in order to sort on') - elastic_controller (/app/orion/services/elastic_manager/elastic_controller.py:189)
ERROR - 21/10/2025 15:42:48 : ELASTIC : [5] Something unexpected happened while reading : BadRequestError(400, 'search_phase_execution_exception', 'No mapping found for [m_leak_date] in order to sort on') - elastic_controller (/app/orion/services/elastic_manager/elastic_controller.py:189)
ERROR - 21/10/2025 15:43:22 : ELASTIC : [5] Something unexpected happened while reading : BadRequestError(400, 'search_phase_execution_exception', 'No mapping found for [m_leak_date] in order to sort on') - elastic_controller (/app/orion/services/elastic_manager/elastic_controller.py:189)
ERROR - 21/10/2025 15:43:27 : ELASTIC : [5] Something unexpected happened while reading : BadRequestError(400, 'search_phase_execution_exception', 'No mapping found for [m_leak_date] in order to sort on') - elastic_controller (/app/orion/services/elastic_manager/elastic_controller.py:189)
ERROR - 21/10/2025 15:46:34 : ELASTIC : [5] Something unexpected happened while reading : BadRequestError(400, 'search_phase_execution_exception', 'No mapping found for [m_leak_date] in order to sort on') - elastic_controller (/app/orion/services/elastic_manager/elastic_controller.py:189)
ERROR - 21/10/2025 15:46:35 : ELASTIC : [5] Something unexpected happened while reading : BadRequestError(400, 'search_phase_execution_exception', 'No mapping found for [m_leak_date] in order to sort on') - elastic_controller (/app/orion/services/elastic_manager/elastic_controller.py:189)
ERROR - 21/10/2025 15:46:39 : ELASTIC : [5] Something unexpected happened while reading : BadRequestError(400, 'search_phase_execution_exception', 'No mapping found for [m_leak_date] in order to sort on') - elastic_controller (/app/orion/services/elastic_manager/elastic_controller.py:189)
ERROR - 21/10/2025 15:47:29 : ELASTIC : [5] Something unexpected happened while reading : BadRequestError(400, 'search_phase_execution_exception', 'No mapping found for [m_leak_date] in order to sort on') - elastic_controller (/app/orion/services/elastic_manager/elastic_controller.py:189)
ERROR - 21/10/2025 15:47:31 : ELASTIC : [5] Something unexpected happened while reading : BadRequestError(400, 'search_phase_execution_exception', 'No mapping found for [m_leak_date] in order to sort on') - elastic_controller (/app/orion/services/elastic_manager/elastic_controller.py:189)
ERROR - 21/10/2025 15:47:44 : ELASTIC : [5] Something unexpected happened while reading : BadRequestError(400, 'search_phase_execution_exception', 'No mapping found for [m_leak_date] in order to sort on') - elastic_controller (/app/orion/services/elastic_manager/elastic_controller.py:189)
ERROR - 21/10/2025 16:16:10 : ELASTIC : [5] Something unexpected happened while reading : BadRequestError(400, 'search_phase_execution_exception', 'No mapping found for [m_leak_date] in order to sort on') - elastic_controller (/app/orion/services/elastic_manager/elastic_controller.py:189)
ERROR - 21/10/2025 16:16:22 : ELASTIC : [5] Something unexpected happened while reading : BadRequestError(400, 'search_phase_execution_exception', '[m_ip] field which is of type [ip], does not support case insensitive term queries') - elastic_controller (/app/orion/services/elastic_manager/elastic_controller.py:189)
ERROR - 21/10/2025 16:16:22 : ELASTIC : [5] Something unexpected happened while reading : BadRequestError(400, 'search_phase_execution_exception', 'No mapping found for [m_leak_date] in order to sort on') - elastic_controller (/app/orion/services/elastic_manager/elastic_controller.py:189)
ERROR - 21/10/2025 16:16:35 : ELASTIC : [5] Something unexpected happened while reading : BadRequestError(400, 'search_phase_execution_exception', '[m_ip] field which is of type [ip], does not support case insensitive term queries') - elastic_controller (/app/orion/services/elastic_manager/elastic_controller.py:189)
ERROR - 21/10/2025 16:16:35 : ELASTIC : [5] Something unexpected happened while reading : BadRequestError(400, 'search_phase_execution_exception', 'No mapping found for [m_leak_date] in order to sort on') - elastic_controller (/app/orion/services/elastic_manager/elastic_controller.py:189)
ERROR - 21/10/2025 16:17:22 : ELASTIC : [5] Something unexpected happened while reading : BadRequestError(400, 'search_phase_execution_exception', 'No mapping found for [m_leak_date] in order to sort on') - elastic_controller (/app/orion/services/elastic_manager/elastic_controller.py:189)
ERROR - 21/10/2025 16:18:02 : ELASTIC : [5] Something unexpected happened while reading : BadRequestError(400, 'search_phase_execution_exception', '[m_ip] field which is of type [ip], does not support case insensitive term queries') - elastic_controller (/app/orion/services/elastic_manager/elastic_controller.py:189)
ERROR - 21/10/2025 16:18:02 : ELASTIC : [5] Something unexpected happened while reading : BadRequestError(400, 'search_phase_execution_exception', 'No mapping found for [m_leak_date] in order to sort on') - elastic_controller (/app/orion/services/elastic_manager/elastic_controller.py:189)
ERROR - 21/10/2025 16:18:06 : ELASTIC : [5] Something unexpected happened while reading : BadRequestError(400, 'search_phase_execution_exception', 'No mapping found for [m_leak_date] in order to sort on') - elastic_controller (/app/orion/services/elastic_manager/elastic_controller.py:189)
ERROR - 21/10/2025 16:30:39 : ELASTIC : [5] Something unexpected happened while reading : BadRequestError(400, 'search_phase_execution_exception', 'No mapping found for [m_leak_date] in order to sort on') - elastic_controller (/app/orion/services/elastic_manager/elastic_controller.py:189)
ERROR - 21/10/2025 16:31:36 : ELASTIC : [5] Something unexpected happened while reading : BadRequestError(400, 'search_phase_execution_exception', 'No mapping found for [m_leak_date] in order to sort on') - elastic_controller (/app/orion/services/elastic_manager/elastic_controller.py:189)
ERROR - 21/10/2025 16:32:04 : ELASTIC : [5] Something unexpected happened while reading : BadRequestError(400, 'search_phase_execution_exception', '[m_ip] field which is of type [ip], does not support case insensitive term queries') - elastic_controller (/app/orion/services/elastic_manager/elastic_controller.py:189)
ERROR - 21/10/2025 16:32:04 : ELASTIC : [5] Something unexpected happened while reading : BadRequestError(400, 'search_phase_execution_exception', 'No mapping found for [m_leak_date] in order to sort on') - elastic_controller (/app/orion/services/elastic_manager/elastic_controller.py:189)
ERROR - 21/10/2025 16:32:16 : ELASTIC : [5] Something unexpected happened while reading : BadRequestError(400, 'search_phase_execution_exception', '[m_ip] field which is of type [ip], does not support case insensitive term queries') - elastic_controller (/app/orion/services/elastic_manager/elastic_controller.py:189)
ERROR - 21/10/2025 16:32:16 : ELASTIC : [5] Something unexpected happened while reading : BadRequestError(400, 'search_phase_execution_exception', 'No mapping found for [m_leak_date] in order to sort on') - elastic_controller (/app/orion/services/elastic_manager/elastic_controller.py:189)
ERROR - 21/10/2025 16:32:40 : ELASTIC : [5] Something unexpected happened while reading : BadRequestError(400, 'search_phase_execution_exception', '[m_ip] field which is of type [ip], does not support case insensitive term queries') - elastic_controller (/app/orion/services/elastic_manager/elastic_controller.py:189)
ERROR - 21/10/2025 16:32:40 : ELASTIC : [5] Something unexpected happened while reading : BadRequestError(400, 'search_phase_execution_exception', 'No mapping found for [m_leak_date] in order to sort on') - elastic_controller (/app/orion/services/elastic_manager/elastic_controller.py:189)
ERROR - 21/10/2025 16:34:08 : ELASTIC : [5] Something unexpected happened while reading : BadRequestError(400, 'search_phase_execution_exception', '[m_ip] field which is of type [ip], does not support case insensitive term queries') - elastic_controller (/app/orion/services/elastic_manager/elastic_controller.py:189)
ERROR - 21/10/2025 16:34:08 : ELASTIC : [5] Something unexpected happened while reading : BadRequestError(400, 'search_phase_execution_exception', 'No mapping found for [m_leak_date] in order to sort on') - elastic_controller (/app/orion/services/elastic_manager/elastic_controller.py:189)
ERROR - 21/10/2025 16:35:25 : ELASTIC : [5] Something unexpected happened while reading : BadRequestError(400, 'search_phase_execution_exception', '[m_ip] field which is of type [ip], does not support case insensitive term queries') - elastic_controller (/app/orion/services/elastic_manager/elastic_controller.py:189)
ERROR - 21/10/2025 16:35:25 : ELASTIC : [5] Something unexpected happened while reading : BadRequestError(400, 'search_phase_execution_exception', 'No mapping found for [m_leak_date] in order to sort on') - elastic_controller (/app/orion/services/elastic_manager/elastic_controller.py:189)
ERROR - 21/10/2025 16:35:46 : ELASTIC : [5] Something unexpected happened while reading : BadRequestError(400, 'search_phase_execution_exception', '[m_ip] field which is of type [ip], does not support case insensitive term queries') - elastic_controller (/app/orion/services/elastic_manager/elastic_controller.py:189)
ERROR - 21/10/2025 16:35:46 : ELASTIC : [5] Something unexpected happened while reading : BadRequestError(400, 'search_phase_execution_exception', 'No mapping found for [m_leak_date] in order to sort on') - elastic_controller (/app/orion/services/elastic_manager/elastic_controller.py:189)
ERROR - 21/10/2025 16:36:23 : ELASTIC : [5] Something unexpected happened while reading : BadRequestError(400, 'search_phase_execution_exception', '[m_ip] field which is of type [ip], does not support case insensitive term queries') - elastic_controller (/app/orion/services/elastic_manager/elastic_controller.py:189)
ERROR - 21/10/2025 16:36:23 : ELASTIC : [5] Something unexpected happened while reading : BadRequestError(400, 'search_phase_execution_exception', 'No mapping found for [m_leak_date] in order to sort on') - elastic_controller (/app/orion/services/elastic_manager/elastic_controller.py:189)
ERROR - 21/10/2025 16:36:43 : ELASTIC : [5] Something unexpected happened while reading : BadRequestError(400, 'search_phase_execution_exception', '[m_ip] field which is of type [ip], does not support case insensitive term queries') - elastic_controller (/app/orion/services/elastic_manager/elastic_controller.py:189)
ERROR - 21/10/2025 16:36:43 : ELASTIC : [5] Something unexpected happened while reading : BadRequestError(400, 'search_phase_execution_exception', 'No mapping found for [m_leak_date] in order to sort on') - elastic_controller (/app/orion/services/elastic_manager/elastic_controller.py:189)
ERROR - 21/10/2025 16:45:39 : ELASTIC : [5] Something unexpected happened while reading : BadRequestError(400, 'search_phase_execution_exception', '[m_ip] field which is of type [ip], does not support case insensitive term queries') - elastic_controller (/app/orion/services/elastic_manager/elastic_controller.py:189)
ERROR - 21/10/2025 16:45:39 : ELASTIC : [5] Something unexpected happened while reading : BadRequestError(400, 'search_phase_execution_exception', 'No mapping found for [m_leak_date] in order to sort on') - elastic_controller (/app/orion/services/elastic_manager/elastic_controller.py:189)
ERROR - 21/10/2025 16:45:55 : ELASTIC : [5] Something unexpected happened while reading : BadRequestError(400, 'search_phase_execution_exception', '[m_ip] field which is of type [ip], does not support case insensitive term queries') - elastic_controller (/app/orion/services/elastic_manager/elastic_controller.py:189)
ERROR - 21/10/2025 16:45:55 : ELASTIC : [5] Something unexpected happened while reading : BadRequestError(400, 'search_phase_execution_exception', 'No mapping found for [m_leak_date] in order to sort on') - elastic_controller (/app/orion/services/elastic_manager/elastic_controller.py:189)
ERROR - 21/10/2025 16:46:45 : ELASTIC : [5] Something unexpected happened while reading : BadRequestError(400, 'search_phase_execution_exception', '[m_ip] field which is of type [ip], does not support case insensitive term queries') - elastic_controller (/app/orion/services/elastic_manager/elastic_controller.py:189)
ERROR - 21/10/2025 16:46:45 : ELASTIC : [5] Something unexpected happened while reading : BadRequestError(400, 'search_phase_execution_exception', 'No mapping found for [m_leak_date] in order to sort on') - elastic_controller (/app/orion/services/elastic_manager/elastic_controller.py:189)
ERROR - 21/10/2025 16:47:21 : ELASTIC : [5] Something unexpected happened while reading : BadRequestError(400, 'search_phase_execution_exception', '[m_ip] field which is of type [ip], does not support case insensitive term queries') - elastic_controller (/app/orion/services/elastic_manager/elastic_controller.py:189)
ERROR - 21/10/2025 16:47:21 : ELASTIC : [5] Something unexpected happened while reading : BadRequestError(400, 'search_phase_execution_exception', 'No mapping found for [m_leak_date] in order to sort on') - elastic_controller (/app/orion/services/elastic_manager/elastic_controller.py:189)
ERROR - 21/10/2025 16:48:59 : ELASTIC : [5] Something unexpected happened while reading : BadRequestError(400, 'search_phase_execution_exception', '[m_ip] field which is of type [ip], does not support case insensitive term queries') - elastic_controller (/app/orion/services/elastic_manager/elastic_controller.py:189)
ERROR - 21/10/2025 16:48:59 : ELASTIC : [5] Something unexpected happened while reading : BadRequestError(400, 'search_phase_execution_exception', 'No mapping found for [m_leak_date] in order to sort on') - elastic_controller (/app/orion/services/elastic_manager/elastic_controller.py:189)
ERROR - 21/10/2025 16:51:50 : ELASTIC : [5] Something unexpected happened while reading : BadRequestError(400, 'search_phase_execution_exception', "failed to create query: 'babarazam258' is not an IP string literal.") - elastic_controller (/app/orion/services/elastic_manager/elastic_controller.py:189)
ERROR - 21/10/2025 16:51:50 : ELASTIC : [5] Something unexpected happened while reading : BadRequestError(400, 'search_phase_execution_exception', 'No mapping found for [m_leak_date] in order to sort on') - elastic_controller (/app/orion/services/elastic_manager/elastic_controller.py:189)
ERROR - 21/10/2025 16:52:10 : ELASTIC : [5] Something unexpected happened while reading : BadRequestError(400, 'search_phase_execution_exception', "failed to create query: 'babarazam258' is not an IP string literal.") - elastic_controller (/app/orion/services/elastic_manager/elastic_controller.py:189)
ERROR - 21/10/2025 16:52:10 : ELASTIC : [5] Something unexpected happened while reading : BadRequestError(400, 'search_phase_execution_exception', 'No mapping found for [m_leak_date] in order to sort on') - elastic_controller (/app/orion/services/elastic_manager/elastic_controller.py:189)
ERROR - 21/10/2025 16:52:40 : ELASTIC : [5] Something unexpected happened while reading : BadRequestError(400, 'search_phase_execution_exception', 'No mapping found for [m_leak_date] in order to sort on') - elastic_controller (/app/orion/services/elastic_manager/elastic_controller.py:189)
ERROR - 21/10/2025 16:52:58 : ELASTIC : [5] Something unexpected happened while reading : BadRequestError(400, 'search_phase_execution_exception', '[m_ip] field which is of type [ip], does not support case insensitive term queries') - elastic_controller (/app/orion/services/elastic_manager/elastic_controller.py:189)
ERROR - 21/10/2025 16:52:58 : ELASTIC : [5] Something unexpected happened while reading : BadRequestError(400, 'search_phase_execution_exception', 'No mapping found for [m_leak_date] in order to sort on') - elastic_controller (/app/orion/services/elastic_manager/elastic_controller.py:189)
ERROR - 21/10/2025 16:54:11 : ELASTIC : [5] Something unexpected happened while reading : BadRequestError(400, 'search_phase_execution_exception', '[m_ip] field which is of type [ip], does not support case insensitive term queries') - elastic_controller (/app/orion/services/elastic_manager/elastic_controller.py:189)
ERROR - 21/10/2025 16:54:11 : ELASTIC : [5] Something unexpected happened while reading : BadRequestError(400, 'search_phase_execution_exception', 'No mapping found for [m_leak_date] in order to sort on') - elastic_controller (/app/orion/services/elastic_manager/elastic_controller.py:189)
ERROR - 21/10/2025 16:55:54 : ELASTIC : [5] Something unexpected happened while reading : BadRequestError(400, 'search_phase_execution_exception', '[m_ip] field which is of type [ip], does not support case insensitive term queries') - elastic_controller (/app/orion/services/elastic_manager/elastic_controller.py:189)
ERROR - 21/10/2025 16:55:54 : ELASTIC : [5] Something unexpected happened while reading : BadRequestError(400, 'search_phase_execution_exception', 'No mapping found for [m_leak_date] in order to sort on') - elastic_controller (/app/orion/services/elastic_manager/elastic_controller.py:189)
ERROR - 21/10/2025 16:56:24 : ELASTIC : [5] Something unexpected happened while reading : BadRequestError(400, 'search_phase_execution_exception', '[m_ip] field which is of type [ip], does not support case insensitive term queries') - elastic_controller (/app/orion/services/elastic_manager/elastic_controller.py:189)
ERROR - 21/10/2025 16:56:24 : ELASTIC : [5] Something unexpected happened while reading : BadRequestError(400, 'search_phase_execution_exception', 'No mapping found for [m_leak_date] in order to sort on') - elastic_controller (/app/orion/services/elastic_manager/elastic_controller.py:189)
ERROR - 21/10/2025 16:56:34 : ELASTIC : [5] Something unexpected happened while reading : BadRequestError(400, 'search_phase_execution_exception', '[m_ip] field which is of type [ip], does not support case insensitive term queries') - elastic_controller (/app/orion/services/elastic_manager/elastic_controller.py:189)
ERROR - 21/10/2025 16:56:34 : ELASTIC : [5] Something unexpected happened while reading : BadRequestError(400, 'search_phase_execution_exception', 'No mapping found for [m_leak_date] in order to sort on') - elastic_controller (/app/orion/services/elastic_manager/elastic_controller.py:189)
ERROR - 21/10/2025 16:57:12 : ELASTIC : [5] Something unexpected happened while reading : BadRequestError(400, 'search_phase_execution_exception', '[m_ip] field which is of type [ip], does not support case insensitive term queries') - elastic_controller (/app/orion/services/elastic_manager/elastic_controller.py:189)
ERROR - 21/10/2025 16:57:12 : ELASTIC : [5] Something unexpected happened while reading : BadRequestError(400, 'search_phase_execution_exception', 'No mapping found for [m_leak_date] in order to sort on') - elastic_controller (/app/orion/services/elastic_manager/elastic_controller.py:189)
ERROR - 21/10/2025 16:57:25 : ELASTIC : [5] Something unexpected happened while reading : BadRequestError(400, 'search_phase_execution_exception', '[m_ip] field which is of type [ip], does not support case insensitive term queries') - elastic_controller (/app/orion/services/elastic_manager/elastic_controller.py:189)
ERROR - 21/10/2025 16:57:25 : ELASTIC : [5] Something unexpected happened while reading : BadRequestError(400, 'search_phase_execution_exception', 'No mapping found for [m_leak_date] in order to sort on') - elastic_controller (/app/orion/services/elastic_manager/elastic_controller.py:189)
ERROR - 21/10/2025 16:57:42 : ELASTIC : [5] Something unexpected happened while reading : BadRequestError(400, 'search_phase_execution_exception', '[m_ip] field which is of type [ip], does not support case insensitive term queries') - elastic_controller (/app/orion/services/elastic_manager/elastic_controller.py:189)
ERROR - 21/10/2025 16:57:42 : ELASTIC : [5] Something unexpected happened while reading : BadRequestError(400, 'search_phase_execution_exception', 'No mapping found for [m_leak_date] in order to sort on') - elastic_controller (/app/orion/services/elastic_manager/elastic_controller.py:189)
ERROR - 21/10/2025 16:57:58 : ELASTIC : [5] Something unexpected happened while reading : BadRequestError(400, 'search_phase_execution_exception', "failed to create query: 'babarazam258' is not an IP string literal.") - elastic_controller (/app/orion/services/elastic_manager/elastic_controller.py:189)
ERROR - 21/10/2025 17:02:59 : ELASTIC : [5] Something unexpected happened while reading : BadRequestError(400, 'search_phase_execution_exception', "failed to create query: 'babarazam258' is not an IP string literal.") - elastic_controller (/app/orion/services/elastic_manager/elastic_controller.py:189)
ERROR - 21/10/2025 17:03:40 : ELASTIC : [5] Something unexpected happened while reading : BadRequestError(400, 'search_phase_execution_exception', "failed to create query: 'babarazam258' is not an IP string literal.") - elastic_controller (/app/orion/services/elastic_manager/elastic_controller.py:189)
ERROR - 21/10/2025 17:03:48 : ELASTIC : [5] Something unexpected happened while reading : BadRequestError(400, 'search_phase_execution_exception', "failed to create query: 'babarazam258' is not an IP string literal.") - elastic_controller (/app/orion/services/elastic_manager/elastic_controller.py:189)
ERROR - 21/10/2025 17:04:29 : ELASTIC : [5] Something unexpected happened while reading : BadRequestError(400, 'search_phase_execution_exception', '[m_ip] field which is of type [ip], does not support case insensitive term queries') - elastic_controller (/app/orion/services/elastic_manager/elastic_controller.py:189)
ERROR - 21/10/2025 17:04:29 : ELASTIC : [5] Something unexpected happened while reading : BadRequestError(400, 'search_phase_execution_exception', 'No mapping found for [m_leak_date] in order to sort on') - elastic_controller (/app/orion/services/elastic_manager/elastic_controller.py:189)
ERROR - 21/10/2025 17:04:58 : ELASTIC : [5] Something unexpected happened while reading : BadRequestError(400, 'search_phase_execution_exception', '[m_ip] field which is of type [ip], does not support case insensitive term queries') - elastic_controller (/app/orion/services/elastic_manager/elastic_controller.py:189)
ERROR - 21/10/2025 17:04:58 : ELASTIC : [5] Something unexpected happened while reading : BadRequestError(400, 'search_phase_execution_exception', 'No mapping found for [m_leak_date] in order to sort on') - elastic_controller (/app/orion/services/elastic_manager/elastic_controller.py:189)
ERROR - 21/10/2025 17:06:12 : ELASTIC : [5] Something unexpected happened while reading : BadRequestError(400, 'search_phase_execution_exception', '[m_ip] field which is of type [ip], does not support case insensitive term queries') - elastic_controller (/app/orion/services/elastic_manager/elastic_controller.py:189)
ERROR - 21/10/2025 17:06:12 : ELASTIC : [5] Something unexpected happened while reading : BadRequestError(400, 'search_phase_execution_exception', 'No mapping found for [m_leak_date] in order to sort on') - elastic_controller (/app/orion/services/elastic_manager/elastic_controller.py:189)
ERROR - 21/10/2025 17:06:43 : ELASTIC : [5] Something unexpected happened while reading : BadRequestError(400, 'search_phase_execution_exception', '[m_ip] field which is of type [ip], does not support case insensitive term queries') - elastic_controller (/app/orion/services/elastic_manager/elastic_controller.py:189)
ERROR - 21/10/2025 17:06:43 : ELASTIC : [5] Something unexpected happened while reading : BadRequestError(400, 'search_phase_execution_exception', 'No mapping found for [m_leak_date] in order to sort on') - elastic_controller (/app/orion/services/elastic_manager/elastic_controller.py:189)
ERROR - 21/10/2025 17:09:05 : ELASTIC : [5] Something unexpected happened while reading : BadRequestError(400, 'search_phase_execution_exception', '[m_ip] field which is of type [ip], does not support case insensitive term queries') - elastic_controller (/app/orion/services/elastic_manager/elastic_controller.py:189)
ERROR - 21/10/2025 17:09:05 : ELASTIC : [5] Something unexpected happened while reading : BadRequestError(400, 'search_phase_execution_exception', 'No mapping found for [m_leak_date] in order to sort on') - elastic_controller (/app/orion/services/elastic_manager/elastic_controller.py:189)
ERROR - 21/10/2025 17:09:17 : ELASTIC : [5] Something unexpected happened while reading : BadRequestError(400, 'search_phase_execution_exception', '[m_ip] field which is of type [ip], does not support case insensitive term queries') - elastic_controller (/app/orion/services/elastic_manager/elastic_controller.py:189)
ERROR - 21/10/2025 17:09:17 : ELASTIC : [5] Something unexpected happened while reading : BadRequestError(400, 'search_phase_execution_exception', 'No mapping found for [m_leak_date] in order to sort on') - elastic_controller (/app/orion/services/elastic_manager/elastic_controller.py:189)
