ERROR - 12/08/2025 07:07:37 : ARANGO CONNECTION ERROR: [HTTP 409][ERR 1207] duplicate database name 'orion-web' - arango_controller (/app/orion/services/arango_manager/arango_controller.py:40)
ERROR - 12/08/2025 07:07:42 : ARANGO GRAPH INIT ERROR: 'NoneType' object has no attribute 'has_collection' - arango_controller (/app/orion/services/arango_manager/arango_controller.py:83)
ERROR - 12/08/2025 07:13:19 : ARANGO CONNECTION ERROR: HTTPConnectionPool(host='trusted-web-arangodb', port=8529): Read timed out. (read timeout=60) - arango_controller (/app/orion/services/arango_manager/arango_controller.py:40)
ERROR - 12/08/2025 07:15:53 : ARANGO GRAPH INIT ERROR: 'NoneType' object has no attribute 'has_collection' - arango_controller (/app/orion/services/arango_manager/arango_controller.py:83)
ERROR - 12/08/2025 07:18:22 : Migration failed: mongo:27017: [Errno -3] Temporary failure in name resolution (configured timeouts: socketTimeoutMS: 20000.0ms, connectTimeoutMS: 20000.0ms), Timeout: 30s, Topology Description: <TopologyDescription id: 689aea8a48356b662c7de5b5, topology_type: Unknown, servers: [<ServerDescription ('mongo', 27017) server_type: Unknown, rtt: None, error=AutoReconnect('mongo:27017: [Errno -3] Temporary failure in name resolution (configured timeouts: socketTimeoutMS: 20000.0ms, connectTimeoutMS: 20000.0ms)')>]> - migration_manager (/app/migrations/migration.py:74)
ERROR - 12/08/2025 07:38:11 : ELASTIC : [5] Something unexpected happened while reading : BadRequestError(400, 'search_phase_execution_exception', 'No mapping found for [m_update_date] in order to sort on') - elastic_controller (/app/orion/services/elastic_manager/elastic_controller.py:120)
ERROR - 12/08/2025 07:38:11 : ELASTIC : [5] Something unexpected happened while reading : BadRequestError(400, 'search_phase_execution_exception', 'No mapping found for [m_update_date] in order to sort on') - elastic_controller (/app/orion/services/elastic_manager/elastic_controller.py:120)
ERROR - 12/08/2025 07:38:11 : ELASTIC : [5] Something unexpected happened while reading : BadRequestError(400, 'search_phase_execution_exception', 'No mapping found for [m_leak_date] in order to sort on') - elastic_controller (/app/orion/services/elastic_manager/elastic_controller.py:120)
ERROR - 12/08/2025 07:38:11 : ELASTIC : [5] Something unexpected happened while reading : BadRequestError(400, 'search_phase_execution_exception', 'No mapping found for [m_leak_date] in order to sort on') - elastic_controller (/app/orion/services/elastic_manager/elastic_controller.py:120)
ERROR - 12/08/2025 07:38:19 : ELASTIC : [5] Something unexpected happened while reading : BadRequestError(400, 'search_phase_execution_exception', 'No mapping found for [m_update_date] in order to sort on') - elastic_controller (/app/orion/services/elastic_manager/elastic_controller.py:120)
ERROR - 12/08/2025 07:38:19 : ELASTIC : [5] Something unexpected happened while reading : BadRequestError(400, 'search_phase_execution_exception', 'No mapping found for [m_leak_date] in order to sort on') - elastic_controller (/app/orion/services/elastic_manager/elastic_controller.py:120)
ERROR - 12/08/2025 07:46:28 : ELASTIC : [5] Something unexpected happened while reading : BadRequestError(400, 'search_phase_execution_exception', 'No mapping found for [m_update_date] in order to sort on') - elastic_controller (/app/orion/services/elastic_manager/elastic_controller.py:120)
ERROR - 12/08/2025 07:46:28 : ELASTIC : [5] Something unexpected happened while reading : BadRequestError(400, 'search_phase_execution_exception', 'No mapping found for [m_update_date] in order to sort on') - elastic_controller (/app/orion/services/elastic_manager/elastic_controller.py:120)
ERROR - 12/08/2025 07:46:28 : ELASTIC : [5] Something unexpected happened while reading : BadRequestError(400, 'search_phase_execution_exception', 'No mapping found for [m_update_date] in order to sort on') - elastic_controller (/app/orion/services/elastic_manager/elastic_controller.py:120)
ERROR - 12/08/2025 07:46:28 : ELASTIC : [5] Something unexpected happened while reading : BadRequestError(400, 'search_phase_execution_exception', 'No mapping found for [m_leak_date] in order to sort on') - elastic_controller (/app/orion/services/elastic_manager/elastic_controller.py:120)
ERROR - 12/08/2025 07:46:28 : ELASTIC : [5] Something unexpected happened while reading : BadRequestError(400, 'search_phase_execution_exception', 'No mapping found for [m_update_date] in order to sort on') - elastic_controller (/app/orion/services/elastic_manager/elastic_controller.py:120)
ERROR - 12/08/2025 07:46:28 : ELASTIC : [5] Something unexpected happened while reading : BadRequestError(400, 'search_phase_execution_exception', 'No mapping found for [m_update_date] in order to sort on') - elastic_controller (/app/orion/services/elastic_manager/elastic_controller.py:120)
ERROR - 12/08/2025 07:46:28 : ELASTIC : [5] Something unexpected happened while reading : BadRequestError(400, 'search_phase_execution_exception', 'No mapping found for [m_update_date] in order to sort on') - elastic_controller (/app/orion/services/elastic_manager/elastic_controller.py:120)
ERROR - 12/08/2025 07:46:28 : ELASTIC : [5] Something unexpected happened while reading : BadRequestError(400, 'search_phase_execution_exception', 'No mapping found for [m_leak_date] in order to sort on') - elastic_controller (/app/orion/services/elastic_manager/elastic_controller.py:120)
ERROR - 12/08/2025 07:46:28 : ELASTIC : [5] Something unexpected happened while reading : BadRequestError(400, 'search_phase_execution_exception', 'No mapping found for [m_update_date] in order to sort on') - elastic_controller (/app/orion/services/elastic_manager/elastic_controller.py:120)
ERROR - 12/08/2025 07:46:28 : ELASTIC : [5] Something unexpected happened while reading : BadRequestError(400, 'search_phase_execution_exception', 'No mapping found for [m_leak_date] in order to sort on') - elastic_controller (/app/orion/services/elastic_manager/elastic_controller.py:120)
ERROR - 12/08/2025 07:46:28 : ELASTIC : [5] Something unexpected happened while reading : BadRequestError(400, 'search_phase_execution_exception', 'No mapping found for [m_update_date] in order to sort on') - elastic_controller (/app/orion/services/elastic_manager/elastic_controller.py:120)
ERROR - 12/08/2025 07:46:28 : ELASTIC : [5] Something unexpected happened while reading : BadRequestError(400, 'search_phase_execution_exception', 'No mapping found for [m_update_date] in order to sort on') - elastic_controller (/app/orion/services/elastic_manager/elastic_controller.py:120)
ERROR - 12/08/2025 07:46:28 : ELASTIC : [5] Something unexpected happened while reading : BadRequestError(400, 'search_phase_execution_exception', 'No mapping found for [m_leak_date] in order to sort on') - elastic_controller (/app/orion/services/elastic_manager/elastic_controller.py:120)
ERROR - 12/08/2025 07:46:28 : ELASTIC : [5] Something unexpected happened while reading : BadRequestError(400, 'search_phase_execution_exception', 'No mapping found for [m_leak_date] in order to sort on') - elastic_controller (/app/orion/services/elastic_manager/elastic_controller.py:120)
ERROR - 12/08/2025 07:46:28 : ELASTIC : [5] Something unexpected happened while reading : BadRequestError(400, 'search_phase_execution_exception', 'No mapping found for [m_update_date] in order to sort on') - elastic_controller (/app/orion/services/elastic_manager/elastic_controller.py:120)
ERROR - 12/08/2025 07:46:28 : ELASTIC : [5] Something unexpected happened while reading : BadRequestError(400, 'search_phase_execution_exception', 'No mapping found for [m_leak_date] in order to sort on') - elastic_controller (/app/orion/services/elastic_manager/elastic_controller.py:120)
ERROR - 12/08/2025 07:46:28 : ELASTIC : [5] Something unexpected happened while reading : BadRequestError(400, 'search_phase_execution_exception', 'No mapping found for [m_leak_date] in order to sort on') - elastic_controller (/app/orion/services/elastic_manager/elastic_controller.py:120)
ERROR - 12/08/2025 07:46:28 : ELASTIC : [5] Something unexpected happened while reading : BadRequestError(400, 'search_phase_execution_exception', 'No mapping found for [m_leak_date] in order to sort on') - elastic_controller (/app/orion/services/elastic_manager/elastic_controller.py:120)
ERROR - 12/08/2025 07:46:28 : ELASTIC : [5] Something unexpected happened while reading : BadRequestError(400, 'search_phase_execution_exception', 'No mapping found for [m_leak_date] in order to sort on') - elastic_controller (/app/orion/services/elastic_manager/elastic_controller.py:120)
ERROR - 12/08/2025 07:46:28 : ELASTIC : [5] Something unexpected happened while reading : BadRequestError(400, 'search_phase_execution_exception', 'No mapping found for [m_leak_date] in order to sort on') - elastic_controller (/app/orion/services/elastic_manager/elastic_controller.py:120)
ERROR - 12/08/2025 07:51:55 : ARANGO CONNECTION ERROR: [HTTP 409][ERR 1207] duplicate database name 'orion-web' - arango_controller (/app/orion/services/arango_manager/arango_controller.py:40)
ERROR - 12/08/2025 07:51:55 : ARANGO GRAPH INIT ERROR: 'NoneType' object has no attribute 'has_collection' - arango_controller (/app/orion/services/arango_manager/arango_controller.py:83)
ERROR - 12/08/2025 07:54:56 : ELASTIC : [5] Something unexpected happened while reading : BadRequestError(400, 'search_phase_execution_exception', 'No mapping found for [m_update_date] in order to sort on') - elastic_controller (/app/orion/services/elastic_manager/elastic_controller.py:120)
ERROR - 12/08/2025 07:54:56 : ELASTIC : [5] Something unexpected happened while reading : BadRequestError(400, 'search_phase_execution_exception', 'No mapping found for [m_leak_date] in order to sort on') - elastic_controller (/app/orion/services/elastic_manager/elastic_controller.py:120)
ERROR - 12/08/2025 08:04:10 : ELASTIC : [5] Something unexpected happened while reading : BadRequestError(400, 'search_phase_execution_exception', 'No mapping found for [m_update_date] in order to sort on') - elastic_controller (/app/orion/services/elastic_manager/elastic_controller.py:120)
ERROR - 12/08/2025 08:04:10 : ELASTIC : [5] Something unexpected happened while reading : BadRequestError(400, 'search_phase_execution_exception', 'No mapping found for [m_leak_date] in order to sort on') - elastic_controller (/app/orion/services/elastic_manager/elastic_controller.py:120)
ERROR - 12/08/2025 08:04:13 : ELASTIC : [5] Something unexpected happened while reading : BadRequestError(400, 'search_phase_execution_exception', 'No mapping found for [m_update_date] in order to sort on') - elastic_controller (/app/orion/services/elastic_manager/elastic_controller.py:120)
ERROR - 12/08/2025 08:04:13 : ELASTIC : [5] Something unexpected happened while reading : BadRequestError(400, 'search_phase_execution_exception', 'No mapping found for [m_leak_date] in order to sort on') - elastic_controller (/app/orion/services/elastic_manager/elastic_controller.py:120)
ERROR - 12/08/2025 08:06:39 : ELASTIC : [5] Something unexpected happened while reading : BadRequestError(400, 'search_phase_execution_exception', 'No mapping found for [m_update_date] in order to sort on') - elastic_controller (/app/orion/services/elastic_manager/elastic_controller.py:120)
ERROR - 12/08/2025 08:06:39 : ELASTIC : [5] Something unexpected happened while reading : BadRequestError(400, 'search_phase_execution_exception', 'No mapping found for [m_leak_date] in order to sort on') - elastic_controller (/app/orion/services/elastic_manager/elastic_controller.py:120)
ERROR - 12/08/2025 09:05:30 : ELASTIC : [5] Something unexpected happened while reading : BadRequestError(400, 'search_phase_execution_exception', 'No mapping found for [m_update_date] in order to sort on') - elastic_controller (/app/orion/services/elastic_manager/elastic_controller.py:120)
ERROR - 12/08/2025 09:05:30 : ELASTIC : [5] Something unexpected happened while reading : BadRequestError(400, 'search_phase_execution_exception', 'No mapping found for [m_leak_date] in order to sort on') - elastic_controller (/app/orion/services/elastic_manager/elastic_controller.py:120)
ERROR - 12/08/2025 09:05:34 : ELASTIC : [5] Something unexpected happened while reading : BadRequestError(400, 'search_phase_execution_exception', 'unknown field [m_update_date]') - elastic_controller (/app/orion/services/elastic_manager/elastic_controller.py:120)
ERROR - 12/08/2025 09:05:35 : ELASTIC : [5] Something unexpected happened while reading : BadRequestError(400, 'search_phase_execution_exception', 'No mapping found for [m_leak_date] in order to sort on') - elastic_controller (/app/orion/services/elastic_manager/elastic_controller.py:120)
ERROR - 12/08/2025 09:06:26 : ELASTIC : [5] Something unexpected happened while reading : BadRequestError(400, 'search_phase_execution_exception', 'unknown field [m_update_date]') - elastic_controller (/app/orion/services/elastic_manager/elastic_controller.py:120)
ERROR - 12/08/2025 09:46:47 : ELASTIC : [5] Something unexpected happened while reading : BadRequestError(400, 'search_phase_execution_exception', 'unknown field [m_update_date]') - elastic_controller (/app/orion/services/elastic_manager/elastic_controller.py:120)
ERROR - 12/08/2025 10:14:41 : ELASTIC : [5] Something unexpected happened while reading : BadRequestError(400, 'search_phase_execution_exception', 'No mapping found for [m_leak_date] in order to sort on') - elastic_controller (/app/orion/services/elastic_manager/elastic_controller.py:100)
ERROR - 12/08/2025 10:14:41 : ELASTIC : [5] Something unexpected happened while reading : BadRequestError(400, 'search_phase_execution_exception', 'No mapping found for [m_leak_date] in order to sort on') - elastic_controller (/app/orion/services/elastic_manager/elastic_controller.py:100)
ERROR - 12/08/2025 10:14:41 : ELASTIC : [5] Something unexpected happened while reading : BadRequestError(400, 'search_phase_execution_exception', 'No mapping found for [m_leak_date] in order to sort on') - elastic_controller (/app/orion/services/elastic_manager/elastic_controller.py:100)
ERROR - 12/08/2025 10:14:41 : ELASTIC : [5] Something unexpected happened while reading : BadRequestError(400, 'search_phase_execution_exception', 'No mapping found for [m_update_date] in order to sort on') - elastic_controller (/app/orion/services/elastic_manager/elastic_controller.py:120)
ERROR - 12/08/2025 10:14:41 : ELASTIC : [5] Something unexpected happened while reading : BadRequestError(400, 'search_phase_execution_exception', 'No mapping found for [m_update_date] in order to sort on') - elastic_controller (/app/orion/services/elastic_manager/elastic_controller.py:120)
ERROR - 12/08/2025 10:14:41 : ELASTIC : [5] Something unexpected happened while reading : BadRequestError(400, 'search_phase_execution_exception', 'No mapping found for [m_update_date] in order to sort on') - elastic_controller (/app/orion/services/elastic_manager/elastic_controller.py:120)
ERROR - 12/08/2025 10:14:41 : ELASTIC : [5] Something unexpected happened while reading : BadRequestError(400, 'search_phase_execution_exception', 'No mapping found for [m_leak_date] in order to sort on') - elastic_controller (/app/orion/services/elastic_manager/elastic_controller.py:120)
ERROR - 12/08/2025 10:14:41 : ELASTIC : [5] Something unexpected happened while reading : BadRequestError(400, 'search_phase_execution_exception', 'No mapping found for [m_leak_date] in order to sort on') - elastic_controller (/app/orion/services/elastic_manager/elastic_controller.py:120)
ERROR - 12/08/2025 10:14:41 : ELASTIC : [5] Something unexpected happened while reading : BadRequestError(400, 'search_phase_execution_exception', 'No mapping found for [m_leak_date] in order to sort on') - elastic_controller (/app/orion/services/elastic_manager/elastic_controller.py:120)
ERROR - 12/08/2025 10:14:52 : ELASTIC : [5] Something unexpected happened while reading : BadRequestError(400, 'search_phase_execution_exception', 'unknown field [m_update_date]') - elastic_controller (/app/orion/services/elastic_manager/elastic_controller.py:120)
ERROR - 12/08/2025 10:14:56 : ELASTIC : [5] Something unexpected happened while reading : BadRequestError(400, 'search_phase_execution_exception', 'unknown field [m_update_date]') - elastic_controller (/app/orion/services/elastic_manager/elastic_controller.py:120)
ERROR - 12/08/2025 10:15:31 : ELASTIC : [5] Something unexpected happened while reading : BadRequestError(400, 'search_phase_execution_exception', 'unknown field [m_update_date]') - elastic_controller (/app/orion/services/elastic_manager/elastic_controller.py:120)
ERROR - 12/08/2025 10:16:15 : ELASTIC : [5] Something unexpected happened while reading : BadRequestError(400, 'search_phase_execution_exception', 'unknown field [m_update_date]') - elastic_controller (/app/orion/services/elastic_manager/elastic_controller.py:120)
ERROR - 12/08/2025 10:16:32 : ELASTIC : [5] Something unexpected happened while reading : BadRequestError(400, 'search_phase_execution_exception', 'unknown field [m_update_date]') - elastic_controller (/app/orion/services/elastic_manager/elastic_controller.py:120)
ERROR - 12/08/2025 13:09:08 : ELASTIC : [5] Something unexpected happened while reading : BadRequestError(400, 'search_phase_execution_exception', 'unknown field [m_update_date]') - elastic_controller (/app/orion/services/elastic_manager/elastic_controller.py:120)
ERROR - 12/08/2025 14:35:26 : ELASTIC : [5] Something unexpected happened while reading : BadRequestError(400, 'search_phase_execution_exception', 'No mapping found for [m_update_date] in order to sort on') - elastic_controller (/app/orion/services/elastic_manager/elastic_controller.py:120)
ERROR - 12/08/2025 14:35:26 : ELASTIC : [5] Something unexpected happened while reading : BadRequestError(400, 'search_phase_execution_exception', 'No mapping found for [m_leak_date] in order to sort on') - elastic_controller (/app/orion/services/elastic_manager/elastic_controller.py:120)
ERROR - 12/08/2025 14:38:42 : ELASTIC : [5] Something unexpected happened while reading : BadRequestError(400, 'search_phase_execution_exception', 'No mapping found for [m_update_date] in order to sort on') - elastic_controller (/app/orion/services/elastic_manager/elastic_controller.py:120)
ERROR - 12/08/2025 14:38:42 : ELASTIC : [5] Something unexpected happened while reading : BadRequestError(400, 'search_phase_execution_exception', 'No mapping found for [m_leak_date] in order to sort on') - elastic_controller (/app/orion/services/elastic_manager/elastic_controller.py:120)
