ERROR - 11/08/2025 06:57:58 : ELASTIC : [5] Something unexpected happened while reading : BadRequestError(400, 'search_phase_execution_exception', 'No mapping found for [m_update_date] in order to sort on') - elastic_controller (/app/orion/services/elastic_manager/elastic_controller.py:120)
ERROR - 11/08/2025 06:57:58 : ELASTIC : [5] Something unexpected happened while reading : BadRequestError(400, 'search_phase_execution_exception', 'No mapping found for [m_leak_date] in order to sort on') - elastic_controller (/app/orion/services/elastic_manager/elastic_controller.py:120)
ERROR - 11/08/2025 07:20:57 : ELASTIC : [5] Something unexpected happened while reading : BadRequestError(400, 'search_phase_execution_exception', 'unknown field [m_update_date]') - elastic_controller (/app/orion/services/elastic_manager/elastic_controller.py:120)
ERROR - 11/08/2025 07:54:47 : ELASTIC : [5] Something unexpected happened while reading : BadRequestError(400, 'search_phase_execution_exception', 'No mapping found for [m_update_date] in order to sort on') - elastic_controller (/app/orion/services/elastic_manager/elastic_controller.py:120)
ERROR - 11/08/2025 07:54:47 : ELASTIC : [5] Something unexpected happened while reading : BadRequestError(400, 'search_phase_execution_exception', 'No mapping found for [m_leak_date] in order to sort on') - elastic_controller (/app/orion/services/elastic_manager/elastic_controller.py:120)
ERROR - 11/08/2025 07:56:21 : ELASTIC : [5] Something unexpected happened while reading : BadRequestError(400, 'search_phase_execution_exception', 'unknown field [m_update_date]') - elastic_controller (/app/orion/services/elastic_manager/elastic_controller.py:120)
ERROR - 11/08/2025 08:14:46 : ELASTIC : [5] Something unexpected happened while reading : BadRequestError(400, 'search_phase_execution_exception', 'unknown field [m_update_date]') - elastic_controller (/app/orion/services/elastic_manager/elastic_controller.py:120)
ERROR - 11/08/2025 08:16:44 : ELASTIC : [5] Something unexpected happened while reading : BadRequestError(400, 'search_phase_execution_exception', 'unknown field [m_update_date]') - elastic_controller (/app/orion/services/elastic_manager/elastic_controller.py:120)
ERROR - 11/08/2025 08:20:38 : ELASTIC : [5] Something unexpected happened while reading : BadRequestError(400, 'search_phase_execution_exception', 'unknown field [m_update_date]') - elastic_controller (/app/orion/services/elastic_manager/elastic_controller.py:120)
ERROR - 11/08/2025 08:21:37 : ELASTIC : [5] Something unexpected happened while reading : BadRequestError(400, 'search_phase_execution_exception', 'unknown field [m_update_date]') - elastic_controller (/app/orion/services/elastic_manager/elastic_controller.py:120)
ERROR - 11/08/2025 08:21:55 : ELASTIC : [5] Something unexpected happened while reading : BadRequestError(400, 'search_phase_execution_exception', 'unknown field [m_update_date]') - elastic_controller (/app/orion/services/elastic_manager/elastic_controller.py:120)
ERROR - 11/08/2025 08:26:33 : ELASTIC : [5] Something unexpected happened while reading : BadRequestError(400, 'search_phase_execution_exception', 'unknown field [m_update_date]') - elastic_controller (/app/orion/services/elastic_manager/elastic_controller.py:120)
ERROR - 11/08/2025 08:29:28 : ELASTIC : [5] Something unexpected happened while reading : BadRequestError(400, 'search_phase_execution_exception', 'unknown field [m_update_date]') - elastic_controller (/app/orion/services/elastic_manager/elastic_controller.py:120)
ERROR - 11/08/2025 08:30:31 : ELASTIC : [5] Something unexpected happened while reading : BadRequestError(400, 'search_phase_execution_exception', 'unknown field [m_update_date]') - elastic_controller (/app/orion/services/elastic_manager/elastic_controller.py:120)
ERROR - 11/08/2025 08:30:55 : ELASTIC : [5] Something unexpected happened while reading : BadRequestError(400, 'search_phase_execution_exception', 'unknown field [m_update_date]') - elastic_controller (/app/orion/services/elastic_manager/elastic_controller.py:120)
ERROR - 11/08/2025 08:33:14 : ELASTIC : [5] Something unexpected happened while reading : BadRequestError(400, 'search_phase_execution_exception', 'unknown field [m_update_date]') - elastic_controller (/app/orion/services/elastic_manager/elastic_controller.py:120)
ERROR - 11/08/2025 08:34:17 : ELASTIC : [5] Something unexpected happened while reading : BadRequestError(400, 'search_phase_execution_exception', 'unknown field [m_update_date]') - elastic_controller (/app/orion/services/elastic_manager/elastic_controller.py:120)
ERROR - 11/08/2025 08:36:26 : ELASTIC : [5] Something unexpected happened while reading : BadRequestError(400, 'search_phase_execution_exception', 'unknown field [m_update_date]') - elastic_controller (/app/orion/services/elastic_manager/elastic_controller.py:120)
ERROR - 11/08/2025 08:39:45 : ELASTIC : [5] Something unexpected happened while reading : BadRequestError(400, 'search_phase_execution_exception', 'unknown field [m_update_date]') - elastic_controller (/app/orion/services/elastic_manager/elastic_controller.py:120)
ERROR - 11/08/2025 08:40:32 : ELASTIC : [5] Something unexpected happened while reading : BadRequestError(400, 'search_phase_execution_exception', 'unknown field [m_update_date]') - elastic_controller (/app/orion/services/elastic_manager/elastic_controller.py:120)
ERROR - 11/08/2025 08:41:00 : ELASTIC : [5] Something unexpected happened while reading : BadRequestError(400, 'search_phase_execution_exception', 'unknown field [m_update_date]') - elastic_controller (/app/orion/services/elastic_manager/elastic_controller.py:120)
ERROR - 11/08/2025 08:41:11 : ELASTIC : [5] Something unexpected happened while reading : BadRequestError(400, 'search_phase_execution_exception', 'unknown field [m_update_date]') - elastic_controller (/app/orion/services/elastic_manager/elastic_controller.py:120)
ERROR - 11/08/2025 08:41:45 : ELASTIC : [5] Something unexpected happened while reading : BadRequestError(400, 'search_phase_execution_exception', 'unknown field [m_update_date]') - elastic_controller (/app/orion/services/elastic_manager/elastic_controller.py:120)
ERROR - 11/08/2025 08:44:21 : ELASTIC : [5] Something unexpected happened while reading : BadRequestError(400, 'search_phase_execution_exception', 'unknown field [m_update_date]') - elastic_controller (/app/orion/services/elastic_manager/elastic_controller.py:120)
ERROR - 11/08/2025 08:45:37 : ELASTIC : [5] Something unexpected happened while reading : BadRequestError(400, 'search_phase_execution_exception', 'unknown field [m_update_date]') - elastic_controller (/app/orion/services/elastic_manager/elastic_controller.py:120)
ERROR - 11/08/2025 08:45:46 : ELASTIC : [5] Something unexpected happened while reading : BadRequestError(400, 'search_phase_execution_exception', 'unknown field [m_update_date]') - elastic_controller (/app/orion/services/elastic_manager/elastic_controller.py:120)
ERROR - 11/08/2025 08:46:01 : ELASTIC : [5] Something unexpected happened while reading : BadRequestError(400, 'search_phase_execution_exception', 'unknown field [m_update_date]') - elastic_controller (/app/orion/services/elastic_manager/elastic_controller.py:120)
ERROR - 11/08/2025 08:47:07 : ELASTIC : [5] Something unexpected happened while reading : BadRequestError(400, 'search_phase_execution_exception', 'unknown field [m_update_date]') - elastic_controller (/app/orion/services/elastic_manager/elastic_controller.py:120)
ERROR - 11/08/2025 08:47:58 : ELASTIC : [5] Something unexpected happened while reading : BadRequestError(400, 'search_phase_execution_exception', 'unknown field [m_leak_date]') - elastic_controller (/app/orion/services/elastic_manager/elastic_controller.py:100)
ERROR - 11/08/2025 08:47:58 : ELASTIC : [5] Something unexpected happened while reading : BadRequestError(400, 'search_phase_execution_exception', 'No mapping found for [m_update_date] in order to sort on') - elastic_controller (/app/orion/services/elastic_manager/elastic_controller.py:120)
ERROR - 11/08/2025 08:47:58 : ELASTIC : [5] Something unexpected happened while reading : BadRequestError(400, 'search_phase_execution_exception', 'No mapping found for [m_leak_date] in order to sort on') - elastic_controller (/app/orion/services/elastic_manager/elastic_controller.py:120)
ERROR - 11/08/2025 08:47:58 : ELASTIC : [5] Something unexpected happened while reading : BadRequestError(400, 'search_phase_execution_exception', 'No mapping found for [m_update_date] in order to sort on') - elastic_controller (/app/orion/services/elastic_manager/elastic_controller.py:120)
ERROR - 11/08/2025 08:47:58 : ELASTIC : [5] Something unexpected happened while reading : BadRequestError(400, 'search_phase_execution_exception', 'No mapping found for [m_leak_date] in order to sort on') - elastic_controller (/app/orion/services/elastic_manager/elastic_controller.py:120)
ERROR - 11/08/2025 08:48:12 : ELASTIC : [5] Something unexpected happened while reading : BadRequestError(400, 'search_phase_execution_exception', 'unknown field [m_update_date]') - elastic_controller (/app/orion/services/elastic_manager/elastic_controller.py:120)
ERROR - 11/08/2025 08:48:12 : ELASTIC : [5] Something unexpected happened while reading : BadRequestError(400, 'search_phase_execution_exception', 'No mapping found for [m_leak_date] in order to sort on') - elastic_controller (/app/orion/services/elastic_manager/elastic_controller.py:120)
ERROR - 11/08/2025 08:48:32 : ELASTIC : [5] Something unexpected happened while reading : BadRequestError(400, 'search_phase_execution_exception', 'unknown field [m_update_date]') - elastic_controller (/app/orion/services/elastic_manager/elastic_controller.py:120)
ERROR - 11/08/2025 08:50:00 : ELASTIC : [5] Something unexpected happened while reading : BadRequestError(400, 'search_phase_execution_exception', 'unknown field [m_update_date]') - elastic_controller (/app/orion/services/elastic_manager/elastic_controller.py:120)
ERROR - 11/08/2025 08:50:00 : ELASTIC : [5] Something unexpected happened while reading : BadRequestError(400, 'search_phase_execution_exception', 'No mapping found for [m_leak_date] in order to sort on') - elastic_controller (/app/orion/services/elastic_manager/elastic_controller.py:120)
ERROR - 11/08/2025 08:50:30 : ELASTIC : [5] Something unexpected happened while reading : BadRequestError(400, 'search_phase_execution_exception', 'unknown field [m_update_date]') - elastic_controller (/app/orion/services/elastic_manager/elastic_controller.py:120)
ERROR - 11/08/2025 08:50:30 : ELASTIC : [5] Something unexpected happened while reading : BadRequestError(400, 'search_phase_execution_exception', 'No mapping found for [m_leak_date] in order to sort on') - elastic_controller (/app/orion/services/elastic_manager/elastic_controller.py:120)
ERROR - 11/08/2025 08:50:45 : ELASTIC : [5] Something unexpected happened while reading : BadRequestError(400, 'search_phase_execution_exception', 'unknown field [m_update_date]') - elastic_controller (/app/orion/services/elastic_manager/elastic_controller.py:120)
ERROR - 11/08/2025 08:50:45 : ELASTIC : [5] Something unexpected happened while reading : BadRequestError(400, 'search_phase_execution_exception', 'No mapping found for [m_leak_date] in order to sort on') - elastic_controller (/app/orion/services/elastic_manager/elastic_controller.py:120)
ERROR - 11/08/2025 08:50:55 : ELASTIC : [5] Something unexpected happened while reading : BadRequestError(400, 'search_phase_execution_exception', 'unknown field [m_update_date]') - elastic_controller (/app/orion/services/elastic_manager/elastic_controller.py:120)
ERROR - 11/08/2025 08:51:32 : ELASTIC : [5] Something unexpected happened while reading : BadRequestError(400, 'search_phase_execution_exception', 'unknown field [m_update_date]') - elastic_controller (/app/orion/services/elastic_manager/elastic_controller.py:120)
ERROR - 11/08/2025 08:51:32 : ELASTIC : [5] Something unexpected happened while reading : BadRequestError(400, 'search_phase_execution_exception', 'No mapping found for [m_leak_date] in order to sort on') - elastic_controller (/app/orion/services/elastic_manager/elastic_controller.py:120)
ERROR - 11/08/2025 08:58:32 : ELASTIC : [5] Something unexpected happened while reading : BadRequestError(400, 'search_phase_execution_exception', 'unknown field [m_update_date]') - elastic_controller (/app/orion/services/elastic_manager/elastic_controller.py:120)
ERROR - 11/08/2025 08:58:32 : ELASTIC : [5] Something unexpected happened while reading : BadRequestError(400, 'search_phase_execution_exception', 'No mapping found for [m_leak_date] in order to sort on') - elastic_controller (/app/orion/services/elastic_manager/elastic_controller.py:120)
ERROR - 11/08/2025 08:58:48 : ELASTIC : [5] Something unexpected happened while reading : BadRequestError(400, 'search_phase_execution_exception', 'unknown field [m_update_date]') - elastic_controller (/app/orion/services/elastic_manager/elastic_controller.py:120)
ERROR - 11/08/2025 08:58:48 : ELASTIC : [5] Something unexpected happened while reading : BadRequestError(400, 'search_phase_execution_exception', 'No mapping found for [m_leak_date] in order to sort on') - elastic_controller (/app/orion/services/elastic_manager/elastic_controller.py:120)
ERROR - 11/08/2025 08:58:58 : ELASTIC : [5] Something unexpected happened while reading : BadRequestError(400, 'search_phase_execution_exception', 'unknown field [m_update_date]') - elastic_controller (/app/orion/services/elastic_manager/elastic_controller.py:120)
ERROR - 11/08/2025 08:58:58 : ELASTIC : [5] Something unexpected happened while reading : BadRequestError(400, 'search_phase_execution_exception', 'No mapping found for [m_leak_date] in order to sort on') - elastic_controller (/app/orion/services/elastic_manager/elastic_controller.py:120)
ERROR - 11/08/2025 09:02:09 : ELASTIC : [5] Something unexpected happened while reading : BadRequestError(400, 'search_phase_execution_exception', 'No mapping found for [m_update_date] in order to sort on') - elastic_controller (/app/orion/services/elastic_manager/elastic_controller.py:120)
ERROR - 11/08/2025 09:02:09 : ELASTIC : [5] Something unexpected happened while reading : BadRequestError(400, 'search_phase_execution_exception', 'No mapping found for [m_update_date] in order to sort on') - elastic_controller (/app/orion/services/elastic_manager/elastic_controller.py:120)
ERROR - 11/08/2025 09:02:09 : ELASTIC : [5] Something unexpected happened while reading : BadRequestError(400, 'search_phase_execution_exception', 'No mapping found for [m_leak_date] in order to sort on') - elastic_controller (/app/orion/services/elastic_manager/elastic_controller.py:120)
ERROR - 11/08/2025 09:02:09 : ELASTIC : [5] Something unexpected happened while reading : BadRequestError(400, 'search_phase_execution_exception', 'No mapping found for [m_leak_date] in order to sort on') - elastic_controller (/app/orion/services/elastic_manager/elastic_controller.py:120)
ERROR - 11/08/2025 09:02:18 : ELASTIC : [5] Something unexpected happened while reading : BadRequestError(400, 'search_phase_execution_exception', 'unknown field [m_update_date]') - elastic_controller (/app/orion/services/elastic_manager/elastic_controller.py:120)
ERROR - 11/08/2025 09:02:18 : ELASTIC : [5] Something unexpected happened while reading : BadRequestError(400, 'search_phase_execution_exception', 'No mapping found for [m_leak_date] in order to sort on') - elastic_controller (/app/orion/services/elastic_manager/elastic_controller.py:120)
ERROR - 11/08/2025 09:17:32 : ELASTIC : [5] Something unexpected happened while reading : BadRequestError(400, 'search_phase_execution_exception', 'unknown field [m_update_date]') - elastic_controller (/app/orion/services/elastic_manager/elastic_controller.py:120)
ERROR - 11/08/2025 09:17:32 : ELASTIC : [5] Something unexpected happened while reading : BadRequestError(400, 'search_phase_execution_exception', 'No mapping found for [m_leak_date] in order to sort on') - elastic_controller (/app/orion/services/elastic_manager/elastic_controller.py:120)
ERROR - 11/08/2025 09:19:20 : ELASTIC : [5] Something unexpected happened while reading : BadRequestError(400, 'search_phase_execution_exception', 'unknown field [m_update_date]') - elastic_controller (/app/orion/services/elastic_manager/elastic_controller.py:120)
ERROR - 11/08/2025 09:19:20 : ELASTIC : [5] Something unexpected happened while reading : BadRequestError(400, 'search_phase_execution_exception', 'No mapping found for [m_leak_date] in order to sort on') - elastic_controller (/app/orion/services/elastic_manager/elastic_controller.py:120)
ERROR - 11/08/2025 09:19:21 : ELASTIC : [5] Something unexpected happened while reading : BadRequestError(400, 'search_phase_execution_exception', 'unknown field [m_update_date]') - elastic_controller (/app/orion/services/elastic_manager/elastic_controller.py:120)
ERROR - 11/08/2025 09:19:21 : ELASTIC : [5] Something unexpected happened while reading : BadRequestError(400, 'search_phase_execution_exception', 'No mapping found for [m_leak_date] in order to sort on') - elastic_controller (/app/orion/services/elastic_manager/elastic_controller.py:120)
ERROR - 11/08/2025 09:19:51 : ELASTIC : [5] Something unexpected happened while reading : BadRequestError(400, 'search_phase_execution_exception', 'unknown field [m_update_date]') - elastic_controller (/app/orion/services/elastic_manager/elastic_controller.py:120)
ERROR - 11/08/2025 09:19:51 : ELASTIC : [5] Something unexpected happened while reading : BadRequestError(400, 'search_phase_execution_exception', 'No mapping found for [m_leak_date] in order to sort on') - elastic_controller (/app/orion/services/elastic_manager/elastic_controller.py:120)
ERROR - 11/08/2025 09:20:03 : ELASTIC : [5] Something unexpected happened while reading : BadRequestError(400, 'search_phase_execution_exception', 'unknown field [m_update_date]') - elastic_controller (/app/orion/services/elastic_manager/elastic_controller.py:120)
ERROR - 11/08/2025 09:20:03 : ELASTIC : [5] Something unexpected happened while reading : BadRequestError(400, 'search_phase_execution_exception', 'No mapping found for [m_leak_date] in order to sort on') - elastic_controller (/app/orion/services/elastic_manager/elastic_controller.py:120)
ERROR - 11/08/2025 09:21:27 : ELASTIC : [5] Something unexpected happened while reading : BadRequestError(400, 'search_phase_execution_exception', 'unknown field [m_update_date]') - elastic_controller (/app/orion/services/elastic_manager/elastic_controller.py:120)
ERROR - 11/08/2025 09:21:27 : ELASTIC : [5] Something unexpected happened while reading : BadRequestError(400, 'search_phase_execution_exception', 'No mapping found for [m_leak_date] in order to sort on') - elastic_controller (/app/orion/services/elastic_manager/elastic_controller.py:120)
ERROR - 11/08/2025 09:21:38 : ELASTIC : [5] Something unexpected happened while reading : BadRequestError(400, 'search_phase_execution_exception', 'unknown field [m_update_date]') - elastic_controller (/app/orion/services/elastic_manager/elastic_controller.py:120)
ERROR - 11/08/2025 09:21:38 : ELASTIC : [5] Something unexpected happened while reading : BadRequestError(400, 'search_phase_execution_exception', 'No mapping found for [m_leak_date] in order to sort on') - elastic_controller (/app/orion/services/elastic_manager/elastic_controller.py:120)
ERROR - 11/08/2025 09:21:50 : ELASTIC : [5] Something unexpected happened while reading : BadRequestError(400, 'search_phase_execution_exception', 'unknown field [m_update_date]') - elastic_controller (/app/orion/services/elastic_manager/elastic_controller.py:120)
ERROR - 11/08/2025 09:21:50 : ELASTIC : [5] Something unexpected happened while reading : BadRequestError(400, 'search_phase_execution_exception', 'No mapping found for [m_leak_date] in order to sort on') - elastic_controller (/app/orion/services/elastic_manager/elastic_controller.py:120)
ERROR - 11/08/2025 09:22:13 : ELASTIC : [5] Something unexpected happened while reading : BadRequestError(400, 'search_phase_execution_exception', 'unknown field [m_update_date]') - elastic_controller (/app/orion/services/elastic_manager/elastic_controller.py:120)
ERROR - 11/08/2025 09:22:13 : ELASTIC : [5] Something unexpected happened while reading : BadRequestError(400, 'search_phase_execution_exception', 'No mapping found for [m_leak_date] in order to sort on') - elastic_controller (/app/orion/services/elastic_manager/elastic_controller.py:120)
ERROR - 11/08/2025 09:29:18 : ELASTIC : [5] Something unexpected happened while reading : BadRequestError(400, 'search_phase_execution_exception', 'unknown field [m_update_date]') - elastic_controller (/app/orion/services/elastic_manager/elastic_controller.py:120)
ERROR - 11/08/2025 09:29:18 : ELASTIC : [5] Something unexpected happened while reading : BadRequestError(400, 'search_phase_execution_exception', 'No mapping found for [m_leak_date] in order to sort on') - elastic_controller (/app/orion/services/elastic_manager/elastic_controller.py:120)
ERROR - 11/08/2025 09:29:29 : ELASTIC : [5] Something unexpected happened while reading : BadRequestError(400, 'search_phase_execution_exception', 'unknown field [m_update_date]') - elastic_controller (/app/orion/services/elastic_manager/elastic_controller.py:120)
ERROR - 11/08/2025 09:29:29 : ELASTIC : [5] Something unexpected happened while reading : BadRequestError(400, 'search_phase_execution_exception', 'No mapping found for [m_leak_date] in order to sort on') - elastic_controller (/app/orion/services/elastic_manager/elastic_controller.py:120)
ERROR - 11/08/2025 09:47:40 : ELASTIC : [5] Something unexpected happened while reading : BadRequestError(400, 'search_phase_execution_exception', 'unknown field [m_update_date]') - elastic_controller (/app/orion/services/elastic_manager/elastic_controller.py:120)
ERROR - 11/08/2025 09:47:40 : ELASTIC : [5] Something unexpected happened while reading : BadRequestError(400, 'search_phase_execution_exception', 'No mapping found for [m_leak_date] in order to sort on') - elastic_controller (/app/orion/services/elastic_manager/elastic_controller.py:120)
ERROR - 11/08/2025 09:47:56 : ELASTIC : [5] Something unexpected happened while reading : BadRequestError(400, 'search_phase_execution_exception', 'unknown field [m_update_date]') - elastic_controller (/app/orion/services/elastic_manager/elastic_controller.py:120)
ERROR - 11/08/2025 09:47:56 : ELASTIC : [5] Something unexpected happened while reading : BadRequestError(400, 'search_phase_execution_exception', 'No mapping found for [m_leak_date] in order to sort on') - elastic_controller (/app/orion/services/elastic_manager/elastic_controller.py:120)
ERROR - 11/08/2025 09:51:11 : ELASTIC : [5] Something unexpected happened while reading : BadRequestError(400, 'search_phase_execution_exception', 'unknown field [m_update_date]') - elastic_controller (/app/orion/services/elastic_manager/elastic_controller.py:120)
ERROR - 11/08/2025 09:51:11 : ELASTIC : [5] Something unexpected happened while reading : BadRequestError(400, 'search_phase_execution_exception', 'No mapping found for [m_leak_date] in order to sort on') - elastic_controller (/app/orion/services/elastic_manager/elastic_controller.py:120)
ERROR - 11/08/2025 09:51:50 : ELASTIC : [5] Something unexpected happened while reading : BadRequestError(400, 'search_phase_execution_exception', 'unknown field [m_update_date]') - elastic_controller (/app/orion/services/elastic_manager/elastic_controller.py:120)
ERROR - 11/08/2025 09:51:50 : ELASTIC : [5] Something unexpected happened while reading : BadRequestError(400, 'search_phase_execution_exception', 'No mapping found for [m_leak_date] in order to sort on') - elastic_controller (/app/orion/services/elastic_manager/elastic_controller.py:120)
ERROR - 11/08/2025 09:55:08 : ELASTIC : [5] Something unexpected happened while reading : BadRequestError(400, 'search_phase_execution_exception', 'unknown field [m_update_date]') - elastic_controller (/app/orion/services/elastic_manager/elastic_controller.py:120)
ERROR - 11/08/2025 09:55:08 : ELASTIC : [5] Something unexpected happened while reading : BadRequestError(400, 'search_phase_execution_exception', 'No mapping found for [m_leak_date] in order to sort on') - elastic_controller (/app/orion/services/elastic_manager/elastic_controller.py:120)
ERROR - 11/08/2025 09:57:16 : ELASTIC : [5] Something unexpected happened while reading : BadRequestError(400, 'search_phase_execution_exception', 'unknown field [m_update_date]') - elastic_controller (/app/orion/services/elastic_manager/elastic_controller.py:120)
ERROR - 11/08/2025 09:57:16 : ELASTIC : [5] Something unexpected happened while reading : BadRequestError(400, 'search_phase_execution_exception', 'No mapping found for [m_leak_date] in order to sort on') - elastic_controller (/app/orion/services/elastic_manager/elastic_controller.py:120)
ERROR - 11/08/2025 09:58:01 : ELASTIC : [5] Something unexpected happened while reading : BadRequestError(400, 'search_phase_execution_exception', 'unknown field [m_update_date]') - elastic_controller (/app/orion/services/elastic_manager/elastic_controller.py:120)
ERROR - 11/08/2025 09:58:01 : ELASTIC : [5] Something unexpected happened while reading : BadRequestError(400, 'search_phase_execution_exception', 'No mapping found for [m_leak_date] in order to sort on') - elastic_controller (/app/orion/services/elastic_manager/elastic_controller.py:120)
ERROR - 11/08/2025 09:58:08 : ELASTIC : [5] Something unexpected happened while reading : BadRequestError(400, 'search_phase_execution_exception', 'unknown field [m_update_date]') - elastic_controller (/app/orion/services/elastic_manager/elastic_controller.py:120)
ERROR - 11/08/2025 09:58:08 : ELASTIC : [5] Something unexpected happened while reading : BadRequestError(400, 'search_phase_execution_exception', 'No mapping found for [m_leak_date] in order to sort on') - elastic_controller (/app/orion/services/elastic_manager/elastic_controller.py:120)
ERROR - 11/08/2025 09:59:16 : ELASTIC : [5] Something unexpected happened while reading : BadRequestError(400, 'search_phase_execution_exception', 'unknown field [m_update_date]') - elastic_controller (/app/orion/services/elastic_manager/elastic_controller.py:120)
ERROR - 11/08/2025 09:59:16 : ELASTIC : [5] Something unexpected happened while reading : BadRequestError(400, 'search_phase_execution_exception', 'No mapping found for [m_leak_date] in order to sort on') - elastic_controller (/app/orion/services/elastic_manager/elastic_controller.py:120)
ERROR - 11/08/2025 09:59:16 : ELASTIC : [5] Something unexpected happened while reading : BadRequestError(400, 'search_phase_execution_exception', 'unknown field [m_update_date]') - elastic_controller (/app/orion/services/elastic_manager/elastic_controller.py:120)
ERROR - 11/08/2025 09:59:17 : ELASTIC : [5] Something unexpected happened while reading : BadRequestError(400, 'search_phase_execution_exception', 'No mapping found for [m_leak_date] in order to sort on') - elastic_controller (/app/orion/services/elastic_manager/elastic_controller.py:120)
ERROR - 11/08/2025 10:00:22 : ELASTIC : [5] Something unexpected happened while reading : BadRequestError(400, 'search_phase_execution_exception', 'unknown field [m_update_date]') - elastic_controller (/app/orion/services/elastic_manager/elastic_controller.py:120)
ERROR - 11/08/2025 10:00:22 : ELASTIC : [5] Something unexpected happened while reading : BadRequestError(400, 'search_phase_execution_exception', 'No mapping found for [m_leak_date] in order to sort on') - elastic_controller (/app/orion/services/elastic_manager/elastic_controller.py:120)
ERROR - 11/08/2025 10:05:06 : ELASTIC : [5] Something unexpected happened while reading : BadRequestError(400, 'search_phase_execution_exception', 'unknown field [m_update_date]') - elastic_controller (/app/orion/services/elastic_manager/elastic_controller.py:120)
ERROR - 11/08/2025 10:05:06 : ELASTIC : [5] Something unexpected happened while reading : BadRequestError(400, 'search_phase_execution_exception', 'No mapping found for [m_leak_date] in order to sort on') - elastic_controller (/app/orion/services/elastic_manager/elastic_controller.py:120)
ERROR - 11/08/2025 10:06:46 : ELASTIC : [5] Something unexpected happened while reading : BadRequestError(400, 'search_phase_execution_exception', 'unknown field [m_update_date]') - elastic_controller (/app/orion/services/elastic_manager/elastic_controller.py:120)
ERROR - 11/08/2025 10:06:46 : ELASTIC : [5] Something unexpected happened while reading : BadRequestError(400, 'search_phase_execution_exception', 'No mapping found for [m_leak_date] in order to sort on') - elastic_controller (/app/orion/services/elastic_manager/elastic_controller.py:120)
ERROR - 11/08/2025 10:06:55 : ELASTIC : [5] Something unexpected happened while reading : BadRequestError(400, 'search_phase_execution_exception', 'unknown field [m_update_date]') - elastic_controller (/app/orion/services/elastic_manager/elastic_controller.py:120)
ERROR - 11/08/2025 10:06:55 : ELASTIC : [5] Something unexpected happened while reading : BadRequestError(400, 'search_phase_execution_exception', 'No mapping found for [m_leak_date] in order to sort on') - elastic_controller (/app/orion/services/elastic_manager/elastic_controller.py:120)
ERROR - 11/08/2025 10:10:40 : ELASTIC : [5] Something unexpected happened while reading : BadRequestError(400, 'search_phase_execution_exception', 'unknown field [m_update_date]') - elastic_controller (/app/orion/services/elastic_manager/elastic_controller.py:120)
ERROR - 11/08/2025 10:10:40 : ELASTIC : [5] Something unexpected happened while reading : BadRequestError(400, 'search_phase_execution_exception', 'No mapping found for [m_leak_date] in order to sort on') - elastic_controller (/app/orion/services/elastic_manager/elastic_controller.py:120)
ERROR - 11/08/2025 10:10:59 : ELASTIC : [5] Something unexpected happened while reading : BadRequestError(400, 'search_phase_execution_exception', 'unknown field [m_update_date]') - elastic_controller (/app/orion/services/elastic_manager/elastic_controller.py:120)
ERROR - 11/08/2025 10:10:59 : ELASTIC : [5] Something unexpected happened while reading : BadRequestError(400, 'search_phase_execution_exception', 'No mapping found for [m_leak_date] in order to sort on') - elastic_controller (/app/orion/services/elastic_manager/elastic_controller.py:120)
ERROR - 11/08/2025 10:12:18 : ELASTIC : [5] Something unexpected happened while reading : BadRequestError(400, 'search_phase_execution_exception', 'unknown field [m_update_date]') - elastic_controller (/app/orion/services/elastic_manager/elastic_controller.py:120)
ERROR - 11/08/2025 10:12:18 : ELASTIC : [5] Something unexpected happened while reading : BadRequestError(400, 'search_phase_execution_exception', 'No mapping found for [m_leak_date] in order to sort on') - elastic_controller (/app/orion/services/elastic_manager/elastic_controller.py:120)
ERROR - 11/08/2025 10:12:46 : ELASTIC : [5] Something unexpected happened while reading : BadRequestError(400, 'search_phase_execution_exception', 'unknown field [m_update_date]') - elastic_controller (/app/orion/services/elastic_manager/elastic_controller.py:120)
ERROR - 11/08/2025 10:12:46 : ELASTIC : [5] Something unexpected happened while reading : BadRequestError(400, 'search_phase_execution_exception', 'No mapping found for [m_leak_date] in order to sort on') - elastic_controller (/app/orion/services/elastic_manager/elastic_controller.py:120)
ERROR - 11/08/2025 10:12:57 : ELASTIC : [5] Something unexpected happened while reading : BadRequestError(400, 'search_phase_execution_exception', 'unknown field [m_update_date]') - elastic_controller (/app/orion/services/elastic_manager/elastic_controller.py:120)
ERROR - 11/08/2025 10:12:57 : ELASTIC : [5] Something unexpected happened while reading : BadRequestError(400, 'search_phase_execution_exception', 'No mapping found for [m_leak_date] in order to sort on') - elastic_controller (/app/orion/services/elastic_manager/elastic_controller.py:120)
ERROR - 11/08/2025 10:13:32 : ELASTIC : [5] Something unexpected happened while reading : BadRequestError(400, 'search_phase_execution_exception', 'unknown field [m_update_date]') - elastic_controller (/app/orion/services/elastic_manager/elastic_controller.py:120)
ERROR - 11/08/2025 10:13:32 : ELASTIC : [5] Something unexpected happened while reading : BadRequestError(400, 'search_phase_execution_exception', 'No mapping found for [m_leak_date] in order to sort on') - elastic_controller (/app/orion/services/elastic_manager/elastic_controller.py:120)
ERROR - 11/08/2025 10:15:36 : ELASTIC : [5] Something unexpected happened while reading : BadRequestError(400, 'search_phase_execution_exception', 'unknown field [m_update_date]') - elastic_controller (/app/orion/services/elastic_manager/elastic_controller.py:120)
ERROR - 11/08/2025 10:15:36 : ELASTIC : [5] Something unexpected happened while reading : BadRequestError(400, 'search_phase_execution_exception', 'unknown field [m_update_date]') - elastic_controller (/app/orion/services/elastic_manager/elastic_controller.py:120)
ERROR - 11/08/2025 10:15:36 : ELASTIC : [5] Something unexpected happened while reading : BadRequestError(400, 'search_phase_execution_exception', 'unknown field [m_update_date]') - elastic_controller (/app/orion/services/elastic_manager/elastic_controller.py:120)
ERROR - 11/08/2025 10:15:36 : ELASTIC : [5] Something unexpected happened while reading : BadRequestError(400, 'search_phase_execution_exception', 'No mapping found for [m_leak_date] in order to sort on') - elastic_controller (/app/orion/services/elastic_manager/elastic_controller.py:120)
ERROR - 11/08/2025 10:15:36 : ELASTIC : [5] Something unexpected happened while reading : BadRequestError(400, 'search_phase_execution_exception', 'No mapping found for [m_leak_date] in order to sort on') - elastic_controller (/app/orion/services/elastic_manager/elastic_controller.py:120)
ERROR - 11/08/2025 10:15:36 : ELASTIC : [5] Something unexpected happened while reading : BadRequestError(400, 'search_phase_execution_exception', 'No mapping found for [m_leak_date] in order to sort on') - elastic_controller (/app/orion/services/elastic_manager/elastic_controller.py:120)
ERROR - 11/08/2025 10:15:46 : ELASTIC : [5] Something unexpected happened while reading : BadRequestError(400, 'search_phase_execution_exception', 'unknown field [m_update_date]') - elastic_controller (/app/orion/services/elastic_manager/elastic_controller.py:120)
ERROR - 11/08/2025 10:15:47 : ELASTIC : [5] Something unexpected happened while reading : BadRequestError(400, 'search_phase_execution_exception', 'No mapping found for [m_leak_date] in order to sort on') - elastic_controller (/app/orion/services/elastic_manager/elastic_controller.py:120)
ERROR - 11/08/2025 10:16:06 : ELASTIC : [5] Something unexpected happened while reading : BadRequestError(400, 'search_phase_execution_exception', 'unknown field [m_update_date]') - elastic_controller (/app/orion/services/elastic_manager/elastic_controller.py:120)
ERROR - 11/08/2025 10:16:06 : ELASTIC : [5] Something unexpected happened while reading : BadRequestError(400, 'search_phase_execution_exception', 'No mapping found for [m_leak_date] in order to sort on') - elastic_controller (/app/orion/services/elastic_manager/elastic_controller.py:120)
ERROR - 11/08/2025 10:16:43 : ELASTIC : [5] Something unexpected happened while reading : BadRequestError(400, 'search_phase_execution_exception', 'unknown field [m_update_date]') - elastic_controller (/app/orion/services/elastic_manager/elastic_controller.py:120)
ERROR - 11/08/2025 10:16:43 : ELASTIC : [5] Something unexpected happened while reading : BadRequestError(400, 'search_phase_execution_exception', 'No mapping found for [m_leak_date] in order to sort on') - elastic_controller (/app/orion/services/elastic_manager/elastic_controller.py:120)
ERROR - 11/08/2025 10:17:17 : ELASTIC : [5] Something unexpected happened while reading : BadRequestError(400, 'search_phase_execution_exception', 'unknown field [m_update_date]') - elastic_controller (/app/orion/services/elastic_manager/elastic_controller.py:120)
ERROR - 11/08/2025 10:17:17 : ELASTIC : [5] Something unexpected happened while reading : BadRequestError(400, 'search_phase_execution_exception', 'No mapping found for [m_leak_date] in order to sort on') - elastic_controller (/app/orion/services/elastic_manager/elastic_controller.py:120)
ERROR - 11/08/2025 10:26:07 : ELASTIC : [5] Something unexpected happened while reading : BadRequestError(400, 'search_phase_execution_exception', 'unknown field [m_update_date]') - elastic_controller (/app/orion/services/elastic_manager/elastic_controller.py:120)
ERROR - 11/08/2025 10:26:07 : ELASTIC : [5] Something unexpected happened while reading : BadRequestError(400, 'search_phase_execution_exception', 'No mapping found for [m_leak_date] in order to sort on') - elastic_controller (/app/orion/services/elastic_manager/elastic_controller.py:120)
ERROR - 11/08/2025 10:27:22 : ELASTIC : [5] Something unexpected happened while reading : BadRequestError(400, 'search_phase_execution_exception', 'unknown field [m_update_date]') - elastic_controller (/app/orion/services/elastic_manager/elastic_controller.py:120)
ERROR - 11/08/2025 10:27:22 : ELASTIC : [5] Something unexpected happened while reading : BadRequestError(400, 'search_phase_execution_exception', 'No mapping found for [m_leak_date] in order to sort on') - elastic_controller (/app/orion/services/elastic_manager/elastic_controller.py:120)
ERROR - 11/08/2025 10:29:57 : ELASTIC : [5] Something unexpected happened while reading : BadRequestError(400, 'search_phase_execution_exception', 'unknown field [m_update_date]') - elastic_controller (/app/orion/services/elastic_manager/elastic_controller.py:120)
ERROR - 11/08/2025 10:29:57 : ELASTIC : [5] Something unexpected happened while reading : BadRequestError(400, 'search_phase_execution_exception', 'No mapping found for [m_leak_date] in order to sort on') - elastic_controller (/app/orion/services/elastic_manager/elastic_controller.py:120)
ERROR - 11/08/2025 10:30:18 : ELASTIC : [5] Something unexpected happened while reading : BadRequestError(400, 'search_phase_execution_exception', 'unknown field [m_update_date]') - elastic_controller (/app/orion/services/elastic_manager/elastic_controller.py:120)
ERROR - 11/08/2025 10:30:18 : ELASTIC : [5] Something unexpected happened while reading : BadRequestError(400, 'search_phase_execution_exception', 'No mapping found for [m_leak_date] in order to sort on') - elastic_controller (/app/orion/services/elastic_manager/elastic_controller.py:120)
ERROR - 11/08/2025 10:33:39 : ELASTIC : [5] Something unexpected happened while reading : BadRequestError(400, 'search_phase_execution_exception', 'unknown field [m_update_date]') - elastic_controller (/app/orion/services/elastic_manager/elastic_controller.py:120)
ERROR - 11/08/2025 10:33:39 : ELASTIC : [5] Something unexpected happened while reading : BadRequestError(400, 'search_phase_execution_exception', 'No mapping found for [m_leak_date] in order to sort on') - elastic_controller (/app/orion/services/elastic_manager/elastic_controller.py:120)
ERROR - 11/08/2025 10:33:45 : ELASTIC : [5] Something unexpected happened while reading : BadRequestError(400, 'search_phase_execution_exception', 'unknown field [m_update_date]') - elastic_controller (/app/orion/services/elastic_manager/elastic_controller.py:120)
ERROR - 11/08/2025 10:33:45 : ELASTIC : [5] Something unexpected happened while reading : BadRequestError(400, 'search_phase_execution_exception', 'No mapping found for [m_leak_date] in order to sort on') - elastic_controller (/app/orion/services/elastic_manager/elastic_controller.py:120)
ERROR - 11/08/2025 10:34:15 : ELASTIC : [5] Something unexpected happened while reading : BadRequestError(400, 'search_phase_execution_exception', 'unknown field [m_update_date]') - elastic_controller (/app/orion/services/elastic_manager/elastic_controller.py:120)
ERROR - 11/08/2025 10:34:15 : ELASTIC : [5] Something unexpected happened while reading : BadRequestError(400, 'search_phase_execution_exception', 'No mapping found for [m_leak_date] in order to sort on') - elastic_controller (/app/orion/services/elastic_manager/elastic_controller.py:120)
ERROR - 11/08/2025 10:38:01 : ELASTIC : [5] Something unexpected happened while reading : BadRequestError(400, 'search_phase_execution_exception', 'unknown field [m_update_date]') - elastic_controller (/app/orion/services/elastic_manager/elastic_controller.py:120)
ERROR - 11/08/2025 10:38:01 : ELASTIC : [5] Something unexpected happened while reading : BadRequestError(400, 'search_phase_execution_exception', 'No mapping found for [m_leak_date] in order to sort on') - elastic_controller (/app/orion/services/elastic_manager/elastic_controller.py:120)
ERROR - 11/08/2025 10:46:12 : ELASTIC : [5] Something unexpected happened while reading : BadRequestError(400, 'search_phase_execution_exception', 'unknown field [m_update_date]') - elastic_controller (/app/orion/services/elastic_manager/elastic_controller.py:120)
ERROR - 11/08/2025 10:46:12 : ELASTIC : [5] Something unexpected happened while reading : BadRequestError(400, 'search_phase_execution_exception', 'No mapping found for [m_leak_date] in order to sort on') - elastic_controller (/app/orion/services/elastic_manager/elastic_controller.py:120)
ERROR - 11/08/2025 10:46:42 : ELASTIC : [5] Something unexpected happened while reading : BadRequestError(400, 'search_phase_execution_exception', 'unknown field [m_update_date]') - elastic_controller (/app/orion/services/elastic_manager/elastic_controller.py:120)
ERROR - 11/08/2025 10:46:42 : ELASTIC : [5] Something unexpected happened while reading : BadRequestError(400, 'search_phase_execution_exception', 'No mapping found for [m_leak_date] in order to sort on') - elastic_controller (/app/orion/services/elastic_manager/elastic_controller.py:120)
ERROR - 11/08/2025 10:47:06 : ELASTIC : [5] Something unexpected happened while reading : BadRequestError(400, 'search_phase_execution_exception', 'unknown field [m_update_date]') - elastic_controller (/app/orion/services/elastic_manager/elastic_controller.py:120)
ERROR - 11/08/2025 10:47:06 : ELASTIC : [5] Something unexpected happened while reading : BadRequestError(400, 'search_phase_execution_exception', 'No mapping found for [m_leak_date] in order to sort on') - elastic_controller (/app/orion/services/elastic_manager/elastic_controller.py:120)
ERROR - 11/08/2025 10:51:43 : ELASTIC : [5] Something unexpected happened while reading : BadRequestError(400, 'search_phase_execution_exception', 'unknown field [m_update_date]') - elastic_controller (/app/orion/services/elastic_manager/elastic_controller.py:120)
ERROR - 11/08/2025 10:51:43 : ELASTIC : [5] Something unexpected happened while reading : BadRequestError(400, 'search_phase_execution_exception', 'No mapping found for [m_leak_date] in order to sort on') - elastic_controller (/app/orion/services/elastic_manager/elastic_controller.py:120)
ERROR - 11/08/2025 10:52:38 : ELASTIC : [5] Something unexpected happened while reading : BadRequestError(400, 'search_phase_execution_exception', 'unknown field [m_update_date]') - elastic_controller (/app/orion/services/elastic_manager/elastic_controller.py:120)
ERROR - 11/08/2025 10:52:38 : ELASTIC : [5] Something unexpected happened while reading : BadRequestError(400, 'search_phase_execution_exception', 'No mapping found for [m_leak_date] in order to sort on') - elastic_controller (/app/orion/services/elastic_manager/elastic_controller.py:120)
ERROR - 11/08/2025 10:54:01 : ELASTIC : [5] Something unexpected happened while reading : BadRequestError(400, 'search_phase_execution_exception', 'unknown field [m_update_date]') - elastic_controller (/app/orion/services/elastic_manager/elastic_controller.py:120)
ERROR - 11/08/2025 10:54:01 : ELASTIC : [5] Something unexpected happened while reading : BadRequestError(400, 'search_phase_execution_exception', 'No mapping found for [m_leak_date] in order to sort on') - elastic_controller (/app/orion/services/elastic_manager/elastic_controller.py:120)
ERROR - 11/08/2025 10:54:10 : ELASTIC : [5] Something unexpected happened while reading : BadRequestError(400, 'search_phase_execution_exception', 'No mapping found for [m_update_date] in order to sort on') - elastic_controller (/app/orion/services/elastic_manager/elastic_controller.py:120)
ERROR - 11/08/2025 10:54:10 : ELASTIC : [5] Something unexpected happened while reading : BadRequestError(400, 'search_phase_execution_exception', 'No mapping found for [m_leak_date] in order to sort on') - elastic_controller (/app/orion/services/elastic_manager/elastic_controller.py:120)
ERROR - 11/08/2025 10:54:22 : ELASTIC : [5] Something unexpected happened while reading : BadRequestError(400, 'search_phase_execution_exception', 'unknown field [m_update_date]') - elastic_controller (/app/orion/services/elastic_manager/elastic_controller.py:120)
ERROR - 11/08/2025 10:54:22 : ELASTIC : [5] Something unexpected happened while reading : BadRequestError(400, 'search_phase_execution_exception', 'No mapping found for [m_leak_date] in order to sort on') - elastic_controller (/app/orion/services/elastic_manager/elastic_controller.py:120)
ERROR - 11/08/2025 11:00:31 : ELASTIC : [5] Something unexpected happened while reading : BadRequestError(400, 'search_phase_execution_exception', 'unknown field [m_update_date]') - elastic_controller (/app/orion/services/elastic_manager/elastic_controller.py:120)
ERROR - 11/08/2025 11:00:31 : ELASTIC : [5] Something unexpected happened while reading : BadRequestError(400, 'search_phase_execution_exception', 'No mapping found for [m_leak_date] in order to sort on') - elastic_controller (/app/orion/services/elastic_manager/elastic_controller.py:120)
ERROR - 11/08/2025 11:00:44 : ELASTIC : [5] Something unexpected happened while reading : BadRequestError(400, 'search_phase_execution_exception', 'unknown field [m_update_date]') - elastic_controller (/app/orion/services/elastic_manager/elastic_controller.py:120)
ERROR - 11/08/2025 11:00:44 : ELASTIC : [5] Something unexpected happened while reading : BadRequestError(400, 'search_phase_execution_exception', 'No mapping found for [m_leak_date] in order to sort on') - elastic_controller (/app/orion/services/elastic_manager/elastic_controller.py:120)
ERROR - 11/08/2025 11:01:07 : ELASTIC : [5] Something unexpected happened while reading : BadRequestError(400, 'search_phase_execution_exception', 'unknown field [m_update_date]') - elastic_controller (/app/orion/services/elastic_manager/elastic_controller.py:120)
ERROR - 11/08/2025 11:01:07 : ELASTIC : [5] Something unexpected happened while reading : BadRequestError(400, 'search_phase_execution_exception', 'No mapping found for [m_leak_date] in order to sort on') - elastic_controller (/app/orion/services/elastic_manager/elastic_controller.py:120)
ERROR - 11/08/2025 11:01:18 : ELASTIC : [5] Something unexpected happened while reading : BadRequestError(400, 'search_phase_execution_exception', 'unknown field [m_update_date]') - elastic_controller (/app/orion/services/elastic_manager/elastic_controller.py:120)
ERROR - 11/08/2025 11:01:18 : ELASTIC : [5] Something unexpected happened while reading : BadRequestError(400, 'search_phase_execution_exception', 'No mapping found for [m_leak_date] in order to sort on') - elastic_controller (/app/orion/services/elastic_manager/elastic_controller.py:120)
ERROR - 11/08/2025 11:02:39 : ELASTIC : [5] Something unexpected happened while reading : BadRequestError(400, 'search_phase_execution_exception', 'unknown field [m_update_date]') - elastic_controller (/app/orion/services/elastic_manager/elastic_controller.py:120)
ERROR - 11/08/2025 11:02:39 : ELASTIC : [5] Something unexpected happened while reading : BadRequestError(400, 'search_phase_execution_exception', 'No mapping found for [m_leak_date] in order to sort on') - elastic_controller (/app/orion/services/elastic_manager/elastic_controller.py:120)
ERROR - 11/08/2025 11:02:54 : ELASTIC : [5] Something unexpected happened while reading : BadRequestError(400, 'search_phase_execution_exception', 'unknown field [m_update_date]') - elastic_controller (/app/orion/services/elastic_manager/elastic_controller.py:120)
ERROR - 11/08/2025 11:02:54 : ELASTIC : [5] Something unexpected happened while reading : BadRequestError(400, 'search_phase_execution_exception', 'No mapping found for [m_leak_date] in order to sort on') - elastic_controller (/app/orion/services/elastic_manager/elastic_controller.py:120)
ERROR - 11/08/2025 11:03:36 : ELASTIC : [5] Something unexpected happened while reading : BadRequestError(400, 'search_phase_execution_exception', 'unknown field [m_update_date]') - elastic_controller (/app/orion/services/elastic_manager/elastic_controller.py:120)
ERROR - 11/08/2025 11:03:36 : ELASTIC : [5] Something unexpected happened while reading : BadRequestError(400, 'search_phase_execution_exception', 'No mapping found for [m_leak_date] in order to sort on') - elastic_controller (/app/orion/services/elastic_manager/elastic_controller.py:120)
ERROR - 11/08/2025 11:09:56 : ELASTIC : [5] Something unexpected happened while reading : BadRequestError(400, 'search_phase_execution_exception', 'unknown field [m_update_date]') - elastic_controller (/app/orion/services/elastic_manager/elastic_controller.py:120)
ERROR - 11/08/2025 11:09:56 : ELASTIC : [5] Something unexpected happened while reading : BadRequestError(400, 'search_phase_execution_exception', 'unknown field [m_update_date]') - elastic_controller (/app/orion/services/elastic_manager/elastic_controller.py:120)
ERROR - 11/08/2025 11:09:56 : ELASTIC : [5] Something unexpected happened while reading : BadRequestError(400, 'search_phase_execution_exception', 'No mapping found for [m_leak_date] in order to sort on') - elastic_controller (/app/orion/services/elastic_manager/elastic_controller.py:120)
ERROR - 11/08/2025 11:09:56 : ELASTIC : [5] Something unexpected happened while reading : BadRequestError(400, 'search_phase_execution_exception', 'No mapping found for [m_leak_date] in order to sort on') - elastic_controller (/app/orion/services/elastic_manager/elastic_controller.py:120)
ERROR - 11/08/2025 13:57:31 : ELASTIC : [5] Something unexpected happened while reading : BadRequestError(400, 'search_phase_execution_exception', 'No mapping found for [m_update_date] in order to sort on') - elastic_controller (/app/orion/services/elastic_manager/elastic_controller.py:120)
ERROR - 11/08/2025 13:57:31 : ELASTIC : [5] Something unexpected happened while reading : BadRequestError(400, 'search_phase_execution_exception', 'No mapping found for [m_update_date] in order to sort on') - elastic_controller (/app/orion/services/elastic_manager/elastic_controller.py:120)
ERROR - 11/08/2025 13:57:31 : ELASTIC : [5] Something unexpected happened while reading : BadRequestError(400, 'search_phase_execution_exception', 'No mapping found for [m_leak_date] in order to sort on') - elastic_controller (/app/orion/services/elastic_manager/elastic_controller.py:120)
ERROR - 11/08/2025 13:57:31 : ELASTIC : [5] Something unexpected happened while reading : BadRequestError(400, 'search_phase_execution_exception', 'No mapping found for [m_leak_date] in order to sort on') - elastic_controller (/app/orion/services/elastic_manager/elastic_controller.py:120)
