ERROR - 21/07/2025 05:46:05 : ELASTIC : [5] Something unexpected happened while reading : BadRequestError(400, 'search_phase_execution_exception', 'No mapping found for [m_update_date] in order to sort on') - elastic_controller (/app/orion/services/elastic_manager/elastic_controller.py:123)
ERROR - 21/07/2025 05:47:16 : ELASTIC : [5] Something unexpected happened while reading : BadRequestError(400, 'search_phase_execution_exception', 'unknown field [m_update_date]') - elastic_controller (/app/orion/services/elastic_manager/elastic_controller.py:123)
ERROR - 21/07/2025 05:47:16 : ELASTIC : [5] Something unexpected happened while reading : BadRequestError(400, 'search_phase_execution_exception', 'unknown field [m_update_date]') - elastic_controller (/app/orion/services/elastic_manager/elastic_controller.py:123)
ERROR - 21/07/2025 05:48:23 : ELASTIC : [5] Something unexpected happened while reading : BadRequestError(400, 'search_phase_execution_exception', 'unknown field [m_update_date]') - elastic_controller (/app/orion/services/elastic_manager/elastic_controller.py:123)
ERROR - 21/07/2025 05:48:27 : ELASTIC : [5] Something unexpected happened while reading : BadRequestError(400, 'search_phase_execution_exception', 'unknown field [m_update_date]') - elastic_controller (/app/orion/services/elastic_manager/elastic_controller.py:123)
ERROR - 21/07/2025 05:52:31 : ELASTIC : [5] Something unexpected happened while reading : BadRequestError(400, 'search_phase_execution_exception', 'No mapping found for [m_update_date] in order to sort on') - elastic_controller (/app/orion/services/elastic_manager/elastic_controller.py:123)
ERROR - 21/07/2025 05:52:34 : ELASTIC : [5] Something unexpected happened while reading : BadRequestError(400, 'search_phase_execution_exception', 'unknown field [m_update_date]') - elastic_controller (/app/orion/services/elastic_manager/elastic_controller.py:123)
ERROR - 21/07/2025 06:43:45 : ELASTIC : [5] Something unexpected happened while reading : BadRequestError(400, 'search_phase_execution_exception', 'No mapping found for [m_update_date] in order to sort on') - elastic_controller (/app/orion/services/elastic_manager/elastic_controller.py:123)
ERROR - 21/07/2025 06:43:45 : ELASTIC : [5] Something unexpected happened while reading : BadRequestError(400, 'search_phase_execution_exception', 'No mapping found for [m_update_date] in order to sort on') - elastic_controller (/app/orion/services/elastic_manager/elastic_controller.py:123)
ERROR - 21/07/2025 06:56:42 : ELASTIC : [5] Something unexpected happened while reading : BadRequestError(400, 'search_phase_execution_exception', 'No mapping found for [m_update_date] in order to sort on') - elastic_controller (/app/orion/services/elastic_manager/elastic_controller.py:123)
ERROR - 21/07/2025 06:56:44 : ELASTIC : [5] Something unexpected happened while reading : BadRequestError(400, 'search_phase_execution_exception', 'unknown field [m_update_date]') - elastic_controller (/app/orion/services/elastic_manager/elastic_controller.py:123)
ERROR - 21/07/2025 06:56:49 : ELASTIC : [5] Something unexpected happened while reading : BadRequestError(400, 'search_phase_execution_exception', 'unknown field [m_update_date]') - elastic_controller (/app/orion/services/elastic_manager/elastic_controller.py:123)
ERROR - 21/07/2025 06:56:49 : ELASTIC : [5] Something unexpected happened while reading : BadRequestError(400, 'search_phase_execution_exception', 'unknown field [m_update_date]') - elastic_controller (/app/orion/services/elastic_manager/elastic_controller.py:123)
ERROR - 21/07/2025 07:02:28 : ELASTIC : [5] Something unexpected happened while reading : BadRequestError(400, 'search_phase_execution_exception', 'No mapping found for [m_update_date] in order to sort on') - elastic_controller (/app/orion/services/elastic_manager/elastic_controller.py:123)
ERROR - 21/07/2025 07:02:28 : ELASTIC : [5] Something unexpected happened while reading : BadRequestError(400, 'search_phase_execution_exception', 'No mapping found for [m_update_date] in order to sort on') - elastic_controller (/app/orion/services/elastic_manager/elastic_controller.py:123)
ERROR - 21/07/2025 07:02:28 : ELASTIC : [5] Something unexpected happened while reading : BadRequestError(400, 'search_phase_execution_exception', 'No mapping found for [m_update_date] in order to sort on') - elastic_controller (/app/orion/services/elastic_manager/elastic_controller.py:123)
ERROR - 21/07/2025 08:15:22 : ELASTIC : [5] Something unexpected happened while reading : BadRequestError(400, 'search_phase_execution_exception', 'No mapping found for [m_update_date] in order to sort on') - elastic_controller (/app/orion/services/elastic_manager/elastic_controller.py:123)
ERROR - 21/07/2025 08:16:12 : ELASTIC : [5] Something unexpected happened while reading : BadRequestError(400, 'search_phase_execution_exception', 'unknown field [m_update_date]') - elastic_controller (/app/orion/services/elastic_manager/elastic_controller.py:123)
ERROR - 21/07/2025 08:16:12 : ELASTIC : [5] Something unexpected happened while reading : BadRequestError(400, 'search_phase_execution_exception', 'unknown field [m_update_date]') - elastic_controller (/app/orion/services/elastic_manager/elastic_controller.py:123)
ERROR - 21/07/2025 08:16:53 : ELASTIC : [5] Something unexpected happened while reading : BadRequestError(400, 'search_phase_execution_exception', 'No mapping found for [m_update_date] in order to sort on') - elastic_controller (/app/orion/services/elastic_manager/elastic_controller.py:123)
ERROR - 21/07/2025 08:16:53 : ELASTIC : [5] Something unexpected happened while reading : BadRequestError(400, 'search_phase_execution_exception', 'No mapping found for [m_update_date] in order to sort on') - elastic_controller (/app/orion/services/elastic_manager/elastic_controller.py:123)
ERROR - 21/07/2025 08:16:53 : ELASTIC : [5] Something unexpected happened while reading : BadRequestError(400, 'search_phase_execution_exception', 'No mapping found for [m_update_date] in order to sort on') - elastic_controller (/app/orion/services/elastic_manager/elastic_controller.py:123)
ERROR - 21/07/2025 09:01:58 : ELASTIC : [5] Something unexpected happened while reading : BadRequestError(400, 'search_phase_execution_exception', 'No mapping found for [m_update_date] in order to sort on') - elastic_controller (/app/orion/services/elastic_manager/elastic_controller.py:123)
ERROR - 21/07/2025 09:02:09 : ELASTIC : [5] Something unexpected happened while reading : BadRequestError(400, 'search_phase_execution_exception', 'No mapping found for [m_update_date] in order to sort on') - elastic_controller (/app/orion/services/elastic_manager/elastic_controller.py:123)
ERROR - 21/07/2025 09:03:14 : ELASTIC : [5] Something unexpected happened while reading : BadRequestError(400, 'search_phase_execution_exception', 'No mapping found for [m_update_date] in order to sort on') - elastic_controller (/app/orion/services/elastic_manager/elastic_controller.py:123)
ERROR - 21/07/2025 09:03:14 : ELASTIC : [5] Something unexpected happened while reading : BadRequestError(400, 'search_phase_execution_exception', 'No mapping found for [m_update_date] in order to sort on') - elastic_controller (/app/orion/services/elastic_manager/elastic_controller.py:123)
ERROR - 21/07/2025 09:08:09 : ELASTIC : [5] Something unexpected happened while reading : BadRequestError(400, 'search_phase_execution_exception', 'No mapping found for [m_update_date] in order to sort on') - elastic_controller (/app/orion/services/elastic_manager/elastic_controller.py:123)
ERROR - 21/07/2025 09:08:09 : ELASTIC : [5] Something unexpected happened while reading : BadRequestError(400, 'search_phase_execution_exception', 'No mapping found for [m_update_date] in order to sort on') - elastic_controller (/app/orion/services/elastic_manager/elastic_controller.py:123)
ERROR - 21/07/2025 09:08:09 : ELASTIC : [5] Something unexpected happened while reading : BadRequestError(400, 'search_phase_execution_exception', 'No mapping found for [m_update_date] in order to sort on') - elastic_controller (/app/orion/services/elastic_manager/elastic_controller.py:123)
ERROR - 21/07/2025 09:08:09 : ELASTIC : [5] Something unexpected happened while reading : BadRequestError(400, 'search_phase_execution_exception', 'No mapping found for [m_update_date] in order to sort on') - elastic_controller (/app/orion/services/elastic_manager/elastic_controller.py:123)
ERROR - 21/07/2025 09:08:09 : ELASTIC : [5] Something unexpected happened while reading : BadRequestError(400, 'search_phase_execution_exception', 'No mapping found for [m_update_date] in order to sort on') - elastic_controller (/app/orion/services/elastic_manager/elastic_controller.py:123)
ERROR - 21/07/2025 09:12:37 : ELASTIC : [5] Something unexpected happened while reading : BadRequestError(400, 'search_phase_execution_exception', 'No mapping found for [m_update_date] in order to sort on') - elastic_controller (/app/orion/services/elastic_manager/elastic_controller.py:123)
ERROR - 21/07/2025 09:16:16 : ELASTIC : [5] Something unexpected happened while reading : BadRequestError(400, 'search_phase_execution_exception', 'No mapping found for [m_update_date] in order to sort on') - elastic_controller (/app/orion/services/elastic_manager/elastic_controller.py:123)
ERROR - 21/07/2025 09:18:18 : ELASTIC : [5] Something unexpected happened while reading : BadRequestError(400, 'search_phase_execution_exception', 'No mapping found for [m_update_date] in order to sort on') - elastic_controller (/app/orion/services/elastic_manager/elastic_controller.py:123)
ERROR - 21/07/2025 09:20:53 : ELASTIC : [5] Something unexpected happened while reading : BadRequestError(400, 'search_phase_execution_exception', 'No mapping found for [m_update_date] in order to sort on') - elastic_controller (/app/orion/services/elastic_manager/elastic_controller.py:123)
ERROR - 21/07/2025 09:21:11 : ELASTIC : [5] Something unexpected happened while reading : BadRequestError(400, 'search_phase_execution_exception', 'No mapping found for [m_update_date] in order to sort on') - elastic_controller (/app/orion/services/elastic_manager/elastic_controller.py:123)
ERROR - 21/07/2025 09:22:22 : ELASTIC : [5] Something unexpected happened while reading : BadRequestError(400, 'search_phase_execution_exception', 'No mapping found for [m_update_date] in order to sort on') - elastic_controller (/app/orion/services/elastic_manager/elastic_controller.py:123)
ERROR - 21/07/2025 09:22:33 : ELASTIC : [5] Something unexpected happened while reading : BadRequestError(400, 'search_phase_execution_exception', 'unknown field [m_update_date]') - elastic_controller (/app/orion/services/elastic_manager/elastic_controller.py:123)
ERROR - 21/07/2025 09:22:33 : ELASTIC : [5] Something unexpected happened while reading : BadRequestError(400, 'search_phase_execution_exception', 'unknown field [m_update_date]') - elastic_controller (/app/orion/services/elastic_manager/elastic_controller.py:123)
ERROR - 21/07/2025 10:01:41 : ELASTIC : [5] Something unexpected happened while reading : BadRequestError(400, 'search_phase_execution_exception', 'unknown field [m_update_date]') - elastic_controller (/app/orion/services/elastic_manager/elastic_controller.py:123)
ERROR - 21/07/2025 10:01:45 : ELASTIC : [5] Something unexpected happened while reading : BadRequestError(400, 'search_phase_execution_exception', 'No mapping found for [m_update_date] in order to sort on') - elastic_controller (/app/orion/services/elastic_manager/elastic_controller.py:123)
ERROR - 21/07/2025 10:02:14 : ELASTIC : [5] Something unexpected happened while reading : BadRequestError(400, 'search_phase_execution_exception', 'No mapping found for [m_update_date] in order to sort on') - elastic_controller (/app/orion/services/elastic_manager/elastic_controller.py:123)
ERROR - 21/07/2025 10:02:34 : ELASTIC : [5] Something unexpected happened while reading : BadRequestError(400, 'search_phase_execution_exception', 'No mapping found for [m_update_date] in order to sort on') - elastic_controller (/app/orion/services/elastic_manager/elastic_controller.py:123)
ERROR - 21/07/2025 10:02:38 : ELASTIC : [5] Something unexpected happened while reading : BadRequestError(400, 'search_phase_execution_exception', 'unknown field [m_update_date]') - elastic_controller (/app/orion/services/elastic_manager/elastic_controller.py:123)
ERROR - 21/07/2025 10:05:57 : ELASTIC : [5] Something unexpected happened while reading : BadRequestError(400, 'search_phase_execution_exception', 'unknown field [m_update_date]') - elastic_controller (/app/orion/services/elastic_manager/elastic_controller.py:123)
ERROR - 21/07/2025 10:07:43 : ELASTIC : [5] Something unexpected happened while reading : BadRequestError(400, 'search_phase_execution_exception', 'unknown field [m_update_date]') - elastic_controller (/app/orion/services/elastic_manager/elastic_controller.py:123)
ERROR - 21/07/2025 10:07:59 : ELASTIC : [5] Something unexpected happened while reading : BadRequestError(400, 'search_phase_execution_exception', 'unknown field [m_update_date]') - elastic_controller (/app/orion/services/elastic_manager/elastic_controller.py:123)
ERROR - 21/07/2025 10:09:04 : ELASTIC : [5] Something unexpected happened while reading : BadRequestError(400, 'search_phase_execution_exception', 'unknown field [m_update_date]') - elastic_controller (/app/orion/services/elastic_manager/elastic_controller.py:123)
ERROR - 21/07/2025 10:09:47 : ELASTIC : [5] Something unexpected happened while reading : BadRequestError(400, 'search_phase_execution_exception', 'unknown field [m_update_date]') - elastic_controller (/app/orion/services/elastic_manager/elastic_controller.py:123)
ERROR - 21/07/2025 10:10:21 : ELASTIC : [5] Something unexpected happened while reading : BadRequestError(400, 'search_phase_execution_exception', 'unknown field [m_update_date]') - elastic_controller (/app/orion/services/elastic_manager/elastic_controller.py:123)
ERROR - 21/07/2025 10:10:28 : ELASTIC : [5] Something unexpected happened while reading : BadRequestError(400, 'search_phase_execution_exception', 'unknown field [m_update_date]') - elastic_controller (/app/orion/services/elastic_manager/elastic_controller.py:123)
ERROR - 21/07/2025 10:33:43 : ELASTIC : [5] Something unexpected happened while reading : BadRequestError(400, 'search_phase_execution_exception', 'unknown field [m_update_date]') - elastic_controller (/app/orion/services/elastic_manager/elastic_controller.py:123)
ERROR - 21/07/2025 10:34:40 : ELASTIC : [5] Something unexpected happened while reading : BadRequestError(400, 'search_phase_execution_exception', 'unknown field [m_update_date]') - elastic_controller (/app/orion/services/elastic_manager/elastic_controller.py:123)
ERROR - 21/07/2025 10:36:29 : ELASTIC : [5] Something unexpected happened while reading : BadRequestError(400, 'search_phase_execution_exception', 'unknown field [m_update_date]') - elastic_controller (/app/orion/services/elastic_manager/elastic_controller.py:123)
ERROR - 21/07/2025 10:41:11 : ELASTIC : [5] Something unexpected happened while reading : BadRequestError(400, 'search_phase_execution_exception', 'No mapping found for [m_update_date] in order to sort on') - elastic_controller (/app/orion/services/elastic_manager/elastic_controller.py:123)
ERROR - 21/07/2025 10:41:11 : ELASTIC : [5] Something unexpected happened while reading : BadRequestError(400, 'search_phase_execution_exception', 'No mapping found for [m_update_date] in order to sort on') - elastic_controller (/app/orion/services/elastic_manager/elastic_controller.py:123)
ERROR - 21/07/2025 10:41:11 : ELASTIC : [5] Something unexpected happened while reading : BadRequestError(400, 'search_phase_execution_exception', 'No mapping found for [m_update_date] in order to sort on') - elastic_controller (/app/orion/services/elastic_manager/elastic_controller.py:123)
ERROR - 21/07/2025 10:41:11 : ELASTIC : [5] Something unexpected happened while reading : BadRequestError(400, 'search_phase_execution_exception', 'No mapping found for [m_update_date] in order to sort on') - elastic_controller (/app/orion/services/elastic_manager/elastic_controller.py:123)
ERROR - 21/07/2025 10:41:11 : ELASTIC : [5] Something unexpected happened while reading : BadRequestError(400, 'search_phase_execution_exception', 'No mapping found for [m_update_date] in order to sort on') - elastic_controller (/app/orion/services/elastic_manager/elastic_controller.py:123)
ERROR - 21/07/2025 10:41:11 : ELASTIC : [5] Something unexpected happened while reading : BadRequestError(400, 'search_phase_execution_exception', 'No mapping found for [m_update_date] in order to sort on') - elastic_controller (/app/orion/services/elastic_manager/elastic_controller.py:123)
ERROR - 21/07/2025 10:41:11 : ELASTIC : [5] Something unexpected happened while reading : BadRequestError(400, 'search_phase_execution_exception', 'No mapping found for [m_update_date] in order to sort on') - elastic_controller (/app/orion/services/elastic_manager/elastic_controller.py:123)
ERROR - 21/07/2025 10:42:37 : ELASTIC : [5] Something unexpected happened while reading : BadRequestError(400, 'search_phase_execution_exception', 'No mapping found for [m_update_date] in order to sort on') - elastic_controller (/app/orion/services/elastic_manager/elastic_controller.py:123)
ERROR - 21/07/2025 10:44:05 : ELASTIC : [5] Something unexpected happened while reading : BadRequestError(400, 'search_phase_execution_exception', 'No mapping found for [m_update_date] in order to sort on') - elastic_controller (/app/orion/services/elastic_manager/elastic_controller.py:123)
ERROR - 21/07/2025 10:44:05 : ELASTIC : [5] Something unexpected happened while reading : BadRequestError(400, 'search_phase_execution_exception', 'No mapping found for [m_update_date] in order to sort on') - elastic_controller (/app/orion/services/elastic_manager/elastic_controller.py:123)
ERROR - 21/07/2025 10:45:26 : ELASTIC : [5] Something unexpected happened while reading : BadRequestError(400, 'search_phase_execution_exception', 'No mapping found for [m_update_date] in order to sort on') - elastic_controller (/app/orion/services/elastic_manager/elastic_controller.py:123)
ERROR - 21/07/2025 10:45:36 : ELASTIC : [5] Something unexpected happened while reading : BadRequestError(400, 'search_phase_execution_exception', 'No mapping found for [m_update_date] in order to sort on') - elastic_controller (/app/orion/services/elastic_manager/elastic_controller.py:123)
ERROR - 21/07/2025 10:47:20 : ELASTIC : [5] Something unexpected happened while reading : BadRequestError(400, 'search_phase_execution_exception', 'No mapping found for [m_update_date] in order to sort on') - elastic_controller (/app/orion/services/elastic_manager/elastic_controller.py:123)
ERROR - 21/07/2025 10:48:22 : ELASTIC : [5] Something unexpected happened while reading : BadRequestError(400, 'search_phase_execution_exception', 'No mapping found for [m_update_date] in order to sort on') - elastic_controller (/app/orion/services/elastic_manager/elastic_controller.py:123)
ERROR - 21/07/2025 10:48:36 : ELASTIC : [5] Something unexpected happened while reading : BadRequestError(400, 'search_phase_execution_exception', 'No mapping found for [m_update_date] in order to sort on') - elastic_controller (/app/orion/services/elastic_manager/elastic_controller.py:123)
ERROR - 21/07/2025 10:51:47 : ELASTIC : [5] Something unexpected happened while reading : BadRequestError(400, 'search_phase_execution_exception', 'No mapping found for [m_update_date] in order to sort on') - elastic_controller (/app/orion/services/elastic_manager/elastic_controller.py:123)
ERROR - 21/07/2025 10:51:47 : ELASTIC : [5] Something unexpected happened while reading : BadRequestError(400, 'search_phase_execution_exception', 'No mapping found for [m_update_date] in order to sort on') - elastic_controller (/app/orion/services/elastic_manager/elastic_controller.py:123)
ERROR - 21/07/2025 10:51:47 : ELASTIC : [5] Something unexpected happened while reading : BadRequestError(400, 'search_phase_execution_exception', 'No mapping found for [m_update_date] in order to sort on') - elastic_controller (/app/orion/services/elastic_manager/elastic_controller.py:123)
ERROR - 21/07/2025 10:51:47 : ELASTIC : [5] Something unexpected happened while reading : BadRequestError(400, 'search_phase_execution_exception', 'No mapping found for [m_update_date] in order to sort on') - elastic_controller (/app/orion/services/elastic_manager/elastic_controller.py:123)
ERROR - 21/07/2025 10:51:47 : ELASTIC : [5] Something unexpected happened while reading : BadRequestError(400, 'search_phase_execution_exception', 'No mapping found for [m_update_date] in order to sort on') - elastic_controller (/app/orion/services/elastic_manager/elastic_controller.py:123)
ERROR - 21/07/2025 10:52:45 : ELASTIC : [5] Something unexpected happened while reading : BadRequestError(400, 'search_phase_execution_exception', 'No mapping found for [m_update_date] in order to sort on') - elastic_controller (/app/orion/services/elastic_manager/elastic_controller.py:123)
ERROR - 21/07/2025 10:52:48 : ELASTIC : [5] Something unexpected happened while reading : BadRequestError(400, 'search_phase_execution_exception', 'No mapping found for [m_update_date] in order to sort on') - elastic_controller (/app/orion/services/elastic_manager/elastic_controller.py:123)
ERROR - 21/07/2025 10:55:08 : ELASTIC : [5] Something unexpected happened while reading : BadRequestError(400, 'search_phase_execution_exception', 'No mapping found for [m_update_date] in order to sort on') - elastic_controller (/app/orion/services/elastic_manager/elastic_controller.py:123)
ERROR - 21/07/2025 10:56:05 : ELASTIC : [5] Something unexpected happened while reading : BadRequestError(400, 'search_phase_execution_exception', 'No mapping found for [m_update_date] in order to sort on') - elastic_controller (/app/orion/services/elastic_manager/elastic_controller.py:123)
ERROR - 21/07/2025 10:56:13 : ELASTIC : [5] Something unexpected happened while reading : BadRequestError(400, 'search_phase_execution_exception', 'No mapping found for [m_update_date] in order to sort on') - elastic_controller (/app/orion/services/elastic_manager/elastic_controller.py:123)
ERROR - 21/07/2025 10:58:23 : ELASTIC : [5] Something unexpected happened while reading : BadRequestError(400, 'search_phase_execution_exception', 'No mapping found for [m_update_date] in order to sort on') - elastic_controller (/app/orion/services/elastic_manager/elastic_controller.py:123)
ERROR - 21/07/2025 10:58:34 : ELASTIC : [5] Something unexpected happened while reading : BadRequestError(400, 'search_phase_execution_exception', 'No mapping found for [m_update_date] in order to sort on') - elastic_controller (/app/orion/services/elastic_manager/elastic_controller.py:123)
ERROR - 21/07/2025 10:58:43 : ELASTIC : [5] Something unexpected happened while reading : BadRequestError(400, 'search_phase_execution_exception', 'No mapping found for [m_update_date] in order to sort on') - elastic_controller (/app/orion/services/elastic_manager/elastic_controller.py:123)
ERROR - 21/07/2025 11:00:47 : ELASTIC : [5] Something unexpected happened while reading : BadRequestError(400, 'search_phase_execution_exception', 'No mapping found for [m_update_date] in order to sort on') - elastic_controller (/app/orion/services/elastic_manager/elastic_controller.py:123)
ERROR - 21/07/2025 11:00:47 : ELASTIC : [5] Something unexpected happened while reading : BadRequestError(400, 'search_phase_execution_exception', 'No mapping found for [m_update_date] in order to sort on') - elastic_controller (/app/orion/services/elastic_manager/elastic_controller.py:123)
ERROR - 21/07/2025 11:00:53 : ELASTIC : [5] Something unexpected happened while reading : BadRequestError(400, 'search_phase_execution_exception', 'unknown field [m_update_date]') - elastic_controller (/app/orion/services/elastic_manager/elastic_controller.py:123)
ERROR - 21/07/2025 11:00:53 : ELASTIC : [5] Something unexpected happened while reading : BadRequestError(400, 'search_phase_execution_exception', 'unknown field [m_update_date]') - elastic_controller (/app/orion/services/elastic_manager/elastic_controller.py:123)
ERROR - 21/07/2025 11:03:15 : ELASTIC : [5] Something unexpected happened while reading : BadRequestError(400, 'search_phase_execution_exception', 'No mapping found for [m_update_date] in order to sort on') - elastic_controller (/app/orion/services/elastic_manager/elastic_controller.py:123)
ERROR - 21/07/2025 11:03:15 : ELASTIC : [5] Something unexpected happened while reading : BadRequestError(400, 'search_phase_execution_exception', 'unknown field [m_update_date]') - elastic_controller (/app/orion/services/elastic_manager/elastic_controller.py:123)
ERROR - 21/07/2025 11:03:15 : ELASTIC : [5] Something unexpected happened while reading : BadRequestError(400, 'search_phase_execution_exception', 'unknown field [m_update_date]') - elastic_controller (/app/orion/services/elastic_manager/elastic_controller.py:123)
ERROR - 21/07/2025 11:03:15 : ELASTIC : [5] Something unexpected happened while reading : BadRequestError(400, 'search_phase_execution_exception', 'unknown field [m_update_date]') - elastic_controller (/app/orion/services/elastic_manager/elastic_controller.py:123)
ERROR - 21/07/2025 11:03:15 : ELASTIC : [5] Something unexpected happened while reading : BadRequestError(400, 'search_phase_execution_exception', 'unknown field [m_update_date]') - elastic_controller (/app/orion/services/elastic_manager/elastic_controller.py:123)
ERROR - 21/07/2025 11:03:15 : ELASTIC : [5] Something unexpected happened while reading : BadRequestError(400, 'search_phase_execution_exception', 'unknown field [m_update_date]') - elastic_controller (/app/orion/services/elastic_manager/elastic_controller.py:123)
ERROR - 21/07/2025 11:03:15 : ELASTIC : [5] Something unexpected happened while reading : BadRequestError(400, 'search_phase_execution_exception', 'unknown field [m_update_date]') - elastic_controller (/app/orion/services/elastic_manager/elastic_controller.py:123)
ERROR - 21/07/2025 11:03:15 : ELASTIC : [5] Something unexpected happened while reading : BadRequestError(400, 'search_phase_execution_exception', 'unknown field [m_update_date]') - elastic_controller (/app/orion/services/elastic_manager/elastic_controller.py:123)
ERROR - 21/07/2025 11:03:30 : ELASTIC : [5] Something unexpected happened while reading : BadRequestError(400, 'search_phase_execution_exception', 'unknown field [m_update_date]') - elastic_controller (/app/orion/services/elastic_manager/elastic_controller.py:123)
ERROR - 21/07/2025 11:03:30 : ELASTIC : [5] Something unexpected happened while reading : BadRequestError(400, 'search_phase_execution_exception', 'unknown field [m_update_date]') - elastic_controller (/app/orion/services/elastic_manager/elastic_controller.py:123)
ERROR - 21/07/2025 11:09:42 : ELASTIC : [5] Something unexpected happened while reading : BadRequestError(400, 'search_phase_execution_exception', 'unknown field [m_update_date]') - elastic_controller (/app/orion/services/elastic_manager/elastic_controller.py:123)
ERROR - 21/07/2025 11:10:15 : ELASTIC : [5] Something unexpected happened while reading : BadRequestError(400, 'search_phase_execution_exception', 'unknown field [m_update_date]') - elastic_controller (/app/orion/services/elastic_manager/elastic_controller.py:123)
ERROR - 21/07/2025 11:14:39 : ELASTIC : [5] Something unexpected happened while reading : BadRequestError(400, 'search_phase_execution_exception', 'unknown field [m_update_date]') - elastic_controller (/app/orion/services/elastic_manager/elastic_controller.py:123)
ERROR - 21/07/2025 11:19:36 : ELASTIC : [5] Something unexpected happened while reading : BadRequestError(400, 'search_phase_execution_exception', 'No mapping found for [m_update_date] in order to sort on') - elastic_controller (/app/orion/services/elastic_manager/elastic_controller.py:123)
ERROR - 21/07/2025 11:19:36 : ELASTIC : [5] Something unexpected happened while reading : BadRequestError(400, 'search_phase_execution_exception', 'No mapping found for [m_update_date] in order to sort on') - elastic_controller (/app/orion/services/elastic_manager/elastic_controller.py:123)
ERROR - 21/07/2025 11:19:36 : ELASTIC : [5] Something unexpected happened while reading : BadRequestError(400, 'search_phase_execution_exception', 'No mapping found for [m_update_date] in order to sort on') - elastic_controller (/app/orion/services/elastic_manager/elastic_controller.py:123)
ERROR - 21/07/2025 11:19:36 : ELASTIC : [5] Something unexpected happened while reading : BadRequestError(400, 'search_phase_execution_exception', 'No mapping found for [m_update_date] in order to sort on') - elastic_controller (/app/orion/services/elastic_manager/elastic_controller.py:123)
ERROR - 21/07/2025 11:19:36 : ELASTIC : [5] Something unexpected happened while reading : BadRequestError(400, 'search_phase_execution_exception', 'No mapping found for [m_update_date] in order to sort on') - elastic_controller (/app/orion/services/elastic_manager/elastic_controller.py:123)
ERROR - 21/07/2025 11:19:42 : ELASTIC : [5] Something unexpected happened while reading : BadRequestError(400, 'search_phase_execution_exception', 'unknown field [m_update_date]') - elastic_controller (/app/orion/services/elastic_manager/elastic_controller.py:123)
ERROR - 21/07/2025 11:21:44 : ELASTIC : [5] Something unexpected happened while reading : BadRequestError(400, 'search_phase_execution_exception', 'unknown field [m_update_date]') - elastic_controller (/app/orion/services/elastic_manager/elastic_controller.py:123)
ERROR - 21/07/2025 11:22:28 : ELASTIC : [5] Something unexpected happened while reading : BadRequestError(400, 'search_phase_execution_exception', 'unknown field [m_update_date]') - elastic_controller (/app/orion/services/elastic_manager/elastic_controller.py:123)
ERROR - 21/07/2025 11:24:04 : ELASTIC : [5] Something unexpected happened while reading : BadRequestError(400, 'search_phase_execution_exception', 'No mapping found for [m_update_date] in order to sort on') - elastic_controller (/app/orion/services/elastic_manager/elastic_controller.py:123)
ERROR - 21/07/2025 11:24:04 : ELASTIC : [5] Something unexpected happened while reading : BadRequestError(400, 'search_phase_execution_exception', 'No mapping found for [m_update_date] in order to sort on') - elastic_controller (/app/orion/services/elastic_manager/elastic_controller.py:123)
ERROR - 21/07/2025 11:25:43 : ELASTIC : [5] Something unexpected happened while reading : BadRequestError(400, 'search_phase_execution_exception', 'unknown field [m_update_date]') - elastic_controller (/app/orion/services/elastic_manager/elastic_controller.py:123)
ERROR - 21/07/2025 11:25:43 : ELASTIC : [5] Something unexpected happened while reading : BadRequestError(400, 'search_phase_execution_exception', 'unknown field [m_update_date]') - elastic_controller (/app/orion/services/elastic_manager/elastic_controller.py:123)
ERROR - 21/07/2025 11:27:18 : ELASTIC : [5] Something unexpected happened while reading : BadRequestError(400, 'search_phase_execution_exception', 'unknown field [m_update_date]') - elastic_controller (/app/orion/services/elastic_manager/elastic_controller.py:123)
ERROR - 21/07/2025 11:30:57 : ELASTIC : [5] Something unexpected happened while reading : BadRequestError(400, 'search_phase_execution_exception', 'no mapping found for field [m_content]') - elastic_controller (/app/orion/services/elastic_manager/elastic_controller.py:103)
ERROR - 21/07/2025 11:32:25 : ELASTIC : [5] Something unexpected happened while reading : BadRequestError(400, 'search_phase_execution_exception', 'no mapping found for field [m_content]') - elastic_controller (/app/orion/services/elastic_manager/elastic_controller.py:103)
ERROR - 21/07/2025 11:43:18 : ELASTIC : [5] Something unexpected happened while reading : BadRequestError(400, 'search_phase_execution_exception', 'No mapping found for [m_update_date] in order to sort on') - elastic_controller (/app/orion/services/elastic_manager/elastic_controller.py:123)
ERROR - 21/07/2025 11:43:18 : ELASTIC : [5] Something unexpected happened while reading : BadRequestError(400, 'search_phase_execution_exception', 'No mapping found for [m_update_date] in order to sort on') - elastic_controller (/app/orion/services/elastic_manager/elastic_controller.py:123)
ERROR - 21/07/2025 11:43:31 : ELASTIC : [5] Something unexpected happened while reading : BadRequestError(400, 'search_phase_execution_exception', 'unknown field [m_update_date]') - elastic_controller (/app/orion/services/elastic_manager/elastic_controller.py:123)
ERROR - 21/07/2025 11:43:31 : ELASTIC : [5] Something unexpected happened while reading : BadRequestError(400, 'search_phase_execution_exception', 'unknown field [m_update_date]') - elastic_controller (/app/orion/services/elastic_manager/elastic_controller.py:123)
ERROR - 21/07/2025 11:58:37 : ELASTIC : [5] Something unexpected happened while reading : BadRequestError(400, 'search_phase_execution_exception', 'unknown field [m_update_date]') - elastic_controller (/app/orion/services/elastic_manager/elastic_controller.py:123)
ERROR - 21/07/2025 11:58:38 : ELASTIC : [5] Something unexpected happened while reading : BadRequestError(400, 'search_phase_execution_exception', 'unknown field [m_update_date]') - elastic_controller (/app/orion/services/elastic_manager/elastic_controller.py:123)
ERROR - 21/07/2025 12:10:40 : ELASTIC : [5] Something unexpected happened while reading : BadRequestError(400, 'search_phase_execution_exception', 'unknown field [m_update_date]') - elastic_controller (/app/orion/services/elastic_manager/elastic_controller.py:123)
ERROR - 21/07/2025 12:11:25 : ELASTIC : [5] Something unexpected happened while reading : BadRequestError(400, 'search_phase_execution_exception', 'unknown field [m_update_date]') - elastic_controller (/app/orion/services/elastic_manager/elastic_controller.py:123)
ERROR - 21/07/2025 12:12:26 : ELASTIC : [5] Something unexpected happened while reading : BadRequestError(400, 'search_phase_execution_exception', 'unknown field [m_update_date]') - elastic_controller (/app/orion/services/elastic_manager/elastic_controller.py:123)
ERROR - 21/07/2025 12:12:26 : ELASTIC : [5] Something unexpected happened while reading : BadRequestError(400, 'search_phase_execution_exception', 'unknown field [m_update_date]') - elastic_controller (/app/orion/services/elastic_manager/elastic_controller.py:123)
ERROR - 21/07/2025 12:12:47 : ELASTIC : [5] Something unexpected happened while reading : BadRequestError(400, 'search_phase_execution_exception', 'failed to parse date field [2025-07-08T00:00:00.000000+00:00] with format [yyyy-MM-dd]: [failed to parse date field [2025-07-08T00:00:00.000000+00:00] with format [yyyy-MM-dd]]') - elastic_controller (/app/orion/services/elastic_manager/elastic_controller.py:123)
ERROR - 21/07/2025 12:13:09 : ELASTIC : [5] Something unexpected happened while reading : Connection error caused by: ConnectionError(Connection error caused by: ClientConnectorError(Cannot connect to host elasticsearch:9400 ssl:default [Connect call failed ('172.20.1.11', 9400)])) - elastic_controller (/app/orion/services/elastic_manager/elastic_controller.py:123)
ERROR - 21/07/2025 12:13:09 : ELASTIC : [5] Something unexpected happened while reading : Connection error caused by: ConnectionError(Connection error caused by: ClientConnectorError(Cannot connect to host elasticsearch:9400 ssl:default [Connect call failed ('172.20.1.11', 9400)])) - elastic_controller (/app/orion/services/elastic_manager/elastic_controller.py:123)
ERROR - 21/07/2025 12:13:09 : ELASTIC : [5] Something unexpected happened while reading : Connection error caused by: ConnectionError(Connection error caused by: ClientConnectorError(Cannot connect to host elasticsearch:9400 ssl:default [Connect call failed ('172.20.1.11', 9400)])) - elastic_controller (/app/orion/services/elastic_manager/elastic_controller.py:123)
ERROR - 21/07/2025 12:13:09 : ELASTIC : [5] Something unexpected happened while reading : Connection error caused by: ConnectionError(Connection error caused by: ClientConnectorError(Cannot connect to host elasticsearch:9400 ssl:default [Connect call failed ('172.20.1.11', 9400)])) - elastic_controller (/app/orion/services/elastic_manager/elastic_controller.py:123)
ERROR - 21/07/2025 12:13:09 : ELASTIC : [5] Something unexpected happened while reading : Connection error caused by: ConnectionError(Connection error caused by: ClientConnectorError(Cannot connect to host elasticsearch:9400 ssl:default [Connect call failed ('172.20.1.11', 9400)])) - elastic_controller (/app/orion/services/elastic_manager/elastic_controller.py:123)
ERROR - 21/07/2025 12:13:09 : ELASTIC : [5] Something unexpected happened while reading : Connection error caused by: ConnectionError(Connection error caused by: ClientConnectorError(Cannot connect to host elasticsearch:9400 ssl:default [Connect call failed ('172.20.1.11', 9400)])) - elastic_controller (/app/orion/services/elastic_manager/elastic_controller.py:123)
ERROR - 21/07/2025 12:14:07 : ELASTIC : [5] Something unexpected happened while reading : Connection error caused by: ConnectionError(Connection error caused by: ClientConnectorDNSError(Cannot connect to host elasticsearch:9400 ssl:default [Name or service not known])) - elastic_controller (/app/orion/services/elastic_manager/elastic_controller.py:123)
ERROR - 21/07/2025 12:14:07 : ELASTIC : [5] Something unexpected happened while reading : Connection error caused by: ConnectionError(Connection error caused by: ClientConnectorDNSError(Cannot connect to host elasticsearch:9400 ssl:default [Name or service not known])) - elastic_controller (/app/orion/services/elastic_manager/elastic_controller.py:123)
ERROR - 21/07/2025 12:14:08 : ELASTIC : [5] Something unexpected happened while reading : Connection error caused by: ConnectionError(Connection error caused by: ClientConnectorDNSError(Cannot connect to host elasticsearch:9400 ssl:default [Name or service not known])) - elastic_controller (/app/orion/services/elastic_manager/elastic_controller.py:123)
ERROR - 21/07/2025 12:14:08 : ELASTIC : [5] Something unexpected happened while reading : Connection error caused by: ConnectionError(Connection error caused by: ClientConnectorDNSError(Cannot connect to host elasticsearch:9400 ssl:default [Name or service not known])) - elastic_controller (/app/orion/services/elastic_manager/elastic_controller.py:123)
ERROR - 21/07/2025 12:14:08 : ELASTIC : [5] Something unexpected happened while reading : Connection error caused by: ConnectionError(Connection error caused by: ClientConnectorDNSError(Cannot connect to host elasticsearch:9400 ssl:default [Name or service not known])) - elastic_controller (/app/orion/services/elastic_manager/elastic_controller.py:123)
ERROR - 21/07/2025 12:14:08 : ELASTIC : [5] Something unexpected happened while reading : Connection error caused by: ConnectionError(Connection error caused by: ClientConnectorDNSError(Cannot connect to host elasticsearch:9400 ssl:default [Name or service not known])) - elastic_controller (/app/orion/services/elastic_manager/elastic_controller.py:123)
ERROR - 21/07/2025 12:14:59 : ELASTIC : [5] Something unexpected happened while reading : Connection error caused by: ConnectionError(Connection error caused by: ClientConnectorDNSError(Cannot connect to host elasticsearch:9400 ssl:default [Name or service not known])) - elastic_controller (/app/orion/services/elastic_manager/elastic_controller.py:123)
ERROR - 21/07/2025 12:14:59 : ELASTIC : [5] Something unexpected happened while reading : Connection error caused by: ConnectionError(Connection error caused by: ClientConnectorDNSError(Cannot connect to host elasticsearch:9400 ssl:default [Name or service not known])) - elastic_controller (/app/orion/services/elastic_manager/elastic_controller.py:123)
ERROR - 21/07/2025 12:14:59 : ELASTIC : [5] Something unexpected happened while reading : Connection error caused by: ConnectionError(Connection error caused by: ClientConnectorDNSError(Cannot connect to host elasticsearch:9400 ssl:default [Name or service not known])) - elastic_controller (/app/orion/services/elastic_manager/elastic_controller.py:123)
ERROR - 21/07/2025 12:14:59 : ELASTIC : [5] Something unexpected happened while reading : Connection error caused by: ConnectionError(Connection error caused by: ClientConnectorDNSError(Cannot connect to host elasticsearch:9400 ssl:default [Name or service not known])) - elastic_controller (/app/orion/services/elastic_manager/elastic_controller.py:123)
ERROR - 21/07/2025 12:14:59 : ELASTIC : [5] Something unexpected happened while reading : Connection error caused by: ConnectionError(Connection error caused by: ClientConnectorDNSError(Cannot connect to host elasticsearch:9400 ssl:default [Name or service not known])) - elastic_controller (/app/orion/services/elastic_manager/elastic_controller.py:123)
ERROR - 21/07/2025 12:14:59 : ELASTIC : [5] Something unexpected happened while reading : Connection error caused by: ConnectionError(Connection error caused by: ClientConnectorDNSError(Cannot connect to host elasticsearch:9400 ssl:default [Name or service not known])) - elastic_controller (/app/orion/services/elastic_manager/elastic_controller.py:123)
ERROR - 21/07/2025 12:18:08 : ELASTIC : [5] Something unexpected happened while reading : BadRequestError(400, 'search_phase_execution_exception', 'unknown field [m_update_date]') - elastic_controller (/app/orion/services/elastic_manager/elastic_controller.py:123)
ERROR - 21/07/2025 12:18:15 : ELASTIC : [5] Something unexpected happened while reading : BadRequestError(400, 'search_phase_execution_exception', 'unknown field [m_update_date]') - elastic_controller (/app/orion/services/elastic_manager/elastic_controller.py:123)
ERROR - 21/07/2025 12:18:31 : ELASTIC : [5] Something unexpected happened while reading : BadRequestError(400, 'search_phase_execution_exception', 'failed to parse date field [2025-07-08T00:00:00.000000+00:00] with format [yyyy-MM-dd]: [failed to parse date field [2025-07-08T00:00:00.000000+00:00] with format [yyyy-MM-dd]]') - elastic_controller (/app/orion/services/elastic_manager/elastic_controller.py:123)
ERROR - 21/07/2025 12:18:39 : ELASTIC : [5] Something unexpected happened while reading : BadRequestError(400, 'search_phase_execution_exception', 'unknown field [m_update_date]') - elastic_controller (/app/orion/services/elastic_manager/elastic_controller.py:123)
ERROR - 21/07/2025 14:36:17 : [5] Something unexpected happened while reading : ApiError(503, 'search_phase_execution_exception', None) - elastic_controller (/app/orion/services/elastic_manager/elastic_controller.py:197)
ERROR - 21/07/2025 14:37:27 : ELASTIC : [5] Something unexpected happened while reading : BadRequestError(400, 'search_phase_execution_exception', 'unknown field [m_update_date]') - elastic_controller (/app/orion/services/elastic_manager/elastic_controller.py:123)
ERROR - 21/07/2025 14:37:29 : ELASTIC : [5] Something unexpected happened while reading : BadRequestError(400, 'search_phase_execution_exception', 'unknown field [m_update_date]') - elastic_controller (/app/orion/services/elastic_manager/elastic_controller.py:123)
ERROR - 21/07/2025 14:44:04 : ELASTIC : [5] Something unexpected happened while reading : BadRequestError(400, 'search_phase_execution_exception', 'No mapping found for [m_update_date] in order to sort on') - elastic_controller (/app/orion/services/elastic_manager/elastic_controller.py:123)
ERROR - 21/07/2025 14:44:04 : ELASTIC : [5] Something unexpected happened while reading : BadRequestError(400, 'search_phase_execution_exception', 'No mapping found for [m_update_date] in order to sort on') - elastic_controller (/app/orion/services/elastic_manager/elastic_controller.py:123)
ERROR - 21/07/2025 14:44:04 : ELASTIC : [5] Something unexpected happened while reading : BadRequestError(400, 'search_phase_execution_exception', 'No mapping found for [m_update_date] in order to sort on') - elastic_controller (/app/orion/services/elastic_manager/elastic_controller.py:123)
ERROR - 21/07/2025 14:44:10 : ELASTIC : [5] Something unexpected happened while reading : BadRequestError(400, 'search_phase_execution_exception', 'No mapping found for [m_update_date] in order to sort on') - elastic_controller (/app/orion/services/elastic_manager/elastic_controller.py:123)
ERROR - 21/07/2025 14:48:59 : [5] Something unexpected happened while reading : Connection timed out - elastic_controller (/app/orion/services/elastic_manager/elastic_controller.py:197)
ERROR - 21/07/2025 14:49:15 : ELASTIC : [5] Something unexpected happened while reading : BadRequestError(400, 'search_phase_execution_exception', 'No mapping found for [m_update_date] in order to sort on') - elastic_controller (/app/orion/services/elastic_manager/elastic_controller.py:123)
ERROR - 21/07/2025 14:49:26 : ELASTIC : [5] Something unexpected happened while reading : BadRequestError(400, 'search_phase_execution_exception', 'unknown field [m_update_date]') - elastic_controller (/app/orion/services/elastic_manager/elastic_controller.py:123)
ERROR - 21/07/2025 14:50:07 : ELASTIC : [5] Something unexpected happened while reading : BadRequestError(400, 'search_phase_execution_exception', 'failed to parse date field [2025-07-11T00:00:00.000000+00:00] with format [yyyy-MM-dd]: [failed to parse date field [2025-07-11T00:00:00.000000+00:00] with format [yyyy-MM-dd]]') - elastic_controller (/app/orion/services/elastic_manager/elastic_controller.py:123)
ERROR - 21/07/2025 14:53:35 : ELASTIC : [5] Something unexpected happened while reading : BadRequestError(400, 'search_phase_execution_exception', 'failed to parse date field [2025-07-11T00:00:00.000000+00:00] with format [yyyy-MM-dd]: [failed to parse date field [2025-07-11T00:00:00.000000+00:00] with format [yyyy-MM-dd]]') - elastic_controller (/app/orion/services/elastic_manager/elastic_controller.py:123)
ERROR - 21/07/2025 14:55:21 : ELASTIC : [5] Something unexpected happened while reading : BadRequestError(400, 'search_phase_execution_exception', 'failed to parse date field [2025-07-11T00:00:00.000000+00:00] with format [yyyy-MM-dd]: [failed to parse date field [2025-07-11T00:00:00.000000+00:00] with format [yyyy-MM-dd]]') - elastic_controller (/app/orion/services/elastic_manager/elastic_controller.py:123)
ERROR - 21/07/2025 14:55:53 : ELASTIC : [5] Something unexpected happened while reading : BadRequestError(400, 'search_phase_execution_exception', 'unknown field [m_update_date]') - elastic_controller (/app/orion/services/elastic_manager/elastic_controller.py:123)
ERROR - 21/07/2025 14:57:06 : ELASTIC : [5] Something unexpected happened while reading : BadRequestError(400, 'search_phase_execution_exception', 'unknown field [m_update_date]') - elastic_controller (/app/orion/services/elastic_manager/elastic_controller.py:123)
ERROR - 21/07/2025 14:57:12 : ELASTIC : [5] Something unexpected happened while reading : BadRequestError(400, 'search_phase_execution_exception', 'unknown field [m_update_date]') - elastic_controller (/app/orion/services/elastic_manager/elastic_controller.py:123)
ERROR - 21/07/2025 14:57:23 : ELASTIC : [5] Something unexpected happened while reading : BadRequestError(400, 'search_phase_execution_exception', 'unknown field [m_update_date]') - elastic_controller (/app/orion/services/elastic_manager/elastic_controller.py:123)
ERROR - 21/07/2025 15:00:56 : ELASTIC : [5] Something unexpected happened while reading : BadRequestError(400, 'search_phase_execution_exception', 'unknown field [m_update_date]') - elastic_controller (/app/orion/services/elastic_manager/elastic_controller.py:123)
ERROR - 21/07/2025 15:00:56 : ELASTIC : [5] Something unexpected happened while reading : BadRequestError(400, 'x_content_parse_exception', '[term] query does not support array of values') - elastic_controller (/app/orion/services/elastic_manager/elastic_controller.py:123)
ERROR - 21/07/2025 15:01:01 : ELASTIC : [5] Something unexpected happened while reading : BadRequestError(400, 'search_phase_execution_exception', 'unknown field [m_update_date]') - elastic_controller (/app/orion/services/elastic_manager/elastic_controller.py:123)
ERROR - 21/07/2025 15:01:01 : ELASTIC : [5] Something unexpected happened while reading : BadRequestError(400, 'x_content_parse_exception', '[term] query does not support array of values') - elastic_controller (/app/orion/services/elastic_manager/elastic_controller.py:123)
ERROR - 21/07/2025 15:02:22 : ELASTIC : [5] Something unexpected happened while reading : BadRequestError(400, 'search_phase_execution_exception', 'unknown field [m_update_date]') - elastic_controller (/app/orion/services/elastic_manager/elastic_controller.py:123)
ERROR - 21/07/2025 15:02:22 : ELASTIC : [5] Something unexpected happened while reading : BadRequestError(400, 'search_phase_execution_exception', 'unknown field [m_update_date]') - elastic_controller (/app/orion/services/elastic_manager/elastic_controller.py:123)
ERROR - 21/07/2025 15:02:22 : ELASTIC : [5] Something unexpected happened while reading : BadRequestError(400, 'x_content_parse_exception', '[term] query does not support array of values') - elastic_controller (/app/orion/services/elastic_manager/elastic_controller.py:123)
ERROR - 21/07/2025 15:02:22 : ELASTIC : [5] Something unexpected happened while reading : BadRequestError(400, 'x_content_parse_exception', '[term] query does not support array of values') - elastic_controller (/app/orion/services/elastic_manager/elastic_controller.py:123)
ERROR - 21/07/2025 15:04:11 : ELASTIC : [5] Something unexpected happened while reading : BadRequestError(400, 'search_phase_execution_exception', 'unknown field [m_update_date]') - elastic_controller (/app/orion/services/elastic_manager/elastic_controller.py:123)
ERROR - 21/07/2025 15:04:11 : ELASTIC : [5] Something unexpected happened while reading : BadRequestError(400, 'x_content_parse_exception', '[term] query does not support array of values') - elastic_controller (/app/orion/services/elastic_manager/elastic_controller.py:123)
ERROR - 21/07/2025 15:05:12 : ELASTIC : [5] Something unexpected happened while reading : BadRequestError(400, 'x_content_parse_exception', '[term] query does not support array of values') - elastic_controller (/app/orion/services/elastic_manager/elastic_controller.py:123)
ERROR - 21/07/2025 15:06:41 : ELASTIC : [5] Something unexpected happened while reading : BadRequestError(400, 'search_phase_execution_exception', 'No mapping found for [m_update_date] in order to sort on') - elastic_controller (/app/orion/services/elastic_manager/elastic_controller.py:123)
ERROR - 21/07/2025 15:06:41 : ELASTIC : [5] Something unexpected happened while reading : BadRequestError(400, 'search_phase_execution_exception', 'No mapping found for [m_update_date] in order to sort on') - elastic_controller (/app/orion/services/elastic_manager/elastic_controller.py:123)
ERROR - 21/07/2025 15:24:05 : ELASTIC : [5] Something unexpected happened while reading : BadRequestError(400, 'search_phase_execution_exception', 'unknown field [m_update_date]') - elastic_controller (/app/orion/services/elastic_manager/elastic_controller.py:123)
ERROR - 21/07/2025 15:24:05 : ELASTIC : [5] Something unexpected happened while reading : BadRequestError(400, 'x_content_parse_exception', '[term] query does not support array of values') - elastic_controller (/app/orion/services/elastic_manager/elastic_controller.py:123)
ERROR - 21/07/2025 15:25:46 : ELASTIC : [5] Something unexpected happened while reading : BadRequestError(400, 'x_content_parse_exception', '[term] query does not support array of values') - elastic_controller (/app/orion/services/elastic_manager/elastic_controller.py:123)
ERROR - 21/07/2025 15:25:46 : ELASTIC : [5] Something unexpected happened while reading : BadRequestError(400, 'search_phase_execution_exception', 'failed to parse date field [2025-05-01T00:00:00.000000+00:00] with format [yyyy-MM-dd]: [failed to parse date field [2025-05-01T00:00:00.000000+00:00] with format [yyyy-MM-dd]]') - elastic_controller (/app/orion/services/elastic_manager/elastic_controller.py:123)
ERROR - 21/07/2025 15:26:43 : ELASTIC : [5] Something unexpected happened while reading : BadRequestError(400, 'search_phase_execution_exception', 'unknown field [m_update_date]') - elastic_controller (/app/orion/services/elastic_manager/elastic_controller.py:123)
ERROR - 21/07/2025 15:33:57 : [5] Something unexpected happened while reading : Connection timed out - elastic_controller (/app/orion/services/elastic_manager/elastic_controller.py:197)
ERROR - 21/07/2025 15:34:49 : ELASTIC : [5] Something unexpected happened while reading : BadRequestError(400, 'search_phase_execution_exception', 'No mapping found for [m_update_date] in order to sort on') - elastic_controller (/app/orion/services/elastic_manager/elastic_controller.py:123)
ERROR - 21/07/2025 15:35:00 : ELASTIC : [5] Something unexpected happened while reading : BadRequestError(400, 'search_phase_execution_exception', 'unknown field [m_update_date]') - elastic_controller (/app/orion/services/elastic_manager/elastic_controller.py:123)
ERROR - 21/07/2025 15:35:00 : ELASTIC : [5] Something unexpected happened while reading : BadRequestError(400, 'x_content_parse_exception', '[term] query does not support array of values') - elastic_controller (/app/orion/services/elastic_manager/elastic_controller.py:123)
ERROR - 21/07/2025 15:37:23 : ELASTIC : [5] Something unexpected happened while reading : BadRequestError(400, 'x_content_parse_exception', '[term] query does not support array of values') - elastic_controller (/app/orion/services/elastic_manager/elastic_controller.py:123)
ERROR - 21/07/2025 15:37:23 : ELASTIC : [5] Something unexpected happened while reading : BadRequestError(400, 'search_phase_execution_exception', 'failed to parse date field [2025-07-01T00:00:00.000000+00:00] with format [yyyy-MM-dd]: [failed to parse date field [2025-07-01T00:00:00.000000+00:00] with format [yyyy-MM-dd]]') - elastic_controller (/app/orion/services/elastic_manager/elastic_controller.py:123)
ERROR - 21/07/2025 15:43:53 : ELASTIC : [5] Something unexpected happened while reading : BadRequestError(400, 'search_phase_execution_exception', 'unknown field [m_update_date]') - elastic_controller (/app/orion/services/elastic_manager/elastic_controller.py:123)
ERROR - 21/07/2025 15:43:53 : ELASTIC : [5] Something unexpected happened while reading : BadRequestError(400, 'search_phase_execution_exception', 'unknown field [m_update_date]') - elastic_controller (/app/orion/services/elastic_manager/elastic_controller.py:123)
ERROR - 21/07/2025 15:43:53 : ELASTIC : [5] Something unexpected happened while reading : BadRequestError(400, 'x_content_parse_exception', '[term] query does not support array of values') - elastic_controller (/app/orion/services/elastic_manager/elastic_controller.py:123)
ERROR - 21/07/2025 15:58:20 : ELASTIC : [5] Something unexpected happened while reading : BadRequestError(400, 'search_phase_execution_exception', 'unknown field [m_update_date]') - elastic_controller (/app/orion/services/elastic_manager/elastic_controller.py:123)
ERROR - 21/07/2025 15:58:20 : ELASTIC : [5] Something unexpected happened while reading : BadRequestError(400, 'x_content_parse_exception', '[term] query does not support array of values') - elastic_controller (/app/orion/services/elastic_manager/elastic_controller.py:123)
ERROR - 21/07/2025 15:58:20 : ELASTIC : [5] Something unexpected happened while reading : BadRequestError(400, 'search_phase_execution_exception', 'unknown field [m_update_date]') - elastic_controller (/app/orion/services/elastic_manager/elastic_controller.py:123)
ERROR - 21/07/2025 15:58:20 : ELASTIC : [5] Something unexpected happened while reading : BadRequestError(400, 'search_phase_execution_exception', 'unknown field [m_update_date]') - elastic_controller (/app/orion/services/elastic_manager/elastic_controller.py:123)
ERROR - 21/07/2025 15:58:20 : ELASTIC : [5] Something unexpected happened while reading : BadRequestError(400, 'x_content_parse_exception', '[term] query does not support array of values') - elastic_controller (/app/orion/services/elastic_manager/elastic_controller.py:123)
ERROR - 21/07/2025 15:58:20 : ELASTIC : [5] Something unexpected happened while reading : BadRequestError(400, 'x_content_parse_exception', '[term] query does not support array of values') - elastic_controller (/app/orion/services/elastic_manager/elastic_controller.py:123)
ERROR - 21/07/2025 15:59:37 : ELASTIC : [5] Something unexpected happened while reading : BadRequestError(400, 'search_phase_execution_exception', 'unknown field [m_update_date]') - elastic_controller (/app/orion/services/elastic_manager/elastic_controller.py:123)
ERROR - 21/07/2025 15:59:37 : ELASTIC : [5] Something unexpected happened while reading : BadRequestError(400, 'x_content_parse_exception', '[term] query does not support array of values') - elastic_controller (/app/orion/services/elastic_manager/elastic_controller.py:123)
ERROR - 21/07/2025 16:00:16 : ELASTIC : [5] Something unexpected happened while reading : BadRequestError(400, 'search_phase_execution_exception', 'unknown field [m_update_date]') - elastic_controller (/app/orion/services/elastic_manager/elastic_controller.py:123)
ERROR - 21/07/2025 16:00:16 : ELASTIC : [5] Something unexpected happened while reading : BadRequestError(400, 'x_content_parse_exception', '[term] query does not support array of values') - elastic_controller (/app/orion/services/elastic_manager/elastic_controller.py:123)
ERROR - 21/07/2025 16:01:18 : ELASTIC : [5] Something unexpected happened while reading : BadRequestError(400, 'search_phase_execution_exception', 'unknown field [m_update_date]') - elastic_controller (/app/orion/services/elastic_manager/elastic_controller.py:123)
ERROR - 21/07/2025 16:01:18 : ELASTIC : [5] Something unexpected happened while reading : BadRequestError(400, 'x_content_parse_exception', '[term] query does not support array of values') - elastic_controller (/app/orion/services/elastic_manager/elastic_controller.py:123)
ERROR - 21/07/2025 16:03:22 : ELASTIC : [5] Something unexpected happened while reading : BadRequestError(400, 'search_phase_execution_exception', 'unknown field [m_update_date]') - elastic_controller (/app/orion/services/elastic_manager/elastic_controller.py:123)
ERROR - 21/07/2025 16:03:22 : ELASTIC : [5] Something unexpected happened while reading : BadRequestError(400, 'x_content_parse_exception', '[term] query does not support array of values') - elastic_controller (/app/orion/services/elastic_manager/elastic_controller.py:123)
ERROR - 21/07/2025 16:06:00 : ELASTIC : [5] Something unexpected happened while reading : BadRequestError(400, 'search_phase_execution_exception', 'unknown field [m_update_date]') - elastic_controller (/app/orion/services/elastic_manager/elastic_controller.py:123)
ERROR - 21/07/2025 16:06:00 : ELASTIC : [5] Something unexpected happened while reading : BadRequestError(400, 'x_content_parse_exception', '[term] query does not support array of values') - elastic_controller (/app/orion/services/elastic_manager/elastic_controller.py:123)
ERROR - 21/07/2025 16:09:00 : ELASTIC : [5] Something unexpected happened while reading : BadRequestError(400, 'search_phase_execution_exception', 'unknown field [m_update_date]') - elastic_controller (/app/orion/services/elastic_manager/elastic_controller.py:123)
ERROR - 21/07/2025 16:09:00 : ELASTIC : [5] Something unexpected happened while reading : BadRequestError(400, 'x_content_parse_exception', '[term] query does not support array of values') - elastic_controller (/app/orion/services/elastic_manager/elastic_controller.py:123)
ERROR - 21/07/2025 16:10:02 : ELASTIC : [5] Something unexpected happened while reading : BadRequestError(400, 'search_phase_execution_exception', 'unknown field [m_update_date]') - elastic_controller (/app/orion/services/elastic_manager/elastic_controller.py:123)
ERROR - 21/07/2025 16:10:02 : ELASTIC : [5] Something unexpected happened while reading : BadRequestError(400, 'x_content_parse_exception', '[term] query does not support array of values') - elastic_controller (/app/orion/services/elastic_manager/elastic_controller.py:123)
ERROR - 21/07/2025 16:11:29 : ELASTIC : [5] Something unexpected happened while reading : BadRequestError(400, 'search_phase_execution_exception', 'unknown field [m_update_date]') - elastic_controller (/app/orion/services/elastic_manager/elastic_controller.py:123)
ERROR - 21/07/2025 16:11:29 : ELASTIC : [5] Something unexpected happened while reading : BadRequestError(400, 'x_content_parse_exception', '[term] query does not support array of values') - elastic_controller (/app/orion/services/elastic_manager/elastic_controller.py:123)
ERROR - 21/07/2025 16:11:41 : ELASTIC : [5] Something unexpected happened while reading : BadRequestError(400, 'search_phase_execution_exception', 'unknown field [m_update_date]') - elastic_controller (/app/orion/services/elastic_manager/elastic_controller.py:123)
ERROR - 21/07/2025 16:11:41 : ELASTIC : [5] Something unexpected happened while reading : BadRequestError(400, 'x_content_parse_exception', '[term] query does not support array of values') - elastic_controller (/app/orion/services/elastic_manager/elastic_controller.py:123)
ERROR - 21/07/2025 16:14:05 : ELASTIC : [5] Something unexpected happened while reading : BadRequestError(400, 'search_phase_execution_exception', 'unknown field [m_update_date]') - elastic_controller (/app/orion/services/elastic_manager/elastic_controller.py:123)
ERROR - 21/07/2025 16:14:05 : ELASTIC : [5] Something unexpected happened while reading : BadRequestError(400, 'x_content_parse_exception', '[term] query does not support array of values') - elastic_controller (/app/orion/services/elastic_manager/elastic_controller.py:123)
ERROR - 21/07/2025 16:14:17 : ELASTIC : [5] Something unexpected happened while reading : BadRequestError(400, 'search_phase_execution_exception', 'unknown field [m_update_date]') - elastic_controller (/app/orion/services/elastic_manager/elastic_controller.py:123)
ERROR - 21/07/2025 16:14:17 : ELASTIC : [5] Something unexpected happened while reading : BadRequestError(400, 'x_content_parse_exception', '[term] query does not support array of values') - elastic_controller (/app/orion/services/elastic_manager/elastic_controller.py:123)
ERROR - 21/07/2025 16:20:18 : ELASTIC : [5] Something unexpected happened while reading : BadRequestError(400, 'search_phase_execution_exception', 'unknown field [m_update_date]') - elastic_controller (/app/orion/services/elastic_manager/elastic_controller.py:123)
ERROR - 21/07/2025 16:20:18 : ELASTIC : [5] Something unexpected happened while reading : BadRequestError(400, 'x_content_parse_exception', '[term] query does not support array of values') - elastic_controller (/app/orion/services/elastic_manager/elastic_controller.py:123)
ERROR - 21/07/2025 16:20:49 : ELASTIC : [5] Something unexpected happened while reading : BadRequestError(400, 'search_phase_execution_exception', 'unknown field [m_update_date]') - elastic_controller (/app/orion/services/elastic_manager/elastic_controller.py:123)
ERROR - 21/07/2025 16:20:49 : ELASTIC : [5] Something unexpected happened while reading : BadRequestError(400, 'x_content_parse_exception', '[term] query does not support array of values') - elastic_controller (/app/orion/services/elastic_manager/elastic_controller.py:123)
ERROR - 21/07/2025 16:21:37 : ELASTIC : [5] Something unexpected happened while reading : BadRequestError(400, 'search_phase_execution_exception', 'unknown field [m_update_date]') - elastic_controller (/app/orion/services/elastic_manager/elastic_controller.py:123)
ERROR - 21/07/2025 16:21:37 : ELASTIC : [5] Something unexpected happened while reading : BadRequestError(400, 'x_content_parse_exception', '[term] query does not support array of values') - elastic_controller (/app/orion/services/elastic_manager/elastic_controller.py:123)
ERROR - 21/07/2025 16:21:56 : ELASTIC : [5] Something unexpected happened while reading : BadRequestError(400, 'search_phase_execution_exception', 'unknown field [m_update_date]') - elastic_controller (/app/orion/services/elastic_manager/elastic_controller.py:123)
ERROR - 21/07/2025 16:21:56 : ELASTIC : [5] Something unexpected happened while reading : BadRequestError(400, 'x_content_parse_exception', '[term] query does not support array of values') - elastic_controller (/app/orion/services/elastic_manager/elastic_controller.py:123)
ERROR - 21/07/2025 16:23:25 : ELASTIC : [5] Something unexpected happened while reading : BadRequestError(400, 'search_phase_execution_exception', 'unknown field [m_update_date]') - elastic_controller (/app/orion/services/elastic_manager/elastic_controller.py:123)
ERROR - 21/07/2025 16:23:25 : ELASTIC : [5] Something unexpected happened while reading : BadRequestError(400, 'x_content_parse_exception', '[term] query does not support array of values') - elastic_controller (/app/orion/services/elastic_manager/elastic_controller.py:123)
ERROR - 21/07/2025 16:30:42 : ELASTIC : [5] Something unexpected happened while reading : BadRequestError(400, 'search_phase_execution_exception', 'unknown field [m_update_date]') - elastic_controller (/app/orion/services/elastic_manager/elastic_controller.py:123)
ERROR - 21/07/2025 16:30:42 : ELASTIC : [5] Something unexpected happened while reading : BadRequestError(400, 'x_content_parse_exception', '[term] query does not support array of values') - elastic_controller (/app/orion/services/elastic_manager/elastic_controller.py:123)
ERROR - 21/07/2025 16:30:54 : ELASTIC : [5] Something unexpected happened while reading : BadRequestError(400, 'search_phase_execution_exception', 'unknown field [m_update_date]') - elastic_controller (/app/orion/services/elastic_manager/elastic_controller.py:123)
ERROR - 21/07/2025 16:30:54 : ELASTIC : [5] Something unexpected happened while reading : BadRequestError(400, 'x_content_parse_exception', '[term] query does not support array of values') - elastic_controller (/app/orion/services/elastic_manager/elastic_controller.py:123)
ERROR - 21/07/2025 16:32:21 : ELASTIC : [5] Something unexpected happened while reading : BadRequestError(400, 'search_phase_execution_exception', 'unknown field [m_update_date]') - elastic_controller (/app/orion/services/elastic_manager/elastic_controller.py:123)
ERROR - 21/07/2025 16:32:21 : ELASTIC : [5] Something unexpected happened while reading : BadRequestError(400, 'x_content_parse_exception', '[term] query does not support array of values') - elastic_controller (/app/orion/services/elastic_manager/elastic_controller.py:123)
ERROR - 21/07/2025 16:32:29 : ELASTIC : [5] Something unexpected happened while reading : BadRequestError(400, 'search_phase_execution_exception', 'unknown field [m_update_date]') - elastic_controller (/app/orion/services/elastic_manager/elastic_controller.py:123)
ERROR - 21/07/2025 16:32:29 : ELASTIC : [5] Something unexpected happened while reading : BadRequestError(400, 'x_content_parse_exception', '[term] query does not support array of values') - elastic_controller (/app/orion/services/elastic_manager/elastic_controller.py:123)
ERROR - 21/07/2025 16:32:42 : ELASTIC : [5] Something unexpected happened while reading : BadRequestError(400, 'search_phase_execution_exception', 'unknown field [m_update_date]') - elastic_controller (/app/orion/services/elastic_manager/elastic_controller.py:123)
ERROR - 21/07/2025 16:32:42 : ELASTIC : [5] Something unexpected happened while reading : BadRequestError(400, 'x_content_parse_exception', '[term] query does not support array of values') - elastic_controller (/app/orion/services/elastic_manager/elastic_controller.py:123)
ERROR - 21/07/2025 16:33:53 : ELASTIC : [5] Something unexpected happened while reading : BadRequestError(400, 'search_phase_execution_exception', 'unknown field [m_update_date]') - elastic_controller (/app/orion/services/elastic_manager/elastic_controller.py:123)
ERROR - 21/07/2025 16:33:53 : ELASTIC : [5] Something unexpected happened while reading : BadRequestError(400, 'x_content_parse_exception', '[term] query does not support array of values') - elastic_controller (/app/orion/services/elastic_manager/elastic_controller.py:123)
ERROR - 21/07/2025 16:44:37 : ELASTIC : [5] Something unexpected happened while reading : BadRequestError(400, 'search_phase_execution_exception', 'unknown field [m_update_date]') - elastic_controller (/app/orion/services/elastic_manager/elastic_controller.py:123)
ERROR - 21/07/2025 16:44:37 : ELASTIC : [5] Something unexpected happened while reading : BadRequestError(400, 'x_content_parse_exception', '[term] query does not support array of values') - elastic_controller (/app/orion/services/elastic_manager/elastic_controller.py:123)
ERROR - 21/07/2025 16:45:27 : ELASTIC : [5] Something unexpected happened while reading : BadRequestError(400, 'search_phase_execution_exception', 'unknown field [m_update_date]') - elastic_controller (/app/orion/services/elastic_manager/elastic_controller.py:123)
ERROR - 21/07/2025 16:45:27 : ELASTIC : [5] Something unexpected happened while reading : BadRequestError(400, 'x_content_parse_exception', '[term] query does not support array of values') - elastic_controller (/app/orion/services/elastic_manager/elastic_controller.py:123)
ERROR - 21/07/2025 16:46:28 : ELASTIC : [5] Something unexpected happened while reading : BadRequestError(400, 'search_phase_execution_exception', 'unknown field [m_update_date]') - elastic_controller (/app/orion/services/elastic_manager/elastic_controller.py:123)
ERROR - 21/07/2025 16:46:28 : ELASTIC : [5] Something unexpected happened while reading : BadRequestError(400, 'x_content_parse_exception', '[term] query does not support array of values') - elastic_controller (/app/orion/services/elastic_manager/elastic_controller.py:123)
ERROR - 21/07/2025 16:47:41 : ELASTIC : [5] Something unexpected happened while reading : BadRequestError(400, 'search_phase_execution_exception', 'unknown field [m_update_date]') - elastic_controller (/app/orion/services/elastic_manager/elastic_controller.py:123)
ERROR - 21/07/2025 16:47:41 : ELASTIC : [5] Something unexpected happened while reading : BadRequestError(400, 'x_content_parse_exception', '[term] query does not support array of values') - elastic_controller (/app/orion/services/elastic_manager/elastic_controller.py:123)
ERROR - 21/07/2025 16:47:50 : ELASTIC : [5] Something unexpected happened while reading : BadRequestError(400, 'search_phase_execution_exception', 'unknown field [m_update_date]') - elastic_controller (/app/orion/services/elastic_manager/elastic_controller.py:123)
ERROR - 21/07/2025 16:47:50 : ELASTIC : [5] Something unexpected happened while reading : BadRequestError(400, 'x_content_parse_exception', '[term] query does not support array of values') - elastic_controller (/app/orion/services/elastic_manager/elastic_controller.py:123)
ERROR - 21/07/2025 16:48:42 : ELASTIC : [5] Something unexpected happened while reading : BadRequestError(400, 'search_phase_execution_exception', 'unknown field [m_update_date]') - elastic_controller (/app/orion/services/elastic_manager/elastic_controller.py:123)
ERROR - 21/07/2025 16:48:42 : ELASTIC : [5] Something unexpected happened while reading : BadRequestError(400, 'x_content_parse_exception', '[term] query does not support array of values') - elastic_controller (/app/orion/services/elastic_manager/elastic_controller.py:123)
ERROR - 21/07/2025 16:49:10 : ELASTIC : [5] Something unexpected happened while reading : BadRequestError(400, 'search_phase_execution_exception', 'unknown field [m_update_date]') - elastic_controller (/app/orion/services/elastic_manager/elastic_controller.py:123)
ERROR - 21/07/2025 16:49:10 : ELASTIC : [5] Something unexpected happened while reading : BadRequestError(400, 'x_content_parse_exception', '[term] query does not support array of values') - elastic_controller (/app/orion/services/elastic_manager/elastic_controller.py:123)
ERROR - 21/07/2025 16:54:43 : ELASTIC : [5] Something unexpected happened while reading : BadRequestError(400, 'search_phase_execution_exception', 'unknown field [m_update_date]') - elastic_controller (/app/orion/services/elastic_manager/elastic_controller.py:123)
ERROR - 21/07/2025 16:54:43 : ELASTIC : [5] Something unexpected happened while reading : BadRequestError(400, 'x_content_parse_exception', '[term] query does not support array of values') - elastic_controller (/app/orion/services/elastic_manager/elastic_controller.py:123)
ERROR - 21/07/2025 16:55:28 : ELASTIC : [5] Something unexpected happened while reading : BadRequestError(400, 'search_phase_execution_exception', 'unknown field [m_update_date]') - elastic_controller (/app/orion/services/elastic_manager/elastic_controller.py:123)
ERROR - 21/07/2025 16:55:28 : ELASTIC : [5] Something unexpected happened while reading : BadRequestError(400, 'x_content_parse_exception', '[term] query does not support array of values') - elastic_controller (/app/orion/services/elastic_manager/elastic_controller.py:123)
ERROR - 21/07/2025 16:55:35 : ELASTIC : [5] Something unexpected happened while reading : BadRequestError(400, 'search_phase_execution_exception', 'unknown field [m_update_date]') - elastic_controller (/app/orion/services/elastic_manager/elastic_controller.py:123)
ERROR - 21/07/2025 16:55:35 : ELASTIC : [5] Something unexpected happened while reading : BadRequestError(400, 'x_content_parse_exception', '[term] query does not support array of values') - elastic_controller (/app/orion/services/elastic_manager/elastic_controller.py:123)
ERROR - 21/07/2025 16:56:01 : ELASTIC : [5] Something unexpected happened while reading : BadRequestError(400, 'search_phase_execution_exception', 'unknown field [m_update_date]') - elastic_controller (/app/orion/services/elastic_manager/elastic_controller.py:123)
ERROR - 21/07/2025 16:56:01 : ELASTIC : [5] Something unexpected happened while reading : BadRequestError(400, 'x_content_parse_exception', '[term] query does not support array of values') - elastic_controller (/app/orion/services/elastic_manager/elastic_controller.py:123)
ERROR - 21/07/2025 16:57:25 : ELASTIC : [5] Something unexpected happened while reading : BadRequestError(400, 'search_phase_execution_exception', 'unknown field [m_update_date]') - elastic_controller (/app/orion/services/elastic_manager/elastic_controller.py:123)
ERROR - 21/07/2025 16:57:25 : ELASTIC : [5] Something unexpected happened while reading : BadRequestError(400, 'x_content_parse_exception', '[term] query does not support array of values') - elastic_controller (/app/orion/services/elastic_manager/elastic_controller.py:123)
ERROR - 21/07/2025 16:58:09 : ELASTIC : [5] Something unexpected happened while reading : BadRequestError(400, 'search_phase_execution_exception', 'unknown field [m_update_date]') - elastic_controller (/app/orion/services/elastic_manager/elastic_controller.py:123)
ERROR - 21/07/2025 16:58:09 : ELASTIC : [5] Something unexpected happened while reading : BadRequestError(400, 'x_content_parse_exception', '[term] query does not support array of values') - elastic_controller (/app/orion/services/elastic_manager/elastic_controller.py:123)
ERROR - 21/07/2025 16:59:05 : ELASTIC : [5] Something unexpected happened while reading : BadRequestError(400, 'search_phase_execution_exception', 'unknown field [m_update_date]') - elastic_controller (/app/orion/services/elastic_manager/elastic_controller.py:123)
ERROR - 21/07/2025 16:59:05 : ELASTIC : [5] Something unexpected happened while reading : BadRequestError(400, 'x_content_parse_exception', '[term] query does not support array of values') - elastic_controller (/app/orion/services/elastic_manager/elastic_controller.py:123)
ERROR - 21/07/2025 16:59:08 : ELASTIC : [5] Something unexpected happened while reading : BadRequestError(400, 'search_phase_execution_exception', 'unknown field [m_update_date]') - elastic_controller (/app/orion/services/elastic_manager/elastic_controller.py:123)
ERROR - 21/07/2025 16:59:08 : ELASTIC : [5] Something unexpected happened while reading : BadRequestError(400, 'x_content_parse_exception', '[term] query does not support array of values') - elastic_controller (/app/orion/services/elastic_manager/elastic_controller.py:123)
ERROR - 21/07/2025 17:00:55 : ELASTIC : [5] Something unexpected happened while reading : BadRequestError(400, 'search_phase_execution_exception', 'unknown field [m_update_date]') - elastic_controller (/app/orion/services/elastic_manager/elastic_controller.py:123)
ERROR - 21/07/2025 17:00:56 : ELASTIC : [5] Something unexpected happened while reading : BadRequestError(400, 'x_content_parse_exception', '[term] query does not support array of values') - elastic_controller (/app/orion/services/elastic_manager/elastic_controller.py:123)
ERROR - 21/07/2025 17:01:43 : ELASTIC : [5] Something unexpected happened while reading : BadRequestError(400, 'search_phase_execution_exception', 'unknown field [m_update_date]') - elastic_controller (/app/orion/services/elastic_manager/elastic_controller.py:123)
ERROR - 21/07/2025 17:01:43 : ELASTIC : [5] Something unexpected happened while reading : BadRequestError(400, 'x_content_parse_exception', '[term] query does not support array of values') - elastic_controller (/app/orion/services/elastic_manager/elastic_controller.py:123)
ERROR - 21/07/2025 17:01:57 : ELASTIC : [5] Something unexpected happened while reading : BadRequestError(400, 'search_phase_execution_exception', 'No mapping found for [m_update_date] in order to sort on') - elastic_controller (/app/orion/services/elastic_manager/elastic_controller.py:123)
ERROR - 21/07/2025 17:02:06 : ELASTIC : [5] Something unexpected happened while reading : BadRequestError(400, 'search_phase_execution_exception', 'unknown field [m_update_date]') - elastic_controller (/app/orion/services/elastic_manager/elastic_controller.py:123)
ERROR - 21/07/2025 17:02:06 : ELASTIC : [5] Something unexpected happened while reading : BadRequestError(400, 'x_content_parse_exception', '[term] query does not support array of values') - elastic_controller (/app/orion/services/elastic_manager/elastic_controller.py:123)
ERROR - 21/07/2025 17:02:13 : ELASTIC : [5] Something unexpected happened while reading : BadRequestError(400, 'search_phase_execution_exception', 'unknown field [m_update_date]') - elastic_controller (/app/orion/services/elastic_manager/elastic_controller.py:123)
ERROR - 21/07/2025 17:02:21 : ELASTIC : [5] Something unexpected happened while reading : BadRequestError(400, 'search_phase_execution_exception', 'unknown field [m_update_date]') - elastic_controller (/app/orion/services/elastic_manager/elastic_controller.py:123)
