ERROR - 23/12/2025 06:58:26 : ELASTIC : [5] Something unexpected happened while reading : BadRequestError(400, 'search_phase_execution_exception', 'No mapping found for [m_leak_date] in order to sort on') - elastic_controller (/app/orion/services/elastic_manager/elastic_controller.py:224)
ERROR - 23/12/2025 07:11:13 : ELASTIC : [5] Something unexpected happened while reading : BadRequestError(400, 'search_phase_execution_exception', 'unknown field [m_creation_date]') - elastic_controller (/app/orion/services/elastic_manager/elastic_controller.py:224)
ERROR - 23/12/2025 07:12:11 : ELASTIC : [5] Something unexpected happened while reading : BadRequestError(400, 'search_phase_execution_exception', 'unknown field [m_creation_date]') - elastic_controller (/app/orion/services/elastic_manager/elastic_controller.py:224)
ERROR - 23/12/2025 07:12:25 : ELASTIC : [5] Something unexpected happened while reading : BadRequestError(400, 'search_phase_execution_exception', 'unknown field [m_creation_date]') - elastic_controller (/app/orion/services/elastic_manager/elastic_controller.py:224)
ERROR - 23/12/2025 07:30:23 : ELASTIC : [5] Something unexpected happened while reading : BadRequestError(400, 'search_phase_execution_exception', 'unknown field [m_creation_date]') - elastic_controller (/app/orion/services/elastic_manager/elastic_controller.py:224)
ERROR - 23/12/2025 07:30:23 : ELASTIC : [5] Something unexpected happened while reading : BadRequestError(400, 'search_phase_execution_exception', 'No mapping found for [m_leak_date] in order to sort on') - elastic_controller (/app/orion/services/elastic_manager/elastic_controller.py:224)
ERROR - 23/12/2025 07:30:29 : ELASTIC : [5] Something unexpected happened while reading : BadRequestError(400, 'search_phase_execution_exception', 'No mapping found for [m_leak_date] in order to sort on') - elastic_controller (/app/orion/services/elastic_manager/elastic_controller.py:224)
ERROR - 23/12/2025 07:30:30 : ELASTIC : [5] Something unexpected happened while reading : BadRequestError(400, 'search_phase_execution_exception', 'unknown field [m_creation_date]') - elastic_controller (/app/orion/services/elastic_manager/elastic_controller.py:224)
ERROR - 23/12/2025 07:31:01 : ELASTIC : [5] Something unexpected happened while reading : BadRequestError(400, 'search_phase_execution_exception', 'No mapping found for [m_leak_date] in order to sort on') - elastic_controller (/app/orion/services/elastic_manager/elastic_controller.py:224)
ERROR - 23/12/2025 07:35:29 : ELASTIC : [5] Something unexpected happened while reading : BadRequestError(400, 'search_phase_execution_exception', 'No mapping found for [m_leak_date] in order to sort on') - elastic_controller (/app/orion/services/elastic_manager/elastic_controller.py:224)
ERROR - 23/12/2025 07:35:30 : ELASTIC : [5] Something unexpected happened while reading : BadRequestError(400, 'search_phase_execution_exception', 'No mapping found for [m_leak_date] in order to sort on') - elastic_controller (/app/orion/services/elastic_manager/elastic_controller.py:224)
ERROR - 23/12/2025 07:35:52 : ELASTIC : [5] Something unexpected happened while reading : BadRequestError(400, 'search_phase_execution_exception', 'unknown field [m_creation_date]') - elastic_controller (/app/orion/services/elastic_manager/elastic_controller.py:224)
ERROR - 23/12/2025 07:36:33 : ELASTIC : [5] Something unexpected happened while reading : BadRequestError(400, 'search_phase_execution_exception', 'unknown field [m_creation_date]') - elastic_controller (/app/orion/services/elastic_manager/elastic_controller.py:224)
ERROR - 23/12/2025 07:37:55 : ELASTIC : [5] Something unexpected happened while reading : BadRequestError(400, 'search_phase_execution_exception', 'No mapping found for [m_leak_date] in order to sort on') - elastic_controller (/app/orion/services/elastic_manager/elastic_controller.py:224)
ERROR - 23/12/2025 07:37:56 : ELASTIC : [5] Something unexpected happened while reading : BadRequestError(400, 'search_phase_execution_exception', 'unknown field [m_creation_date]') - elastic_controller (/app/orion/services/elastic_manager/elastic_controller.py:224)
ERROR - 23/12/2025 07:37:59 : ELASTIC : [5] Something unexpected happened while reading : BadRequestError(400, 'search_phase_execution_exception', 'No mapping found for [m_leak_date] in order to sort on') - elastic_controller (/app/orion/services/elastic_manager/elastic_controller.py:224)
ERROR - 23/12/2025 07:38:00 : ELASTIC : [5] Something unexpected happened while reading : BadRequestError(400, 'search_phase_execution_exception', 'unknown field [m_creation_date]') - elastic_controller (/app/orion/services/elastic_manager/elastic_controller.py:224)
ERROR - 23/12/2025 07:38:02 : ELASTIC : [5] Something unexpected happened while reading : BadRequestError(400, 'search_phase_execution_exception', 'No mapping found for [m_leak_date] in order to sort on') - elastic_controller (/app/orion/services/elastic_manager/elastic_controller.py:224)
ERROR - 23/12/2025 07:38:05 : ELASTIC : [5] Something unexpected happened while reading : BadRequestError(400, 'search_phase_execution_exception', 'unknown field [m_creation_date]') - elastic_controller (/app/orion/services/elastic_manager/elastic_controller.py:224)
ERROR - 23/12/2025 07:38:32 : ELASTIC : [5] Something unexpected happened while reading : BadRequestError(400, 'search_phase_execution_exception', 'unknown field [m_creation_date]') - elastic_controller (/app/orion/services/elastic_manager/elastic_controller.py:224)
ERROR - 23/12/2025 07:38:53 : ELASTIC : [5] Something unexpected happened while reading : BadRequestError(400, 'search_phase_execution_exception', 'No mapping found for [m_leak_date] in order to sort on') - elastic_controller (/app/orion/services/elastic_manager/elastic_controller.py:224)
ERROR - 23/12/2025 07:38:53 : ELASTIC : [5] Something unexpected happened while reading : BadRequestError(400, 'search_phase_execution_exception', 'unknown field [m_creation_date]') - elastic_controller (/app/orion/services/elastic_manager/elastic_controller.py:224)
ERROR - 23/12/2025 07:39:38 : ELASTIC : [5] Something unexpected happened while reading : BadRequestError(400, 'search_phase_execution_exception', 'No mapping found for [m_leak_date] in order to sort on') - elastic_controller (/app/orion/services/elastic_manager/elastic_controller.py:224)
ERROR - 23/12/2025 07:39:40 : ELASTIC : [5] Something unexpected happened while reading : BadRequestError(400, 'search_phase_execution_exception', 'unknown field [m_creation_date]') - elastic_controller (/app/orion/services/elastic_manager/elastic_controller.py:224)
ERROR - 23/12/2025 07:41:35 : ELASTIC : [5] Something unexpected happened while reading : BadRequestError(400, 'search_phase_execution_exception', 'No mapping found for [m_leak_date] in order to sort on') - elastic_controller (/app/orion/services/elastic_manager/elastic_controller.py:224)
ERROR - 23/12/2025 07:42:19 : ELASTIC : [5] Something unexpected happened while reading : BadRequestError(400, 'search_phase_execution_exception', 'No mapping found for [m_leak_date] in order to sort on') - elastic_controller (/app/orion/services/elastic_manager/elastic_controller.py:224)
ERROR - 23/12/2025 07:42:19 : ELASTIC : [5] Something unexpected happened while reading : BadRequestError(400, 'search_phase_execution_exception', 'unknown field [m_creation_date]') - elastic_controller (/app/orion/services/elastic_manager/elastic_controller.py:224)
ERROR - 23/12/2025 07:44:19 : ELASTIC : [5] Something unexpected happened while reading : BadRequestError(400, 'search_phase_execution_exception', 'No mapping found for [m_leak_date] in order to sort on') - elastic_controller (/app/orion/services/elastic_manager/elastic_controller.py:224)
ERROR - 23/12/2025 07:44:19 : ELASTIC : [5] Something unexpected happened while reading : BadRequestError(400, 'search_phase_execution_exception', 'unknown field [m_creation_date]') - elastic_controller (/app/orion/services/elastic_manager/elastic_controller.py:224)
ERROR - 23/12/2025 07:45:49 : ELASTIC : [5] Something unexpected happened while reading : BadRequestError(400, 'search_phase_execution_exception', 'unknown field [m_creation_date]') - elastic_controller (/app/orion/services/elastic_manager/elastic_controller.py:224)
ERROR - 23/12/2025 07:45:49 : ELASTIC : [5] Something unexpected happened while reading : BadRequestError(400, 'search_phase_execution_exception', 'No mapping found for [m_leak_date] in order to sort on') - elastic_controller (/app/orion/services/elastic_manager/elastic_controller.py:224)
ERROR - 23/12/2025 07:46:51 : ELASTIC : [5] Something unexpected happened while reading : BadRequestError(400, 'search_phase_execution_exception', 'No mapping found for [m_leak_date] in order to sort on') - elastic_controller (/app/orion/services/elastic_manager/elastic_controller.py:224)
ERROR - 23/12/2025 07:46:52 : ELASTIC : [5] Something unexpected happened while reading : BadRequestError(400, 'search_phase_execution_exception', 'unknown field [m_creation_date]') - elastic_controller (/app/orion/services/elastic_manager/elastic_controller.py:224)
ERROR - 23/12/2025 07:47:12 : ELASTIC : [5] Something unexpected happened while reading : BadRequestError(400, 'search_phase_execution_exception', 'unknown field [m_creation_date]') - elastic_controller (/app/orion/services/elastic_manager/elastic_controller.py:224)
ERROR - 23/12/2025 07:47:12 : ELASTIC : [5] Something unexpected happened while reading : BadRequestError(400, 'search_phase_execution_exception', 'No mapping found for [m_leak_date] in order to sort on') - elastic_controller (/app/orion/services/elastic_manager/elastic_controller.py:224)
ERROR - 23/12/2025 08:01:09 : ELASTIC : [5] Something unexpected happened while reading : BadRequestError(400, 'search_phase_execution_exception', 'No mapping found for [m_leak_date] in order to sort on') - elastic_controller (/app/orion/services/elastic_manager/elastic_controller.py:224)
ERROR - 23/12/2025 08:01:21 : ELASTIC : [5] Something unexpected happened while reading : BadRequestError(400, 'search_phase_execution_exception', 'No mapping found for [m_leak_date] in order to sort on') - elastic_controller (/app/orion/services/elastic_manager/elastic_controller.py:224)
ERROR - 23/12/2025 08:36:35 : ELASTIC : [5] Something unexpected happened while reading : BadRequestError(400, 'search_phase_execution_exception', 'No mapping found for [m_leak_date] in order to sort on') - elastic_controller (/app/orion/services/elastic_manager/elastic_controller.py:224)
ERROR - 23/12/2025 08:46:48 : ELASTIC : [5] Something unexpected happened while reading : BadRequestError(400, 'search_phase_execution_exception', 'No mapping found for [m_leak_date] in order to sort on') - elastic_controller (/app/orion/services/elastic_manager/elastic_controller.py:224)
ERROR - 23/12/2025 08:46:53 : ELASTIC : [5] Something unexpected happened while reading : BadRequestError(400, 'search_phase_execution_exception', 'no mapping found for `username.keyword` in order to collapse on') - elastic_controller (/app/orion/services/elastic_manager/elastic_controller.py:150)
ERROR - 23/12/2025 08:46:53 : ELASTIC : [5] Something unexpected happened while reading : BadRequestError(400, 'search_phase_execution_exception', 'no mapping found for `username.keyword` in order to collapse on') - elastic_controller (/app/orion/services/elastic_manager/elastic_controller.py:150)
ERROR - 23/12/2025 08:47:53 : ELASTIC : [5] Something unexpected happened while reading : BadRequestError(400, 'search_phase_execution_exception', 'no mapping found for `username.keyword` in order to collapse on') - elastic_controller (/app/orion/services/elastic_manager/elastic_controller.py:150)
ERROR - 23/12/2025 08:47:53 : ELASTIC : [5] Something unexpected happened while reading : BadRequestError(400, 'search_phase_execution_exception', 'no mapping found for `username.keyword` in order to collapse on') - elastic_controller (/app/orion/services/elastic_manager/elastic_controller.py:150)
ERROR - 23/12/2025 08:49:17 : ELASTIC : [5] Something unexpected happened while reading : BadRequestError(400, 'search_phase_execution_exception', 'no mapping found for `username.keyword` in order to collapse on') - elastic_controller (/app/orion/services/elastic_manager/elastic_controller.py:150)
ERROR - 23/12/2025 08:49:17 : ELASTIC : [5] Something unexpected happened while reading : BadRequestError(400, 'search_phase_execution_exception', 'no mapping found for `username.keyword` in order to collapse on') - elastic_controller (/app/orion/services/elastic_manager/elastic_controller.py:150)
ERROR - 23/12/2025 08:50:17 : ELASTIC : [5] Something unexpected happened while reading : BadRequestError(400, 'search_phase_execution_exception', 'no mapping found for `username.keyword` in order to collapse on') - elastic_controller (/app/orion/services/elastic_manager/elastic_controller.py:150)
ERROR - 23/12/2025 08:50:17 : ELASTIC : [5] Something unexpected happened while reading : BadRequestError(400, 'search_phase_execution_exception', 'no mapping found for `username.keyword` in order to collapse on') - elastic_controller (/app/orion/services/elastic_manager/elastic_controller.py:150)
ERROR - 23/12/2025 08:54:45 : ELASTIC : [5] Something unexpected happened while reading : BadRequestError(400, 'search_phase_execution_exception', 'no mapping found for `username.keyword` in order to collapse on') - elastic_controller (/app/orion/services/elastic_manager/elastic_controller.py:150)
ERROR - 23/12/2025 08:55:45 : ELASTIC : [5] Something unexpected happened while reading : BadRequestError(400, 'search_phase_execution_exception', 'no mapping found for `username.keyword` in order to collapse on') - elastic_controller (/app/orion/services/elastic_manager/elastic_controller.py:150)
ERROR - 23/12/2025 09:53:48 : ELASTIC : [5] Something unexpected happened while reading : BadRequestError(400, 'search_phase_execution_exception', 'no mapping found for `username.keyword` in order to collapse on') - elastic_controller (/app/orion/services/elastic_manager/elastic_controller.py:150)
ERROR - 23/12/2025 09:54:48 : ELASTIC : [5] Something unexpected happened while reading : BadRequestError(400, 'search_phase_execution_exception', 'no mapping found for `username.keyword` in order to collapse on') - elastic_controller (/app/orion/services/elastic_manager/elastic_controller.py:150)
ERROR - 23/12/2025 09:54:50 : ELASTIC : [5] Something unexpected happened while reading : BadRequestError(400, 'search_phase_execution_exception', 'No mapping found for [m_leak_date] in order to sort on') - elastic_controller (/app/orion/services/elastic_manager/elastic_controller.py:224)
ERROR - 23/12/2025 09:57:47 : ELASTIC : [5] Something unexpected happened while reading : BadRequestError(400, 'search_phase_execution_exception', 'No mapping found for [m_leak_date] in order to sort on') - elastic_controller (/app/orion/services/elastic_manager/elastic_controller.py:224)
ERROR - 23/12/2025 09:58:02 : ELASTIC : [5] Something unexpected happened while reading : BadRequestError(400, 'search_phase_execution_exception', 'no mapping found for `username.keyword` in order to collapse on') - elastic_controller (/app/orion/services/elastic_manager/elastic_controller.py:150)
ERROR - 23/12/2025 09:59:02 : ELASTIC : [5] Something unexpected happened while reading : BadRequestError(400, 'search_phase_execution_exception', 'no mapping found for `username.keyword` in order to collapse on') - elastic_controller (/app/orion/services/elastic_manager/elastic_controller.py:150)
ERROR - 23/12/2025 10:01:38 : ELASTIC : [5] Something unexpected happened while reading : BadRequestError(400, 'search_phase_execution_exception', 'no mapping found for `username.keyword` in order to collapse on') - elastic_controller (/app/orion/services/elastic_manager/elastic_controller.py:150)
ERROR - 23/12/2025 10:02:38 : ELASTIC : [5] Something unexpected happened while reading : BadRequestError(400, 'search_phase_execution_exception', 'no mapping found for `username.keyword` in order to collapse on') - elastic_controller (/app/orion/services/elastic_manager/elastic_controller.py:150)
ERROR - 23/12/2025 10:04:44 : ELASTIC : [5] Something unexpected happened while reading : BadRequestError(400, 'search_phase_execution_exception', 'No mapping found for [m_leak_date] in order to sort on') - elastic_controller (/app/orion/services/elastic_manager/elastic_controller.py:224)
ERROR - 23/12/2025 10:04:56 : ELASTIC : [5] Something unexpected happened while reading : BadRequestError(400, 'search_phase_execution_exception', 'no mapping found for `username.keyword` in order to collapse on') - elastic_controller (/app/orion/services/elastic_manager/elastic_controller.py:150)
ERROR - 23/12/2025 10:05:04 : ELASTIC : [5] Something unexpected happened while reading : BadRequestError(400, 'search_phase_execution_exception', 'No mapping found for [m_leak_date] in order to sort on') - elastic_controller (/app/orion/services/elastic_manager/elastic_controller.py:224)
ERROR - 23/12/2025 10:05:05 : ELASTIC : [5] Something unexpected happened while reading : BadRequestError(400, 'search_phase_execution_exception', 'no mapping found for `username.keyword` in order to collapse on') - elastic_controller (/app/orion/services/elastic_manager/elastic_controller.py:150)
ERROR - 23/12/2025 10:05:11 : ELASTIC : [5] Something unexpected happened while reading : BadRequestError(400, 'search_phase_execution_exception', 'no mapping found for `username.keyword` in order to collapse on') - elastic_controller (/app/orion/services/elastic_manager/elastic_controller.py:150)
ERROR - 23/12/2025 10:05:39 : ELASTIC : [5] Something unexpected happened while reading : BadRequestError(400, 'search_phase_execution_exception', 'no mapping found for `username.keyword` in order to collapse on') - elastic_controller (/app/orion/services/elastic_manager/elastic_controller.py:150)
ERROR - 23/12/2025 10:06:39 : ELASTIC : [5] Something unexpected happened while reading : BadRequestError(400, 'search_phase_execution_exception', 'no mapping found for `username.keyword` in order to collapse on') - elastic_controller (/app/orion/services/elastic_manager/elastic_controller.py:150)
ERROR - 23/12/2025 10:06:57 : ELASTIC : [5] Something unexpected happened while reading : BadRequestError(400, 'search_phase_execution_exception', 'no mapping found for `username.keyword` in order to collapse on') - elastic_controller (/app/orion/services/elastic_manager/elastic_controller.py:150)
ERROR - 23/12/2025 10:07:57 : ELASTIC : [5] Something unexpected happened while reading : BadRequestError(400, 'search_phase_execution_exception', 'no mapping found for `username.keyword` in order to collapse on') - elastic_controller (/app/orion/services/elastic_manager/elastic_controller.py:150)
ERROR - 23/12/2025 10:11:03 : ELASTIC : [5] Something unexpected happened while reading : BadRequestError(400, 'search_phase_execution_exception', 'no mapping found for `username.keyword` in order to collapse on') - elastic_controller (/app/orion/services/elastic_manager/elastic_controller.py:150)
ERROR - 23/12/2025 10:12:03 : ELASTIC : [5] Something unexpected happened while reading : BadRequestError(400, 'search_phase_execution_exception', 'no mapping found for `username.keyword` in order to collapse on') - elastic_controller (/app/orion/services/elastic_manager/elastic_controller.py:150)
ERROR - 23/12/2025 10:30:24 : ELASTIC : [5] Something unexpected happened while reading : BadRequestError(400, 'search_phase_execution_exception', 'No mapping found for [m_leak_date] in order to sort on') - elastic_controller (/app/orion/services/elastic_manager/elastic_controller.py:224)
ERROR - 23/12/2025 10:35:02 : ELASTIC : [5] Something unexpected happened while reading : BadRequestError(400, 'search_phase_execution_exception', 'No mapping found for [m_leak_date] in order to sort on') - elastic_controller (/app/orion/services/elastic_manager/elastic_controller.py:224)
ERROR - 23/12/2025 10:35:56 : ELASTIC : [5] Something unexpected happened while reading : BadRequestError(400, 'search_phase_execution_exception', 'no mapping found for `username.keyword` in order to collapse on') - elastic_controller (/app/orion/services/elastic_manager/elastic_controller.py:150)
ERROR - 23/12/2025 10:36:06 : ELASTIC : [5] Something unexpected happened while reading : BadRequestError(400, 'search_phase_execution_exception', 'no mapping found for `username.keyword` in order to collapse on') - elastic_controller (/app/orion/services/elastic_manager/elastic_controller.py:150)
ERROR - 23/12/2025 10:36:30 : ELASTIC : [5] Something unexpected happened while reading : BadRequestError(400, 'search_phase_execution_exception', 'no mapping found for `username.keyword` in order to collapse on') - elastic_controller (/app/orion/services/elastic_manager/elastic_controller.py:150)
ERROR - 23/12/2025 10:37:45 : ELASTIC : [5] Something unexpected happened while reading : BadRequestError(400, 'search_phase_execution_exception', 'no mapping found for `username.keyword` in order to collapse on') - elastic_controller (/app/orion/services/elastic_manager/elastic_controller.py:150)
ERROR - 23/12/2025 10:38:00 : ELASTIC : [5] Something unexpected happened while reading : BadRequestError(400, 'search_phase_execution_exception', 'no mapping found for `username.keyword` in order to collapse on') - elastic_controller (/app/orion/services/elastic_manager/elastic_controller.py:150)
ERROR - 23/12/2025 10:38:04 : ELASTIC : [5] Something unexpected happened while reading : BadRequestError(400, 'search_phase_execution_exception', 'no mapping found for `username.keyword` in order to collapse on') - elastic_controller (/app/orion/services/elastic_manager/elastic_controller.py:150)
ERROR - 23/12/2025 10:38:49 : ELASTIC : [5] Something unexpected happened while reading : BadRequestError(400, 'search_phase_execution_exception', 'no mapping found for `username.keyword` in order to collapse on') - elastic_controller (/app/orion/services/elastic_manager/elastic_controller.py:150)
ERROR - 23/12/2025 10:39:05 : ELASTIC : [5] Something unexpected happened while reading : BadRequestError(400, 'search_phase_execution_exception', 'no mapping found for `username.keyword` in order to collapse on') - elastic_controller (/app/orion/services/elastic_manager/elastic_controller.py:150)
ERROR - 23/12/2025 10:41:03 : ELASTIC : [5] Something unexpected happened while reading : BadRequestError(400, 'search_phase_execution_exception', 'no mapping found for `username.keyword` in order to collapse on') - elastic_controller (/app/orion/services/elastic_manager/elastic_controller.py:150)
ERROR - 23/12/2025 10:41:31 : ELASTIC : [5] Something unexpected happened while reading : BadRequestError(400, 'search_phase_execution_exception', 'no mapping found for `username.keyword` in order to collapse on') - elastic_controller (/app/orion/services/elastic_manager/elastic_controller.py:150)
ERROR - 23/12/2025 10:41:31 : ELASTIC : [5] Something unexpected happened while reading : BadRequestError(400, 'search_phase_execution_exception', 'no mapping found for `username.keyword` in order to collapse on') - elastic_controller (/app/orion/services/elastic_manager/elastic_controller.py:150)
ERROR - 23/12/2025 10:46:36 : ELASTIC : [5] Something unexpected happened while reading : BadRequestError(400, 'search_phase_execution_exception', 'no mapping found for `username.keyword` in order to collapse on') - elastic_controller (/app/orion/services/elastic_manager/elastic_controller.py:150)
ERROR - 23/12/2025 10:46:36 : ELASTIC : [5] Something unexpected happened while reading : BadRequestError(400, 'search_phase_execution_exception', 'no mapping found for `username.keyword` in order to collapse on') - elastic_controller (/app/orion/services/elastic_manager/elastic_controller.py:150)
ERROR - 23/12/2025 10:47:04 : ELASTIC : [5] Something unexpected happened while reading : BadRequestError(400, 'search_phase_execution_exception', 'no mapping found for `username.keyword` in order to collapse on') - elastic_controller (/app/orion/services/elastic_manager/elastic_controller.py:150)
ERROR - 23/12/2025 10:47:04 : ELASTIC : [5] Something unexpected happened while reading : BadRequestError(400, 'search_phase_execution_exception', 'no mapping found for `username.keyword` in order to collapse on') - elastic_controller (/app/orion/services/elastic_manager/elastic_controller.py:150)
ERROR - 23/12/2025 10:47:04 : ELASTIC : [5] Something unexpected happened while reading : BadRequestError(400, 'search_phase_execution_exception', 'no mapping found for `username.keyword` in order to collapse on') - elastic_controller (/app/orion/services/elastic_manager/elastic_controller.py:150)
ERROR - 23/12/2025 10:47:08 : ELASTIC : [5] Something unexpected happened while reading : BadRequestError(400, 'search_phase_execution_exception', 'no mapping found for `username.keyword` in order to collapse on') - elastic_controller (/app/orion/services/elastic_manager/elastic_controller.py:150)
ERROR - 23/12/2025 10:47:08 : ELASTIC : [5] Something unexpected happened while reading : BadRequestError(400, 'search_phase_execution_exception', 'no mapping found for `username.keyword` in order to collapse on') - elastic_controller (/app/orion/services/elastic_manager/elastic_controller.py:150)
ERROR - 23/12/2025 10:47:08 : ELASTIC : [5] Something unexpected happened while reading : BadRequestError(400, 'search_phase_execution_exception', 'no mapping found for `username.keyword` in order to collapse on') - elastic_controller (/app/orion/services/elastic_manager/elastic_controller.py:150)
ERROR - 23/12/2025 10:48:04 : ELASTIC : [5] Something unexpected happened while reading : BadRequestError(400, 'search_phase_execution_exception', 'No mapping found for [m_leak_date] in order to sort on') - elastic_controller (/app/orion/services/elastic_manager/elastic_controller.py:224)
ERROR - 23/12/2025 10:48:48 : ELASTIC : [5] Something unexpected happened while reading : BadRequestError(400, 'search_phase_execution_exception', 'No mapping found for [m_leak_date] in order to sort on') - elastic_controller (/app/orion/services/elastic_manager/elastic_controller.py:224)
ERROR - 23/12/2025 10:48:58 : ELASTIC : [5] Something unexpected happened while reading : BadRequestError(400, 'search_phase_execution_exception', 'no mapping found for `username.keyword` in order to collapse on') - elastic_controller (/app/orion/services/elastic_manager/elastic_controller.py:150)
ERROR - 23/12/2025 10:48:58 : ELASTIC : [5] Something unexpected happened while reading : BadRequestError(400, 'search_phase_execution_exception', 'no mapping found for `username.keyword` in order to collapse on') - elastic_controller (/app/orion/services/elastic_manager/elastic_controller.py:150)
ERROR - 23/12/2025 10:48:58 : ELASTIC : [5] Something unexpected happened while reading : BadRequestError(400, 'search_phase_execution_exception', 'no mapping found for `username.keyword` in order to collapse on') - elastic_controller (/app/orion/services/elastic_manager/elastic_controller.py:150)
ERROR - 23/12/2025 10:49:12 : ELASTIC : [5] Something unexpected happened while reading : BadRequestError(400, 'search_phase_execution_exception', 'No mapping found for [m_leak_date] in order to sort on') - elastic_controller (/app/orion/services/elastic_manager/elastic_controller.py:224)
ERROR - 23/12/2025 10:54:09 : ELASTIC : [5] Something unexpected happened while reading : BadRequestError(400, 'search_phase_execution_exception', 'no mapping found for `username.keyword` in order to collapse on') - elastic_controller (/app/orion/services/elastic_manager/elastic_controller.py:150)
ERROR - 23/12/2025 10:54:09 : ELASTIC : [5] Something unexpected happened while reading : BadRequestError(400, 'search_phase_execution_exception', 'no mapping found for `username.keyword` in order to collapse on') - elastic_controller (/app/orion/services/elastic_manager/elastic_controller.py:150)
ERROR - 23/12/2025 10:54:09 : ELASTIC : [5] Something unexpected happened while reading : BadRequestError(400, 'search_phase_execution_exception', 'no mapping found for `username.keyword` in order to collapse on') - elastic_controller (/app/orion/services/elastic_manager/elastic_controller.py:150)
ERROR - 23/12/2025 10:54:09 : ELASTIC : [5] Something unexpected happened while reading : BadRequestError(400, 'search_phase_execution_exception', 'no mapping found for `username.keyword` in order to collapse on') - elastic_controller (/app/orion/services/elastic_manager/elastic_controller.py:150)
ERROR - 23/12/2025 10:54:27 : ELASTIC : [5] Something unexpected happened while reading : BadRequestError(400, 'search_phase_execution_exception', 'No mapping found for [m_leak_date] in order to sort on') - elastic_controller (/app/orion/services/elastic_manager/elastic_controller.py:224)
ERROR - 23/12/2025 10:54:35 : ELASTIC : [5] Something unexpected happened while reading : BadRequestError(400, 'search_phase_execution_exception', 'No mapping found for [m_leak_date] in order to sort on') - elastic_controller (/app/orion/services/elastic_manager/elastic_controller.py:224)
ERROR - 23/12/2025 10:54:42 : ELASTIC : [5] Something unexpected happened while reading : BadRequestError(400, 'search_phase_execution_exception', 'no mapping found for `username.keyword` in order to collapse on') - elastic_controller (/app/orion/services/elastic_manager/elastic_controller.py:150)
ERROR - 23/12/2025 10:54:42 : ELASTIC : [5] Something unexpected happened while reading : BadRequestError(400, 'search_phase_execution_exception', 'no mapping found for `username.keyword` in order to collapse on') - elastic_controller (/app/orion/services/elastic_manager/elastic_controller.py:150)
ERROR - 23/12/2025 10:54:42 : ELASTIC : [5] Something unexpected happened while reading : BadRequestError(400, 'search_phase_execution_exception', 'no mapping found for `username.keyword` in order to collapse on') - elastic_controller (/app/orion/services/elastic_manager/elastic_controller.py:150)
ERROR - 23/12/2025 10:54:42 : ELASTIC : [5] Something unexpected happened while reading : BadRequestError(400, 'search_phase_execution_exception', 'no mapping found for `username.keyword` in order to collapse on') - elastic_controller (/app/orion/services/elastic_manager/elastic_controller.py:150)
ERROR - 23/12/2025 10:55:35 : ELASTIC : [5] Something unexpected happened while reading : BadRequestError(400, 'search_phase_execution_exception', 'no mapping found for `username.keyword` in order to collapse on') - elastic_controller (/app/orion/services/elastic_manager/elastic_controller.py:150)
ERROR - 23/12/2025 10:55:35 : ELASTIC : [5] Something unexpected happened while reading : BadRequestError(400, 'search_phase_execution_exception', 'no mapping found for `username.keyword` in order to collapse on') - elastic_controller (/app/orion/services/elastic_manager/elastic_controller.py:150)
ERROR - 23/12/2025 10:55:35 : ELASTIC : [5] Something unexpected happened while reading : BadRequestError(400, 'search_phase_execution_exception', 'no mapping found for `username.keyword` in order to collapse on') - elastic_controller (/app/orion/services/elastic_manager/elastic_controller.py:150)
ERROR - 23/12/2025 10:57:14 : ELASTIC : [5] Something unexpected happened while reading : BadRequestError(400, 'search_phase_execution_exception', 'no mapping found for `username.keyword` in order to collapse on') - elastic_controller (/app/orion/services/elastic_manager/elastic_controller.py:150)
ERROR - 23/12/2025 10:57:14 : ELASTIC : [5] Something unexpected happened while reading : BadRequestError(400, 'search_phase_execution_exception', 'no mapping found for `username.keyword` in order to collapse on') - elastic_controller (/app/orion/services/elastic_manager/elastic_controller.py:150)
ERROR - 23/12/2025 10:57:43 : ELASTIC : [5] Something unexpected happened while reading : BadRequestError(400, 'search_phase_execution_exception', 'No mapping found for [m_leak_date] in order to sort on') - elastic_controller (/app/orion/services/elastic_manager/elastic_controller.py:224)
ERROR - 23/12/2025 10:58:00 : ELASTIC : [5] Something unexpected happened while reading : BadRequestError(400, 'search_phase_execution_exception', 'no mapping found for `username.keyword` in order to collapse on') - elastic_controller (/app/orion/services/elastic_manager/elastic_controller.py:150)
ERROR - 23/12/2025 11:23:16 : ELASTIC : [5] Something unexpected happened while reading : BadRequestError(400, 'search_phase_execution_exception', 'no mapping found for `username.keyword` in order to collapse on') - elastic_controller (/app/orion/services/elastic_manager/elastic_controller.py:150)
ERROR - 23/12/2025 11:23:16 : ELASTIC : [5] Something unexpected happened while reading : BadRequestError(400, 'search_phase_execution_exception', 'no mapping found for `username.keyword` in order to collapse on') - elastic_controller (/app/orion/services/elastic_manager/elastic_controller.py:150)
ERROR - 23/12/2025 11:23:16 : ELASTIC : [5] Something unexpected happened while reading : BadRequestError(400, 'search_phase_execution_exception', 'no mapping found for `username.keyword` in order to collapse on') - elastic_controller (/app/orion/services/elastic_manager/elastic_controller.py:150)
ERROR - 23/12/2025 11:29:40 : ELASTIC : [5] Something unexpected happened while reading : BadRequestError(400, 'search_phase_execution_exception', 'No mapping found for [m_leak_date] in order to sort on') - elastic_controller (/app/orion/services/elastic_manager/elastic_controller.py:224)
ERROR - 23/12/2025 11:36:04 : ELASTIC : [5] Something unexpected happened while reading : BadRequestError(400, 'search_phase_execution_exception', 'No mapping found for [m_leak_date] in order to sort on') - elastic_controller (/app/orion/services/elastic_manager/elastic_controller.py:224)
ERROR - 23/12/2025 11:36:31 : ELASTIC : [5] Something unexpected happened while reading : BadRequestError(400, 'search_phase_execution_exception', 'No mapping found for [m_leak_date] in order to sort on') - elastic_controller (/app/orion/services/elastic_manager/elastic_controller.py:224)
ERROR - 23/12/2025 11:47:38 : ELASTIC : [5] Something unexpected happened while reading : BadRequestError(400, 'search_phase_execution_exception', 'No mapping found for [m_leak_date] in order to sort on') - elastic_controller (/app/orion/services/elastic_manager/elastic_controller.py:224)
ERROR - 23/12/2025 11:47:56 : ELASTIC : [5] Something unexpected happened while reading : BadRequestError(400, 'search_phase_execution_exception', 'no mapping found for `username.keyword` in order to collapse on') - elastic_controller (/app/orion/services/elastic_manager/elastic_controller.py:150)
ERROR - 23/12/2025 11:47:56 : ELASTIC : [5] Something unexpected happened while reading : BadRequestError(400, 'search_phase_execution_exception', 'no mapping found for `username.keyword` in order to collapse on') - elastic_controller (/app/orion/services/elastic_manager/elastic_controller.py:150)
ERROR - 23/12/2025 11:52:32 : ELASTIC : [5] Something unexpected happened while reading : BadRequestError(400, 'search_phase_execution_exception', 'No mapping found for [m_leak_date] in order to sort on') - elastic_controller (/app/orion/services/elastic_manager/elastic_controller.py:224)
ERROR - 23/12/2025 11:53:09 : ELASTIC : [5] Something unexpected happened while reading : BadRequestError(400, 'search_phase_execution_exception', 'unknown field [m_creation_date]') - elastic_controller (/app/orion/services/elastic_manager/elastic_controller.py:224)
ERROR - 23/12/2025 11:53:09 : ELASTIC : [5] Something unexpected happened while reading : BadRequestError(400, 'search_phase_execution_exception', 'No mapping found for [m_leak_date] in order to sort on') - elastic_controller (/app/orion/services/elastic_manager/elastic_controller.py:224)
ERROR - 23/12/2025 12:03:55 : ELASTIC : [5] Something unexpected happened while reading : BadRequestError(400, 'search_phase_execution_exception', 'No mapping found for [m_leak_date] in order to sort on') - elastic_controller (/app/orion/services/elastic_manager/elastic_controller.py:224)
ERROR - 23/12/2025 12:04:44 : ELASTIC : [5] Something unexpected happened while reading : BadRequestError(400, 'search_phase_execution_exception', 'No mapping found for [m_leak_date] in order to sort on') - elastic_controller (/app/orion/services/elastic_manager/elastic_controller.py:224)
ERROR - 23/12/2025 12:05:04 : ELASTIC : [5] Something unexpected happened while reading : BadRequestError(400, 'search_phase_execution_exception', 'No mapping found for [m_leak_date] in order to sort on') - elastic_controller (/app/orion/services/elastic_manager/elastic_controller.py:224)
ERROR - 23/12/2025 12:05:11 : ELASTIC : [5] Something unexpected happened while reading : BadRequestError(400, 'search_phase_execution_exception', 'No mapping found for [m_leak_date] in order to sort on') - elastic_controller (/app/orion/services/elastic_manager/elastic_controller.py:224)
ERROR - 23/12/2025 12:05:16 : ELASTIC : [5] Something unexpected happened while reading : BadRequestError(400, 'search_phase_execution_exception', 'No mapping found for [m_leak_date] in order to sort on') - elastic_controller (/app/orion/services/elastic_manager/elastic_controller.py:224)
ERROR - 23/12/2025 12:06:35 : ELASTIC : [5] Something unexpected happened while reading : BadRequestError(400, 'search_phase_execution_exception', 'No mapping found for [m_leak_date] in order to sort on') - elastic_controller (/app/orion/services/elastic_manager/elastic_controller.py:224)
ERROR - 23/12/2025 12:06:38 : ELASTIC : [5] Something unexpected happened while reading : BadRequestError(400, 'search_phase_execution_exception', 'no mapping found for `username.keyword` in order to collapse on') - elastic_controller (/app/orion/services/elastic_manager/elastic_controller.py:150)
ERROR - 23/12/2025 12:06:38 : ELASTIC : [5] Something unexpected happened while reading : BadRequestError(400, 'search_phase_execution_exception', 'no mapping found for `username.keyword` in order to collapse on') - elastic_controller (/app/orion/services/elastic_manager/elastic_controller.py:150)
ERROR - 23/12/2025 12:07:56 : ELASTIC : [5] Something unexpected happened while reading : BadRequestError(400, 'search_phase_execution_exception', 'unknown field [m_creation_date]') - elastic_controller (/app/orion/services/elastic_manager/elastic_controller.py:224)
ERROR - 23/12/2025 12:08:06 : ELASTIC : [5] Something unexpected happened while reading : BadRequestError(400, 'search_phase_execution_exception', 'no mapping found for `username.keyword` in order to collapse on') - elastic_controller (/app/orion/services/elastic_manager/elastic_controller.py:150)
ERROR - 23/12/2025 12:08:06 : ELASTIC : [5] Something unexpected happened while reading : BadRequestError(400, 'search_phase_execution_exception', '[m_ip] field which is of type [ip], does not support case insensitive term queries') - elastic_controller (/app/orion/services/elastic_manager/elastic_controller.py:224)
ERROR - 23/12/2025 12:08:06 : ELASTIC : [5] Something unexpected happened while reading : BadRequestError(400, 'search_phase_execution_exception', 'unknown field [m_creation_date]') - elastic_controller (/app/orion/services/elastic_manager/elastic_controller.py:224)
ERROR - 23/12/2025 12:08:07 : ELASTIC : [5] Something unexpected happened while reading : BadRequestError(400, 'search_phase_execution_exception', 'No mapping found for [m_leak_date] in order to sort on') - elastic_controller (/app/orion/services/elastic_manager/elastic_controller.py:224)
ERROR - 23/12/2025 12:08:07 : ELASTIC : [5] Something unexpected happened while reading : BadRequestError(400, 'search_phase_execution_exception', 'no mapping found for `username.keyword` in order to collapse on') - elastic_controller (/app/orion/services/elastic_manager/elastic_controller.py:150)
ERROR - 23/12/2025 12:08:31 : ELASTIC : [5] Something unexpected happened while reading : BadRequestError(400, 'search_phase_execution_exception', 'no mapping found for `username.keyword` in order to collapse on') - elastic_controller (/app/orion/services/elastic_manager/elastic_controller.py:150)
ERROR - 23/12/2025 12:08:31 : ELASTIC : [5] Something unexpected happened while reading : BadRequestError(400, 'search_phase_execution_exception', '[m_ip] field which is of type [ip], does not support case insensitive term queries') - elastic_controller (/app/orion/services/elastic_manager/elastic_controller.py:224)
ERROR - 23/12/2025 12:08:31 : ELASTIC : [5] Something unexpected happened while reading : BadRequestError(400, 'search_phase_execution_exception', 'unknown field [m_creation_date]') - elastic_controller (/app/orion/services/elastic_manager/elastic_controller.py:224)
ERROR - 23/12/2025 12:08:31 : ELASTIC : [5] Something unexpected happened while reading : BadRequestError(400, 'search_phase_execution_exception', 'No mapping found for [m_leak_date] in order to sort on') - elastic_controller (/app/orion/services/elastic_manager/elastic_controller.py:224)
ERROR - 23/12/2025 12:08:31 : ELASTIC : [5] Something unexpected happened while reading : BadRequestError(400, 'search_phase_execution_exception', 'no mapping found for `username.keyword` in order to collapse on') - elastic_controller (/app/orion/services/elastic_manager/elastic_controller.py:150)
ERROR - 23/12/2025 12:09:36 : ELASTIC : [5] Something unexpected happened while reading : BadRequestError(400, 'search_phase_execution_exception', 'unknown field [m_creation_date]') - elastic_controller (/app/orion/services/elastic_manager/elastic_controller.py:224)
ERROR - 23/12/2025 12:10:12 : ELASTIC : [5] Something unexpected happened while reading : BadRequestError(400, 'search_phase_execution_exception', 'No mapping found for [m_leak_date] in order to sort on') - elastic_controller (/app/orion/services/elastic_manager/elastic_controller.py:224)
ERROR - 23/12/2025 12:10:26 : ELASTIC : [5] Something unexpected happened while reading : BadRequestError(400, 'search_phase_execution_exception', 'no mapping found for `username.keyword` in order to collapse on') - elastic_controller (/app/orion/services/elastic_manager/elastic_controller.py:150)
ERROR - 23/12/2025 12:10:26 : ELASTIC : [5] Something unexpected happened while reading : BadRequestError(400, 'search_phase_execution_exception', 'no mapping found for `username.keyword` in order to collapse on') - elastic_controller (/app/orion/services/elastic_manager/elastic_controller.py:150)
ERROR - 23/12/2025 12:11:43 : ELASTIC : [5] Something unexpected happened while reading : BadRequestError(400, 'search_phase_execution_exception', '[m_ip] field which is of type [ip], does not support case insensitive term queries') - elastic_controller (/app/orion/services/elastic_manager/elastic_controller.py:224)
ERROR - 23/12/2025 12:11:43 : ELASTIC : [5] Something unexpected happened while reading : BadRequestError(400, 'search_phase_execution_exception', 'unknown field [m_creation_date]') - elastic_controller (/app/orion/services/elastic_manager/elastic_controller.py:224)
ERROR - 23/12/2025 12:14:50 : ELASTIC : [5] Something unexpected happened while reading : BadRequestError(400, 'search_phase_execution_exception', 'unknown field [m_creation_date]') - elastic_controller (/app/orion/services/elastic_manager/elastic_controller.py:224)
ERROR - 23/12/2025 12:14:57 : ELASTIC : [5] Something unexpected happened while reading : BadRequestError(400, 'search_phase_execution_exception', 'unknown field [m_creation_date]') - elastic_controller (/app/orion/services/elastic_manager/elastic_controller.py:224)
ERROR - 23/12/2025 12:29:31 : ELASTIC : [5] Something unexpected happened while reading : BadRequestError(400, 'search_phase_execution_exception', 'No mapping found for [m_leak_date] in order to sort on') - elastic_controller (/app/orion/services/elastic_manager/elastic_controller.py:224)
ERROR - 23/12/2025 12:30:00 : ELASTIC : [5] Something unexpected happened while reading : BadRequestError(400, 'search_phase_execution_exception', 'No mapping found for [m_leak_date] in order to sort on') - elastic_controller (/app/orion/services/elastic_manager/elastic_controller.py:224)
ERROR - 23/12/2025 12:37:12 : ELASTIC : [5] Something unexpected happened while reading : BadRequestError(400, 'search_phase_execution_exception', 'No mapping found for [m_leak_date] in order to sort on') - elastic_controller (/app/orion/services/elastic_manager/elastic_controller.py:224)
ERROR - 23/12/2025 12:37:23 : ELASTIC : [5] Something unexpected happened while reading : BadRequestError(400, 'search_phase_execution_exception', 'no mapping found for `username.keyword` in order to collapse on') - elastic_controller (/app/orion/services/elastic_manager/elastic_controller.py:150)
ERROR - 23/12/2025 12:37:23 : ELASTIC : [5] Something unexpected happened while reading : BadRequestError(400, 'search_phase_execution_exception', 'no mapping found for `username.keyword` in order to collapse on') - elastic_controller (/app/orion/services/elastic_manager/elastic_controller.py:150)
ERROR - 23/12/2025 12:37:23 : ELASTIC : [5] Something unexpected happened while reading : BadRequestError(400, 'search_phase_execution_exception', 'no mapping found for `username.keyword` in order to collapse on') - elastic_controller (/app/orion/services/elastic_manager/elastic_controller.py:150)
ERROR - 23/12/2025 12:42:56 : ELASTIC : [5] Something unexpected happened while reading : BadRequestError(400, 'search_phase_execution_exception', 'No mapping found for [m_leak_date] in order to sort on') - elastic_controller (/app/orion/services/elastic_manager/elastic_controller.py:224)
ERROR - 23/12/2025 12:48:49 : ELASTIC : [5] Something unexpected happened while reading : BadRequestError(400, 'search_phase_execution_exception', 'no mapping found for `username.keyword` in order to collapse on') - elastic_controller (/app/orion/services/elastic_manager/elastic_controller.py:150)
ERROR - 23/12/2025 12:58:43 : ELASTIC : [5] Something unexpected happened while reading : BadRequestError(400, 'search_phase_execution_exception', 'No mapping found for [m_leak_date] in order to sort on') - elastic_controller (/app/orion/services/elastic_manager/elastic_controller.py:224)
ERROR - 23/12/2025 12:58:49 : ELASTIC : [5] Something unexpected happened while reading : BadRequestError(400, 'search_phase_execution_exception', 'no mapping found for `username.keyword` in order to collapse on') - elastic_controller (/app/orion/services/elastic_manager/elastic_controller.py:150)
ERROR - 23/12/2025 12:59:08 : ELASTIC : [5] Something unexpected happened while reading : BadRequestError(400, 'search_phase_execution_exception', 'No mapping found for [m_leak_date] in order to sort on') - elastic_controller (/app/orion/services/elastic_manager/elastic_controller.py:224)
ERROR - 23/12/2025 12:59:25 : ELASTIC : [5] Something unexpected happened while reading : BadRequestError(400, 'search_phase_execution_exception', 'no mapping found for `username.keyword` in order to collapse on') - elastic_controller (/app/orion/services/elastic_manager/elastic_controller.py:150)
ERROR - 23/12/2025 13:13:11 : ELASTIC : [5] Something unexpected happened while reading : BadRequestError(400, 'search_phase_execution_exception', 'No mapping found for [m_leak_date] in order to sort on') - elastic_controller (/app/orion/services/elastic_manager/elastic_controller.py:224)
ERROR - 23/12/2025 13:13:14 : ELASTIC : [5] Something unexpected happened while reading : BadRequestError(400, 'search_phase_execution_exception', 'no mapping found for `username.keyword` in order to collapse on') - elastic_controller (/app/orion/services/elastic_manager/elastic_controller.py:150)
ERROR - 23/12/2025 13:14:43 : ELASTIC : [5] Something unexpected happened while reading : BadRequestError(400, 'search_phase_execution_exception', 'no mapping found for `username.keyword` in order to collapse on') - elastic_controller (/app/orion/services/elastic_manager/elastic_controller.py:150)
ERROR - 23/12/2025 13:14:43 : ELASTIC : [5] Something unexpected happened while reading : BadRequestError(400, 'search_phase_execution_exception', 'no mapping found for `username.keyword` in order to collapse on') - elastic_controller (/app/orion/services/elastic_manager/elastic_controller.py:150)
ERROR - 23/12/2025 13:15:07 : ELASTIC : [5] Something unexpected happened while reading : BadRequestError(400, 'search_phase_execution_exception', 'no mapping found for `username.keyword` in order to collapse on') - elastic_controller (/app/orion/services/elastic_manager/elastic_controller.py:150)
ERROR - 23/12/2025 13:15:07 : ELASTIC : [5] Something unexpected happened while reading : BadRequestError(400, 'search_phase_execution_exception', 'no mapping found for `username.keyword` in order to collapse on') - elastic_controller (/app/orion/services/elastic_manager/elastic_controller.py:150)
ERROR - 23/12/2025 13:15:44 : ELASTIC : [5] Something unexpected happened while reading : BadRequestError(400, 'search_phase_execution_exception', 'No mapping found for [m_leak_date] in order to sort on') - elastic_controller (/app/orion/services/elastic_manager/elastic_controller.py:224)
ERROR - 23/12/2025 13:15:46 : ELASTIC : [5] Something unexpected happened while reading : BadRequestError(400, 'search_phase_execution_exception', 'No mapping found for [m_leak_date] in order to sort on') - elastic_controller (/app/orion/services/elastic_manager/elastic_controller.py:224)
ERROR - 23/12/2025 13:17:47 : ELASTIC : [5] Something unexpected happened while reading : BadRequestError(400, 'search_phase_execution_exception', 'No mapping found for [m_leak_date] in order to sort on') - elastic_controller (/app/orion/services/elastic_manager/elastic_controller.py:224)
ERROR - 23/12/2025 13:23:16 : ELASTIC : [5] Something unexpected happened while reading : BadRequestError(400, 'search_phase_execution_exception', 'No mapping found for [m_leak_date] in order to sort on') - elastic_controller (/app/orion/services/elastic_manager/elastic_controller.py:224)
ERROR - 23/12/2025 13:23:20 : ELASTIC : [5] Something unexpected happened while reading : BadRequestError(400, 'search_phase_execution_exception', 'No mapping found for [m_leak_date] in order to sort on') - elastic_controller (/app/orion/services/elastic_manager/elastic_controller.py:224)
ERROR - 23/12/2025 13:27:18 : ELASTIC : [5] Something unexpected happened while reading : BadRequestError(400, 'search_phase_execution_exception', 'No mapping found for [m_leak_date] in order to sort on') - elastic_controller (/app/orion/services/elastic_manager/elastic_controller.py:224)
ERROR - 23/12/2025 13:27:24 : ELASTIC : [5] Something unexpected happened while reading : BadRequestError(400, 'search_phase_execution_exception', 'no mapping found for `username.keyword` in order to collapse on') - elastic_controller (/app/orion/services/elastic_manager/elastic_controller.py:150)
ERROR - 23/12/2025 13:27:24 : ELASTIC : [5] Something unexpected happened while reading : BadRequestError(400, 'search_phase_execution_exception', 'no mapping found for `username.keyword` in order to collapse on') - elastic_controller (/app/orion/services/elastic_manager/elastic_controller.py:150)
ERROR - 23/12/2025 13:27:44 : ELASTIC : [5] Something unexpected happened while reading : BadRequestError(400, 'search_phase_execution_exception', 'No mapping found for [m_leak_date] in order to sort on') - elastic_controller (/app/orion/services/elastic_manager/elastic_controller.py:224)
ERROR - 23/12/2025 13:35:15 : ELASTIC : [5] Something unexpected happened while reading : BadRequestError(400, 'search_phase_execution_exception', 'No mapping found for [m_leak_date] in order to sort on') - elastic_controller (/app/orion/services/elastic_manager/elastic_controller.py:224)
ERROR - 23/12/2025 13:35:25 : ELASTIC : [5] Something unexpected happened while reading : BadRequestError(400, 'search_phase_execution_exception', 'no mapping found for `username.keyword` in order to collapse on') - elastic_controller (/app/orion/services/elastic_manager/elastic_controller.py:150)
ERROR - 23/12/2025 13:35:26 : ELASTIC : [5] Something unexpected happened while reading : BadRequestError(400, 'search_phase_execution_exception', 'no mapping found for `username.keyword` in order to collapse on') - elastic_controller (/app/orion/services/elastic_manager/elastic_controller.py:150)
ERROR - 23/12/2025 13:41:27 : ELASTIC : [5] Something unexpected happened while reading : BadRequestError(400, 'search_phase_execution_exception', 'no mapping found for `username.keyword` in order to collapse on') - elastic_controller (/app/orion/services/elastic_manager/elastic_controller.py:150)
ERROR - 23/12/2025 13:41:27 : ELASTIC : [5] Something unexpected happened while reading : BadRequestError(400, 'search_phase_execution_exception', 'no mapping found for `username.keyword` in order to collapse on') - elastic_controller (/app/orion/services/elastic_manager/elastic_controller.py:150)
ERROR - 23/12/2025 13:42:57 : ELASTIC : [5] Something unexpected happened while reading : BadRequestError(400, 'search_phase_execution_exception', 'No mapping found for [m_leak_date] in order to sort on') - elastic_controller (/app/orion/services/elastic_manager/elastic_controller.py:224)
ERROR - 23/12/2025 13:43:12 : ELASTIC : [5] Something unexpected happened while reading : BadRequestError(400, 'search_phase_execution_exception', 'No mapping found for [m_leak_date] in order to sort on') - elastic_controller (/app/orion/services/elastic_manager/elastic_controller.py:224)
ERROR - 23/12/2025 13:43:39 : ELASTIC : [5] Something unexpected happened while reading : BadRequestError(400, 'search_phase_execution_exception', 'no mapping found for `username.keyword` in order to collapse on') - elastic_controller (/app/orion/services/elastic_manager/elastic_controller.py:150)
ERROR - 23/12/2025 13:43:39 : ELASTIC : [5] Something unexpected happened while reading : BadRequestError(400, 'search_phase_execution_exception', 'no mapping found for `username.keyword` in order to collapse on') - elastic_controller (/app/orion/services/elastic_manager/elastic_controller.py:150)
ERROR - 23/12/2025 13:50:48 : ELASTIC : [5] Something unexpected happened while reading : BadRequestError(400, 'search_phase_execution_exception', 'No mapping found for [m_leak_date] in order to sort on') - elastic_controller (/app/orion/services/elastic_manager/elastic_controller.py:224)
ERROR - 23/12/2025 13:51:04 : ELASTIC : [5] Something unexpected happened while reading : BadRequestError(400, 'search_phase_execution_exception', 'no mapping found for `username.keyword` in order to collapse on') - elastic_controller (/app/orion/services/elastic_manager/elastic_controller.py:150)
ERROR - 23/12/2025 13:51:04 : ELASTIC : [5] Something unexpected happened while reading : BadRequestError(400, 'search_phase_execution_exception', 'no mapping found for `username.keyword` in order to collapse on') - elastic_controller (/app/orion/services/elastic_manager/elastic_controller.py:150)
ERROR - 23/12/2025 13:54:49 : ELASTIC : [5] Something unexpected happened while reading : BadRequestError(400, 'search_phase_execution_exception', 'No mapping found for [m_leak_date] in order to sort on') - elastic_controller (/app/orion/services/elastic_manager/elastic_controller.py:224)
ERROR - 23/12/2025 13:55:23 : ELASTIC : [5] Something unexpected happened while reading : BadRequestError(400, 'search_phase_execution_exception', 'no mapping found for `username.keyword` in order to collapse on') - elastic_controller (/app/orion/services/elastic_manager/elastic_controller.py:150)
ERROR - 23/12/2025 13:55:23 : ELASTIC : [5] Something unexpected happened while reading : BadRequestError(400, 'search_phase_execution_exception', 'no mapping found for `username.keyword` in order to collapse on') - elastic_controller (/app/orion/services/elastic_manager/elastic_controller.py:150)
ERROR - 23/12/2025 13:56:48 : ELASTIC : [5] Something unexpected happened while reading : BadRequestError(400, 'search_phase_execution_exception', 'No mapping found for [m_leak_date] in order to sort on') - elastic_controller (/app/orion/services/elastic_manager/elastic_controller.py:224)
ERROR - 23/12/2025 13:57:15 : ELASTIC : [5] Something unexpected happened while reading : BadRequestError(400, 'search_phase_execution_exception', 'no mapping found for `username.keyword` in order to collapse on') - elastic_controller (/app/orion/services/elastic_manager/elastic_controller.py:150)
ERROR - 23/12/2025 13:57:15 : ELASTIC : [5] Something unexpected happened while reading : BadRequestError(400, 'search_phase_execution_exception', 'no mapping found for `username.keyword` in order to collapse on') - elastic_controller (/app/orion/services/elastic_manager/elastic_controller.py:150)
ERROR - 23/12/2025 13:58:34 : ELASTIC : [5] Something unexpected happened while reading : BadRequestError(400, 'search_phase_execution_exception', 'No mapping found for [m_leak_date] in order to sort on') - elastic_controller (/app/orion/services/elastic_manager/elastic_controller.py:224)
ERROR - 23/12/2025 13:58:43 : ELASTIC : [5] Something unexpected happened while reading : BadRequestError(400, 'search_phase_execution_exception', 'No mapping found for [m_leak_date] in order to sort on') - elastic_controller (/app/orion/services/elastic_manager/elastic_controller.py:224)
ERROR - 23/12/2025 13:58:50 : ELASTIC : [5] Something unexpected happened while reading : BadRequestError(400, 'search_phase_execution_exception', 'no mapping found for `username.keyword` in order to collapse on') - elastic_controller (/app/orion/services/elastic_manager/elastic_controller.py:150)
ERROR - 23/12/2025 13:58:50 : ELASTIC : [5] Something unexpected happened while reading : BadRequestError(400, 'search_phase_execution_exception', 'no mapping found for `username.keyword` in order to collapse on') - elastic_controller (/app/orion/services/elastic_manager/elastic_controller.py:150)
ERROR - 23/12/2025 14:00:18 : ELASTIC : [5] Something unexpected happened while reading : BadRequestError(400, 'search_phase_execution_exception', 'No mapping found for [m_leak_date] in order to sort on') - elastic_controller (/app/orion/services/elastic_manager/elastic_controller.py:224)
ERROR - 23/12/2025 14:00:35 : ELASTIC : [5] Something unexpected happened while reading : BadRequestError(400, 'search_phase_execution_exception', 'no mapping found for `username.keyword` in order to collapse on') - elastic_controller (/app/orion/services/elastic_manager/elastic_controller.py:150)
ERROR - 23/12/2025 14:00:35 : ELASTIC : [5] Something unexpected happened while reading : BadRequestError(400, 'search_phase_execution_exception', 'no mapping found for `username.keyword` in order to collapse on') - elastic_controller (/app/orion/services/elastic_manager/elastic_controller.py:150)
ERROR - 23/12/2025 14:03:24 : ELASTIC : [5] Something unexpected happened while reading : BadRequestError(400, 'search_phase_execution_exception', 'No mapping found for [m_leak_date] in order to sort on') - elastic_controller (/app/orion/services/elastic_manager/elastic_controller.py:224)
ERROR - 23/12/2025 14:03:42 : ELASTIC : [5] Something unexpected happened while reading : BadRequestError(400, 'search_phase_execution_exception', 'No mapping found for [m_leak_date] in order to sort on') - elastic_controller (/app/orion/services/elastic_manager/elastic_controller.py:224)
ERROR - 23/12/2025 14:09:30 : ELASTIC : [5] Something unexpected happened while reading : BadRequestError(400, 'search_phase_execution_exception', 'No mapping found for [m_leak_date] in order to sort on') - elastic_controller (/app/orion/services/elastic_manager/elastic_controller.py:224)
ERROR - 23/12/2025 14:10:11 : ELASTIC : [5] Something unexpected happened while reading : BadRequestError(400, 'search_phase_execution_exception', 'No mapping found for [m_leak_date] in order to sort on') - elastic_controller (/app/orion/services/elastic_manager/elastic_controller.py:224)
ERROR - 23/12/2025 14:10:47 : ELASTIC : [5] Something unexpected happened while reading : BadRequestError(400, 'search_phase_execution_exception', 'No mapping found for [m_leak_date] in order to sort on') - elastic_controller (/app/orion/services/elastic_manager/elastic_controller.py:224)
ERROR - 23/12/2025 14:11:23 : ELASTIC : [5] Something unexpected happened while reading : BadRequestError(400, 'search_phase_execution_exception', 'No mapping found for [m_leak_date] in order to sort on') - elastic_controller (/app/orion/services/elastic_manager/elastic_controller.py:224)
ERROR - 23/12/2025 14:15:52 : ELASTIC : [5] Something unexpected happened while reading : BadRequestError(400, 'search_phase_execution_exception', 'No mapping found for [m_leak_date] in order to sort on') - elastic_controller (/app/orion/services/elastic_manager/elastic_controller.py:224)
ERROR - 23/12/2025 14:16:17 : ELASTIC : [5] Something unexpected happened while reading : BadRequestError(400, 'search_phase_execution_exception', 'No mapping found for [m_leak_date] in order to sort on') - elastic_controller (/app/orion/services/elastic_manager/elastic_controller.py:224)
ERROR - 23/12/2025 14:18:56 : ELASTIC : [5] Something unexpected happened while reading : BadRequestError(400, 'search_phase_execution_exception', 'no mapping found for `username.keyword` in order to collapse on') - elastic_controller (/app/orion/services/elastic_manager/elastic_controller.py:150)
ERROR - 23/12/2025 14:18:56 : ELASTIC : [5] Something unexpected happened while reading : BadRequestError(400, 'search_phase_execution_exception', 'no mapping found for `username.keyword` in order to collapse on') - elastic_controller (/app/orion/services/elastic_manager/elastic_controller.py:150)
ERROR - 23/12/2025 14:20:16 : ELASTIC : [5] Something unexpected happened while reading : BadRequestError(400, 'search_phase_execution_exception', 'No mapping found for [m_leak_date] in order to sort on') - elastic_controller (/app/orion/services/elastic_manager/elastic_controller.py:224)
ERROR - 23/12/2025 14:20:23 : ELASTIC : [5] Something unexpected happened while reading : BadRequestError(400, 'search_phase_execution_exception', 'no mapping found for `username.keyword` in order to collapse on') - elastic_controller (/app/orion/services/elastic_manager/elastic_controller.py:150)
ERROR - 23/12/2025 14:20:23 : ELASTIC : [5] Something unexpected happened while reading : BadRequestError(400, 'search_phase_execution_exception', 'no mapping found for `username.keyword` in order to collapse on') - elastic_controller (/app/orion/services/elastic_manager/elastic_controller.py:150)
ERROR - 23/12/2025 14:21:09 : ELASTIC : [5] Something unexpected happened while reading : BadRequestError(400, 'search_phase_execution_exception', 'No mapping found for [m_leak_date] in order to sort on') - elastic_controller (/app/orion/services/elastic_manager/elastic_controller.py:224)
ERROR - 23/12/2025 14:21:17 : ELASTIC : [5] Something unexpected happened while reading : BadRequestError(400, 'search_phase_execution_exception', 'No mapping found for [m_leak_date] in order to sort on') - elastic_controller (/app/orion/services/elastic_manager/elastic_controller.py:224)
ERROR - 23/12/2025 14:21:56 : ELASTIC : [5] Something unexpected happened while reading : BadRequestError(400, 'search_phase_execution_exception', 'No mapping found for [m_leak_date] in order to sort on') - elastic_controller (/app/orion/services/elastic_manager/elastic_controller.py:224)
ERROR - 23/12/2025 14:24:39 : ELASTIC : [5] Something unexpected happened while reading : BadRequestError(400, 'search_phase_execution_exception', 'no mapping found for `username.keyword` in order to collapse on') - elastic_controller (/app/orion/services/elastic_manager/elastic_controller.py:150)
ERROR - 23/12/2025 14:24:39 : ELASTIC : [5] Something unexpected happened while reading : BadRequestError(400, 'search_phase_execution_exception', 'no mapping found for `username.keyword` in order to collapse on') - elastic_controller (/app/orion/services/elastic_manager/elastic_controller.py:150)
ERROR - 23/12/2025 14:24:39 : ELASTIC : [5] Something unexpected happened while reading : BadRequestError(400, 'search_phase_execution_exception', 'no mapping found for `username.keyword` in order to collapse on') - elastic_controller (/app/orion/services/elastic_manager/elastic_controller.py:150)
ERROR - 23/12/2025 14:25:16 : ELASTIC : [5] Something unexpected happened while reading : BadRequestError(400, 'search_phase_execution_exception', 'no mapping found for `username.keyword` in order to collapse on') - elastic_controller (/app/orion/services/elastic_manager/elastic_controller.py:150)
ERROR - 23/12/2025 14:25:16 : ELASTIC : [5] Something unexpected happened while reading : BadRequestError(400, 'search_phase_execution_exception', 'no mapping found for `username.keyword` in order to collapse on') - elastic_controller (/app/orion/services/elastic_manager/elastic_controller.py:150)
ERROR - 23/12/2025 14:25:16 : ELASTIC : [5] Something unexpected happened while reading : BadRequestError(400, 'search_phase_execution_exception', 'no mapping found for `username.keyword` in order to collapse on') - elastic_controller (/app/orion/services/elastic_manager/elastic_controller.py:150)
ERROR - 23/12/2025 14:31:18 : ELASTIC : [5] Something unexpected happened while reading : BadRequestError(400, 'search_phase_execution_exception', 'no mapping found for `username.keyword` in order to collapse on') - elastic_controller (/app/orion/services/elastic_manager/elastic_controller.py:150)
ERROR - 23/12/2025 14:31:18 : ELASTIC : [5] Something unexpected happened while reading : BadRequestError(400, 'search_phase_execution_exception', 'no mapping found for `username.keyword` in order to collapse on') - elastic_controller (/app/orion/services/elastic_manager/elastic_controller.py:150)
ERROR - 23/12/2025 14:31:18 : ELASTIC : [5] Something unexpected happened while reading : BadRequestError(400, 'search_phase_execution_exception', 'no mapping found for `username.keyword` in order to collapse on') - elastic_controller (/app/orion/services/elastic_manager/elastic_controller.py:150)
ERROR - 23/12/2025 14:34:39 : ELASTIC : [5] Something unexpected happened while reading : BadRequestError(400, 'search_phase_execution_exception', 'no mapping found for `username.keyword` in order to collapse on') - elastic_controller (/app/orion/services/elastic_manager/elastic_controller.py:150)
ERROR - 23/12/2025 14:34:39 : ELASTIC : [5] Something unexpected happened while reading : BadRequestError(400, 'search_phase_execution_exception', 'no mapping found for `username.keyword` in order to collapse on') - elastic_controller (/app/orion/services/elastic_manager/elastic_controller.py:150)
ERROR - 23/12/2025 14:34:39 : ELASTIC : [5] Something unexpected happened while reading : BadRequestError(400, 'search_phase_execution_exception', 'no mapping found for `username.keyword` in order to collapse on') - elastic_controller (/app/orion/services/elastic_manager/elastic_controller.py:150)
ERROR - 23/12/2025 14:38:06 : ELASTIC : [5] Something unexpected happened while reading : BadRequestError(400, 'search_phase_execution_exception', '[m_ip] field which is of type [ip], does not support case insensitive term queries') - elastic_controller (/app/orion/services/elastic_manager/elastic_controller.py:224)
ERROR - 23/12/2025 14:38:06 : ELASTIC : [5] Something unexpected happened while reading : BadRequestError(400, 'search_phase_execution_exception', 'unknown field [m_creation_date]') - elastic_controller (/app/orion/services/elastic_manager/elastic_controller.py:224)
ERROR - 23/12/2025 14:38:06 : ELASTIC : [5] Something unexpected happened while reading : BadRequestError(400, 'search_phase_execution_exception', 'No mapping found for [m_leak_date] in order to sort on') - elastic_controller (/app/orion/services/elastic_manager/elastic_controller.py:224)
ERROR - 23/12/2025 14:38:21 : ELASTIC : [5] Something unexpected happened while reading : BadRequestError(400, 'search_phase_execution_exception', 'no mapping found for `username.keyword` in order to collapse on') - elastic_controller (/app/orion/services/elastic_manager/elastic_controller.py:150)
ERROR - 23/12/2025 14:38:21 : ELASTIC : [5] Something unexpected happened while reading : BadRequestError(400, 'search_phase_execution_exception', '[m_ip] field which is of type [ip], does not support case insensitive term queries') - elastic_controller (/app/orion/services/elastic_manager/elastic_controller.py:224)
ERROR - 23/12/2025 14:38:21 : ELASTIC : [5] Something unexpected happened while reading : BadRequestError(400, 'search_phase_execution_exception', 'unknown field [m_creation_date]') - elastic_controller (/app/orion/services/elastic_manager/elastic_controller.py:224)
ERROR - 23/12/2025 14:38:21 : ELASTIC : [5] Something unexpected happened while reading : BadRequestError(400, 'search_phase_execution_exception', 'No mapping found for [m_leak_date] in order to sort on') - elastic_controller (/app/orion/services/elastic_manager/elastic_controller.py:224)
ERROR - 23/12/2025 14:38:21 : ELASTIC : [5] Something unexpected happened while reading : BadRequestError(400, 'search_phase_execution_exception', 'no mapping found for `username.keyword` in order to collapse on') - elastic_controller (/app/orion/services/elastic_manager/elastic_controller.py:150)
ERROR - 23/12/2025 14:38:41 : ELASTIC : [5] Something unexpected happened while reading : BadRequestError(400, 'search_phase_execution_exception', 'no mapping found for `username.keyword` in order to collapse on') - elastic_controller (/app/orion/services/elastic_manager/elastic_controller.py:150)
ERROR - 23/12/2025 14:38:41 : ELASTIC : [5] Something unexpected happened while reading : BadRequestError(400, 'search_phase_execution_exception', '[m_ip] field which is of type [ip], does not support case insensitive term queries') - elastic_controller (/app/orion/services/elastic_manager/elastic_controller.py:224)
ERROR - 23/12/2025 14:38:41 : ELASTIC : [5] Something unexpected happened while reading : BadRequestError(400, 'search_phase_execution_exception', 'unknown field [m_creation_date]') - elastic_controller (/app/orion/services/elastic_manager/elastic_controller.py:224)
ERROR - 23/12/2025 14:38:41 : ELASTIC : [5] Something unexpected happened while reading : BadRequestError(400, 'search_phase_execution_exception', 'No mapping found for [m_leak_date] in order to sort on') - elastic_controller (/app/orion/services/elastic_manager/elastic_controller.py:224)
ERROR - 23/12/2025 14:38:41 : ELASTIC : [5] Something unexpected happened while reading : BadRequestError(400, 'search_phase_execution_exception', 'no mapping found for `username.keyword` in order to collapse on') - elastic_controller (/app/orion/services/elastic_manager/elastic_controller.py:150)
ERROR - 23/12/2025 14:47:27 : ELASTIC : [5] Something unexpected happened while reading : BadRequestError(400, 'search_phase_execution_exception', 'no mapping found for `username.keyword` in order to collapse on') - elastic_controller (/app/orion/services/elastic_manager/elastic_controller.py:150)
ERROR - 23/12/2025 14:47:28 : ELASTIC : [5] Something unexpected happened while reading : BadRequestError(400, 'search_phase_execution_exception', 'no mapping found for `username.keyword` in order to collapse on') - elastic_controller (/app/orion/services/elastic_manager/elastic_controller.py:150)
ERROR - 23/12/2025 14:47:28 : ELASTIC : [5] Something unexpected happened while reading : BadRequestError(400, 'search_phase_execution_exception', '[m_ip] field which is of type [ip], does not support case insensitive term queries') - elastic_controller (/app/orion/services/elastic_manager/elastic_controller.py:224)
ERROR - 23/12/2025 14:47:28 : ELASTIC : [5] Something unexpected happened while reading : BadRequestError(400, 'search_phase_execution_exception', 'unknown field [m_creation_date]') - elastic_controller (/app/orion/services/elastic_manager/elastic_controller.py:224)
ERROR - 23/12/2025 14:47:28 : ELASTIC : [5] Something unexpected happened while reading : BadRequestError(400, 'search_phase_execution_exception', 'No mapping found for [m_leak_date] in order to sort on') - elastic_controller (/app/orion/services/elastic_manager/elastic_controller.py:224)
ERROR - 23/12/2025 15:20:19 : ELASTIC : [5] Something unexpected happened while reading : BadRequestError(400, 'search_phase_execution_exception', 'no mapping found for `username.keyword` in order to collapse on') - elastic_controller (/app/orion/services/elastic_manager/elastic_controller.py:150)
ERROR - 23/12/2025 15:20:19 : ELASTIC : [5] Something unexpected happened while reading : BadRequestError(400, 'search_phase_execution_exception', 'no mapping found for `username.keyword` in order to collapse on') - elastic_controller (/app/orion/services/elastic_manager/elastic_controller.py:150)
ERROR - 23/12/2025 15:20:19 : ELASTIC : [5] Something unexpected happened while reading : BadRequestError(400, 'search_phase_execution_exception', '[m_ip] field which is of type [ip], does not support case insensitive term queries') - elastic_controller (/app/orion/services/elastic_manager/elastic_controller.py:224)
ERROR - 23/12/2025 15:20:19 : ELASTIC : [5] Something unexpected happened while reading : BadRequestError(400, 'search_phase_execution_exception', 'unknown field [m_creation_date]') - elastic_controller (/app/orion/services/elastic_manager/elastic_controller.py:224)
ERROR - 23/12/2025 15:20:19 : ELASTIC : [5] Something unexpected happened while reading : BadRequestError(400, 'search_phase_execution_exception', 'No mapping found for [m_leak_date] in order to sort on') - elastic_controller (/app/orion/services/elastic_manager/elastic_controller.py:224)
ERROR - 23/12/2025 15:22:14 : ELASTIC : [5] Something unexpected happened while reading : BadRequestError(400, 'search_phase_execution_exception', '[m_ip] field which is of type [ip], does not support case insensitive term queries') - elastic_controller (/app/orion/services/elastic_manager/elastic_controller.py:224)
ERROR - 23/12/2025 15:22:14 : ELASTIC : [5] Something unexpected happened while reading : BadRequestError(400, 'search_phase_execution_exception', 'unknown field [m_creation_date]') - elastic_controller (/app/orion/services/elastic_manager/elastic_controller.py:224)
ERROR - 23/12/2025 15:22:26 : ELASTIC : [5] Something unexpected happened while reading : BadRequestError(400, 'search_phase_execution_exception', 'no mapping found for `username.keyword` in order to collapse on') - elastic_controller (/app/orion/services/elastic_manager/elastic_controller.py:150)
ERROR - 23/12/2025 15:22:26 : ELASTIC : [5] Something unexpected happened while reading : BadRequestError(400, 'search_phase_execution_exception', '[m_ip] field which is of type [ip], does not support case insensitive term queries') - elastic_controller (/app/orion/services/elastic_manager/elastic_controller.py:224)
ERROR - 23/12/2025 15:22:26 : ELASTIC : [5] Something unexpected happened while reading : BadRequestError(400, 'search_phase_execution_exception', 'no mapping found for `username.keyword` in order to collapse on') - elastic_controller (/app/orion/services/elastic_manager/elastic_controller.py:150)
ERROR - 23/12/2025 15:22:26 : ELASTIC : [5] Something unexpected happened while reading : BadRequestError(400, 'search_phase_execution_exception', 'unknown field [m_creation_date]') - elastic_controller (/app/orion/services/elastic_manager/elastic_controller.py:224)
ERROR - 23/12/2025 15:22:26 : ELASTIC : [5] Something unexpected happened while reading : BadRequestError(400, 'search_phase_execution_exception', 'No mapping found for [m_leak_date] in order to sort on') - elastic_controller (/app/orion/services/elastic_manager/elastic_controller.py:224)
ERROR - 23/12/2025 17:22:59 : ELASTIC : [5] Something unexpected happened while reading : BadRequestError(400, 'search_phase_execution_exception', 'No mapping found for [m_leak_date] in order to sort on') - elastic_controller (/app/orion/services/elastic_manager/elastic_controller.py:224)
ERROR - 23/12/2025 17:23:46 : ELASTIC : [5] Something unexpected happened while reading : BadRequestError(400, 'search_phase_execution_exception', 'No mapping found for [m_leak_date] in order to sort on') - elastic_controller (/app/orion/services/elastic_manager/elastic_controller.py:224)
ERROR - 23/12/2025 17:32:44 : ELASTIC : [5] Something unexpected happened while reading : BadRequestError(400, 'search_phase_execution_exception', 'No mapping found for [m_leak_date] in order to sort on') - elastic_controller (/app/orion/services/elastic_manager/elastic_controller.py:224)
ERROR - 23/12/2025 17:34:35 : ELASTIC : [5] Something unexpected happened while reading : BadRequestError(400, 'search_phase_execution_exception', 'No mapping found for [m_leak_date] in order to sort on') - elastic_controller (/app/orion/services/elastic_manager/elastic_controller.py:224)
ERROR - 23/12/2025 18:02:46 : ELASTIC : [5] Something unexpected happened while reading : BadRequestError(400, 'search_phase_execution_exception', 'unknown field [m_creation_date]') - elastic_controller (/app/orion/services/elastic_manager/elastic_controller.py:213)
ERROR - 23/12/2025 18:02:49 : ELASTIC : [5] Something unexpected happened while reading : BadRequestError(400, 'search_phase_execution_exception', 'unknown field [m_creation_date]') - elastic_controller (/app/orion/services/elastic_manager/elastic_controller.py:213)
ERROR - 23/12/2025 18:02:49 : ELASTIC : [5] Something unexpected happened while reading : BadRequestError(400, 'search_phase_execution_exception', 'unknown field [m_creation_date]') - elastic_controller (/app/orion/services/elastic_manager/elastic_controller.py:213)
ERROR - 23/12/2025 18:03:05 : ELASTIC : [5] Something unexpected happened while reading : BadRequestError(400, 'search_phase_execution_exception', 'unknown field [m_creation_date]') - elastic_controller (/app/orion/services/elastic_manager/elastic_controller.py:213)
ERROR - 23/12/2025 18:03:21 : ELASTIC : [5] Something unexpected happened while reading : BadRequestError(400, 'search_phase_execution_exception', 'unknown field [m_creation_date]') - elastic_controller (/app/orion/services/elastic_manager/elastic_controller.py:213)
ERROR - 23/12/2025 18:03:21 : ELASTIC : [5] Something unexpected happened while reading : BadRequestError(400, 'search_phase_execution_exception', 'unknown field [m_creation_date]') - elastic_controller (/app/orion/services/elastic_manager/elastic_controller.py:213)
ERROR - 23/12/2025 18:04:07 : ELASTIC : [5] Something unexpected happened while reading : BadRequestError(400, 'search_phase_execution_exception', 'unknown field [m_creation_date]') - elastic_controller (/app/orion/services/elastic_manager/elastic_controller.py:213)
