ERROR - 06/08/2025 06:06:57 : ELASTIC : [5] Something unexpected happened while reading : BadRequestError(400, 'search_phase_execution_exception', 'No mapping found for [m_update_date] in order to sort on') - elastic_controller (/app/orion/services/elastic_manager/elastic_controller.py:106)
ERROR - 06/08/2025 06:12:03 : ELASTIC : [5] Something unexpected happened while reading : BadRequestError(400, 'search_phase_execution_exception', 'No mapping found for [m_update_date] in order to sort on') - elastic_controller (/app/orion/services/elastic_manager/elastic_controller.py:106)
ERROR - 06/08/2025 06:18:05 : ELASTIC : [5] Something unexpected happened while reading : BadRequestError(400, 'search_phase_execution_exception', 'No mapping found for [m_update_date] in order to sort on') - elastic_controller (/app/orion/services/elastic_manager/elastic_controller.py:106)
ERROR - 06/08/2025 06:18:05 : ELASTIC : [5] Something unexpected happened while reading : BadRequestError(400, 'search_phase_execution_exception', 'No mapping found for [m_leak_date] in order to sort on') - elastic_controller (/app/orion/services/elastic_manager/elastic_controller.py:106)
ERROR - 06/08/2025 06:19:19 : ELASTIC : [5] Something unexpected happened while reading : BadRequestError(400, 'search_phase_execution_exception', 'No mapping found for [m_update_date] in order to sort on') - elastic_controller (/app/orion/services/elastic_manager/elastic_controller.py:106)
ERROR - 06/08/2025 06:19:19 : ELASTIC : [5] Something unexpected happened while reading : BadRequestError(400, 'search_phase_execution_exception', 'No mapping found for [m_leak_date] in order to sort on') - elastic_controller (/app/orion/services/elastic_manager/elastic_controller.py:106)
ERROR - 06/08/2025 06:25:35 : ELASTIC : [5] Something unexpected happened while reading : BadRequestError(400, 'search_phase_execution_exception', 'No mapping found for [m_update_date] in order to sort on') - elastic_controller (/app/orion/services/elastic_manager/elastic_controller.py:106)
ERROR - 06/08/2025 06:25:35 : ELASTIC : [5] Something unexpected happened while reading : BadRequestError(400, 'search_phase_execution_exception', 'No mapping found for [m_update_date] in order to sort on') - elastic_controller (/app/orion/services/elastic_manager/elastic_controller.py:106)
ERROR - 06/08/2025 06:25:35 : ELASTIC : [5] Something unexpected happened while reading : BadRequestError(400, 'search_phase_execution_exception', 'No mapping found for [m_leak_date] in order to sort on') - elastic_controller (/app/orion/services/elastic_manager/elastic_controller.py:106)
ERROR - 06/08/2025 06:25:36 : ELASTIC : [5] Something unexpected happened while reading : BadRequestError(400, 'search_phase_execution_exception', 'No mapping found for [m_leak_date] in order to sort on') - elastic_controller (/app/orion/services/elastic_manager/elastic_controller.py:106)
ERROR - 06/08/2025 07:34:58 : ELASTIC : [5] Something unexpected happened while reading : BadRequestError(400, 'search_phase_execution_exception', 'unknown field [m_update_date]') - elastic_controller (/app/orion/services/elastic_manager/elastic_controller.py:106)
ERROR - 06/08/2025 07:35:03 : ELASTIC : [5] Something unexpected happened while reading : BadRequestError(400, 'search_phase_execution_exception', 'unknown field [m_update_date]') - elastic_controller (/app/orion/services/elastic_manager/elastic_controller.py:106)
ERROR - 06/08/2025 07:37:08 : ELASTIC : [5] Something unexpected happened while reading : BadRequestError(400, 'search_phase_execution_exception', 'unknown field [m_update_date]') - elastic_controller (/app/orion/services/elastic_manager/elastic_controller.py:106)
ERROR - 06/08/2025 07:47:26 : ELASTIC : [5] Something unexpected happened while reading : BadRequestError(400, 'search_phase_execution_exception', 'unknown field [m_update_date]') - elastic_controller (/app/orion/services/elastic_manager/elastic_controller.py:106)
ERROR - 06/08/2025 08:02:51 : ELASTIC : [5] Something unexpected happened while reading : BadRequestError(400, 'search_phase_execution_exception', 'unknown field [m_update_date]') - elastic_controller (/app/orion/services/elastic_manager/elastic_controller.py:106)
ERROR - 06/08/2025 08:05:57 : ELASTIC : [5] Something unexpected happened while reading : BadRequestError(400, 'search_phase_execution_exception', 'unknown field [m_update_date]') - elastic_controller (/app/orion/services/elastic_manager/elastic_controller.py:106)
ERROR - 06/08/2025 08:57:13 : ELASTIC : [5] Something unexpected happened while reading : BadRequestError(400, 'search_phase_execution_exception', 'No mapping found for [m_update_date] in order to sort on') - elastic_controller (/app/orion/services/elastic_manager/elastic_controller.py:106)
ERROR - 06/08/2025 08:57:13 : ELASTIC : [5] Something unexpected happened while reading : BadRequestError(400, 'search_phase_execution_exception', 'No mapping found for [m_leak_date] in order to sort on') - elastic_controller (/app/orion/services/elastic_manager/elastic_controller.py:106)
ERROR - 06/08/2025 09:44:25 : ELASTIC : [5] Something unexpected happened while reading : BadRequestError(400, 'search_phase_execution_exception', 'unknown field [m_update_date]') - elastic_controller (/app/orion/services/elastic_manager/elastic_controller.py:106)
ERROR - 06/08/2025 09:57:35 : ELASTIC : [5] Something unexpected happened while reading : BadRequestError(400, 'search_phase_execution_exception', 'unknown field [m_update_date]') - elastic_controller (/app/orion/services/elastic_manager/elastic_controller.py:106)
ERROR - 06/08/2025 09:58:51 : ELASTIC : [5] Something unexpected happened while reading : BadRequestError(400, 'search_phase_execution_exception', 'unknown field [m_update_date]') - elastic_controller (/app/orion/services/elastic_manager/elastic_controller.py:106)
ERROR - 06/08/2025 10:01:54 : ELASTIC : [5] Something unexpected happened while reading : BadRequestError(400, 'search_phase_execution_exception', 'unknown field [m_update_date]') - elastic_controller (/app/orion/services/elastic_manager/elastic_controller.py:106)
ERROR - 06/08/2025 10:07:20 : ELASTIC : [5] Something unexpected happened while reading : BadRequestError(400, 'search_phase_execution_exception', 'unknown field [m_update_date]') - elastic_controller (/app/orion/services/elastic_manager/elastic_controller.py:106)
ERROR - 06/08/2025 10:09:21 : ELASTIC : [5] Something unexpected happened while reading : BadRequestError(400, 'search_phase_execution_exception', 'unknown field [m_update_date]') - elastic_controller (/app/orion/services/elastic_manager/elastic_controller.py:106)
ERROR - 06/08/2025 10:09:23 : ELASTIC : [5] Something unexpected happened while reading : BadRequestError(400, 'search_phase_execution_exception', 'unknown field [m_update_date]') - elastic_controller (/app/orion/services/elastic_manager/elastic_controller.py:106)
ERROR - 06/08/2025 10:09:37 : ELASTIC : [5] Something unexpected happened while reading : BadRequestError(400, 'search_phase_execution_exception', 'unknown field [m_update_date]') - elastic_controller (/app/orion/services/elastic_manager/elastic_controller.py:106)
ERROR - 06/08/2025 10:11:36 : ELASTIC : [5] Something unexpected happened while reading : BadRequestError(400, 'search_phase_execution_exception', 'unknown field [m_update_date]') - elastic_controller (/app/orion/services/elastic_manager/elastic_controller.py:106)
ERROR - 06/08/2025 10:11:47 : ELASTIC : [5] Something unexpected happened while reading : BadRequestError(400, 'search_phase_execution_exception', 'unknown field [m_update_date]') - elastic_controller (/app/orion/services/elastic_manager/elastic_controller.py:106)
ERROR - 06/08/2025 10:11:55 : ELASTIC : [5] Something unexpected happened while reading : BadRequestError(400, 'search_phase_execution_exception', 'unknown field [m_update_date]') - elastic_controller (/app/orion/services/elastic_manager/elastic_controller.py:106)
ERROR - 06/08/2025 10:12:41 : ELASTIC : [5] Something unexpected happened while reading : BadRequestError(400, 'search_phase_execution_exception', 'No mapping found for [m_update_date] in order to sort on') - elastic_controller (/app/orion/services/elastic_manager/elastic_controller.py:106)
ERROR - 06/08/2025 10:12:41 : ELASTIC : [5] Something unexpected happened while reading : BadRequestError(400, 'search_phase_execution_exception', 'No mapping found for [m_leak_date] in order to sort on') - elastic_controller (/app/orion/services/elastic_manager/elastic_controller.py:106)
ERROR - 06/08/2025 10:12:45 : ELASTIC : [5] Something unexpected happened while reading : BadRequestError(400, 'search_phase_execution_exception', 'unknown field [m_update_date]') - elastic_controller (/app/orion/services/elastic_manager/elastic_controller.py:106)
ERROR - 06/08/2025 10:14:23 : ELASTIC : [5] Something unexpected happened while reading : BadRequestError(400, 'search_phase_execution_exception', 'unknown field [m_update_date]') - elastic_controller (/app/orion/services/elastic_manager/elastic_controller.py:106)
ERROR - 06/08/2025 10:14:29 : ELASTIC : [5] Something unexpected happened while reading : BadRequestError(400, 'search_phase_execution_exception', 'unknown field [m_update_date]') - elastic_controller (/app/orion/services/elastic_manager/elastic_controller.py:106)
ERROR - 06/08/2025 10:15:41 : ELASTIC : [5] Something unexpected happened while reading : BadRequestError(400, 'search_phase_execution_exception', 'unknown field [m_update_date]') - elastic_controller (/app/orion/services/elastic_manager/elastic_controller.py:106)
ERROR - 06/08/2025 10:15:51 : ELASTIC : [5] Something unexpected happened while reading : BadRequestError(400, 'search_phase_execution_exception', 'unknown field [m_update_date]') - elastic_controller (/app/orion/services/elastic_manager/elastic_controller.py:106)
ERROR - 06/08/2025 10:16:34 : ELASTIC : [5] Something unexpected happened while reading : BadRequestError(400, 'search_phase_execution_exception', 'unknown field [m_update_date]') - elastic_controller (/app/orion/services/elastic_manager/elastic_controller.py:106)
ERROR - 06/08/2025 10:32:33 : ELASTIC : [5] Something unexpected happened while reading : BadRequestError(400, 'search_phase_execution_exception', 'unknown field [m_update_date]') - elastic_controller (/app/orion/services/elastic_manager/elastic_controller.py:106)
ERROR - 06/08/2025 10:36:04 : ELASTIC : [5] Something unexpected happened while reading : BadRequestError(400, 'search_phase_execution_exception', 'unknown field [m_update_date]') - elastic_controller (/app/orion/services/elastic_manager/elastic_controller.py:106)
ERROR - 06/08/2025 10:36:53 : ELASTIC : [5] Something unexpected happened while reading : BadRequestError(400, 'search_phase_execution_exception', 'unknown field [m_update_date]') - elastic_controller (/app/orion/services/elastic_manager/elastic_controller.py:106)
ERROR - 06/08/2025 10:39:20 : ELASTIC : [5] Something unexpected happened while reading : BadRequestError(400, 'search_phase_execution_exception', 'unknown field [m_update_date]') - elastic_controller (/app/orion/services/elastic_manager/elastic_controller.py:106)
ERROR - 06/08/2025 10:40:26 : ELASTIC : [5] Something unexpected happened while reading : BadRequestError(400, 'search_phase_execution_exception', 'unknown field [m_update_date]') - elastic_controller (/app/orion/services/elastic_manager/elastic_controller.py:106)
ERROR - 06/08/2025 10:41:54 : ELASTIC : [5] Something unexpected happened while reading : BadRequestError(400, 'search_phase_execution_exception', 'unknown field [m_update_date]') - elastic_controller (/app/orion/services/elastic_manager/elastic_controller.py:106)
ERROR - 06/08/2025 10:51:43 : ELASTIC : [5] Something unexpected happened while reading : BadRequestError(400, 'search_phase_execution_exception', 'unknown field [m_update_date]') - elastic_controller (/app/orion/services/elastic_manager/elastic_controller.py:106)
ERROR - 06/08/2025 10:51:50 : ELASTIC : [5] Something unexpected happened while reading : BadRequestError(400, 'search_phase_execution_exception', 'unknown field [m_update_date]') - elastic_controller (/app/orion/services/elastic_manager/elastic_controller.py:106)
ERROR - 06/08/2025 10:52:38 : ELASTIC : [5] Something unexpected happened while reading : BadRequestError(400, 'search_phase_execution_exception', 'unknown field [m_update_date]') - elastic_controller (/app/orion/services/elastic_manager/elastic_controller.py:106)
ERROR - 06/08/2025 10:53:05 : ELASTIC : [5] Something unexpected happened while reading : BadRequestError(400, 'search_phase_execution_exception', 'unknown field [m_update_date]') - elastic_controller (/app/orion/services/elastic_manager/elastic_controller.py:106)
ERROR - 06/08/2025 10:56:19 : ELASTIC : [5] Something unexpected happened while reading : BadRequestError(400, 'search_phase_execution_exception', 'unknown field [m_update_date]') - elastic_controller (/app/orion/services/elastic_manager/elastic_controller.py:106)
ERROR - 06/08/2025 11:02:28 : ELASTIC : [5] Something unexpected happened while reading : BadRequestError(400, 'search_phase_execution_exception', 'unknown field [m_update_date]') - elastic_controller (/app/orion/services/elastic_manager/elastic_controller.py:106)
ERROR - 06/08/2025 11:02:50 : ELASTIC : [5] Something unexpected happened while reading : BadRequestError(400, 'search_phase_execution_exception', 'unknown field [m_update_date]') - elastic_controller (/app/orion/services/elastic_manager/elastic_controller.py:106)
ERROR - 06/08/2025 11:04:16 : ELASTIC : [5] Something unexpected happened while reading : BadRequestError(400, 'search_phase_execution_exception', 'unknown field [m_update_date]') - elastic_controller (/app/orion/services/elastic_manager/elastic_controller.py:106)
ERROR - 06/08/2025 11:04:29 : ELASTIC : [5] Something unexpected happened while reading : BadRequestError(400, 'search_phase_execution_exception', 'unknown field [m_update_date]') - elastic_controller (/app/orion/services/elastic_manager/elastic_controller.py:106)
ERROR - 06/08/2025 11:07:03 : ELASTIC : [5] Something unexpected happened while reading : BadRequestError(400, 'search_phase_execution_exception', 'unknown field [m_update_date]') - elastic_controller (/app/orion/services/elastic_manager/elastic_controller.py:106)
ERROR - 06/08/2025 11:25:04 : ELASTIC : [5] Something unexpected happened while reading : BadRequestError(400, 'search_phase_execution_exception', 'unknown field [m_update_date]') - elastic_controller (/app/orion/services/elastic_manager/elastic_controller.py:106)
ERROR - 06/08/2025 11:26:05 : ELASTIC : [5] Something unexpected happened while reading : BadRequestError(400, 'search_phase_execution_exception', 'unknown field [m_update_date]') - elastic_controller (/app/orion/services/elastic_manager/elastic_controller.py:106)
ERROR - 06/08/2025 11:26:06 : ELASTIC : [5] Something unexpected happened while reading : BadRequestError(400, 'search_phase_execution_exception', 'unknown field [m_update_date]') - elastic_controller (/app/orion/services/elastic_manager/elastic_controller.py:106)
ERROR - 06/08/2025 11:27:47 : ELASTIC : [5] Something unexpected happened while reading : BadRequestError(400, 'search_phase_execution_exception', 'unknown field [m_update_date]') - elastic_controller (/app/orion/services/elastic_manager/elastic_controller.py:106)
ERROR - 06/08/2025 11:28:04 : ELASTIC : [5] Something unexpected happened while reading : BadRequestError(400, 'search_phase_execution_exception', 'unknown field [m_update_date]') - elastic_controller (/app/orion/services/elastic_manager/elastic_controller.py:106)
ERROR - 06/08/2025 11:32:15 : ELASTIC : [5] Something unexpected happened while reading : BadRequestError(400, 'search_phase_execution_exception', 'unknown field [m_update_date]') - elastic_controller (/app/orion/services/elastic_manager/elastic_controller.py:106)
ERROR - 06/08/2025 11:33:38 : ELASTIC : [5] Something unexpected happened while reading : BadRequestError(400, 'search_phase_execution_exception', 'unknown field [m_update_date]') - elastic_controller (/app/orion/services/elastic_manager/elastic_controller.py:106)
ERROR - 06/08/2025 11:34:49 : ELASTIC : [5] Something unexpected happened while reading : BadRequestError(400, 'search_phase_execution_exception', 'unknown field [m_update_date]') - elastic_controller (/app/orion/services/elastic_manager/elastic_controller.py:106)
ERROR - 06/08/2025 11:36:54 : ELASTIC : [5] Something unexpected happened while reading : BadRequestError(400, 'search_phase_execution_exception', 'unknown field [m_update_date]') - elastic_controller (/app/orion/services/elastic_manager/elastic_controller.py:106)
ERROR - 06/08/2025 11:45:35 : ELASTIC : [5] Something unexpected happened while reading : BadRequestError(400, 'search_phase_execution_exception', 'unknown field [m_update_date]') - elastic_controller (/app/orion/services/elastic_manager/elastic_controller.py:106)
ERROR - 06/08/2025 11:45:45 : ELASTIC : [5] Something unexpected happened while reading : BadRequestError(400, 'search_phase_execution_exception', 'unknown field [m_update_date]') - elastic_controller (/app/orion/services/elastic_manager/elastic_controller.py:106)
ERROR - 06/08/2025 11:46:39 : ELASTIC : [5] Something unexpected happened while reading : BadRequestError(400, 'search_phase_execution_exception', 'unknown field [m_update_date]') - elastic_controller (/app/orion/services/elastic_manager/elastic_controller.py:106)
ERROR - 06/08/2025 11:46:46 : ELASTIC : [5] Something unexpected happened while reading : BadRequestError(400, 'search_phase_execution_exception', 'unknown field [m_update_date]') - elastic_controller (/app/orion/services/elastic_manager/elastic_controller.py:106)
ERROR - 06/08/2025 11:47:16 : ELASTIC : [5] Something unexpected happened while reading : BadRequestError(400, 'search_phase_execution_exception', 'unknown field [m_update_date]') - elastic_controller (/app/orion/services/elastic_manager/elastic_controller.py:106)
ERROR - 06/08/2025 11:54:57 : ELASTIC : [5] Something unexpected happened while reading : BadRequestError(400, 'search_phase_execution_exception', 'unknown field [m_update_date]') - elastic_controller (/app/orion/services/elastic_manager/elastic_controller.py:106)
ERROR - 06/08/2025 12:00:55 : ELASTIC : [5] Something unexpected happened while reading : BadRequestError(400, 'search_phase_execution_exception', 'unknown field [m_update_date]') - elastic_controller (/app/orion/services/elastic_manager/elastic_controller.py:106)
ERROR - 06/08/2025 12:01:00 : ELASTIC : [5] Something unexpected happened while reading : BadRequestError(400, 'search_phase_execution_exception', 'unknown field [m_update_date]') - elastic_controller (/app/orion/services/elastic_manager/elastic_controller.py:106)
ERROR - 06/08/2025 12:04:28 : ELASTIC : [5] Something unexpected happened while reading : BadRequestError(400, 'search_phase_execution_exception', 'No mapping found for [m_update_date] in order to sort on') - elastic_controller (/app/orion/services/elastic_manager/elastic_controller.py:106)
ERROR - 06/08/2025 12:04:28 : ELASTIC : [5] Something unexpected happened while reading : BadRequestError(400, 'search_phase_execution_exception', 'No mapping found for [m_leak_date] in order to sort on') - elastic_controller (/app/orion/services/elastic_manager/elastic_controller.py:106)
ERROR - 06/08/2025 12:04:31 : ELASTIC : [5] Something unexpected happened while reading : BadRequestError(400, 'search_phase_execution_exception', 'unknown field [m_update_date]') - elastic_controller (/app/orion/services/elastic_manager/elastic_controller.py:106)
ERROR - 06/08/2025 12:29:56 : ELASTIC : [5] Something unexpected happened while reading : BadRequestError(400, 'search_phase_execution_exception', 'No mapping found for [m_update_date] in order to sort on') - elastic_controller (/app/orion/services/elastic_manager/elastic_controller.py:106)
ERROR - 06/08/2025 12:29:56 : ELASTIC : [5] Something unexpected happened while reading : BadRequestError(400, 'search_phase_execution_exception', 'No mapping found for [m_leak_date] in order to sort on') - elastic_controller (/app/orion/services/elastic_manager/elastic_controller.py:106)
ERROR - 06/08/2025 12:48:47 : ELASTIC : [5] Something unexpected happened while reading : BadRequestError(400, 'search_phase_execution_exception', 'unknown field [m_update_date]') - elastic_controller (/app/orion/services/elastic_manager/elastic_controller.py:106)
ERROR - 06/08/2025 13:51:34 : ELASTIC : [5] Something unexpected happened while reading : BadRequestError(400, 'search_phase_execution_exception', 'unknown field [m_update_date]') - elastic_controller (/app/orion/services/elastic_manager/elastic_controller.py:106)
ERROR - 06/08/2025 13:54:45 : ELASTIC : [5] Something unexpected happened while reading : BadRequestError(400, 'search_phase_execution_exception', 'unknown field [m_update_date]') - elastic_controller (/app/orion/services/elastic_manager/elastic_controller.py:106)
ERROR - 06/08/2025 13:54:50 : ELASTIC : [5] Something unexpected happened while reading : BadRequestError(400, 'search_phase_execution_exception', 'unknown field [m_update_date]') - elastic_controller (/app/orion/services/elastic_manager/elastic_controller.py:106)
ERROR - 06/08/2025 13:58:06 : ELASTIC : [5] Something unexpected happened while reading : BadRequestError(400, 'search_phase_execution_exception', 'unknown field [m_update_date]') - elastic_controller (/app/orion/services/elastic_manager/elastic_controller.py:106)
ERROR - 06/08/2025 13:59:25 : ELASTIC : [5] Something unexpected happened while reading : BadRequestError(400, 'search_phase_execution_exception', 'unknown field [m_update_date]') - elastic_controller (/app/orion/services/elastic_manager/elastic_controller.py:106)
ERROR - 06/08/2025 13:59:54 : ELASTIC : [5] Something unexpected happened while reading : BadRequestError(400, 'search_phase_execution_exception', 'unknown field [m_leak_date]') - elastic_controller (/app/orion/services/elastic_manager/elastic_controller.py:86)
ERROR - 06/08/2025 14:00:09 : ELASTIC : [5] Something unexpected happened while reading : BadRequestError(400, 'search_phase_execution_exception', 'unknown field [m_leak_date]') - elastic_controller (/app/orion/services/elastic_manager/elastic_controller.py:86)
ERROR - 06/08/2025 14:00:09 : ELASTIC : [5] Something unexpected happened while reading : BadRequestError(400, 'search_phase_execution_exception', 'unknown field [m_leak_date]') - elastic_controller (/app/orion/services/elastic_manager/elastic_controller.py:86)
ERROR - 06/08/2025 14:00:13 : ELASTIC : [5] Something unexpected happened while reading : BadRequestError(400, 'search_phase_execution_exception', 'unknown field [m_leak_date]') - elastic_controller (/app/orion/services/elastic_manager/elastic_controller.py:86)
ERROR - 06/08/2025 14:00:13 : ELASTIC : [5] Something unexpected happened while reading : BadRequestError(400, 'search_phase_execution_exception', 'unknown field [m_leak_date]') - elastic_controller (/app/orion/services/elastic_manager/elastic_controller.py:86)
ERROR - 06/08/2025 14:00:41 : ELASTIC : [5] Something unexpected happened while reading : BadRequestError(400, 'search_phase_execution_exception', 'unknown field [m_leak_date]') - elastic_controller (/app/orion/services/elastic_manager/elastic_controller.py:86)
ERROR - 06/08/2025 14:00:45 : ELASTIC : [5] Something unexpected happened while reading : BadRequestError(400, 'search_phase_execution_exception', 'unknown field [m_leak_date]') - elastic_controller (/app/orion/services/elastic_manager/elastic_controller.py:86)
ERROR - 06/08/2025 14:00:45 : ELASTIC : [5] Something unexpected happened while reading : BadRequestError(400, 'search_phase_execution_exception', 'No mapping found for [m_update_date] in order to sort on') - elastic_controller (/app/orion/services/elastic_manager/elastic_controller.py:106)
ERROR - 06/08/2025 14:00:45 : ELASTIC : [5] Something unexpected happened while reading : BadRequestError(400, 'search_phase_execution_exception', 'No mapping found for [m_leak_date] in order to sort on') - elastic_controller (/app/orion/services/elastic_manager/elastic_controller.py:106)
ERROR - 06/08/2025 14:00:47 : ELASTIC : [5] Something unexpected happened while reading : BadRequestError(400, 'search_phase_execution_exception', 'unknown field [m_leak_date]') - elastic_controller (/app/orion/services/elastic_manager/elastic_controller.py:86)
ERROR - 06/08/2025 14:01:41 : ELASTIC : [5] Something unexpected happened while reading : BadRequestError(400, 'search_phase_execution_exception', 'unknown field [m_leak_date]') - elastic_controller (/app/orion/services/elastic_manager/elastic_controller.py:86)
ERROR - 06/08/2025 14:01:41 : ELASTIC : [5] Something unexpected happened while reading : BadRequestError(400, 'search_phase_execution_exception', 'unknown field [m_leak_date]') - elastic_controller (/app/orion/services/elastic_manager/elastic_controller.py:86)
ERROR - 06/08/2025 14:02:43 : ELASTIC : [5] Something unexpected happened while reading : BadRequestError(400, 'search_phase_execution_exception', 'unknown field [m_leak_date]') - elastic_controller (/app/orion/services/elastic_manager/elastic_controller.py:86)
ERROR - 06/08/2025 14:02:43 : ELASTIC : [5] Something unexpected happened while reading : BadRequestError(400, 'search_phase_execution_exception', 'No mapping found for [m_update_date] in order to sort on') - elastic_controller (/app/orion/services/elastic_manager/elastic_controller.py:106)
ERROR - 06/08/2025 14:02:43 : ELASTIC : [5] Something unexpected happened while reading : BadRequestError(400, 'search_phase_execution_exception', 'No mapping found for [m_update_date] in order to sort on') - elastic_controller (/app/orion/services/elastic_manager/elastic_controller.py:106)
ERROR - 06/08/2025 14:02:43 : ELASTIC : [5] Something unexpected happened while reading : BadRequestError(400, 'search_phase_execution_exception', 'No mapping found for [m_update_date] in order to sort on') - elastic_controller (/app/orion/services/elastic_manager/elastic_controller.py:106)
ERROR - 06/08/2025 14:02:43 : ELASTIC : [5] Something unexpected happened while reading : BadRequestError(400, 'search_phase_execution_exception', 'No mapping found for [m_leak_date] in order to sort on') - elastic_controller (/app/orion/services/elastic_manager/elastic_controller.py:106)
ERROR - 06/08/2025 14:02:43 : ELASTIC : [5] Something unexpected happened while reading : BadRequestError(400, 'search_phase_execution_exception', 'No mapping found for [m_leak_date] in order to sort on') - elastic_controller (/app/orion/services/elastic_manager/elastic_controller.py:106)
ERROR - 06/08/2025 14:02:43 : ELASTIC : [5] Something unexpected happened while reading : BadRequestError(400, 'search_phase_execution_exception', 'No mapping found for [m_leak_date] in order to sort on') - elastic_controller (/app/orion/services/elastic_manager/elastic_controller.py:106)
ERROR - 06/08/2025 14:03:40 : ELASTIC : [5] Something unexpected happened while reading : BadRequestError(400, 'search_phase_execution_exception', 'unknown field [m_leak_date]') - elastic_controller (/app/orion/services/elastic_manager/elastic_controller.py:86)
ERROR - 06/08/2025 14:03:48 : ELASTIC : [5] Something unexpected happened while reading : BadRequestError(400, 'search_phase_execution_exception', 'unknown field [m_leak_date]') - elastic_controller (/app/orion/services/elastic_manager/elastic_controller.py:86)
ERROR - 06/08/2025 14:03:48 : ELASTIC : [5] Something unexpected happened while reading : BadRequestError(400, 'search_phase_execution_exception', 'unknown field [m_leak_date]') - elastic_controller (/app/orion/services/elastic_manager/elastic_controller.py:86)
ERROR - 06/08/2025 14:03:50 : ELASTIC : [5] Something unexpected happened while reading : BadRequestError(400, 'search_phase_execution_exception', 'unknown field [m_leak_date]') - elastic_controller (/app/orion/services/elastic_manager/elastic_controller.py:86)
ERROR - 06/08/2025 14:03:53 : ELASTIC : [5] Something unexpected happened while reading : BadRequestError(400, 'search_phase_execution_exception', 'unknown field [m_leak_date]') - elastic_controller (/app/orion/services/elastic_manager/elastic_controller.py:86)
ERROR - 06/08/2025 14:03:53 : ELASTIC : [5] Something unexpected happened while reading : BadRequestError(400, 'search_phase_execution_exception', 'No mapping found for [m_update_date] in order to sort on') - elastic_controller (/app/orion/services/elastic_manager/elastic_controller.py:106)
ERROR - 06/08/2025 14:03:53 : ELASTIC : [5] Something unexpected happened while reading : BadRequestError(400, 'search_phase_execution_exception', 'No mapping found for [m_leak_date] in order to sort on') - elastic_controller (/app/orion/services/elastic_manager/elastic_controller.py:106)
ERROR - 06/08/2025 14:05:00 : ELASTIC : [5] Something unexpected happened while reading : BadRequestError(400, 'search_phase_execution_exception', 'unknown field [m_update_date]') - elastic_controller (/app/orion/services/elastic_manager/elastic_controller.py:106)
ERROR - 06/08/2025 14:05:48 : ELASTIC : [5] Something unexpected happened while reading : BadRequestError(400, 'search_phase_execution_exception', 'unknown field [m_update_date]') - elastic_controller (/app/orion/services/elastic_manager/elastic_controller.py:106)
ERROR - 06/08/2025 14:05:51 : ELASTIC : [5] Something unexpected happened while reading : BadRequestError(400, 'search_phase_execution_exception', 'unknown field [m_leak_date]') - elastic_controller (/app/orion/services/elastic_manager/elastic_controller.py:86)
ERROR - 06/08/2025 14:07:18 : ELASTIC : [5] Something unexpected happened while reading : BadRequestError(400, 'search_phase_execution_exception', 'unknown field [m_leak_date]') - elastic_controller (/app/orion/services/elastic_manager/elastic_controller.py:86)
ERROR - 06/08/2025 14:07:18 : ELASTIC : [5] Something unexpected happened while reading : BadRequestError(400, 'search_phase_execution_exception', 'unknown field [m_leak_date]') - elastic_controller (/app/orion/services/elastic_manager/elastic_controller.py:86)
ERROR - 06/08/2025 14:07:18 : ELASTIC : [5] Something unexpected happened while reading : BadRequestError(400, 'search_phase_execution_exception', 'unknown field [m_leak_date]') - elastic_controller (/app/orion/services/elastic_manager/elastic_controller.py:86)
ERROR - 06/08/2025 14:07:18 : ELASTIC : [5] Something unexpected happened while reading : BadRequestError(400, 'search_phase_execution_exception', 'No mapping found for [m_update_date] in order to sort on') - elastic_controller (/app/orion/services/elastic_manager/elastic_controller.py:106)
ERROR - 06/08/2025 14:07:18 : ELASTIC : [5] Something unexpected happened while reading : BadRequestError(400, 'search_phase_execution_exception', 'No mapping found for [m_leak_date] in order to sort on') - elastic_controller (/app/orion/services/elastic_manager/elastic_controller.py:106)
ERROR - 06/08/2025 14:08:07 : ELASTIC : [5] Something unexpected happened while reading : BadRequestError(400, 'search_phase_execution_exception', 'unknown field [m_leak_date]') - elastic_controller (/app/orion/services/elastic_manager/elastic_controller.py:86)
ERROR - 06/08/2025 14:08:14 : ELASTIC : [5] Something unexpected happened while reading : BadRequestError(400, 'search_phase_execution_exception', 'No mapping found for [m_update_date] in order to sort on') - elastic_controller (/app/orion/services/elastic_manager/elastic_controller.py:106)
ERROR - 06/08/2025 14:08:14 : ELASTIC : [5] Something unexpected happened while reading : BadRequestError(400, 'search_phase_execution_exception', 'No mapping found for [m_leak_date] in order to sort on') - elastic_controller (/app/orion/services/elastic_manager/elastic_controller.py:106)
ERROR - 06/08/2025 14:09:21 : ELASTIC : [5] Something unexpected happened while reading : BadRequestError(400, 'search_phase_execution_exception', 'no mapping found for field [m_content]') - elastic_controller (/app/orion/services/elastic_manager/elastic_controller.py:86)
ERROR - 06/08/2025 14:09:44 : ELASTIC : [5] Something unexpected happened while reading : BadRequestError(400, 'search_phase_execution_exception', 'no mapping found for field [m_content]') - elastic_controller (/app/orion/services/elastic_manager/elastic_controller.py:86)
ERROR - 06/08/2025 14:17:52 : ELASTIC : [5] Something unexpected happened while reading : BadRequestError(400, 'search_phase_execution_exception', 'No mapping found for [m_update_date] in order to sort on') - elastic_controller (/app/orion/services/elastic_manager/elastic_controller.py:106)
ERROR - 06/08/2025 14:17:52 : ELASTIC : [5] Something unexpected happened while reading : BadRequestError(400, 'search_phase_execution_exception', 'No mapping found for [m_leak_date] in order to sort on') - elastic_controller (/app/orion/services/elastic_manager/elastic_controller.py:106)
ERROR - 06/08/2025 14:17:58 : ELASTIC : [5] Something unexpected happened while reading : BadRequestError(400, 'search_phase_execution_exception', 'unknown field [m_update_date]') - elastic_controller (/app/orion/services/elastic_manager/elastic_controller.py:106)
ERROR - 06/08/2025 14:32:27 : ELASTIC : [5] Something unexpected happened while reading : BadRequestError(400, 'search_phase_execution_exception', 'No mapping found for [m_update_date] in order to sort on') - elastic_controller (/app/orion/services/elastic_manager/elastic_controller.py:106)
ERROR - 06/08/2025 14:32:27 : ELASTIC : [5] Something unexpected happened while reading : BadRequestError(400, 'search_phase_execution_exception', 'No mapping found for [m_leak_date] in order to sort on') - elastic_controller (/app/orion/services/elastic_manager/elastic_controller.py:106)
ERROR - 06/08/2025 14:34:31 : ELASTIC : [5] Something unexpected happened while reading : BadRequestError(400, 'search_phase_execution_exception', 'unknown field [m_update_date]') - elastic_controller (/app/orion/services/elastic_manager/elastic_controller.py:106)
ERROR - 06/08/2025 14:36:11 : ELASTIC : [5] Something unexpected happened while reading : BadRequestError(400, 'search_phase_execution_exception', 'unknown field [m_update_date]') - elastic_controller (/app/orion/services/elastic_manager/elastic_controller.py:106)
ERROR - 06/08/2025 14:36:32 : ELASTIC : [5] Something unexpected happened while reading : BadRequestError(400, 'search_phase_execution_exception', 'unknown field [m_update_date]') - elastic_controller (/app/orion/services/elastic_manager/elastic_controller.py:106)
ERROR - 06/08/2025 14:39:02 : ELASTIC : [5] Something unexpected happened while reading : BadRequestError(400, 'search_phase_execution_exception', 'unknown field [m_update_date]') - elastic_controller (/app/orion/services/elastic_manager/elastic_controller.py:106)
ERROR - 06/08/2025 14:46:57 : ELASTIC : [5] Something unexpected happened while reading : BadRequestError(400, 'search_phase_execution_exception', 'No mapping found for [m_update_date] in order to sort on') - elastic_controller (/app/orion/services/elastic_manager/elastic_controller.py:106)
ERROR - 06/08/2025 14:46:57 : ELASTIC : [5] Something unexpected happened while reading : BadRequestError(400, 'search_phase_execution_exception', 'No mapping found for [m_leak_date] in order to sort on') - elastic_controller (/app/orion/services/elastic_manager/elastic_controller.py:106)
ERROR - 06/08/2025 14:46:58 : ELASTIC : [5] Something unexpected happened while reading : BadRequestError(400, 'search_phase_execution_exception', 'unknown field [m_update_date]') - elastic_controller (/app/orion/services/elastic_manager/elastic_controller.py:106)
ERROR - 06/08/2025 14:47:51 : ELASTIC : [5] Something unexpected happened while reading : BadRequestError(400, 'search_phase_execution_exception', 'No mapping found for [m_update_date] in order to sort on') - elastic_controller (/app/orion/services/elastic_manager/elastic_controller.py:106)
ERROR - 06/08/2025 14:47:51 : ELASTIC : [5] Something unexpected happened while reading : BadRequestError(400, 'search_phase_execution_exception', 'No mapping found for [m_leak_date] in order to sort on') - elastic_controller (/app/orion/services/elastic_manager/elastic_controller.py:106)
ERROR - 06/08/2025 14:48:05 : ELASTIC : [5] Something unexpected happened while reading : BadRequestError(400, 'search_phase_execution_exception', 'unknown field [m_update_date]') - elastic_controller (/app/orion/services/elastic_manager/elastic_controller.py:106)
ERROR - 06/08/2025 14:49:01 : ELASTIC : [5] Something unexpected happened while reading : BadRequestError(400, 'search_phase_execution_exception', 'unknown field [m_update_date]') - elastic_controller (/app/orion/services/elastic_manager/elastic_controller.py:106)
ERROR - 06/08/2025 14:50:01 : ELASTIC : [5] Something unexpected happened while reading : BadRequestError(400, 'search_phase_execution_exception', 'unknown field [m_update_date]') - elastic_controller (/app/orion/services/elastic_manager/elastic_controller.py:106)
ERROR - 06/08/2025 14:53:42 : ELASTIC : [5] Something unexpected happened while reading : BadRequestError(400, 'search_phase_execution_exception', 'unknown field [m_update_date]') - elastic_controller (/app/orion/services/elastic_manager/elastic_controller.py:106)
ERROR - 06/08/2025 14:55:55 : ELASTIC : [5] Something unexpected happened while reading : BadRequestError(400, 'search_phase_execution_exception', 'unknown field [m_update_date]') - elastic_controller (/app/orion/services/elastic_manager/elastic_controller.py:106)
ERROR - 06/08/2025 14:58:27 : ELASTIC : [5] Something unexpected happened while reading : BadRequestError(400, 'search_phase_execution_exception', 'unknown field [m_update_date]') - elastic_controller (/app/orion/services/elastic_manager/elastic_controller.py:106)
ERROR - 06/08/2025 15:37:30 : ELASTIC : [5] Something unexpected happened while reading : BadRequestError(400, 'search_phase_execution_exception', 'unknown field [m_update_date]') - elastic_controller (/app/orion/services/elastic_manager/elastic_controller.py:106)
ERROR - 06/08/2025 15:37:54 : ELASTIC : [5] Something unexpected happened while reading : BadRequestError(400, 'search_phase_execution_exception', 'unknown field [m_update_date]') - elastic_controller (/app/orion/services/elastic_manager/elastic_controller.py:106)
ERROR - 06/08/2025 15:38:03 : ELASTIC : [5] Something unexpected happened while reading : BadRequestError(400, 'search_phase_execution_exception', 'unknown field [m_update_date]') - elastic_controller (/app/orion/services/elastic_manager/elastic_controller.py:106)
ERROR - 06/08/2025 15:38:17 : ELASTIC : [5] Something unexpected happened while reading : BadRequestError(400, 'search_phase_execution_exception', 'unknown field [m_update_date]') - elastic_controller (/app/orion/services/elastic_manager/elastic_controller.py:106)
ERROR - 06/08/2025 15:48:35 : ELASTIC : [5] Something unexpected happened while reading : BadRequestError(400, 'search_phase_execution_exception', 'unknown field [m_update_date]') - elastic_controller (/app/orion/services/elastic_manager/elastic_controller.py:106)
ERROR - 06/08/2025 15:51:12 : ELASTIC : [5] Something unexpected happened while reading : BadRequestError(400, 'search_phase_execution_exception', 'unknown field [m_update_date]') - elastic_controller (/app/orion/services/elastic_manager/elastic_controller.py:106)
ERROR - 06/08/2025 15:52:18 : ELASTIC : [5] Something unexpected happened while reading : BadRequestError(400, 'search_phase_execution_exception', 'unknown field [m_update_date]') - elastic_controller (/app/orion/services/elastic_manager/elastic_controller.py:106)
ERROR - 06/08/2025 15:53:49 : ELASTIC : [5] Something unexpected happened while reading : BadRequestError(400, 'search_phase_execution_exception', 'unknown field [m_update_date]') - elastic_controller (/app/orion/services/elastic_manager/elastic_controller.py:106)
ERROR - 06/08/2025 15:55:09 : ELASTIC : [5] Something unexpected happened while reading : BadRequestError(400, 'search_phase_execution_exception', 'unknown field [m_update_date]') - elastic_controller (/app/orion/services/elastic_manager/elastic_controller.py:106)
ERROR - 06/08/2025 15:55:09 : ELASTIC : [5] Something unexpected happened while reading : BadRequestError(400, 'search_phase_execution_exception', 'unknown field [m_update_date]') - elastic_controller (/app/orion/services/elastic_manager/elastic_controller.py:106)
ERROR - 06/08/2025 15:55:09 : ELASTIC : [5] Something unexpected happened while reading : BadRequestError(400, 'search_phase_execution_exception', 'unknown field [m_update_date]') - elastic_controller (/app/orion/services/elastic_manager/elastic_controller.py:106)
ERROR - 06/08/2025 15:55:13 : ELASTIC : [5] Something unexpected happened while reading : BadRequestError(400, 'search_phase_execution_exception', 'unknown field [m_update_date]') - elastic_controller (/app/orion/services/elastic_manager/elastic_controller.py:106)
ERROR - 06/08/2025 15:55:13 : ELASTIC : [5] Something unexpected happened while reading : BadRequestError(400, 'search_phase_execution_exception', 'unknown field [m_update_date]') - elastic_controller (/app/orion/services/elastic_manager/elastic_controller.py:106)
ERROR - 06/08/2025 16:01:00 : ELASTIC : [5] Something unexpected happened while reading : BadRequestError(400, 'search_phase_execution_exception', 'unknown field [m_update_date]') - elastic_controller (/app/orion/services/elastic_manager/elastic_controller.py:106)
ERROR - 06/08/2025 16:02:03 : ELASTIC : [5] Something unexpected happened while reading : BadRequestError(400, 'search_phase_execution_exception', 'unknown field [m_update_date]') - elastic_controller (/app/orion/services/elastic_manager/elastic_controller.py:106)
ERROR - 06/08/2025 16:02:03 : ELASTIC : [5] Something unexpected happened while reading : BadRequestError(400, 'search_phase_execution_exception', 'unknown field [m_update_date]') - elastic_controller (/app/orion/services/elastic_manager/elastic_controller.py:106)
ERROR - 06/08/2025 16:03:29 : ELASTIC : [5] Something unexpected happened while reading : BadRequestError(400, 'search_phase_execution_exception', 'No mapping found for [m_update_date] in order to sort on') - elastic_controller (/app/orion/services/elastic_manager/elastic_controller.py:106)
ERROR - 06/08/2025 16:03:29 : ELASTIC : [5] Something unexpected happened while reading : BadRequestError(400, 'search_phase_execution_exception', 'No mapping found for [m_leak_date] in order to sort on') - elastic_controller (/app/orion/services/elastic_manager/elastic_controller.py:106)
ERROR - 06/08/2025 16:21:00 : ELASTIC : [5] Something unexpected happened while reading : BadRequestError(400, 'search_phase_execution_exception', 'No mapping found for [m_update_date] in order to sort on') - elastic_controller (/app/orion/services/elastic_manager/elastic_controller.py:106)
ERROR - 06/08/2025 16:21:00 : ELASTIC : [5] Something unexpected happened while reading : BadRequestError(400, 'search_phase_execution_exception', 'No mapping found for [m_leak_date] in order to sort on') - elastic_controller (/app/orion/services/elastic_manager/elastic_controller.py:106)
ERROR - 06/08/2025 16:22:45 : ELASTIC : [5] Something unexpected happened while reading : BadRequestError(400, 'search_phase_execution_exception', 'unknown field [m_update_date]') - elastic_controller (/app/orion/services/elastic_manager/elastic_controller.py:106)
ERROR - 06/08/2025 16:23:37 : ELASTIC : [5] Something unexpected happened while reading : BadRequestError(400, 'search_phase_execution_exception', 'unknown field [m_update_date]') - elastic_controller (/app/orion/services/elastic_manager/elastic_controller.py:106)
ERROR - 06/08/2025 16:24:15 : ELASTIC : [5] Something unexpected happened while reading : BadRequestError(400, 'search_phase_execution_exception', 'unknown field [m_update_date]') - elastic_controller (/app/orion/services/elastic_manager/elastic_controller.py:106)
ERROR - 06/08/2025 16:24:28 : ELASTIC : [5] Something unexpected happened while reading : BadRequestError(400, 'search_phase_execution_exception', 'unknown field [m_update_date]') - elastic_controller (/app/orion/services/elastic_manager/elastic_controller.py:106)
ERROR - 06/08/2025 16:26:32 : ELASTIC : [5] Something unexpected happened while reading : BadRequestError(400, 'search_phase_execution_exception', 'unknown field [m_update_date]') - elastic_controller (/app/orion/services/elastic_manager/elastic_controller.py:106)
ERROR - 06/08/2025 16:30:30 : ELASTIC : [5] Something unexpected happened while reading : BadRequestError(400, 'search_phase_execution_exception', 'unknown field [m_update_date]') - elastic_controller (/app/orion/services/elastic_manager/elastic_controller.py:106)
ERROR - 06/08/2025 16:30:46 : ELASTIC : [5] Something unexpected happened while reading : BadRequestError(400, 'search_phase_execution_exception', 'unknown field [m_update_date]') - elastic_controller (/app/orion/services/elastic_manager/elastic_controller.py:106)
ERROR - 06/08/2025 16:30:48 : ELASTIC : [5] Something unexpected happened while reading : BadRequestError(400, 'search_phase_execution_exception', 'unknown field [m_update_date]') - elastic_controller (/app/orion/services/elastic_manager/elastic_controller.py:106)
ERROR - 06/08/2025 16:33:21 : ELASTIC : [5] Something unexpected happened while reading : BadRequestError(400, 'search_phase_execution_exception', 'unknown field [m_update_date]') - elastic_controller (/app/orion/services/elastic_manager/elastic_controller.py:106)
ERROR - 06/08/2025 16:33:39 : ELASTIC : [5] Something unexpected happened while reading : BadRequestError(400, 'search_phase_execution_exception', 'unknown field [m_update_date]') - elastic_controller (/app/orion/services/elastic_manager/elastic_controller.py:106)
ERROR - 06/08/2025 16:35:40 : ELASTIC : [5] Something unexpected happened while reading : BadRequestError(400, 'search_phase_execution_exception', 'unknown field [m_update_date]') - elastic_controller (/app/orion/services/elastic_manager/elastic_controller.py:106)
ERROR - 06/08/2025 16:35:55 : ELASTIC : [5] Something unexpected happened while reading : BadRequestError(400, 'search_phase_execution_exception', 'unknown field [m_update_date]') - elastic_controller (/app/orion/services/elastic_manager/elastic_controller.py:106)
ERROR - 06/08/2025 16:36:05 : ELASTIC : [5] Something unexpected happened while reading : BadRequestError(400, 'search_phase_execution_exception', 'unknown field [m_update_date]') - elastic_controller (/app/orion/services/elastic_manager/elastic_controller.py:106)
ERROR - 06/08/2025 16:36:30 : ELASTIC : [5] Something unexpected happened while reading : BadRequestError(400, 'search_phase_execution_exception', 'unknown field [m_update_date]') - elastic_controller (/app/orion/services/elastic_manager/elastic_controller.py:106)
ERROR - 06/08/2025 16:36:58 : ELASTIC : [5] Something unexpected happened while reading : BadRequestError(400, 'search_phase_execution_exception', 'No mapping found for [m_update_date] in order to sort on') - elastic_controller (/app/orion/services/elastic_manager/elastic_controller.py:106)
ERROR - 06/08/2025 16:36:58 : ELASTIC : [5] Something unexpected happened while reading : BadRequestError(400, 'search_phase_execution_exception', 'No mapping found for [m_leak_date] in order to sort on') - elastic_controller (/app/orion/services/elastic_manager/elastic_controller.py:106)
ERROR - 06/08/2025 16:37:07 : ELASTIC : [5] Something unexpected happened while reading : BadRequestError(400, 'search_phase_execution_exception', 'unknown field [m_update_date]') - elastic_controller (/app/orion/services/elastic_manager/elastic_controller.py:106)
ERROR - 06/08/2025 16:42:27 : ELASTIC : [5] Something unexpected happened while reading : BadRequestError(400, 'search_phase_execution_exception', 'unknown field [m_update_date]') - elastic_controller (/app/orion/services/elastic_manager/elastic_controller.py:106)
ERROR - 06/08/2025 16:42:44 : ELASTIC : [5] Something unexpected happened while reading : BadRequestError(400, 'search_phase_execution_exception', 'unknown field [m_update_date]') - elastic_controller (/app/orion/services/elastic_manager/elastic_controller.py:106)
ERROR - 06/08/2025 16:42:58 : ELASTIC : [5] Something unexpected happened while reading : BadRequestError(400, 'search_phase_execution_exception', 'unknown field [m_update_date]') - elastic_controller (/app/orion/services/elastic_manager/elastic_controller.py:106)
ERROR - 06/08/2025 16:44:05 : ELASTIC : [5] Something unexpected happened while reading : BadRequestError(400, 'search_phase_execution_exception', 'unknown field [m_update_date]') - elastic_controller (/app/orion/services/elastic_manager/elastic_controller.py:106)
ERROR - 06/08/2025 16:45:16 : ELASTIC : [5] Something unexpected happened while reading : BadRequestError(400, 'search_phase_execution_exception', 'unknown field [m_update_date]') - elastic_controller (/app/orion/services/elastic_manager/elastic_controller.py:106)
ERROR - 06/08/2025 16:48:23 : ELASTIC : [5] Something unexpected happened while reading : BadRequestError(400, 'search_phase_execution_exception', 'unknown field [m_update_date]') - elastic_controller (/app/orion/services/elastic_manager/elastic_controller.py:106)
ERROR - 06/08/2025 16:50:53 : ELASTIC : [5] Something unexpected happened while reading : BadRequestError(400, 'search_phase_execution_exception', 'unknown field [m_update_date]') - elastic_controller (/app/orion/services/elastic_manager/elastic_controller.py:106)
ERROR - 06/08/2025 16:52:46 : ELASTIC : [5] Something unexpected happened while reading : BadRequestError(400, 'search_phase_execution_exception', 'unknown field [m_update_date]') - elastic_controller (/app/orion/services/elastic_manager/elastic_controller.py:106)
ERROR - 06/08/2025 16:54:53 : ELASTIC : [5] Something unexpected happened while reading : BadRequestError(400, 'search_phase_execution_exception', 'unknown field [m_update_date]') - elastic_controller (/app/orion/services/elastic_manager/elastic_controller.py:106)
