ERROR - 29/07/2025 05:14:38 : ELASTIC : [5] Something unexpected happened while reading : BadRequestError(400, 'search_phase_execution_exception', 'unknown field [m_update_date]') - elastic_controller (/app/orion/services/elastic_manager/elastic_controller.py:106)
ERROR - 29/07/2025 05:23:02 : ELASTIC : [5] Something unexpected happened while reading : BadRequestError(400, 'search_phase_execution_exception', 'unknown field [m_update_date]') - elastic_controller (/app/orion/services/elastic_manager/elastic_controller.py:106)
ERROR - 29/07/2025 05:30:46 : ELASTIC : [5] Something unexpected happened while reading : BadRequestError(400, 'search_phase_execution_exception', 'no mapping found for field [m_content]') - elastic_controller (/app/orion/services/elastic_manager/elastic_controller.py:86)
ERROR - 29/07/2025 05:30:47 : ELASTIC : [5] Something unexpected happened while reading : BadRequestError(400, 'search_phase_execution_exception', 'No mapping found for [m_update_date] in order to sort on') - elastic_controller (/app/orion/services/elastic_manager/elastic_controller.py:106)
ERROR - 29/07/2025 06:46:17 : ELASTIC : [5] Something unexpected happened while reading : BadRequestError(400, 'search_phase_execution_exception', 'failed to parse date field [2025-07-01T00:00:00.000000+00:00] with format [yyyy-MM-dd]: [failed to parse date field [2025-07-01T00:00:00.000000+00:00] with format [yyyy-MM-dd]]') - elastic_controller (/app/orion/services/elastic_manager/elastic_controller.py:106)
ERROR - 29/07/2025 06:46:53 : ELASTIC : [5] Something unexpected happened while reading : BadRequestError(400, 'search_phase_execution_exception', 'failed to parse date field [2025-07-01T00:00:00.000000+00:00] with format [yyyy-MM-dd]: [failed to parse date field [2025-07-01T00:00:00.000000+00:00] with format [yyyy-MM-dd]]') - elastic_controller (/app/orion/services/elastic_manager/elastic_controller.py:106)
ERROR - 29/07/2025 06:46:55 : ELASTIC : [5] Something unexpected happened while reading : BadRequestError(400, 'search_phase_execution_exception', 'failed to parse date field [2025-07-01T00:00:00.000000+00:00] with format [yyyy-MM-dd]: [failed to parse date field [2025-07-01T00:00:00.000000+00:00] with format [yyyy-MM-dd]]') - elastic_controller (/app/orion/services/elastic_manager/elastic_controller.py:106)
ERROR - 29/07/2025 06:49:10 : ELASTIC : [5] Something unexpected happened while reading : BadRequestError(400, 'search_phase_execution_exception', 'failed to parse date field [2025-07-01T00:00:00.000000+00:00] with format [yyyy-MM-dd]: [failed to parse date field [2025-07-01T00:00:00.000000+00:00] with format [yyyy-MM-dd]]') - elastic_controller (/app/orion/services/elastic_manager/elastic_controller.py:106)
ERROR - 29/07/2025 06:49:39 : ELASTIC : [5] Something unexpected happened while reading : BadRequestError(400, 'search_phase_execution_exception', 'failed to parse date field [2025-07-01T00:00:00.000000+00:00] with format [yyyy-MM-dd]: [failed to parse date field [2025-07-01T00:00:00.000000+00:00] with format [yyyy-MM-dd]]') - elastic_controller (/app/orion/services/elastic_manager/elastic_controller.py:106)
ERROR - 29/07/2025 07:24:09 : ELASTIC : [5] Something unexpected happened while reading : BadRequestError(400, 'search_phase_execution_exception', 'unknown field [m_update_date]') - elastic_controller (/app/orion/services/elastic_manager/elastic_controller.py:106)
ERROR - 29/07/2025 07:24:12 : ELASTIC : [5] Something unexpected happened while reading : BadRequestError(400, 'search_phase_execution_exception', 'unknown field [m_update_date]') - elastic_controller (/app/orion/services/elastic_manager/elastic_controller.py:106)
ERROR - 29/07/2025 07:24:35 : ELASTIC : [5] Something unexpected happened while reading : BadRequestError(400, 'search_phase_execution_exception', 'unknown field [m_update_date]') - elastic_controller (/app/orion/services/elastic_manager/elastic_controller.py:106)
ERROR - 29/07/2025 07:25:11 : ELASTIC : [5] Something unexpected happened while reading : BadRequestError(400, 'search_phase_execution_exception', 'unknown field [m_update_date]') - elastic_controller (/app/orion/services/elastic_manager/elastic_controller.py:106)
ERROR - 29/07/2025 07:28:13 : ELASTIC : [5] Something unexpected happened while reading : BadRequestError(400, 'search_phase_execution_exception', 'unknown field [m_update_date]') - elastic_controller (/app/orion/services/elastic_manager/elastic_controller.py:106)
ERROR - 29/07/2025 07:29:44 : ELASTIC : [5] Something unexpected happened while reading : BadRequestError(400, 'search_phase_execution_exception', 'unknown field [m_update_date]') - elastic_controller (/app/orion/services/elastic_manager/elastic_controller.py:106)
ERROR - 29/07/2025 07:30:45 : ELASTIC : [5] Something unexpected happened while reading : BadRequestError(400, 'search_phase_execution_exception', 'unknown field [m_update_date]') - elastic_controller (/app/orion/services/elastic_manager/elastic_controller.py:106)
ERROR - 29/07/2025 07:34:30 : ELASTIC : [5] Something unexpected happened while reading : BadRequestError(400, 'search_phase_execution_exception', 'unknown field [m_update_date]') - elastic_controller (/app/orion/services/elastic_manager/elastic_controller.py:106)
ERROR - 29/07/2025 07:34:54 : ELASTIC : [5] Something unexpected happened while reading : BadRequestError(400, 'search_phase_execution_exception', 'unknown field [m_update_date]') - elastic_controller (/app/orion/services/elastic_manager/elastic_controller.py:106)
ERROR - 29/07/2025 07:34:55 : ELASTIC : [5] Something unexpected happened while reading : BadRequestError(400, 'search_phase_execution_exception', 'unknown field [m_update_date]') - elastic_controller (/app/orion/services/elastic_manager/elastic_controller.py:106)
ERROR - 29/07/2025 07:36:08 : ELASTIC : [5] Something unexpected happened while reading : BadRequestError(400, 'search_phase_execution_exception', 'unknown field [m_update_date]') - elastic_controller (/app/orion/services/elastic_manager/elastic_controller.py:106)
ERROR - 29/07/2025 07:36:16 : ELASTIC : [5] Something unexpected happened while reading : BadRequestError(400, 'search_phase_execution_exception', 'unknown field [m_update_date]') - elastic_controller (/app/orion/services/elastic_manager/elastic_controller.py:106)
ERROR - 29/07/2025 07:37:24 : ELASTIC : [5] Something unexpected happened while reading : BadRequestError(400, 'search_phase_execution_exception', 'unknown field [m_update_date]') - elastic_controller (/app/orion/services/elastic_manager/elastic_controller.py:106)
ERROR - 29/07/2025 07:38:16 : ELASTIC : [5] Something unexpected happened while reading : BadRequestError(400, 'search_phase_execution_exception', 'unknown field [m_update_date]') - elastic_controller (/app/orion/services/elastic_manager/elastic_controller.py:106)
ERROR - 29/07/2025 07:40:18 : ELASTIC : [5] Something unexpected happened while reading : BadRequestError(400, 'search_phase_execution_exception', 'unknown field [m_update_date]') - elastic_controller (/app/orion/services/elastic_manager/elastic_controller.py:106)
ERROR - 29/07/2025 07:41:39 : ELASTIC : [5] Something unexpected happened while reading : BadRequestError(400, 'search_phase_execution_exception', 'unknown field [m_update_date]') - elastic_controller (/app/orion/services/elastic_manager/elastic_controller.py:106)
ERROR - 29/07/2025 07:42:08 : ELASTIC : [5] Something unexpected happened while reading : BadRequestError(400, 'search_phase_execution_exception', 'unknown field [m_update_date]') - elastic_controller (/app/orion/services/elastic_manager/elastic_controller.py:106)
ERROR - 29/07/2025 07:42:12 : ELASTIC : [5] Something unexpected happened while reading : BadRequestError(400, 'search_phase_execution_exception', 'unknown field [m_update_date]') - elastic_controller (/app/orion/services/elastic_manager/elastic_controller.py:106)
ERROR - 29/07/2025 07:42:17 : ELASTIC : [5] Something unexpected happened while reading : BadRequestError(400, 'search_phase_execution_exception', 'unknown field [m_update_date]') - elastic_controller (/app/orion/services/elastic_manager/elastic_controller.py:106)
ERROR - 29/07/2025 07:43:12 : ELASTIC : [5] Something unexpected happened while reading : BadRequestError(400, 'search_phase_execution_exception', 'No mapping found for [m_update_date] in order to sort on') - elastic_controller (/app/orion/services/elastic_manager/elastic_controller.py:106)
ERROR - 29/07/2025 07:43:17 : ELASTIC : [5] Something unexpected happened while reading : BadRequestError(400, 'search_phase_execution_exception', 'unknown field [m_update_date]') - elastic_controller (/app/orion/services/elastic_manager/elastic_controller.py:106)
ERROR - 29/07/2025 07:43:19 : ELASTIC : [5] Something unexpected happened while reading : BadRequestError(400, 'search_phase_execution_exception', 'unknown field [m_update_date]') - elastic_controller (/app/orion/services/elastic_manager/elastic_controller.py:106)
ERROR - 29/07/2025 07:44:19 : ELASTIC : [5] Something unexpected happened while reading : BadRequestError(400, 'search_phase_execution_exception', 'unknown field [m_update_date]') - elastic_controller (/app/orion/services/elastic_manager/elastic_controller.py:106)
ERROR - 29/07/2025 07:44:45 : ELASTIC : [5] Something unexpected happened while reading : BadRequestError(400, 'search_phase_execution_exception', 'unknown field [m_update_date]') - elastic_controller (/app/orion/services/elastic_manager/elastic_controller.py:106)
ERROR - 29/07/2025 07:46:40 : ELASTIC : [5] Something unexpected happened while reading : BadRequestError(400, 'search_phase_execution_exception', 'unknown field [m_update_date]') - elastic_controller (/app/orion/services/elastic_manager/elastic_controller.py:106)
ERROR - 29/07/2025 07:47:57 : ELASTIC : [5] Something unexpected happened while reading : BadRequestError(400, 'search_phase_execution_exception', 'unknown field [m_update_date]') - elastic_controller (/app/orion/services/elastic_manager/elastic_controller.py:106)
ERROR - 29/07/2025 07:49:03 : ELASTIC : [5] Something unexpected happened while reading : BadRequestError(400, 'search_phase_execution_exception', 'unknown field [m_update_date]') - elastic_controller (/app/orion/services/elastic_manager/elastic_controller.py:106)
ERROR - 29/07/2025 07:50:33 : ELASTIC : [5] Something unexpected happened while reading : BadRequestError(400, 'search_phase_execution_exception', 'unknown field [m_update_date]') - elastic_controller (/app/orion/services/elastic_manager/elastic_controller.py:106)
ERROR - 29/07/2025 07:51:00 : ELASTIC : [5] Something unexpected happened while reading : BadRequestError(400, 'search_phase_execution_exception', 'unknown field [m_update_date]') - elastic_controller (/app/orion/services/elastic_manager/elastic_controller.py:106)
ERROR - 29/07/2025 07:53:59 : ELASTIC : [5] Something unexpected happened while reading : BadRequestError(400, 'search_phase_execution_exception', 'unknown field [m_update_date]') - elastic_controller (/app/orion/services/elastic_manager/elastic_controller.py:106)
ERROR - 29/07/2025 07:58:38 : ELASTIC : [5] Something unexpected happened while reading : BadRequestError(400, 'search_phase_execution_exception', 'unknown field [m_update_date]') - elastic_controller (/app/orion/services/elastic_manager/elastic_controller.py:106)
ERROR - 29/07/2025 07:59:01 : ELASTIC : [5] Something unexpected happened while reading : BadRequestError(400, 'search_phase_execution_exception', 'unknown field [m_update_date]') - elastic_controller (/app/orion/services/elastic_manager/elastic_controller.py:106)
ERROR - 29/07/2025 08:02:30 : ELASTIC : [5] Something unexpected happened while reading : BadRequestError(400, 'search_phase_execution_exception', 'unknown field [m_update_date]') - elastic_controller (/app/orion/services/elastic_manager/elastic_controller.py:106)
ERROR - 29/07/2025 08:03:07 : ELASTIC : [5] Something unexpected happened while reading : BadRequestError(400, 'search_phase_execution_exception', 'unknown field [m_update_date]') - elastic_controller (/app/orion/services/elastic_manager/elastic_controller.py:106)
ERROR - 29/07/2025 08:03:15 : ELASTIC : [5] Something unexpected happened while reading : BadRequestError(400, 'search_phase_execution_exception', 'unknown field [m_update_date]') - elastic_controller (/app/orion/services/elastic_manager/elastic_controller.py:106)
ERROR - 29/07/2025 08:03:22 : ELASTIC : [5] Something unexpected happened while reading : BadRequestError(400, 'search_phase_execution_exception', 'unknown field [m_update_date]') - elastic_controller (/app/orion/services/elastic_manager/elastic_controller.py:106)
ERROR - 29/07/2025 08:03:56 : ELASTIC : [5] Something unexpected happened while reading : BadRequestError(400, 'search_phase_execution_exception', 'unknown field [m_update_date]') - elastic_controller (/app/orion/services/elastic_manager/elastic_controller.py:106)
ERROR - 29/07/2025 08:09:36 : ELASTIC : [5] Something unexpected happened while reading : BadRequestError(400, 'search_phase_execution_exception', 'unknown field [m_update_date]') - elastic_controller (/app/orion/services/elastic_manager/elastic_controller.py:106)
ERROR - 29/07/2025 08:09:54 : ELASTIC : [5] Something unexpected happened while reading : BadRequestError(400, 'search_phase_execution_exception', 'unknown field [m_update_date]') - elastic_controller (/app/orion/services/elastic_manager/elastic_controller.py:106)
ERROR - 29/07/2025 08:10:03 : ELASTIC : [5] Something unexpected happened while reading : BadRequestError(400, 'search_phase_execution_exception', 'unknown field [m_update_date]') - elastic_controller (/app/orion/services/elastic_manager/elastic_controller.py:106)
ERROR - 29/07/2025 08:25:32 : ELASTIC : [5] Something unexpected happened while reading : BadRequestError(400, 'search_phase_execution_exception', 'unknown field [m_update_date]') - elastic_controller (/app/orion/services/elastic_manager/elastic_controller.py:106)
ERROR - 29/07/2025 08:29:08 : ELASTIC : [5] Something unexpected happened while reading : BadRequestError(400, 'search_phase_execution_exception', 'unknown field [m_update_date]') - elastic_controller (/app/orion/services/elastic_manager/elastic_controller.py:106)
ERROR - 29/07/2025 08:31:15 : ELASTIC : [5] Something unexpected happened while reading : BadRequestError(400, 'search_phase_execution_exception', 'unknown field [m_update_date]') - elastic_controller (/app/orion/services/elastic_manager/elastic_controller.py:106)
ERROR - 29/07/2025 08:39:56 : ELASTIC : [5] Something unexpected happened while reading : BadRequestError(400, 'search_phase_execution_exception', 'unknown field [m_update_date]') - elastic_controller (/app/orion/services/elastic_manager/elastic_controller.py:106)
ERROR - 29/07/2025 08:40:56 : ELASTIC : [5] Something unexpected happened while reading : BadRequestError(400, 'search_phase_execution_exception', 'unknown field [m_update_date]') - elastic_controller (/app/orion/services/elastic_manager/elastic_controller.py:106)
ERROR - 29/07/2025 08:41:17 : ELASTIC : [5] Something unexpected happened while reading : BadRequestError(400, 'search_phase_execution_exception', 'unknown field [m_update_date]') - elastic_controller (/app/orion/services/elastic_manager/elastic_controller.py:106)
ERROR - 29/07/2025 08:42:44 : ELASTIC : [5] Something unexpected happened while reading : BadRequestError(400, 'search_phase_execution_exception', 'unknown field [m_update_date]') - elastic_controller (/app/orion/services/elastic_manager/elastic_controller.py:106)
ERROR - 29/07/2025 08:47:02 : ELASTIC : [5] Something unexpected happened while reading : BadRequestError(400, 'search_phase_execution_exception', 'unknown field [m_update_date]') - elastic_controller (/app/orion/services/elastic_manager/elastic_controller.py:106)
ERROR - 29/07/2025 08:47:27 : ELASTIC : [5] Something unexpected happened while reading : BadRequestError(400, 'search_phase_execution_exception', 'unknown field [m_update_date]') - elastic_controller (/app/orion/services/elastic_manager/elastic_controller.py:106)
ERROR - 29/07/2025 08:47:29 : ELASTIC : [5] Something unexpected happened while reading : BadRequestError(400, 'search_phase_execution_exception', 'unknown field [m_update_date]') - elastic_controller (/app/orion/services/elastic_manager/elastic_controller.py:106)
ERROR - 29/07/2025 08:47:44 : ELASTIC : [5] Something unexpected happened while reading : BadRequestError(400, 'search_phase_execution_exception', 'unknown field [m_update_date]') - elastic_controller (/app/orion/services/elastic_manager/elastic_controller.py:106)
ERROR - 29/07/2025 08:47:47 : ELASTIC : [5] Something unexpected happened while reading : BadRequestError(400, 'search_phase_execution_exception', 'unknown field [m_update_date]') - elastic_controller (/app/orion/services/elastic_manager/elastic_controller.py:106)
ERROR - 29/07/2025 08:47:51 : ELASTIC : [5] Something unexpected happened while reading : BadRequestError(400, 'search_phase_execution_exception', 'unknown field [m_update_date]') - elastic_controller (/app/orion/services/elastic_manager/elastic_controller.py:106)
ERROR - 29/07/2025 08:47:53 : ELASTIC : [5] Something unexpected happened while reading : BadRequestError(400, 'search_phase_execution_exception', 'unknown field [m_update_date]') - elastic_controller (/app/orion/services/elastic_manager/elastic_controller.py:106)
ERROR - 29/07/2025 08:53:18 : ELASTIC : [5] Something unexpected happened while reading : BadRequestError(400, 'search_phase_execution_exception', 'unknown field [m_update_date]') - elastic_controller (/app/orion/services/elastic_manager/elastic_controller.py:106)
ERROR - 29/07/2025 08:53:18 : ELASTIC : [5] Something unexpected happened while reading : BadRequestError(400, 'search_phase_execution_exception', 'unknown field [m_update_date]') - elastic_controller (/app/orion/services/elastic_manager/elastic_controller.py:106)
ERROR - 29/07/2025 08:53:39 : ELASTIC : [5] Something unexpected happened while reading : BadRequestError(400, 'search_phase_execution_exception', 'unknown field [m_update_date]') - elastic_controller (/app/orion/services/elastic_manager/elastic_controller.py:106)
ERROR - 29/07/2025 08:53:43 : ELASTIC : [5] Something unexpected happened while reading : BadRequestError(400, 'search_phase_execution_exception', 'unknown field [m_update_date]') - elastic_controller (/app/orion/services/elastic_manager/elastic_controller.py:106)
ERROR - 29/07/2025 08:54:11 : ELASTIC : [5] Something unexpected happened while reading : BadRequestError(400, 'search_phase_execution_exception', 'unknown field [m_update_date]') - elastic_controller (/app/orion/services/elastic_manager/elastic_controller.py:106)
ERROR - 29/07/2025 08:54:18 : ELASTIC : [5] Something unexpected happened while reading : BadRequestError(400, 'search_phase_execution_exception', 'unknown field [m_update_date]') - elastic_controller (/app/orion/services/elastic_manager/elastic_controller.py:106)
ERROR - 29/07/2025 08:54:27 : ELASTIC : [5] Something unexpected happened while reading : BadRequestError(400, 'search_phase_execution_exception', 'unknown field [m_update_date]') - elastic_controller (/app/orion/services/elastic_manager/elastic_controller.py:106)
ERROR - 29/07/2025 08:54:40 : ELASTIC : [5] Something unexpected happened while reading : BadRequestError(400, 'search_phase_execution_exception', 'unknown field [m_update_date]') - elastic_controller (/app/orion/services/elastic_manager/elastic_controller.py:106)
ERROR - 29/07/2025 08:55:35 : ELASTIC : [5] Something unexpected happened while reading : BadRequestError(400, 'search_phase_execution_exception', 'unknown field [m_update_date]') - elastic_controller (/app/orion/services/elastic_manager/elastic_controller.py:106)
ERROR - 29/07/2025 08:55:52 : ELASTIC : [5] Something unexpected happened while reading : BadRequestError(400, 'search_phase_execution_exception', 'unknown field [m_update_date]') - elastic_controller (/app/orion/services/elastic_manager/elastic_controller.py:106)
ERROR - 29/07/2025 08:56:03 : ELASTIC : [5] Something unexpected happened while reading : BadRequestError(400, 'search_phase_execution_exception', 'unknown field [m_update_date]') - elastic_controller (/app/orion/services/elastic_manager/elastic_controller.py:106)
ERROR - 29/07/2025 08:56:08 : ELASTIC : [5] Something unexpected happened while reading : BadRequestError(400, 'search_phase_execution_exception', 'unknown field [m_update_date]') - elastic_controller (/app/orion/services/elastic_manager/elastic_controller.py:106)
ERROR - 29/07/2025 08:56:13 : ELASTIC : [5] Something unexpected happened while reading : BadRequestError(400, 'search_phase_execution_exception', 'unknown field [m_update_date]') - elastic_controller (/app/orion/services/elastic_manager/elastic_controller.py:106)
ERROR - 29/07/2025 08:56:21 : ELASTIC : [5] Something unexpected happened while reading : BadRequestError(400, 'search_phase_execution_exception', 'unknown field [m_update_date]') - elastic_controller (/app/orion/services/elastic_manager/elastic_controller.py:106)
ERROR - 29/07/2025 08:56:45 : ELASTIC : [5] Something unexpected happened while reading : BadRequestError(400, 'search_phase_execution_exception', 'unknown field [m_update_date]') - elastic_controller (/app/orion/services/elastic_manager/elastic_controller.py:106)
ERROR - 29/07/2025 08:56:59 : ELASTIC : [5] Something unexpected happened while reading : BadRequestError(400, 'search_phase_execution_exception', 'unknown field [m_update_date]') - elastic_controller (/app/orion/services/elastic_manager/elastic_controller.py:106)
ERROR - 29/07/2025 08:57:34 : ELASTIC : [5] Something unexpected happened while reading : BadRequestError(400, 'search_phase_execution_exception', 'unknown field [m_update_date]') - elastic_controller (/app/orion/services/elastic_manager/elastic_controller.py:106)
ERROR - 29/07/2025 08:57:44 : ELASTIC : [5] Something unexpected happened while reading : BadRequestError(400, 'search_phase_execution_exception', 'unknown field [m_update_date]') - elastic_controller (/app/orion/services/elastic_manager/elastic_controller.py:106)
ERROR - 29/07/2025 08:57:58 : ELASTIC : [5] Something unexpected happened while reading : BadRequestError(400, 'search_phase_execution_exception', 'unknown field [m_update_date]') - elastic_controller (/app/orion/services/elastic_manager/elastic_controller.py:106)
ERROR - 29/07/2025 08:59:53 : ELASTIC : [5] Something unexpected happened while reading : BadRequestError(400, 'search_phase_execution_exception', 'unknown field [m_update_date]') - elastic_controller (/app/orion/services/elastic_manager/elastic_controller.py:106)
ERROR - 29/07/2025 09:00:42 : ELASTIC : [5] Something unexpected happened while reading : Connection timed out - elastic_controller (/app/orion/services/elastic_manager/elastic_controller.py:106)
ERROR - 29/07/2025 09:00:42 : ELASTIC : [5] Something unexpected happened while reading : BadRequestError(400, 'search_phase_execution_exception', 'unknown field [m_update_date]') - elastic_controller (/app/orion/services/elastic_manager/elastic_controller.py:106)
ERROR - 29/07/2025 09:00:53 : ELASTIC : [5] Something unexpected happened while reading : BadRequestError(400, 'search_phase_execution_exception', 'unknown field [m_update_date]') - elastic_controller (/app/orion/services/elastic_manager/elastic_controller.py:106)
ERROR - 29/07/2025 09:02:11 : ELASTIC : [5] Something unexpected happened while reading : BadRequestError(400, 'search_phase_execution_exception', 'unknown field [m_update_date]') - elastic_controller (/app/orion/services/elastic_manager/elastic_controller.py:106)
ERROR - 29/07/2025 09:02:38 : ELASTIC : [5] Something unexpected happened while reading : BadRequestError(400, 'search_phase_execution_exception', 'unknown field [m_update_date]') - elastic_controller (/app/orion/services/elastic_manager/elastic_controller.py:106)
ERROR - 29/07/2025 09:02:40 : ELASTIC : [5] Something unexpected happened while reading : BadRequestError(400, 'search_phase_execution_exception', 'unknown field [m_update_date]') - elastic_controller (/app/orion/services/elastic_manager/elastic_controller.py:106)
ERROR - 29/07/2025 09:02:44 : ELASTIC : [5] Something unexpected happened while reading : BadRequestError(400, 'search_phase_execution_exception', 'unknown field [m_update_date]') - elastic_controller (/app/orion/services/elastic_manager/elastic_controller.py:106)
ERROR - 29/07/2025 09:02:50 : ELASTIC : [5] Something unexpected happened while reading : BadRequestError(400, 'search_phase_execution_exception', 'unknown field [m_update_date]') - elastic_controller (/app/orion/services/elastic_manager/elastic_controller.py:106)
ERROR - 29/07/2025 09:13:59 : ELASTIC : [5] Something unexpected happened while reading : BadRequestError(400, 'search_phase_execution_exception', 'unknown field [m_update_date]') - elastic_controller (/app/orion/services/elastic_manager/elastic_controller.py:106)
ERROR - 29/07/2025 09:16:39 : ELASTIC : [5] Something unexpected happened while reading : BadRequestError(400, 'search_phase_execution_exception', 'No mapping found for [m_update_date] in order to sort on') - elastic_controller (/app/orion/services/elastic_manager/elastic_controller.py:106)
ERROR - 29/07/2025 09:16:42 : ELASTIC : [5] Something unexpected happened while reading : BadRequestError(400, 'search_phase_execution_exception', 'unknown field [m_update_date]') - elastic_controller (/app/orion/services/elastic_manager/elastic_controller.py:106)
ERROR - 29/07/2025 09:19:13 : ELASTIC : [5] Something unexpected happened while reading : BadRequestError(400, 'search_phase_execution_exception', 'unknown field [m_update_date]') - elastic_controller (/app/orion/services/elastic_manager/elastic_controller.py:106)
ERROR - 29/07/2025 09:20:07 : ELASTIC : [5] Something unexpected happened while reading : BadRequestError(400, 'search_phase_execution_exception', 'unknown field [m_update_date]') - elastic_controller (/app/orion/services/elastic_manager/elastic_controller.py:106)
ERROR - 29/07/2025 09:20:31 : ELASTIC : [5] Something unexpected happened while reading : BadRequestError(400, 'search_phase_execution_exception', 'unknown field [m_update_date]') - elastic_controller (/app/orion/services/elastic_manager/elastic_controller.py:106)
ERROR - 29/07/2025 09:20:49 : ELASTIC : [5] Something unexpected happened while reading : BadRequestError(400, 'search_phase_execution_exception', 'unknown field [m_update_date]') - elastic_controller (/app/orion/services/elastic_manager/elastic_controller.py:106)
ERROR - 29/07/2025 09:22:11 : ELASTIC : [5] Something unexpected happened while reading : BadRequestError(400, 'search_phase_execution_exception', 'unknown field [m_update_date]') - elastic_controller (/app/orion/services/elastic_manager/elastic_controller.py:106)
ERROR - 29/07/2025 09:43:58 : ELASTIC : [5] Something unexpected happened while reading : BadRequestError(400, 'search_phase_execution_exception', 'unknown field [m_update_date]') - elastic_controller (/app/orion/services/elastic_manager/elastic_controller.py:106)
ERROR - 29/07/2025 09:52:17 : ELASTIC : [5] Something unexpected happened while reading : BadRequestError(400, 'search_phase_execution_exception', 'unknown field [m_update_date]') - elastic_controller (/app/orion/services/elastic_manager/elastic_controller.py:106)
ERROR - 29/07/2025 09:53:42 : ELASTIC : [5] Something unexpected happened while reading : BadRequestError(400, 'search_phase_execution_exception', 'unknown field [m_update_date]') - elastic_controller (/app/orion/services/elastic_manager/elastic_controller.py:106)
ERROR - 29/07/2025 09:53:51 : ELASTIC : [5] Something unexpected happened while reading : BadRequestError(400, 'search_phase_execution_exception', 'unknown field [m_update_date]') - elastic_controller (/app/orion/services/elastic_manager/elastic_controller.py:106)
ERROR - 29/07/2025 09:53:53 : ELASTIC : [5] Something unexpected happened while reading : BadRequestError(400, 'search_phase_execution_exception', 'unknown field [m_update_date]') - elastic_controller (/app/orion/services/elastic_manager/elastic_controller.py:106)
ERROR - 29/07/2025 09:54:02 : ELASTIC : [5] Something unexpected happened while reading : BadRequestError(400, 'search_phase_execution_exception', 'unknown field [m_update_date]') - elastic_controller (/app/orion/services/elastic_manager/elastic_controller.py:106)
ERROR - 29/07/2025 09:54:04 : ELASTIC : [5] Something unexpected happened while reading : BadRequestError(400, 'search_phase_execution_exception', 'unknown field [m_update_date]') - elastic_controller (/app/orion/services/elastic_manager/elastic_controller.py:106)
ERROR - 29/07/2025 09:56:21 : ELASTIC : [5] Something unexpected happened while reading : BadRequestError(400, 'search_phase_execution_exception', 'unknown field [m_update_date]') - elastic_controller (/app/orion/services/elastic_manager/elastic_controller.py:106)
ERROR - 29/07/2025 09:59:17 : ELASTIC : [5] Something unexpected happened while reading : BadRequestError(400, 'search_phase_execution_exception', 'unknown field [m_update_date]') - elastic_controller (/app/orion/services/elastic_manager/elastic_controller.py:106)
ERROR - 29/07/2025 09:59:58 : ELASTIC : [5] Something unexpected happened while reading : BadRequestError(400, 'search_phase_execution_exception', 'unknown field [m_update_date]') - elastic_controller (/app/orion/services/elastic_manager/elastic_controller.py:106)
ERROR - 29/07/2025 10:02:30 : ELASTIC : [5] Something unexpected happened while reading : BadRequestError(400, 'search_phase_execution_exception', 'unknown field [m_update_date]') - elastic_controller (/app/orion/services/elastic_manager/elastic_controller.py:106)
ERROR - 29/07/2025 10:02:31 : ELASTIC : [5] Something unexpected happened while reading : BadRequestError(400, 'search_phase_execution_exception', 'unknown field [m_update_date]') - elastic_controller (/app/orion/services/elastic_manager/elastic_controller.py:106)
ERROR - 29/07/2025 10:02:32 : ELASTIC : [5] Something unexpected happened while reading : BadRequestError(400, 'search_phase_execution_exception', 'unknown field [m_update_date]') - elastic_controller (/app/orion/services/elastic_manager/elastic_controller.py:106)
ERROR - 29/07/2025 10:02:34 : ELASTIC : [5] Something unexpected happened while reading : BadRequestError(400, 'search_phase_execution_exception', 'unknown field [m_update_date]') - elastic_controller (/app/orion/services/elastic_manager/elastic_controller.py:106)
ERROR - 29/07/2025 10:02:49 : ELASTIC : [5] Something unexpected happened while reading : BadRequestError(400, 'search_phase_execution_exception', 'unknown field [m_update_date]') - elastic_controller (/app/orion/services/elastic_manager/elastic_controller.py:106)
ERROR - 29/07/2025 10:04:06 : ELASTIC : [5] Something unexpected happened while reading : BadRequestError(400, 'search_phase_execution_exception', 'unknown field [m_update_date]') - elastic_controller (/app/orion/services/elastic_manager/elastic_controller.py:106)
ERROR - 29/07/2025 10:04:07 : ELASTIC : [5] Something unexpected happened while reading : BadRequestError(400, 'search_phase_execution_exception', 'unknown field [m_update_date]') - elastic_controller (/app/orion/services/elastic_manager/elastic_controller.py:106)
ERROR - 29/07/2025 10:04:08 : ELASTIC : [5] Something unexpected happened while reading : BadRequestError(400, 'search_phase_execution_exception', 'unknown field [m_update_date]') - elastic_controller (/app/orion/services/elastic_manager/elastic_controller.py:106)
ERROR - 29/07/2025 10:08:29 : ELASTIC : [5] Something unexpected happened while reading : BadRequestError(400, 'search_phase_execution_exception', 'unknown field [m_update_date]') - elastic_controller (/app/orion/services/elastic_manager/elastic_controller.py:106)
ERROR - 29/07/2025 10:08:44 : ELASTIC : [5] Something unexpected happened while reading : BadRequestError(400, 'search_phase_execution_exception', 'unknown field [m_update_date]') - elastic_controller (/app/orion/services/elastic_manager/elastic_controller.py:106)
ERROR - 29/07/2025 10:10:14 : ELASTIC : [5] Something unexpected happened while reading : BadRequestError(400, 'search_phase_execution_exception', 'unknown field [m_update_date]') - elastic_controller (/app/orion/services/elastic_manager/elastic_controller.py:106)
ERROR - 29/07/2025 10:20:26 : ELASTIC : [5] Something unexpected happened while reading : BadRequestError(400, 'search_phase_execution_exception', 'unknown field [m_update_date]') - elastic_controller (/app/orion/services/elastic_manager/elastic_controller.py:106)
ERROR - 29/07/2025 10:22:55 : ELASTIC : [5] Something unexpected happened while reading : BadRequestError(400, 'search_phase_execution_exception', 'unknown field [m_update_date]') - elastic_controller (/app/orion/services/elastic_manager/elastic_controller.py:106)
ERROR - 29/07/2025 10:23:25 : ELASTIC : [5] Something unexpected happened while reading : BadRequestError(400, 'search_phase_execution_exception', 'unknown field [m_update_date]') - elastic_controller (/app/orion/services/elastic_manager/elastic_controller.py:106)
ERROR - 29/07/2025 10:24:26 : ELASTIC : [5] Something unexpected happened while reading : BadRequestError(400, 'search_phase_execution_exception', 'unknown field [m_update_date]') - elastic_controller (/app/orion/services/elastic_manager/elastic_controller.py:106)
ERROR - 29/07/2025 10:25:19 : ELASTIC : [5] Something unexpected happened while reading : BadRequestError(400, 'search_phase_execution_exception', 'unknown field [m_update_date]') - elastic_controller (/app/orion/services/elastic_manager/elastic_controller.py:106)
ERROR - 29/07/2025 10:26:30 : ELASTIC : [5] Something unexpected happened while reading : BadRequestError(400, 'search_phase_execution_exception', 'unknown field [m_update_date]') - elastic_controller (/app/orion/services/elastic_manager/elastic_controller.py:106)
ERROR - 29/07/2025 10:26:40 : ELASTIC : [5] Something unexpected happened while reading : BadRequestError(400, 'search_phase_execution_exception', 'unknown field [m_update_date]') - elastic_controller (/app/orion/services/elastic_manager/elastic_controller.py:106)
ERROR - 29/07/2025 10:26:57 : ELASTIC : [5] Something unexpected happened while reading : BadRequestError(400, 'search_phase_execution_exception', 'unknown field [m_update_date]') - elastic_controller (/app/orion/services/elastic_manager/elastic_controller.py:106)
ERROR - 29/07/2025 10:27:09 : ELASTIC : [5] Something unexpected happened while reading : BadRequestError(400, 'search_phase_execution_exception', 'unknown field [m_update_date]') - elastic_controller (/app/orion/services/elastic_manager/elastic_controller.py:106)
ERROR - 29/07/2025 10:27:46 : ELASTIC : [5] Something unexpected happened while reading : BadRequestError(400, 'search_phase_execution_exception', 'unknown field [m_update_date]') - elastic_controller (/app/orion/services/elastic_manager/elastic_controller.py:106)
ERROR - 29/07/2025 10:29:04 : ELASTIC : [5] Something unexpected happened while reading : BadRequestError(400, 'search_phase_execution_exception', 'unknown field [m_update_date]') - elastic_controller (/app/orion/services/elastic_manager/elastic_controller.py:106)
ERROR - 29/07/2025 10:33:22 : ELASTIC : [5] Something unexpected happened while reading : BadRequestError(400, 'search_phase_execution_exception', 'unknown field [m_update_date]') - elastic_controller (/app/orion/services/elastic_manager/elastic_controller.py:106)
ERROR - 29/07/2025 10:33:49 : ELASTIC : [5] Something unexpected happened while reading : BadRequestError(400, 'search_phase_execution_exception', 'unknown field [m_update_date]') - elastic_controller (/app/orion/services/elastic_manager/elastic_controller.py:106)
ERROR - 29/07/2025 10:34:11 : ELASTIC : [5] Something unexpected happened while reading : BadRequestError(400, 'search_phase_execution_exception', 'unknown field [m_update_date]') - elastic_controller (/app/orion/services/elastic_manager/elastic_controller.py:106)
ERROR - 29/07/2025 10:35:23 : ELASTIC : [5] Something unexpected happened while reading : BadRequestError(400, 'search_phase_execution_exception', 'unknown field [m_update_date]') - elastic_controller (/app/orion/services/elastic_manager/elastic_controller.py:106)
ERROR - 29/07/2025 10:35:43 : ELASTIC : [5] Something unexpected happened while reading : BadRequestError(400, 'search_phase_execution_exception', 'unknown field [m_update_date]') - elastic_controller (/app/orion/services/elastic_manager/elastic_controller.py:106)
ERROR - 29/07/2025 10:36:56 : ELASTIC : [5] Something unexpected happened while reading : BadRequestError(400, 'search_phase_execution_exception', 'unknown field [m_update_date]') - elastic_controller (/app/orion/services/elastic_manager/elastic_controller.py:106)
ERROR - 29/07/2025 10:37:58 : ELASTIC : [5] Something unexpected happened while reading : BadRequestError(400, 'search_phase_execution_exception', 'unknown field [m_update_date]') - elastic_controller (/app/orion/services/elastic_manager/elastic_controller.py:106)
ERROR - 29/07/2025 10:40:49 : ELASTIC : [5] Something unexpected happened while reading : BadRequestError(400, 'search_phase_execution_exception', 'unknown field [m_update_date]') - elastic_controller (/app/orion/services/elastic_manager/elastic_controller.py:106)
ERROR - 29/07/2025 10:41:18 : ELASTIC : [5] Something unexpected happened while reading : BadRequestError(400, 'search_phase_execution_exception', 'unknown field [m_update_date]') - elastic_controller (/app/orion/services/elastic_manager/elastic_controller.py:106)
ERROR - 29/07/2025 10:41:47 : ELASTIC : [5] Something unexpected happened while reading : BadRequestError(400, 'search_phase_execution_exception', 'unknown field [m_update_date]') - elastic_controller (/app/orion/services/elastic_manager/elastic_controller.py:106)
ERROR - 29/07/2025 10:42:07 : ELASTIC : [5] Something unexpected happened while reading : BadRequestError(400, 'search_phase_execution_exception', 'unknown field [m_update_date]') - elastic_controller (/app/orion/services/elastic_manager/elastic_controller.py:106)
ERROR - 29/07/2025 10:42:19 : ELASTIC : [5] Something unexpected happened while reading : BadRequestError(400, 'search_phase_execution_exception', 'unknown field [m_update_date]') - elastic_controller (/app/orion/services/elastic_manager/elastic_controller.py:106)
ERROR - 29/07/2025 10:42:32 : ELASTIC : [5] Something unexpected happened while reading : BadRequestError(400, 'search_phase_execution_exception', 'unknown field [m_update_date]') - elastic_controller (/app/orion/services/elastic_manager/elastic_controller.py:106)
ERROR - 29/07/2025 10:43:18 : ELASTIC : [5] Something unexpected happened while reading : BadRequestError(400, 'search_phase_execution_exception', 'unknown field [m_update_date]') - elastic_controller (/app/orion/services/elastic_manager/elastic_controller.py:106)
ERROR - 29/07/2025 10:45:07 : ELASTIC : [5] Something unexpected happened while reading : BadRequestError(400, 'search_phase_execution_exception', 'unknown field [m_update_date]') - elastic_controller (/app/orion/services/elastic_manager/elastic_controller.py:106)
ERROR - 29/07/2025 10:45:54 : ELASTIC : [5] Something unexpected happened while reading : BadRequestError(400, 'search_phase_execution_exception', 'unknown field [m_update_date]') - elastic_controller (/app/orion/services/elastic_manager/elastic_controller.py:106)
ERROR - 29/07/2025 10:46:06 : ELASTIC : [5] Something unexpected happened while reading : BadRequestError(400, 'search_phase_execution_exception', 'unknown field [m_update_date]') - elastic_controller (/app/orion/services/elastic_manager/elastic_controller.py:106)
ERROR - 29/07/2025 10:46:45 : ELASTIC : [5] Something unexpected happened while reading : BadRequestError(400, 'search_phase_execution_exception', 'unknown field [m_update_date]') - elastic_controller (/app/orion/services/elastic_manager/elastic_controller.py:106)
ERROR - 29/07/2025 10:48:37 : ELASTIC : [5] Something unexpected happened while reading : BadRequestError(400, 'search_phase_execution_exception', 'unknown field [m_update_date]') - elastic_controller (/app/orion/services/elastic_manager/elastic_controller.py:106)
ERROR - 29/07/2025 10:50:02 : ELASTIC : [5] Something unexpected happened while reading : BadRequestError(400, 'search_phase_execution_exception', 'unknown field [m_update_date]') - elastic_controller (/app/orion/services/elastic_manager/elastic_controller.py:106)
ERROR - 29/07/2025 10:50:29 : ELASTIC : [5] Something unexpected happened while reading : BadRequestError(400, 'search_phase_execution_exception', 'unknown field [m_update_date]') - elastic_controller (/app/orion/services/elastic_manager/elastic_controller.py:106)
ERROR - 29/07/2025 10:51:21 : ELASTIC : [5] Something unexpected happened while reading : BadRequestError(400, 'search_phase_execution_exception', 'unknown field [m_update_date]') - elastic_controller (/app/orion/services/elastic_manager/elastic_controller.py:106)
ERROR - 29/07/2025 10:51:35 : ELASTIC : [5] Something unexpected happened while reading : BadRequestError(400, 'search_phase_execution_exception', 'unknown field [m_update_date]') - elastic_controller (/app/orion/services/elastic_manager/elastic_controller.py:106)
ERROR - 29/07/2025 10:51:57 : ELASTIC : [5] Something unexpected happened while reading : BadRequestError(400, 'search_phase_execution_exception', 'unknown field [m_update_date]') - elastic_controller (/app/orion/services/elastic_manager/elastic_controller.py:106)
ERROR - 29/07/2025 10:52:14 : ELASTIC : [5] Something unexpected happened while reading : BadRequestError(400, 'search_phase_execution_exception', 'unknown field [m_update_date]') - elastic_controller (/app/orion/services/elastic_manager/elastic_controller.py:106)
ERROR - 29/07/2025 10:54:10 : ELASTIC : [5] Something unexpected happened while reading : BadRequestError(400, 'search_phase_execution_exception', 'unknown field [m_update_date]') - elastic_controller (/app/orion/services/elastic_manager/elastic_controller.py:106)
ERROR - 29/07/2025 10:54:11 : ELASTIC : [5] Something unexpected happened while reading : BadRequestError(400, 'search_phase_execution_exception', 'unknown field [m_update_date]') - elastic_controller (/app/orion/services/elastic_manager/elastic_controller.py:106)
ERROR - 29/07/2025 10:54:26 : ELASTIC : [5] Something unexpected happened while reading : BadRequestError(400, 'search_phase_execution_exception', 'unknown field [m_update_date]') - elastic_controller (/app/orion/services/elastic_manager/elastic_controller.py:106)
ERROR - 29/07/2025 10:54:33 : ELASTIC : [5] Something unexpected happened while reading : BadRequestError(400, 'search_phase_execution_exception', 'unknown field [m_update_date]') - elastic_controller (/app/orion/services/elastic_manager/elastic_controller.py:106)
ERROR - 29/07/2025 10:54:55 : ELASTIC : [5] Something unexpected happened while reading : BadRequestError(400, 'search_phase_execution_exception', 'unknown field [m_update_date]') - elastic_controller (/app/orion/services/elastic_manager/elastic_controller.py:106)
ERROR - 29/07/2025 11:06:18 : ELASTIC : [5] Something unexpected happened while reading : BadRequestError(400, 'search_phase_execution_exception', 'unknown field [m_update_date]') - elastic_controller (/app/orion/services/elastic_manager/elastic_controller.py:106)
ERROR - 29/07/2025 11:06:20 : ELASTIC : [5] Something unexpected happened while reading : BadRequestError(400, 'search_phase_execution_exception', 'No mapping found for [m_update_date] in order to sort on') - elastic_controller (/app/orion/services/elastic_manager/elastic_controller.py:106)
ERROR - 29/07/2025 11:06:25 : ELASTIC : [5] Something unexpected happened while reading : BadRequestError(400, 'search_phase_execution_exception', 'unknown field [m_update_date]') - elastic_controller (/app/orion/services/elastic_manager/elastic_controller.py:106)
ERROR - 29/07/2025 11:06:48 : ELASTIC : [5] Something unexpected happened while reading : BadRequestError(400, 'search_phase_execution_exception', 'unknown field [m_update_date]') - elastic_controller (/app/orion/services/elastic_manager/elastic_controller.py:106)
ERROR - 29/07/2025 11:07:05 : ELASTIC : [5] Something unexpected happened while reading : BadRequestError(400, 'search_phase_execution_exception', 'unknown field [m_update_date]') - elastic_controller (/app/orion/services/elastic_manager/elastic_controller.py:106)
ERROR - 29/07/2025 11:07:33 : ELASTIC : [5] Something unexpected happened while reading : BadRequestError(400, 'search_phase_execution_exception', 'unknown field [m_update_date]') - elastic_controller (/app/orion/services/elastic_manager/elastic_controller.py:106)
ERROR - 29/07/2025 13:56:35 : ELASTIC : [5] Something unexpected happened while reading : BadRequestError(400, 'search_phase_execution_exception', 'unknown field [m_update_date]') - elastic_controller (/app/orion/services/elastic_manager/elastic_controller.py:106)
ERROR - 29/07/2025 14:00:59 : ELASTIC : [5] Something unexpected happened while reading : BadRequestError(400, 'search_phase_execution_exception', 'unknown field [m_update_date]') - elastic_controller (/app/orion/services/elastic_manager/elastic_controller.py:106)
ERROR - 29/07/2025 14:00:59 : ELASTIC : [5] Something unexpected happened while reading : BadRequestError(400, 'search_phase_execution_exception', 'unknown field [m_update_date]') - elastic_controller (/app/orion/services/elastic_manager/elastic_controller.py:106)
ERROR - 29/07/2025 14:04:56 : ELASTIC : [5] Something unexpected happened while reading : BadRequestError(400, 'search_phase_execution_exception', 'unknown field [m_update_date]') - elastic_controller (/app/orion/services/elastic_manager/elastic_controller.py:106)
ERROR - 29/07/2025 14:05:37 : ELASTIC : [5] Something unexpected happened while reading : BadRequestError(400, 'search_phase_execution_exception', 'unknown field [m_update_date]') - elastic_controller (/app/orion/services/elastic_manager/elastic_controller.py:106)
ERROR - 29/07/2025 14:09:25 : ELASTIC : [5] Something unexpected happened while reading : BadRequestError(400, 'search_phase_execution_exception', 'unknown field [m_update_date]') - elastic_controller (/app/orion/services/elastic_manager/elastic_controller.py:106)
ERROR - 29/07/2025 14:09:33 : ELASTIC : [5] Something unexpected happened while reading : BadRequestError(400, 'search_phase_execution_exception', 'unknown field [m_update_date]') - elastic_controller (/app/orion/services/elastic_manager/elastic_controller.py:106)
ERROR - 29/07/2025 14:10:35 : ELASTIC : [5] Something unexpected happened while reading : BadRequestError(400, 'search_phase_execution_exception', 'unknown field [m_update_date]') - elastic_controller (/app/orion/services/elastic_manager/elastic_controller.py:106)
ERROR - 29/07/2025 14:11:50 : ELASTIC : [5] Something unexpected happened while reading : BadRequestError(400, 'search_phase_execution_exception', 'unknown field [m_update_date]') - elastic_controller (/app/orion/services/elastic_manager/elastic_controller.py:106)
ERROR - 29/07/2025 14:12:18 : ELASTIC : [5] Something unexpected happened while reading : BadRequestError(400, 'search_phase_execution_exception', 'unknown field [m_update_date]') - elastic_controller (/app/orion/services/elastic_manager/elastic_controller.py:106)
ERROR - 29/07/2025 14:12:26 : ELASTIC : [5] Something unexpected happened while reading : BadRequestError(400, 'search_phase_execution_exception', 'unknown field [m_update_date]') - elastic_controller (/app/orion/services/elastic_manager/elastic_controller.py:106)
ERROR - 29/07/2025 14:13:55 : ELASTIC : [5] Something unexpected happened while reading : BadRequestError(400, 'search_phase_execution_exception', 'unknown field [m_update_date]') - elastic_controller (/app/orion/services/elastic_manager/elastic_controller.py:106)
ERROR - 29/07/2025 14:13:55 : ELASTIC : [5] Something unexpected happened while reading : BadRequestError(400, 'search_phase_execution_exception', 'unknown field [m_update_date]') - elastic_controller (/app/orion/services/elastic_manager/elastic_controller.py:106)
ERROR - 29/07/2025 14:25:08 : ELASTIC : [5] Something unexpected happened while reading : BadRequestError(400, 'search_phase_execution_exception', 'unknown field [m_update_date]') - elastic_controller (/app/orion/services/elastic_manager/elastic_controller.py:106)
ERROR - 29/07/2025 14:25:43 : ELASTIC : [5] Something unexpected happened while reading : BadRequestError(400, 'search_phase_execution_exception', 'unknown field [m_update_date]') - elastic_controller (/app/orion/services/elastic_manager/elastic_controller.py:106)
ERROR - 29/07/2025 14:28:56 : ELASTIC : [5] Something unexpected happened while reading : BadRequestError(400, 'search_phase_execution_exception', 'unknown field [m_update_date]') - elastic_controller (/app/orion/services/elastic_manager/elastic_controller.py:106)
ERROR - 29/07/2025 14:29:05 : ELASTIC : [5] Something unexpected happened while reading : BadRequestError(400, 'search_phase_execution_exception', 'No mapping found for [m_update_date] in order to sort on') - elastic_controller (/app/orion/services/elastic_manager/elastic_controller.py:106)
ERROR - 29/07/2025 14:29:38 : ELASTIC : [5] Something unexpected happened while reading : BadRequestError(400, 'search_phase_execution_exception', 'unknown field [m_update_date]') - elastic_controller (/app/orion/services/elastic_manager/elastic_controller.py:106)
ERROR - 29/07/2025 14:30:05 : ELASTIC : [5] Something unexpected happened while reading : BadRequestError(400, 'search_phase_execution_exception', 'unknown field [m_update_date]') - elastic_controller (/app/orion/services/elastic_manager/elastic_controller.py:106)
ERROR - 29/07/2025 14:30:11 : ELASTIC : [5] Something unexpected happened while reading : BadRequestError(400, 'search_phase_execution_exception', 'unknown field [m_update_date]') - elastic_controller (/app/orion/services/elastic_manager/elastic_controller.py:106)
ERROR - 29/07/2025 14:31:01 : ELASTIC : [5] Something unexpected happened while reading : BadRequestError(400, 'search_phase_execution_exception', 'unknown field [m_update_date]') - elastic_controller (/app/orion/services/elastic_manager/elastic_controller.py:106)
ERROR - 29/07/2025 14:31:01 : ELASTIC : [5] Something unexpected happened while reading : BadRequestError(400, 'search_phase_execution_exception', 'No mapping found for [m_update_date] in order to sort on') - elastic_controller (/app/orion/services/elastic_manager/elastic_controller.py:106)
ERROR - 29/07/2025 14:31:01 : ELASTIC : [5] Something unexpected happened while reading : BadRequestError(400, 'search_phase_execution_exception', 'No mapping found for [m_update_date] in order to sort on') - elastic_controller (/app/orion/services/elastic_manager/elastic_controller.py:106)
ERROR - 29/07/2025 14:31:01 : ELASTIC : [5] Something unexpected happened while reading : BadRequestError(400, 'search_phase_execution_exception', 'No mapping found for [m_update_date] in order to sort on') - elastic_controller (/app/orion/services/elastic_manager/elastic_controller.py:106)
ERROR - 29/07/2025 14:31:01 : ELASTIC : [5] Something unexpected happened while reading : BadRequestError(400, 'search_phase_execution_exception', 'No mapping found for [m_update_date] in order to sort on') - elastic_controller (/app/orion/services/elastic_manager/elastic_controller.py:106)
ERROR - 29/07/2025 14:37:21 : ELASTIC : [5] Something unexpected happened while reading : BadRequestError(400, 'search_phase_execution_exception', 'No mapping found for [m_update_date] in order to sort on') - elastic_controller (/app/orion/services/elastic_manager/elastic_controller.py:106)
ERROR - 29/07/2025 14:39:27 : ELASTIC : [5] Something unexpected happened while reading : BadRequestError(400, 'search_phase_execution_exception', 'No mapping found for [m_update_date] in order to sort on') - elastic_controller (/app/orion/services/elastic_manager/elastic_controller.py:106)
ERROR - 29/07/2025 14:39:27 : ELASTIC : [5] Something unexpected happened while reading : BadRequestError(400, 'search_phase_execution_exception', 'No mapping found for [m_update_date] in order to sort on') - elastic_controller (/app/orion/services/elastic_manager/elastic_controller.py:106)
ERROR - 29/07/2025 14:40:35 : ELASTIC : [5] Something unexpected happened while reading : BadRequestError(400, 'search_phase_execution_exception', 'No mapping found for [m_update_date] in order to sort on') - elastic_controller (/app/orion/services/elastic_manager/elastic_controller.py:106)
ERROR - 29/07/2025 14:40:40 : ELASTIC : [5] Something unexpected happened while reading : BadRequestError(400, 'search_phase_execution_exception', 'unknown field [m_update_date]') - elastic_controller (/app/orion/services/elastic_manager/elastic_controller.py:106)
ERROR - 29/07/2025 14:40:50 : ELASTIC : [5] Something unexpected happened while reading : BadRequestError(400, 'search_phase_execution_exception', 'No mapping found for [m_update_date] in order to sort on') - elastic_controller (/app/orion/services/elastic_manager/elastic_controller.py:106)
ERROR - 29/07/2025 14:40:50 : ELASTIC : [5] Something unexpected happened while reading : BadRequestError(400, 'search_phase_execution_exception', 'No mapping found for [m_update_date] in order to sort on') - elastic_controller (/app/orion/services/elastic_manager/elastic_controller.py:106)
ERROR - 29/07/2025 14:40:53 : ELASTIC : [5] Something unexpected happened while reading : BadRequestError(400, 'search_phase_execution_exception', 'unknown field [m_update_date]') - elastic_controller (/app/orion/services/elastic_manager/elastic_controller.py:106)
ERROR - 29/07/2025 14:40:59 : ELASTIC : [5] Something unexpected happened while reading : BadRequestError(400, 'search_phase_execution_exception', 'unknown field [m_update_date]') - elastic_controller (/app/orion/services/elastic_manager/elastic_controller.py:106)
ERROR - 29/07/2025 14:41:01 : ELASTIC : [5] Something unexpected happened while reading : BadRequestError(400, 'search_phase_execution_exception', 'No mapping found for [m_update_date] in order to sort on') - elastic_controller (/app/orion/services/elastic_manager/elastic_controller.py:106)
ERROR - 29/07/2025 14:41:02 : ELASTIC : [5] Something unexpected happened while reading : BadRequestError(400, 'search_phase_execution_exception', 'unknown field [m_update_date]') - elastic_controller (/app/orion/services/elastic_manager/elastic_controller.py:106)
ERROR - 29/07/2025 14:41:04 : ELASTIC : [5] Something unexpected happened while reading : BadRequestError(400, 'search_phase_execution_exception', 'No mapping found for [m_update_date] in order to sort on') - elastic_controller (/app/orion/services/elastic_manager/elastic_controller.py:106)
ERROR - 29/07/2025 14:49:52 : ELASTIC : [5] Something unexpected happened while reading : BadRequestError(400, 'search_phase_execution_exception', 'No mapping found for [m_update_date] in order to sort on') - elastic_controller (/app/orion/services/elastic_manager/elastic_controller.py:106)
ERROR - 29/07/2025 14:50:08 : ELASTIC : [5] Something unexpected happened while reading : BadRequestError(400, 'search_phase_execution_exception', 'No mapping found for [m_update_date] in order to sort on') - elastic_controller (/app/orion/services/elastic_manager/elastic_controller.py:106)
ERROR - 29/07/2025 14:51:09 : ELASTIC : [5] Something unexpected happened while reading : BadRequestError(400, 'search_phase_execution_exception', 'No mapping found for [m_update_date] in order to sort on') - elastic_controller (/app/orion/services/elastic_manager/elastic_controller.py:106)
ERROR - 29/07/2025 14:51:21 : ELASTIC : [5] Something unexpected happened while reading : BadRequestError(400, 'search_phase_execution_exception', 'unknown field [m_update_date]') - elastic_controller (/app/orion/services/elastic_manager/elastic_controller.py:106)
ERROR - 29/07/2025 14:51:44 : ELASTIC : [5] Something unexpected happened while reading : BadRequestError(400, 'search_phase_execution_exception', 'No mapping found for [m_update_date] in order to sort on') - elastic_controller (/app/orion/services/elastic_manager/elastic_controller.py:106)
ERROR - 29/07/2025 14:51:49 : ELASTIC : [5] Something unexpected happened while reading : BadRequestError(400, 'search_phase_execution_exception', 'unknown field [m_update_date]') - elastic_controller (/app/orion/services/elastic_manager/elastic_controller.py:106)
ERROR - 29/07/2025 14:57:54 : ELASTIC : [5] Something unexpected happened while reading : BadRequestError(400, 'search_phase_execution_exception', 'unknown field [m_update_date]') - elastic_controller (/app/orion/services/elastic_manager/elastic_controller.py:106)
ERROR - 29/07/2025 15:01:19 : ELASTIC : [5] Something unexpected happened while reading : BadRequestError(400, 'search_phase_execution_exception', 'No mapping found for [m_update_date] in order to sort on') - elastic_controller (/app/orion/services/elastic_manager/elastic_controller.py:106)
ERROR - 29/07/2025 15:06:59 : ELASTIC : [5] Something unexpected happened while reading : BadRequestError(400, 'search_phase_execution_exception', 'No mapping found for [m_update_date] in order to sort on') - elastic_controller (/app/orion/services/elastic_manager/elastic_controller.py:106)
ERROR - 29/07/2025 15:06:59 : ELASTIC : [5] Something unexpected happened while reading : BadRequestError(400, 'search_phase_execution_exception', 'No mapping found for [m_update_date] in order to sort on') - elastic_controller (/app/orion/services/elastic_manager/elastic_controller.py:106)
ERROR - 29/07/2025 15:06:59 : ELASTIC : [5] Something unexpected happened while reading : BadRequestError(400, 'search_phase_execution_exception', 'No mapping found for [m_update_date] in order to sort on') - elastic_controller (/app/orion/services/elastic_manager/elastic_controller.py:106)
ERROR - 29/07/2025 15:06:59 : ELASTIC : [5] Something unexpected happened while reading : BadRequestError(400, 'search_phase_execution_exception', 'No mapping found for [m_update_date] in order to sort on') - elastic_controller (/app/orion/services/elastic_manager/elastic_controller.py:106)
ERROR - 29/07/2025 15:06:59 : ELASTIC : [5] Something unexpected happened while reading : BadRequestError(400, 'search_phase_execution_exception', 'No mapping found for [m_update_date] in order to sort on') - elastic_controller (/app/orion/services/elastic_manager/elastic_controller.py:106)
ERROR - 29/07/2025 15:06:59 : ELASTIC : [5] Something unexpected happened while reading : BadRequestError(400, 'search_phase_execution_exception', 'No mapping found for [m_update_date] in order to sort on') - elastic_controller (/app/orion/services/elastic_manager/elastic_controller.py:106)
ERROR - 29/07/2025 15:08:22 : ELASTIC : [5] Something unexpected happened while reading : BadRequestError(400, 'search_phase_execution_exception', 'No mapping found for [m_update_date] in order to sort on') - elastic_controller (/app/orion/services/elastic_manager/elastic_controller.py:106)
ERROR - 29/07/2025 15:08:40 : ELASTIC : [5] Something unexpected happened while reading : BadRequestError(400, 'search_phase_execution_exception', 'No mapping found for [m_update_date] in order to sort on') - elastic_controller (/app/orion/services/elastic_manager/elastic_controller.py:106)
ERROR - 29/07/2025 15:08:52 : ELASTIC : [5] Something unexpected happened while reading : BadRequestError(400, 'search_phase_execution_exception', 'No mapping found for [m_update_date] in order to sort on') - elastic_controller (/app/orion/services/elastic_manager/elastic_controller.py:106)
ERROR - 29/07/2025 15:09:08 : ELASTIC : [5] Something unexpected happened while reading : BadRequestError(400, 'search_phase_execution_exception', 'No mapping found for [m_update_date] in order to sort on') - elastic_controller (/app/orion/services/elastic_manager/elastic_controller.py:106)
ERROR - 29/07/2025 15:10:11 : ELASTIC : [5] Something unexpected happened while reading : BadRequestError(400, 'search_phase_execution_exception', 'No mapping found for [m_update_date] in order to sort on') - elastic_controller (/app/orion/services/elastic_manager/elastic_controller.py:106)
ERROR - 29/07/2025 15:11:08 : ELASTIC : [5] Something unexpected happened while reading : BadRequestError(400, 'search_phase_execution_exception', 'No mapping found for [m_update_date] in order to sort on') - elastic_controller (/app/orion/services/elastic_manager/elastic_controller.py:106)
ERROR - 29/07/2025 15:11:18 : ELASTIC : [5] Something unexpected happened while reading : BadRequestError(400, 'search_phase_execution_exception', 'No mapping found for [m_update_date] in order to sort on') - elastic_controller (/app/orion/services/elastic_manager/elastic_controller.py:106)
ERROR - 29/07/2025 15:13:37 : ELASTIC : [5] Something unexpected happened while reading : BadRequestError(400, 'search_phase_execution_exception', 'No mapping found for [m_update_date] in order to sort on') - elastic_controller (/app/orion/services/elastic_manager/elastic_controller.py:106)
ERROR - 29/07/2025 15:13:46 : ELASTIC : [5] Something unexpected happened while reading : BadRequestError(400, 'search_phase_execution_exception', 'unknown field [m_update_date]') - elastic_controller (/app/orion/services/elastic_manager/elastic_controller.py:106)
ERROR - 29/07/2025 15:14:21 : ELASTIC : [5] Something unexpected happened while reading : BadRequestError(400, 'search_phase_execution_exception', 'No mapping found for [m_update_date] in order to sort on') - elastic_controller (/app/orion/services/elastic_manager/elastic_controller.py:106)
ERROR - 29/07/2025 15:16:17 : ELASTIC : [5] Something unexpected happened while reading : BadRequestError(400, 'search_phase_execution_exception', 'No mapping found for [m_update_date] in order to sort on') - elastic_controller (/app/orion/services/elastic_manager/elastic_controller.py:106)
ERROR - 29/07/2025 15:18:57 : ELASTIC : [5] Something unexpected happened while reading : BadRequestError(400, 'search_phase_execution_exception', 'No mapping found for [m_update_date] in order to sort on') - elastic_controller (/app/orion/services/elastic_manager/elastic_controller.py:106)
ERROR - 29/07/2025 15:19:56 : ELASTIC : [5] Something unexpected happened while reading : BadRequestError(400, 'search_phase_execution_exception', 'No mapping found for [m_update_date] in order to sort on') - elastic_controller (/app/orion/services/elastic_manager/elastic_controller.py:106)
ERROR - 29/07/2025 15:26:46 : ELASTIC : [5] Something unexpected happened while reading : BadRequestError(400, 'search_phase_execution_exception', 'No mapping found for [m_update_date] in order to sort on') - elastic_controller (/app/orion/services/elastic_manager/elastic_controller.py:106)
ERROR - 29/07/2025 15:27:13 : ELASTIC : [5] Something unexpected happened while reading : BadRequestError(400, 'search_phase_execution_exception', 'No mapping found for [m_update_date] in order to sort on') - elastic_controller (/app/orion/services/elastic_manager/elastic_controller.py:106)
ERROR - 29/07/2025 15:27:45 : ELASTIC : [5] Something unexpected happened while reading : BadRequestError(400, 'search_phase_execution_exception', 'No mapping found for [m_update_date] in order to sort on') - elastic_controller (/app/orion/services/elastic_manager/elastic_controller.py:106)
ERROR - 29/07/2025 15:29:12 : ELASTIC : [5] Something unexpected happened while reading : BadRequestError(400, 'search_phase_execution_exception', 'No mapping found for [m_update_date] in order to sort on') - elastic_controller (/app/orion/services/elastic_manager/elastic_controller.py:106)
ERROR - 29/07/2025 15:29:12 : ELASTIC : [5] Something unexpected happened while reading : BadRequestError(400, 'search_phase_execution_exception', 'No mapping found for [m_update_date] in order to sort on') - elastic_controller (/app/orion/services/elastic_manager/elastic_controller.py:106)
ERROR - 29/07/2025 15:29:12 : ELASTIC : [5] Something unexpected happened while reading : BadRequestError(400, 'search_phase_execution_exception', 'No mapping found for [m_update_date] in order to sort on') - elastic_controller (/app/orion/services/elastic_manager/elastic_controller.py:106)
ERROR - 29/07/2025 15:30:06 : ELASTIC : [5] Something unexpected happened while reading : BadRequestError(400, 'search_phase_execution_exception', 'No mapping found for [m_update_date] in order to sort on') - elastic_controller (/app/orion/services/elastic_manager/elastic_controller.py:106)
ERROR - 29/07/2025 15:30:08 : ELASTIC : [5] Something unexpected happened while reading : BadRequestError(400, 'search_phase_execution_exception', 'No mapping found for [m_update_date] in order to sort on') - elastic_controller (/app/orion/services/elastic_manager/elastic_controller.py:106)
ERROR - 29/07/2025 15:32:37 : ELASTIC : [5] Something unexpected happened while reading : BadRequestError(400, 'search_phase_execution_exception', 'No mapping found for [m_update_date] in order to sort on') - elastic_controller (/app/orion/services/elastic_manager/elastic_controller.py:106)
ERROR - 29/07/2025 15:32:37 : ELASTIC : [5] Something unexpected happened while reading : BadRequestError(400, 'search_phase_execution_exception', 'No mapping found for [m_update_date] in order to sort on') - elastic_controller (/app/orion/services/elastic_manager/elastic_controller.py:106)
ERROR - 29/07/2025 15:32:37 : ELASTIC : [5] Something unexpected happened while reading : BadRequestError(400, 'search_phase_execution_exception', 'No mapping found for [m_update_date] in order to sort on') - elastic_controller (/app/orion/services/elastic_manager/elastic_controller.py:106)
ERROR - 29/07/2025 15:32:37 : ELASTIC : [5] Something unexpected happened while reading : BadRequestError(400, 'search_phase_execution_exception', 'No mapping found for [m_update_date] in order to sort on') - elastic_controller (/app/orion/services/elastic_manager/elastic_controller.py:106)
ERROR - 29/07/2025 15:32:54 : ELASTIC : [5] Something unexpected happened while reading : BadRequestError(400, 'search_phase_execution_exception', 'No mapping found for [m_update_date] in order to sort on') - elastic_controller (/app/orion/services/elastic_manager/elastic_controller.py:106)
