ERROR - 04/11/2025 05:37:59 : ELASTIC : Initialization failed: Connection error caused by: ConnectionError(Connection error caused by: ClientConnectorDNSError(Cannot connect to host none:9400 ssl:default [Name or service not known])) - elastic_controller (/app/orion/services/elastic_manager/elastic_controller.py:96)
ERROR - 04/11/2025 05:38:00 : ELASTIC : Initialization failed: Connection error caused by: ConnectionError(Connection error caused by: ClientConnectorDNSError(Cannot connect to host none:9400 ssl:default [Name or service not known])) - elastic_controller (/app/orion/services/elastic_manager/elastic_controller.py:96)
ERROR - 04/11/2025 05:41:59 : ELASTIC : [5] Something unexpected happened while reading : BadRequestError(400, 'search_phase_execution_exception', 'No mapping found for [m_leak_date] in order to sort on') - elastic_controller (/app/orion/services/elastic_manager/elastic_controller.py:224)
ERROR - 04/11/2025 05:44:12 : ELASTIC : [5] Something unexpected happened while reading : BadRequestError(400, 'search_phase_execution_exception', '[m_ip] field which is of type [ip], does not support case insensitive term queries') - elastic_controller (/app/orion/services/elastic_manager/elastic_controller.py:224)
ERROR - 04/11/2025 05:44:12 : ELASTIC : [5] Something unexpected happened while reading : BadRequestError(400, 'search_phase_execution_exception', 'unknown field [m_creation_date]') - elastic_controller (/app/orion/services/elastic_manager/elastic_controller.py:224)
ERROR - 04/11/2025 05:44:12 : ELASTIC : [5] Something unexpected happened while reading : BadRequestError(400, 'search_phase_execution_exception', 'No mapping found for [m_leak_date] in order to sort on') - elastic_controller (/app/orion/services/elastic_manager/elastic_controller.py:224)
ERROR - 04/11/2025 05:44:32 : ELASTIC : [5] Something unexpected happened while reading : BadRequestError(400, 'search_phase_execution_exception', '[m_ip] field which is of type [ip], does not support case insensitive term queries') - elastic_controller (/app/orion/services/elastic_manager/elastic_controller.py:224)
ERROR - 04/11/2025 05:44:32 : ELASTIC : [5] Something unexpected happened while reading : BadRequestError(400, 'search_phase_execution_exception', 'unknown field [m_creation_date]') - elastic_controller (/app/orion/services/elastic_manager/elastic_controller.py:224)
ERROR - 04/11/2025 05:44:32 : ELASTIC : [5] Something unexpected happened while reading : BadRequestError(400, 'search_phase_execution_exception', 'No mapping found for [m_leak_date] in order to sort on') - elastic_controller (/app/orion/services/elastic_manager/elastic_controller.py:224)
ERROR - 04/11/2025 05:58:08 : ELASTIC : [5] Something unexpected happened while reading : BadRequestError(400, 'search_phase_execution_exception', 'unknown field [m_leak_date]') - elastic_controller (/app/orion/services/elastic_manager/elastic_controller.py:150)
ERROR - 04/11/2025 06:22:32 : ELASTIC : [5] Something unexpected happened while reading : BadRequestError(400, 'search_phase_execution_exception', '[m_ip] field which is of type [ip], does not support case insensitive term queries') - elastic_controller (/app/orion/services/elastic_manager/elastic_controller.py:224)
ERROR - 04/11/2025 06:22:32 : ELASTIC : [5] Something unexpected happened while reading : BadRequestError(400, 'search_phase_execution_exception', 'unknown field [m_creation_date]') - elastic_controller (/app/orion/services/elastic_manager/elastic_controller.py:224)
ERROR - 04/11/2025 06:22:33 : ELASTIC : [5] Something unexpected happened while reading : BadRequestError(400, 'search_phase_execution_exception', 'No mapping found for [m_leak_date] in order to sort on') - elastic_controller (/app/orion/services/elastic_manager/elastic_controller.py:224)
ERROR - 04/11/2025 07:59:33 : ELASTIC : [5] Something unexpected happened while reading : BadRequestError(400, 'search_phase_execution_exception', '[m_ip] field which is of type [ip], does not support case insensitive term queries') - elastic_controller (/app/orion/services/elastic_manager/elastic_controller.py:224)
ERROR - 04/11/2025 07:59:33 : ELASTIC : [5] Something unexpected happened while reading : BadRequestError(400, 'search_phase_execution_exception', 'unknown field [m_creation_date]') - elastic_controller (/app/orion/services/elastic_manager/elastic_controller.py:224)
ERROR - 04/11/2025 07:59:33 : ELASTIC : [5] Something unexpected happened while reading : BadRequestError(400, 'search_phase_execution_exception', 'No mapping found for [m_leak_date] in order to sort on') - elastic_controller (/app/orion/services/elastic_manager/elastic_controller.py:224)
ERROR - 04/11/2025 07:59:58 : ELASTIC : [5] Something unexpected happened while reading : BadRequestError(400, 'search_phase_execution_exception', '[m_ip] field which is of type [ip], does not support case insensitive term queries') - elastic_controller (/app/orion/services/elastic_manager/elastic_controller.py:224)
ERROR - 04/11/2025 07:59:58 : ELASTIC : [5] Something unexpected happened while reading : BadRequestError(400, 'search_phase_execution_exception', 'unknown field [m_creation_date]') - elastic_controller (/app/orion/services/elastic_manager/elastic_controller.py:224)
ERROR - 04/11/2025 07:59:58 : ELASTIC : [5] Something unexpected happened while reading : BadRequestError(400, 'search_phase_execution_exception', 'No mapping found for [m_leak_date] in order to sort on') - elastic_controller (/app/orion/services/elastic_manager/elastic_controller.py:224)
ERROR - 04/11/2025 08:00:35 : ELASTIC : [5] Something unexpected happened while reading : BadRequestError(400, 'search_phase_execution_exception', '[m_ip] field which is of type [ip], does not support case insensitive term queries') - elastic_controller (/app/orion/services/elastic_manager/elastic_controller.py:224)
ERROR - 04/11/2025 08:00:35 : ELASTIC : [5] Something unexpected happened while reading : BadRequestError(400, 'search_phase_execution_exception', 'unknown field [m_creation_date]') - elastic_controller (/app/orion/services/elastic_manager/elastic_controller.py:224)
ERROR - 04/11/2025 08:00:35 : ELASTIC : [5] Something unexpected happened while reading : BadRequestError(400, 'search_phase_execution_exception', 'No mapping found for [m_leak_date] in order to sort on') - elastic_controller (/app/orion/services/elastic_manager/elastic_controller.py:224)
ERROR - 04/11/2025 08:07:15 : ELASTIC : [5] Something unexpected happened while reading : BadRequestError(400, 'search_phase_execution_exception', 'No mapping found for [m_leak_date] in order to sort on') - elastic_controller (/app/orion/services/elastic_manager/elastic_controller.py:224)
ERROR - 04/11/2025 08:07:53 : ELASTIC : [5] Something unexpected happened while reading : BadRequestError(400, 'search_phase_execution_exception', '[m_ip] field which is of type [ip], does not support case insensitive term queries') - elastic_controller (/app/orion/services/elastic_manager/elastic_controller.py:224)
ERROR - 04/11/2025 08:07:53 : ELASTIC : [5] Something unexpected happened while reading : BadRequestError(400, 'search_phase_execution_exception', 'unknown field [m_creation_date]') - elastic_controller (/app/orion/services/elastic_manager/elastic_controller.py:224)
ERROR - 04/11/2025 08:07:53 : ELASTIC : [5] Something unexpected happened while reading : BadRequestError(400, 'search_phase_execution_exception', 'No mapping found for [m_leak_date] in order to sort on') - elastic_controller (/app/orion/services/elastic_manager/elastic_controller.py:224)
ERROR - 04/11/2025 08:08:13 : ELASTIC : [5] Something unexpected happened while reading : BadRequestError(400, 'search_phase_execution_exception', 'unknown field [m_creation_date]') - elastic_controller (/app/orion/services/elastic_manager/elastic_controller.py:224)
ERROR - 04/11/2025 08:08:21 : ELASTIC : [5] Something unexpected happened while reading : BadRequestError(400, 'search_phase_execution_exception', 'unknown field [m_creation_date]') - elastic_controller (/app/orion/services/elastic_manager/elastic_controller.py:224)
ERROR - 04/11/2025 08:08:32 : ELASTIC : [5] Something unexpected happened while reading : BadRequestError(400, 'search_phase_execution_exception', '[m_ip] field which is of type [ip], does not support case insensitive term queries') - elastic_controller (/app/orion/services/elastic_manager/elastic_controller.py:224)
ERROR - 04/11/2025 08:08:32 : ELASTIC : [5] Something unexpected happened while reading : BadRequestError(400, 'search_phase_execution_exception', 'unknown field [m_creation_date]') - elastic_controller (/app/orion/services/elastic_manager/elastic_controller.py:224)
ERROR - 04/11/2025 08:08:32 : ELASTIC : [5] Something unexpected happened while reading : BadRequestError(400, 'search_phase_execution_exception', 'No mapping found for [m_leak_date] in order to sort on') - elastic_controller (/app/orion/services/elastic_manager/elastic_controller.py:224)
ERROR - 04/11/2025 08:10:37 : ELASTIC : [5] Something unexpected happened while reading : BadRequestError(400, 'search_phase_execution_exception', 'unknown field [m_creation_date]') - elastic_controller (/app/orion/services/elastic_manager/elastic_controller.py:224)
ERROR - 04/11/2025 08:10:47 : ELASTIC : [5] Something unexpected happened while reading : BadRequestError(400, 'search_phase_execution_exception', '[m_ip] field which is of type [ip], does not support case insensitive term queries') - elastic_controller (/app/orion/services/elastic_manager/elastic_controller.py:224)
ERROR - 04/11/2025 08:10:47 : ELASTIC : [5] Something unexpected happened while reading : BadRequestError(400, 'search_phase_execution_exception', 'unknown field [m_creation_date]') - elastic_controller (/app/orion/services/elastic_manager/elastic_controller.py:224)
ERROR - 04/11/2025 08:10:47 : ELASTIC : [5] Something unexpected happened while reading : BadRequestError(400, 'search_phase_execution_exception', 'No mapping found for [m_leak_date] in order to sort on') - elastic_controller (/app/orion/services/elastic_manager/elastic_controller.py:224)
ERROR - 04/11/2025 08:12:03 : ELASTIC : [5] Something unexpected happened while reading : BadRequestError(400, 'search_phase_execution_exception', '[m_ip] field which is of type [ip], does not support case insensitive term queries') - elastic_controller (/app/orion/services/elastic_manager/elastic_controller.py:224)
ERROR - 04/11/2025 08:12:03 : ELASTIC : [5] Something unexpected happened while reading : BadRequestError(400, 'search_phase_execution_exception', 'unknown field [m_creation_date]') - elastic_controller (/app/orion/services/elastic_manager/elastic_controller.py:224)
ERROR - 04/11/2025 08:12:03 : ELASTIC : [5] Something unexpected happened while reading : BadRequestError(400, 'search_phase_execution_exception', 'No mapping found for [m_leak_date] in order to sort on') - elastic_controller (/app/orion/services/elastic_manager/elastic_controller.py:224)
ERROR - 04/11/2025 08:13:38 : ELASTIC : [5] Something unexpected happened while reading : BadRequestError(400, 'search_phase_execution_exception', 'No mapping found for [m_leak_date] in order to sort on') - elastic_controller (/app/orion/services/elastic_manager/elastic_controller.py:224)
ERROR - 04/11/2025 08:13:46 : ELASTIC : [5] Something unexpected happened while reading : BadRequestError(400, 'search_phase_execution_exception', '[m_ip] field which is of type [ip], does not support case insensitive term queries') - elastic_controller (/app/orion/services/elastic_manager/elastic_controller.py:224)
ERROR - 04/11/2025 08:13:46 : ELASTIC : [5] Something unexpected happened while reading : BadRequestError(400, 'search_phase_execution_exception', 'unknown field [m_creation_date]') - elastic_controller (/app/orion/services/elastic_manager/elastic_controller.py:224)
ERROR - 04/11/2025 08:13:46 : ELASTIC : [5] Something unexpected happened while reading : BadRequestError(400, 'search_phase_execution_exception', 'No mapping found for [m_leak_date] in order to sort on') - elastic_controller (/app/orion/services/elastic_manager/elastic_controller.py:224)
ERROR - 04/11/2025 08:14:40 : ELASTIC : [5] Something unexpected happened while reading : BadRequestError(400, 'search_phase_execution_exception', 'unknown field [m_creation_date]') - elastic_controller (/app/orion/services/elastic_manager/elastic_controller.py:224)
ERROR - 04/11/2025 08:14:48 : ELASTIC : [5] Something unexpected happened while reading : BadRequestError(400, 'search_phase_execution_exception', '[m_ip] field which is of type [ip], does not support case insensitive term queries') - elastic_controller (/app/orion/services/elastic_manager/elastic_controller.py:224)
ERROR - 04/11/2025 08:14:48 : ELASTIC : [5] Something unexpected happened while reading : BadRequestError(400, 'search_phase_execution_exception', 'unknown field [m_creation_date]') - elastic_controller (/app/orion/services/elastic_manager/elastic_controller.py:224)
ERROR - 04/11/2025 08:14:48 : ELASTIC : [5] Something unexpected happened while reading : BadRequestError(400, 'search_phase_execution_exception', 'No mapping found for [m_leak_date] in order to sort on') - elastic_controller (/app/orion/services/elastic_manager/elastic_controller.py:224)
ERROR - 04/11/2025 08:15:01 : ELASTIC : [5] Something unexpected happened while reading : BadRequestError(400, 'search_phase_execution_exception', '[m_ip] field which is of type [ip], does not support case insensitive term queries') - elastic_controller (/app/orion/services/elastic_manager/elastic_controller.py:224)
ERROR - 04/11/2025 08:15:01 : ELASTIC : [5] Something unexpected happened while reading : BadRequestError(400, 'search_phase_execution_exception', 'unknown field [m_creation_date]') - elastic_controller (/app/orion/services/elastic_manager/elastic_controller.py:224)
ERROR - 04/11/2025 08:15:01 : ELASTIC : [5] Something unexpected happened while reading : BadRequestError(400, 'search_phase_execution_exception', 'No mapping found for [m_leak_date] in order to sort on') - elastic_controller (/app/orion/services/elastic_manager/elastic_controller.py:224)
ERROR - 04/11/2025 08:15:30 : ELASTIC : [5] Something unexpected happened while reading : BadRequestError(400, 'search_phase_execution_exception', '[m_ip] field which is of type [ip], does not support case insensitive term queries') - elastic_controller (/app/orion/services/elastic_manager/elastic_controller.py:224)
ERROR - 04/11/2025 08:15:30 : ELASTIC : [5] Something unexpected happened while reading : BadRequestError(400, 'search_phase_execution_exception', 'unknown field [m_creation_date]') - elastic_controller (/app/orion/services/elastic_manager/elastic_controller.py:224)
ERROR - 04/11/2025 08:15:30 : ELASTIC : [5] Something unexpected happened while reading : BadRequestError(400, 'search_phase_execution_exception', 'No mapping found for [m_leak_date] in order to sort on') - elastic_controller (/app/orion/services/elastic_manager/elastic_controller.py:224)
ERROR - 04/11/2025 08:15:39 : ELASTIC : [5] Something unexpected happened while reading : BadRequestError(400, 'search_phase_execution_exception', 'unknown field [m_creation_date]') - elastic_controller (/app/orion/services/elastic_manager/elastic_controller.py:224)
ERROR - 04/11/2025 08:15:47 : ELASTIC : [5] Something unexpected happened while reading : BadRequestError(400, 'search_phase_execution_exception', '[m_ip] field which is of type [ip], does not support case insensitive term queries') - elastic_controller (/app/orion/services/elastic_manager/elastic_controller.py:224)
ERROR - 04/11/2025 08:15:47 : ELASTIC : [5] Something unexpected happened while reading : BadRequestError(400, 'search_phase_execution_exception', 'unknown field [m_creation_date]') - elastic_controller (/app/orion/services/elastic_manager/elastic_controller.py:224)
ERROR - 04/11/2025 08:15:47 : ELASTIC : [5] Something unexpected happened while reading : BadRequestError(400, 'search_phase_execution_exception', 'No mapping found for [m_leak_date] in order to sort on') - elastic_controller (/app/orion/services/elastic_manager/elastic_controller.py:224)
ERROR - 04/11/2025 08:16:15 : ELASTIC : [5] Something unexpected happened while reading : BadRequestError(400, 'search_phase_execution_exception', '[m_ip] field which is of type [ip], does not support case insensitive term queries') - elastic_controller (/app/orion/services/elastic_manager/elastic_controller.py:224)
ERROR - 04/11/2025 08:16:15 : ELASTIC : [5] Something unexpected happened while reading : BadRequestError(400, 'search_phase_execution_exception', 'unknown field [m_creation_date]') - elastic_controller (/app/orion/services/elastic_manager/elastic_controller.py:224)
ERROR - 04/11/2025 08:16:15 : ELASTIC : [5] Something unexpected happened while reading : BadRequestError(400, 'search_phase_execution_exception', 'No mapping found for [m_leak_date] in order to sort on') - elastic_controller (/app/orion/services/elastic_manager/elastic_controller.py:224)
ERROR - 04/11/2025 08:20:50 : ELASTIC : [5] Something unexpected happened while reading : BadRequestError(400, 'search_phase_execution_exception', 'unknown field [m_creation_date]') - elastic_controller (/app/orion/services/elastic_manager/elastic_controller.py:224)
ERROR - 04/11/2025 08:20:57 : ELASTIC : [5] Something unexpected happened while reading : BadRequestError(400, 'search_phase_execution_exception', '[m_ip] field which is of type [ip], does not support case insensitive term queries') - elastic_controller (/app/orion/services/elastic_manager/elastic_controller.py:224)
ERROR - 04/11/2025 08:20:57 : ELASTIC : [5] Something unexpected happened while reading : BadRequestError(400, 'search_phase_execution_exception', 'unknown field [m_creation_date]') - elastic_controller (/app/orion/services/elastic_manager/elastic_controller.py:224)
ERROR - 04/11/2025 08:21:33 : ELASTIC : [5] Something unexpected happened while reading : BadRequestError(400, 'search_phase_execution_exception', '[m_ip] field which is of type [ip], does not support case insensitive term queries') - elastic_controller (/app/orion/services/elastic_manager/elastic_controller.py:224)
ERROR - 04/11/2025 08:21:33 : ELASTIC : [5] Something unexpected happened while reading : BadRequestError(400, 'search_phase_execution_exception', 'unknown field [m_creation_date]') - elastic_controller (/app/orion/services/elastic_manager/elastic_controller.py:224)
ERROR - 04/11/2025 08:21:33 : ELASTIC : [5] Something unexpected happened while reading : BadRequestError(400, 'search_phase_execution_exception', 'No mapping found for [m_leak_date] in order to sort on') - elastic_controller (/app/orion/services/elastic_manager/elastic_controller.py:224)
ERROR - 04/11/2025 08:21:54 : ELASTIC : [5] Something unexpected happened while reading : BadRequestError(400, 'search_phase_execution_exception', '[m_ip] field which is of type [ip], does not support case insensitive term queries') - elastic_controller (/app/orion/services/elastic_manager/elastic_controller.py:224)
ERROR - 04/11/2025 08:21:54 : ELASTIC : [5] Something unexpected happened while reading : BadRequestError(400, 'search_phase_execution_exception', 'unknown field [m_creation_date]') - elastic_controller (/app/orion/services/elastic_manager/elastic_controller.py:224)
ERROR - 04/11/2025 08:21:54 : ELASTIC : [5] Something unexpected happened while reading : BadRequestError(400, 'search_phase_execution_exception', 'No mapping found for [m_leak_date] in order to sort on') - elastic_controller (/app/orion/services/elastic_manager/elastic_controller.py:224)
ERROR - 04/11/2025 08:21:59 : ELASTIC : [5] Something unexpected happened while reading : BadRequestError(400, 'search_phase_execution_exception', '[m_ip] field which is of type [ip], does not support case insensitive term queries') - elastic_controller (/app/orion/services/elastic_manager/elastic_controller.py:224)
ERROR - 04/11/2025 08:21:59 : ELASTIC : [5] Something unexpected happened while reading : BadRequestError(400, 'search_phase_execution_exception', 'unknown field [m_creation_date]') - elastic_controller (/app/orion/services/elastic_manager/elastic_controller.py:224)
ERROR - 04/11/2025 08:21:59 : ELASTIC : [5] Something unexpected happened while reading : BadRequestError(400, 'search_phase_execution_exception', 'No mapping found for [m_leak_date] in order to sort on') - elastic_controller (/app/orion/services/elastic_manager/elastic_controller.py:224)
ERROR - 04/11/2025 08:22:57 : ELASTIC : [5] Something unexpected happened while reading : BadRequestError(400, 'search_phase_execution_exception', '[m_ip] field which is of type [ip], does not support case insensitive term queries') - elastic_controller (/app/orion/services/elastic_manager/elastic_controller.py:224)
ERROR - 04/11/2025 08:22:57 : ELASTIC : [5] Something unexpected happened while reading : BadRequestError(400, 'search_phase_execution_exception', 'unknown field [m_creation_date]') - elastic_controller (/app/orion/services/elastic_manager/elastic_controller.py:224)
ERROR - 04/11/2025 08:22:57 : ELASTIC : [5] Something unexpected happened while reading : BadRequestError(400, 'search_phase_execution_exception', 'No mapping found for [m_leak_date] in order to sort on') - elastic_controller (/app/orion/services/elastic_manager/elastic_controller.py:224)
ERROR - 04/11/2025 08:23:02 : ELASTIC : [5] Something unexpected happened while reading : BadRequestError(400, 'search_phase_execution_exception', '[m_ip] field which is of type [ip], does not support case insensitive term queries') - elastic_controller (/app/orion/services/elastic_manager/elastic_controller.py:224)
ERROR - 04/11/2025 08:23:02 : ELASTIC : [5] Something unexpected happened while reading : BadRequestError(400, 'search_phase_execution_exception', 'unknown field [m_creation_date]') - elastic_controller (/app/orion/services/elastic_manager/elastic_controller.py:224)
ERROR - 04/11/2025 08:23:02 : ELASTIC : [5] Something unexpected happened while reading : BadRequestError(400, 'search_phase_execution_exception', 'No mapping found for [m_leak_date] in order to sort on') - elastic_controller (/app/orion/services/elastic_manager/elastic_controller.py:224)
ERROR - 04/11/2025 08:24:44 : ELASTIC : [5] Something unexpected happened while reading : BadRequestError(400, 'search_phase_execution_exception', '[m_ip] field which is of type [ip], does not support case insensitive term queries') - elastic_controller (/app/orion/services/elastic_manager/elastic_controller.py:224)
ERROR - 04/11/2025 08:24:44 : ELASTIC : [5] Something unexpected happened while reading : BadRequestError(400, 'search_phase_execution_exception', 'unknown field [m_creation_date]') - elastic_controller (/app/orion/services/elastic_manager/elastic_controller.py:224)
ERROR - 04/11/2025 08:24:44 : ELASTIC : [5] Something unexpected happened while reading : BadRequestError(400, 'search_phase_execution_exception', 'No mapping found for [m_leak_date] in order to sort on') - elastic_controller (/app/orion/services/elastic_manager/elastic_controller.py:224)
ERROR - 04/11/2025 08:24:53 : ELASTIC : [5] Something unexpected happened while reading : BadRequestError(400, 'search_phase_execution_exception', 'unknown field [m_creation_date]') - elastic_controller (/app/orion/services/elastic_manager/elastic_controller.py:224)
ERROR - 04/11/2025 08:26:20 : ELASTIC : [5] Something unexpected happened while reading : BadRequestError(400, 'search_phase_execution_exception', 'unknown field [m_creation_date]') - elastic_controller (/app/orion/services/elastic_manager/elastic_controller.py:224)
ERROR - 04/11/2025 08:27:19 : ELASTIC : [5] Something unexpected happened while reading : BadRequestError(400, 'search_phase_execution_exception', 'unknown field [m_creation_date]') - elastic_controller (/app/orion/services/elastic_manager/elastic_controller.py:224)
ERROR - 04/11/2025 08:27:57 : ELASTIC : [5] Something unexpected happened while reading : BadRequestError(400, 'search_phase_execution_exception', 'unknown field [m_creation_date]') - elastic_controller (/app/orion/services/elastic_manager/elastic_controller.py:224)
ERROR - 04/11/2025 08:28:09 : ELASTIC : [5] Something unexpected happened while reading : BadRequestError(400, 'search_phase_execution_exception', 'unknown field [m_creation_date]') - elastic_controller (/app/orion/services/elastic_manager/elastic_controller.py:224)
ERROR - 04/11/2025 08:28:26 : ELASTIC : [5] Something unexpected happened while reading : BadRequestError(400, 'search_phase_execution_exception', '[m_ip] field which is of type [ip], does not support case insensitive term queries') - elastic_controller (/app/orion/services/elastic_manager/elastic_controller.py:224)
ERROR - 04/11/2025 08:28:26 : ELASTIC : [5] Something unexpected happened while reading : BadRequestError(400, 'search_phase_execution_exception', 'unknown field [m_creation_date]') - elastic_controller (/app/orion/services/elastic_manager/elastic_controller.py:224)
ERROR - 04/11/2025 08:28:26 : ELASTIC : [5] Something unexpected happened while reading : BadRequestError(400, 'search_phase_execution_exception', 'No mapping found for [m_leak_date] in order to sort on') - elastic_controller (/app/orion/services/elastic_manager/elastic_controller.py:224)
ERROR - 04/11/2025 08:30:30 : ELASTIC : [5] Something unexpected happened while reading : BadRequestError(400, 'search_phase_execution_exception', '[m_ip] field which is of type [ip], does not support case insensitive term queries') - elastic_controller (/app/orion/services/elastic_manager/elastic_controller.py:224)
ERROR - 04/11/2025 08:30:30 : ELASTIC : [5] Something unexpected happened while reading : BadRequestError(400, 'search_phase_execution_exception', 'unknown field [m_creation_date]') - elastic_controller (/app/orion/services/elastic_manager/elastic_controller.py:224)
ERROR - 04/11/2025 08:30:30 : ELASTIC : [5] Something unexpected happened while reading : BadRequestError(400, 'search_phase_execution_exception', 'No mapping found for [m_leak_date] in order to sort on') - elastic_controller (/app/orion/services/elastic_manager/elastic_controller.py:224)
ERROR - 04/11/2025 08:32:10 : ELASTIC : [5] Something unexpected happened while reading : BadRequestError(400, 'search_phase_execution_exception', '[m_ip] field which is of type [ip], does not support case insensitive term queries') - elastic_controller (/app/orion/services/elastic_manager/elastic_controller.py:224)
ERROR - 04/11/2025 08:32:10 : ELASTIC : [5] Something unexpected happened while reading : BadRequestError(400, 'search_phase_execution_exception', 'unknown field [m_creation_date]') - elastic_controller (/app/orion/services/elastic_manager/elastic_controller.py:224)
ERROR - 04/11/2025 08:32:10 : ELASTIC : [5] Something unexpected happened while reading : BadRequestError(400, 'search_phase_execution_exception', 'No mapping found for [m_leak_date] in order to sort on') - elastic_controller (/app/orion/services/elastic_manager/elastic_controller.py:224)
ERROR - 04/11/2025 08:32:43 : ELASTIC : [5] Something unexpected happened while reading : BadRequestError(400, 'search_phase_execution_exception', '[m_ip] field which is of type [ip], does not support case insensitive term queries') - elastic_controller (/app/orion/services/elastic_manager/elastic_controller.py:224)
ERROR - 04/11/2025 08:32:43 : ELASTIC : [5] Something unexpected happened while reading : BadRequestError(400, 'search_phase_execution_exception', 'unknown field [m_creation_date]') - elastic_controller (/app/orion/services/elastic_manager/elastic_controller.py:224)
ERROR - 04/11/2025 08:32:43 : ELASTIC : [5] Something unexpected happened while reading : BadRequestError(400, 'search_phase_execution_exception', 'No mapping found for [m_leak_date] in order to sort on') - elastic_controller (/app/orion/services/elastic_manager/elastic_controller.py:224)
ERROR - 04/11/2025 08:37:36 : ELASTIC : [5] Something unexpected happened while reading : BadRequestError(400, 'search_phase_execution_exception', '[m_ip] field which is of type [ip], does not support case insensitive term queries') - elastic_controller (/app/orion/services/elastic_manager/elastic_controller.py:224)
ERROR - 04/11/2025 08:37:36 : ELASTIC : [5] Something unexpected happened while reading : BadRequestError(400, 'search_phase_execution_exception', 'unknown field [m_creation_date]') - elastic_controller (/app/orion/services/elastic_manager/elastic_controller.py:224)
ERROR - 04/11/2025 08:37:36 : ELASTIC : [5] Something unexpected happened while reading : BadRequestError(400, 'search_phase_execution_exception', 'No mapping found for [m_leak_date] in order to sort on') - elastic_controller (/app/orion/services/elastic_manager/elastic_controller.py:224)
ERROR - 04/11/2025 08:37:54 : ELASTIC : [5] Something unexpected happened while reading : BadRequestError(400, 'search_phase_execution_exception', '[m_ip] field which is of type [ip], does not support case insensitive term queries') - elastic_controller (/app/orion/services/elastic_manager/elastic_controller.py:224)
ERROR - 04/11/2025 08:37:54 : ELASTIC : [5] Something unexpected happened while reading : BadRequestError(400, 'search_phase_execution_exception', 'unknown field [m_creation_date]') - elastic_controller (/app/orion/services/elastic_manager/elastic_controller.py:224)
ERROR - 04/11/2025 08:37:54 : ELASTIC : [5] Something unexpected happened while reading : BadRequestError(400, 'search_phase_execution_exception', 'No mapping found for [m_leak_date] in order to sort on') - elastic_controller (/app/orion/services/elastic_manager/elastic_controller.py:224)
ERROR - 04/11/2025 08:38:10 : ELASTIC : [5] Something unexpected happened while reading : BadRequestError(400, 'search_phase_execution_exception', '[m_ip] field which is of type [ip], does not support case insensitive term queries') - elastic_controller (/app/orion/services/elastic_manager/elastic_controller.py:224)
ERROR - 04/11/2025 08:38:10 : ELASTIC : [5] Something unexpected happened while reading : BadRequestError(400, 'search_phase_execution_exception', 'unknown field [m_creation_date]') - elastic_controller (/app/orion/services/elastic_manager/elastic_controller.py:224)
ERROR - 04/11/2025 08:38:10 : ELASTIC : [5] Something unexpected happened while reading : BadRequestError(400, 'search_phase_execution_exception', 'No mapping found for [m_leak_date] in order to sort on') - elastic_controller (/app/orion/services/elastic_manager/elastic_controller.py:224)
ERROR - 04/11/2025 08:38:26 : ELASTIC : [5] Something unexpected happened while reading : BadRequestError(400, 'search_phase_execution_exception', '[m_ip] field which is of type [ip], does not support case insensitive term queries') - elastic_controller (/app/orion/services/elastic_manager/elastic_controller.py:224)
ERROR - 04/11/2025 08:38:26 : ELASTIC : [5] Something unexpected happened while reading : BadRequestError(400, 'search_phase_execution_exception', 'unknown field [m_creation_date]') - elastic_controller (/app/orion/services/elastic_manager/elastic_controller.py:224)
ERROR - 04/11/2025 08:38:26 : ELASTIC : [5] Something unexpected happened while reading : BadRequestError(400, 'search_phase_execution_exception', 'No mapping found for [m_leak_date] in order to sort on') - elastic_controller (/app/orion/services/elastic_manager/elastic_controller.py:224)
ERROR - 04/11/2025 08:39:12 : ELASTIC : [5] Something unexpected happened while reading : BadRequestError(400, 'search_phase_execution_exception', '[m_ip] field which is of type [ip], does not support case insensitive term queries') - elastic_controller (/app/orion/services/elastic_manager/elastic_controller.py:224)
ERROR - 04/11/2025 08:39:12 : ELASTIC : [5] Something unexpected happened while reading : BadRequestError(400, 'search_phase_execution_exception', 'unknown field [m_creation_date]') - elastic_controller (/app/orion/services/elastic_manager/elastic_controller.py:224)
ERROR - 04/11/2025 08:39:12 : ELASTIC : [5] Something unexpected happened while reading : BadRequestError(400, 'search_phase_execution_exception', 'No mapping found for [m_leak_date] in order to sort on') - elastic_controller (/app/orion/services/elastic_manager/elastic_controller.py:224)
ERROR - 04/11/2025 08:42:10 : ELASTIC : [5] Something unexpected happened while reading : BadRequestError(400, 'search_phase_execution_exception', '[m_ip] field which is of type [ip], does not support case insensitive term queries') - elastic_controller (/app/orion/services/elastic_manager/elastic_controller.py:224)
ERROR - 04/11/2025 08:42:10 : ELASTIC : [5] Something unexpected happened while reading : BadRequestError(400, 'search_phase_execution_exception', 'unknown field [m_creation_date]') - elastic_controller (/app/orion/services/elastic_manager/elastic_controller.py:224)
ERROR - 04/11/2025 08:42:10 : ELASTIC : [5] Something unexpected happened while reading : BadRequestError(400, 'search_phase_execution_exception', 'No mapping found for [m_leak_date] in order to sort on') - elastic_controller (/app/orion/services/elastic_manager/elastic_controller.py:224)
ERROR - 04/11/2025 08:43:12 : ELASTIC : [5] Something unexpected happened while reading : BadRequestError(400, 'search_phase_execution_exception', '[m_ip] field which is of type [ip], does not support case insensitive term queries') - elastic_controller (/app/orion/services/elastic_manager/elastic_controller.py:224)
ERROR - 04/11/2025 08:43:12 : ELASTIC : [5] Something unexpected happened while reading : BadRequestError(400, 'search_phase_execution_exception', 'unknown field [m_creation_date]') - elastic_controller (/app/orion/services/elastic_manager/elastic_controller.py:224)
ERROR - 04/11/2025 08:43:12 : ELASTIC : [5] Something unexpected happened while reading : BadRequestError(400, 'search_phase_execution_exception', 'No mapping found for [m_leak_date] in order to sort on') - elastic_controller (/app/orion/services/elastic_manager/elastic_controller.py:224)
ERROR - 04/11/2025 08:44:41 : ELASTIC : [5] Something unexpected happened while reading : BadRequestError(400, 'search_phase_execution_exception', '[m_ip] field which is of type [ip], does not support case insensitive term queries') - elastic_controller (/app/orion/services/elastic_manager/elastic_controller.py:224)
ERROR - 04/11/2025 08:44:41 : ELASTIC : [5] Something unexpected happened while reading : BadRequestError(400, 'search_phase_execution_exception', 'unknown field [m_creation_date]') - elastic_controller (/app/orion/services/elastic_manager/elastic_controller.py:224)
ERROR - 04/11/2025 08:44:41 : ELASTIC : [5] Something unexpected happened while reading : BadRequestError(400, 'search_phase_execution_exception', 'No mapping found for [m_leak_date] in order to sort on') - elastic_controller (/app/orion/services/elastic_manager/elastic_controller.py:224)
ERROR - 04/11/2025 08:47:02 : ELASTIC : [5] Something unexpected happened while reading : BadRequestError(400, 'search_phase_execution_exception', '[m_ip] field which is of type [ip], does not support case insensitive term queries') - elastic_controller (/app/orion/services/elastic_manager/elastic_controller.py:224)
ERROR - 04/11/2025 08:47:02 : ELASTIC : [5] Something unexpected happened while reading : BadRequestError(400, 'search_phase_execution_exception', 'unknown field [m_creation_date]') - elastic_controller (/app/orion/services/elastic_manager/elastic_controller.py:224)
ERROR - 04/11/2025 08:47:02 : ELASTIC : [5] Something unexpected happened while reading : BadRequestError(400, 'search_phase_execution_exception', 'No mapping found for [m_leak_date] in order to sort on') - elastic_controller (/app/orion/services/elastic_manager/elastic_controller.py:224)
ERROR - 04/11/2025 08:47:53 : ELASTIC : [5] Something unexpected happened while reading : BadRequestError(400, 'search_phase_execution_exception', '[m_ip] field which is of type [ip], does not support case insensitive term queries') - elastic_controller (/app/orion/services/elastic_manager/elastic_controller.py:224)
ERROR - 04/11/2025 08:47:53 : ELASTIC : [5] Something unexpected happened while reading : BadRequestError(400, 'search_phase_execution_exception', 'unknown field [m_creation_date]') - elastic_controller (/app/orion/services/elastic_manager/elastic_controller.py:224)
ERROR - 04/11/2025 08:47:53 : ELASTIC : [5] Something unexpected happened while reading : BadRequestError(400, 'search_phase_execution_exception', 'No mapping found for [m_leak_date] in order to sort on') - elastic_controller (/app/orion/services/elastic_manager/elastic_controller.py:224)
ERROR - 04/11/2025 08:48:47 : ELASTIC : [5] Something unexpected happened while reading : BadRequestError(400, 'search_phase_execution_exception', '[m_ip] field which is of type [ip], does not support case insensitive term queries') - elastic_controller (/app/orion/services/elastic_manager/elastic_controller.py:224)
ERROR - 04/11/2025 08:48:47 : ELASTIC : [5] Something unexpected happened while reading : BadRequestError(400, 'search_phase_execution_exception', 'unknown field [m_creation_date]') - elastic_controller (/app/orion/services/elastic_manager/elastic_controller.py:224)
ERROR - 04/11/2025 08:48:47 : ELASTIC : [5] Something unexpected happened while reading : BadRequestError(400, 'search_phase_execution_exception', 'No mapping found for [m_leak_date] in order to sort on') - elastic_controller (/app/orion/services/elastic_manager/elastic_controller.py:224)
ERROR - 04/11/2025 08:48:53 : ELASTIC : [5] Something unexpected happened while reading : BadRequestError(400, 'search_phase_execution_exception', '[m_ip] field which is of type [ip], does not support case insensitive term queries') - elastic_controller (/app/orion/services/elastic_manager/elastic_controller.py:224)
ERROR - 04/11/2025 08:48:53 : ELASTIC : [5] Something unexpected happened while reading : BadRequestError(400, 'search_phase_execution_exception', 'unknown field [m_creation_date]') - elastic_controller (/app/orion/services/elastic_manager/elastic_controller.py:224)
ERROR - 04/11/2025 08:48:53 : ELASTIC : [5] Something unexpected happened while reading : BadRequestError(400, 'search_phase_execution_exception', 'No mapping found for [m_leak_date] in order to sort on') - elastic_controller (/app/orion/services/elastic_manager/elastic_controller.py:224)
ERROR - 04/11/2025 08:48:58 : ELASTIC : [5] Something unexpected happened while reading : BadRequestError(400, 'search_phase_execution_exception', '[m_ip] field which is of type [ip], does not support case insensitive term queries') - elastic_controller (/app/orion/services/elastic_manager/elastic_controller.py:224)
ERROR - 04/11/2025 08:48:58 : ELASTIC : [5] Something unexpected happened while reading : BadRequestError(400, 'search_phase_execution_exception', 'unknown field [m_creation_date]') - elastic_controller (/app/orion/services/elastic_manager/elastic_controller.py:224)
ERROR - 04/11/2025 08:48:58 : ELASTIC : [5] Something unexpected happened while reading : BadRequestError(400, 'search_phase_execution_exception', 'No mapping found for [m_leak_date] in order to sort on') - elastic_controller (/app/orion/services/elastic_manager/elastic_controller.py:224)
ERROR - 04/11/2025 09:08:10 : ELASTIC : [5] Something unexpected happened while reading : BadRequestError(400, 'search_phase_execution_exception', '[m_ip] field which is of type [ip], does not support case insensitive term queries') - elastic_controller (/app/orion/services/elastic_manager/elastic_controller.py:224)
ERROR - 04/11/2025 09:08:10 : ELASTIC : [5] Something unexpected happened while reading : BadRequestError(400, 'search_phase_execution_exception', 'unknown field [m_creation_date]') - elastic_controller (/app/orion/services/elastic_manager/elastic_controller.py:224)
ERROR - 04/11/2025 09:08:10 : ELASTIC : [5] Something unexpected happened while reading : BadRequestError(400, 'search_phase_execution_exception', 'No mapping found for [m_leak_date] in order to sort on') - elastic_controller (/app/orion/services/elastic_manager/elastic_controller.py:224)
ERROR - 04/11/2025 09:10:50 : ELASTIC : [5] Something unexpected happened while reading : BadRequestError(400, 'search_phase_execution_exception', '[m_ip] field which is of type [ip], does not support case insensitive term queries') - elastic_controller (/app/orion/services/elastic_manager/elastic_controller.py:224)
ERROR - 04/11/2025 09:10:50 : ELASTIC : [5] Something unexpected happened while reading : BadRequestError(400, 'search_phase_execution_exception', 'unknown field [m_creation_date]') - elastic_controller (/app/orion/services/elastic_manager/elastic_controller.py:224)
ERROR - 04/11/2025 09:10:50 : ELASTIC : [5] Something unexpected happened while reading : BadRequestError(400, 'search_phase_execution_exception', 'No mapping found for [m_leak_date] in order to sort on') - elastic_controller (/app/orion/services/elastic_manager/elastic_controller.py:224)
ERROR - 04/11/2025 09:11:25 : ELASTIC : [5] Something unexpected happened while reading : BadRequestError(400, 'search_phase_execution_exception', '[m_ip] field which is of type [ip], does not support case insensitive term queries') - elastic_controller (/app/orion/services/elastic_manager/elastic_controller.py:224)
ERROR - 04/11/2025 09:11:25 : ELASTIC : [5] Something unexpected happened while reading : BadRequestError(400, 'search_phase_execution_exception', 'unknown field [m_creation_date]') - elastic_controller (/app/orion/services/elastic_manager/elastic_controller.py:224)
ERROR - 04/11/2025 09:11:25 : ELASTIC : [5] Something unexpected happened while reading : BadRequestError(400, 'search_phase_execution_exception', 'No mapping found for [m_leak_date] in order to sort on') - elastic_controller (/app/orion/services/elastic_manager/elastic_controller.py:224)
ERROR - 04/11/2025 09:14:01 : ELASTIC : [5] Something unexpected happened while reading : BadRequestError(400, 'search_phase_execution_exception', '[m_ip] field which is of type [ip], does not support case insensitive term queries') - elastic_controller (/app/orion/services/elastic_manager/elastic_controller.py:224)
ERROR - 04/11/2025 09:14:01 : ELASTIC : [5] Something unexpected happened while reading : BadRequestError(400, 'search_phase_execution_exception', 'unknown field [m_creation_date]') - elastic_controller (/app/orion/services/elastic_manager/elastic_controller.py:224)
ERROR - 04/11/2025 09:14:01 : ELASTIC : [5] Something unexpected happened while reading : BadRequestError(400, 'search_phase_execution_exception', 'No mapping found for [m_leak_date] in order to sort on') - elastic_controller (/app/orion/services/elastic_manager/elastic_controller.py:224)
ERROR - 04/11/2025 13:14:41 : ELASTIC : [5] Something unexpected happened while reading : BadRequestError(400, 'search_phase_execution_exception', 'No mapping found for [m_leak_date] in order to sort on') - elastic_controller (/app/orion/services/elastic_manager/elastic_controller.py:224)
ERROR - 04/11/2025 13:14:43 : ELASTIC : [5] Something unexpected happened while reading : BadRequestError(400, 'search_phase_execution_exception', 'No mapping found for [m_leak_date] in order to sort on') - elastic_controller (/app/orion/services/elastic_manager/elastic_controller.py:224)
ERROR - 04/11/2025 13:15:55 : ELASTIC : [5] Something unexpected happened while reading : BadRequestError(400, 'search_phase_execution_exception', 'No mapping found for [m_leak_date] in order to sort on') - elastic_controller (/app/orion/services/elastic_manager/elastic_controller.py:224)
